-- The C compiler identification is GNU 11.4.0
-- The CXX compiler identification is GNU 11.4.0
-- Detecting C compiler ABI info
-- Detecting C compiler ABI info - done
-- Check for working C compiler: /usr/bin/cc - skipped
-- Detecting C compile features
-- Detecting C compile features - done
-- Detecting CXX compiler ABI info
-- Detecting CXX compiler ABI info - done
-- Check for working CXX compiler: /usr/bin/c++ - skipped
-- Detecting CXX compile features
-- Detecting CXX compile features - done
-- Found ament_cmake: 1.3.12 (/opt/ros/humble/share/ament_cmake/cmake)
-- Found Python3: /usr/bin/python3 (found version "3.10.12") found components: Interpreter 
-- Found interface_package: 0.0.0 (/home/thxssio/robotics_framework/install/interface_package/share/interface_package/cmake)
-- Found rosidl_generator_c: 3.1.7 (/opt/ros/humble/share/rosidl_generator_c/cmake)
-- Found rosidl_adapter: 3.1.7 (/opt/ros/humble/share/rosidl_adapter/cmake)
-- Found rosidl_generator_cpp: 3.1.7 (/opt/ros/humble/share/rosidl_generator_cpp/cmake)
-- Using all available rosidl_typesupport_c: rosidl_typesupport_fastrtps_c;rosidl_typesupport_introspection_c
-- Using all available rosidl_typesupport_cpp: rosidl_typesupport_fastrtps_cpp;rosidl_typesupport_introspection_cpp
-- Found rclcpp: 16.0.16 (/opt/ros/humble/share/rclcpp/cmake)
-- Found rmw_implementation_cmake: 6.1.2 (/opt/ros/humble/share/rmw_implementation_cmake/cmake)
-- Found rmw_fastrtps_cpp: 6.2.9 (/opt/ros/humble/share/rmw_fastrtps_cpp/cmake)
-- Found OpenSSL: /usr/lib/x86_64-linux-gnu/libcrypto.so (found version "3.0.2")  
-- Found FastRTPS: /opt/ros/humble/include  
-- Using RMW implementation 'rmw_fastrtps_cpp' as default
-- Looking for pthread.h
-- Looking for pthread.h - found
-- Performing Test CMAKE_HAVE_LIBC_PTHREAD
-- Performing Test CMAKE_HAVE_LIBC_PTHREAD - Success
-- Found Threads: TRUE  
-- Configuring done
-- Generating done
-- Build files have been written to: /home/thxssio/robotics_framework/build/navigation_package
[ 16%] [32mBuilding CXX object CMakeFiles/navigation_manager_node.dir/src/navigation_manager_node.cpp.o[0m
[ 66%] [32mBuilding CXX object CMakeFiles/navigation_module.dir/src/trajectory_optimizer.cpp.o[0m
[ 66%] [32mBuilding CXX object CMakeFiles/navigation_module.dir/src/navigation_module.cpp.o[0m
[ 66%] [32mBuilding CXX object CMakeFiles/navigation_module.dir/src/path_planner.cpp.o[0m
[ 83%] [32m[1mLinking CXX static library libnavigation_module.a[0m
[ 83%] Built target navigation_module
[100%] [32m[1mLinking CXX executable navigation_manager_node[0m
[100%] Built target navigation_manager_node
-- Install configuration: ""
-- Installing: /home/thxssio/robotics_framework/install/navigation_package/lib/libnavigation_module.a
-- Installing: /home/thxssio/robotics_framework/install/navigation_package/include
-- Installing: /home/thxssio/robotics_framework/install/navigation_package/include/grsim
-- Installing: /home/thxssio/robotics_framework/install/navigation_package/include/grsim/framework
-- Installing: /home/thxssio/robotics_framework/install/navigation_package/include/grsim/framework/navigation
-- Installing: /home/thxssio/robotics_framework/install/navigation_package/include/grsim/framework/navigation/navigation_module.h
-- Installing: /home/thxssio/robotics_framework/install/navigation_package/include/grsim/framework/planning
-- Installing: /home/thxssio/robotics_framework/install/navigation_package/include/grsim/framework/planning/path_planner.h
-- Installing: /home/thxssio/robotics_framework/install/navigation_package/include/grsim/framework/planning/trajectory_optimizer.h
-- Installing: /home/thxssio/robotics_framework/install/navigation_package/lib/navigation_package/navigation_manager_node
-- Set runtime path of "/home/thxssio/robotics_framework/install/navigation_package/lib/navigation_package/navigation_manager_node" to ""
-- Installing: /home/thxssio/robotics_framework/install/navigation_package/share/navigation_package/environment/library_path.sh
-- Installing: /home/thxssio/robotics_framework/install/navigation_package/share/navigation_package/environment/library_path.dsv
-- Installing: /home/thxssio/robotics_framework/install/navigation_package/share/ament_index/resource_index/package_run_dependencies/navigation_package
-- Installing: /home/thxssio/robotics_framework/install/navigation_package/share/ament_index/resource_index/parent_prefix_path/navigation_package
-- Installing: /home/thxssio/robotics_framework/install/navigation_package/share/navigation_package/environment/ament_prefix_path.sh
-- Installing: /home/thxssio/robotics_framework/install/navigation_package/share/navigation_package/environment/ament_prefix_path.dsv
-- Installing: /home/thxssio/robotics_framework/install/navigation_package/share/navigation_package/environment/path.sh
-- Installing: /home/thxssio/robotics_framework/install/navigation_package/share/navigation_package/environment/path.dsv
-- Installing: /home/thxssio/robotics_framework/install/navigation_package/share/navigation_package/local_setup.bash
-- Installing: /home/thxssio/robotics_framework/install/navigation_package/share/navigation_package/local_setup.sh
-- Installing: /home/thxssio/robotics_framework/install/navigation_package/share/navigation_package/local_setup.zsh
-- Installing: /home/thxssio/robotics_framework/install/navigation_package/share/navigation_package/local_setup.dsv
-- Installing: /home/thxssio/robotics_framework/install/navigation_package/share/navigation_package/package.dsv
-- Installing: /home/thxssio/robotics_framework/install/navigation_package/share/ament_index/resource_index/packages/navigation_package
-- Installing: /home/thxssio/robotics_framework/install/navigation_package/share/navigation_package/cmake/export_navigation_moduleExport.cmake
-- Installing: /home/thxssio/robotics_framework/install/navigation_package/share/navigation_package/cmake/export_navigation_moduleExport-noconfig.cmake
-- Installing: /home/thxssio/robotics_framework/install/navigation_package/share/navigation_package/cmake/ament_cmake_export_include_directories-extras.cmake
-- Installing: /home/thxssio/robotics_framework/install/navigation_package/share/navigation_package/cmake/ament_cmake_export_targets-extras.cmake
-- Installing: /home/thxssio/robotics_framework/install/navigation_package/share/navigation_package/cmake/ament_cmake_export_dependencies-extras.cmake
-- Installing: /home/thxssio/robotics_framework/install/navigation_package/share/navigation_package/cmake/navigation_packageConfig.cmake
-- Installing: /home/thxssio/robotics_framework/install/navigation_package/share/navigation_package/cmake/navigation_packageConfig-version.cmake
-- Installing: /home/thxssio/robotics_framework/install/navigation_package/share/navigation_package/package.xml
