[0.264s] Invoking command in '/home/thxssio/robotics_framework/build/navigation_package': CMAKE_PREFIX_PATH=/home/thxssio/robotics_framework/install/interface_package:/home/thxssio/robotics_framework/install/robot_communication_package:/home/thxssio/robotics_framework/install/navigation_package:/home/thxssio/robotics_framework/install/vision_receiver_package:/home/thxssio/robotics_framework/install/gui_package:/home/thxssio/robotics_framework/install/behavior_package:/opt/ros/humble LD_LIBRARY_PATH=/home/thxssio/robotics_framework/install/interface_package/lib:/home/thxssio/robotics_framework/install/navigation_package/lib:/opt/ros/humble/opt/rviz_ogre_vendor/lib:/opt/ros/humble/lib/x86_64-linux-gnu:/opt/ros/humble/lib /usr/bin/cmake /home/thxssio/robotics_framework/src/navigation_package -DCMAKE_INSTALL_PREFIX=/home/thxssio/robotics_framework/install/navigation_package
[0.312s] -- The C compiler identification is GNU 11.4.0
[0.369s] -- The CXX compiler identification is GNU 11.4.0
[0.375s] -- Detecting C compiler ABI info
[0.440s] -- Detecting C compiler ABI info - done
[0.448s] -- Check for working C compiler: /usr/bin/cc - skipped
[0.448s] -- Detecting C compile features
[0.448s] -- Detecting C compile features - done
[0.451s] -- Detecting CXX compiler ABI info
[0.542s] -- Detecting CXX compiler ABI info - done
[0.546s] -- Check for working CXX compiler: /usr/bin/c++ - skipped
[0.546s] -- Detecting CXX compile features
[0.546s] -- Detecting CXX compile features - done
[0.548s] -- Found ament_cmake: 1.3.12 (/opt/ros/humble/share/ament_cmake/cmake)
[0.717s] -- Found Python3: /usr/bin/python3 (found version "3.10.12") found components: Interpreter 
[0.817s] -- Found interface_package: 0.0.0 (/home/thxssio/robotics_framework/install/interface_package/share/interface_package/cmake)
[0.846s] -- Found rosidl_generator_c: 3.1.7 (/opt/ros/humble/share/rosidl_generator_c/cmake)
[0.850s] -- Found rosidl_adapter: 3.1.7 (/opt/ros/humble/share/rosidl_adapter/cmake)
[0.856s] -- Found rosidl_generator_cpp: 3.1.7 (/opt/ros/humble/share/rosidl_generator_cpp/cmake)
[0.866s] -- Using all available rosidl_typesupport_c: rosidl_typesupport_fastrtps_c;rosidl_typesupport_introspection_c
[0.880s] -- Using all available rosidl_typesupport_cpp: rosidl_typesupport_fastrtps_cpp;rosidl_typesupport_introspection_cpp
[0.935s] -- Found rclcpp: 16.0.16 (/opt/ros/humble/share/rclcpp/cmake)
[0.995s] -- Found rmw_implementation_cmake: 6.1.2 (/opt/ros/humble/share/rmw_implementation_cmake/cmake)
[1.000s] -- Found rmw_fastrtps_cpp: 6.2.9 (/opt/ros/humble/share/rmw_fastrtps_cpp/cmake)
[1.132s] -- Found OpenSSL: /usr/lib/x86_64-linux-gnu/libcrypto.so (found version "3.0.2")  
[1.170s] -- Found FastRTPS: /opt/ros/humble/include  
[1.218s] -- Using RMW implementation 'rmw_fastrtps_cpp' as default
[1.233s] -- Looking for pthread.h
[1.340s] -- Looking for pthread.h - found
[1.340s] -- Performing Test CMAKE_HAVE_LIBC_PTHREAD
[1.423s] -- Performing Test CMAKE_HAVE_LIBC_PTHREAD - Success
[1.425s] -- Found Threads: TRUE  
[1.571s] -- Configuring done
[1.581s] -- Generating done
[1.584s] -- Build files have been written to: /home/thxssio/robotics_framework/build/navigation_package
[1.595s] Invoked command in '/home/thxssio/robotics_framework/build/navigation_package' returned '0': CMAKE_PREFIX_PATH=/home/thxssio/robotics_framework/install/interface_package:/home/thxssio/robotics_framework/install/robot_communication_package:/home/thxssio/robotics_framework/install/navigation_package:/home/thxssio/robotics_framework/install/vision_receiver_package:/home/thxssio/robotics_framework/install/gui_package:/home/thxssio/robotics_framework/install/behavior_package:/opt/ros/humble LD_LIBRARY_PATH=/home/thxssio/robotics_framework/install/interface_package/lib:/home/thxssio/robotics_framework/install/navigation_package/lib:/opt/ros/humble/opt/rviz_ogre_vendor/lib:/opt/ros/humble/lib/x86_64-linux-gnu:/opt/ros/humble/lib /usr/bin/cmake /home/thxssio/robotics_framework/src/navigation_package -DCMAKE_INSTALL_PREFIX=/home/thxssio/robotics_framework/install/navigation_package
[1.597s] Invoking command in '/home/thxssio/robotics_framework/build/navigation_package': CMAKE_PREFIX_PATH=/home/thxssio/robotics_framework/install/interface_package:/home/thxssio/robotics_framework/install/robot_communication_package:/home/thxssio/robotics_framework/install/navigation_package:/home/thxssio/robotics_framework/install/vision_receiver_package:/home/thxssio/robotics_framework/install/gui_package:/home/thxssio/robotics_framework/install/behavior_package:/opt/ros/humble LD_LIBRARY_PATH=/home/thxssio/robotics_framework/install/interface_package/lib:/home/thxssio/robotics_framework/install/navigation_package/lib:/opt/ros/humble/opt/rviz_ogre_vendor/lib:/opt/ros/humble/lib/x86_64-linux-gnu:/opt/ros/humble/lib /usr/bin/cmake --build /home/thxssio/robotics_framework/build/navigation_package -- -j16 -l16
[1.651s] [ 16%] [32mBuilding CXX object CMakeFiles/navigation_manager_node.dir/src/navigation_manager_node.cpp.o[0m
[1.655s] [ 66%] [32mBuilding CXX object CMakeFiles/navigation_module.dir/src/trajectory_optimizer.cpp.o[0m
[1.655s] [ 66%] [32mBuilding CXX object CMakeFiles/navigation_module.dir/src/navigation_module.cpp.o[0m
[1.655s] [ 66%] [32mBuilding CXX object CMakeFiles/navigation_module.dir/src/path_planner.cpp.o[0m
[2.549s] [ 83%] [32m[1mLinking CXX static library libnavigation_module.a[0m
[2.589s] [ 83%] Built target navigation_module
[4.685s] [100%] [32m[1mLinking CXX executable navigation_manager_node[0m
[4.828s] [100%] Built target navigation_manager_node
[4.837s] Invoked command in '/home/thxssio/robotics_framework/build/navigation_package' returned '0': CMAKE_PREFIX_PATH=/home/thxssio/robotics_framework/install/interface_package:/home/thxssio/robotics_framework/install/robot_communication_package:/home/thxssio/robotics_framework/install/navigation_package:/home/thxssio/robotics_framework/install/vision_receiver_package:/home/thxssio/robotics_framework/install/gui_package:/home/thxssio/robotics_framework/install/behavior_package:/opt/ros/humble LD_LIBRARY_PATH=/home/thxssio/robotics_framework/install/interface_package/lib:/home/thxssio/robotics_framework/install/navigation_package/lib:/opt/ros/humble/opt/rviz_ogre_vendor/lib:/opt/ros/humble/lib/x86_64-linux-gnu:/opt/ros/humble/lib /usr/bin/cmake --build /home/thxssio/robotics_framework/build/navigation_package -- -j16 -l16
[4.838s] Invoking command in '/home/thxssio/robotics_framework/build/navigation_package': CMAKE_PREFIX_PATH=/home/thxssio/robotics_framework/install/interface_package:/home/thxssio/robotics_framework/install/robot_communication_package:/home/thxssio/robotics_framework/install/navigation_package:/home/thxssio/robotics_framework/install/vision_receiver_package:/home/thxssio/robotics_framework/install/gui_package:/home/thxssio/robotics_framework/install/behavior_package:/opt/ros/humble LD_LIBRARY_PATH=/home/thxssio/robotics_framework/install/interface_package/lib:/home/thxssio/robotics_framework/install/navigation_package/lib:/opt/ros/humble/opt/rviz_ogre_vendor/lib:/opt/ros/humble/lib/x86_64-linux-gnu:/opt/ros/humble/lib /usr/bin/cmake --install /home/thxssio/robotics_framework/build/navigation_package
[4.845s] -- Install configuration: ""
[4.846s] -- Installing: /home/thxssio/robotics_framework/install/navigation_package/lib/libnavigation_module.a
[4.846s] -- Installing: /home/thxssio/robotics_framework/install/navigation_package/include
[4.846s] -- Installing: /home/thxssio/robotics_framework/install/navigation_package/include/grsim
[4.846s] -- Installing: /home/thxssio/robotics_framework/install/navigation_package/include/grsim/framework
[4.846s] -- Installing: /home/thxssio/robotics_framework/install/navigation_package/include/grsim/framework/navigation
[4.846s] -- Installing: /home/thxssio/robotics_framework/install/navigation_package/include/grsim/framework/navigation/navigation_module.h
[4.846s] -- Installing: /home/thxssio/robotics_framework/install/navigation_package/include/grsim/framework/planning
[4.846s] -- Installing: /home/thxssio/robotics_framework/install/navigation_package/include/grsim/framework/planning/path_planner.h
[4.847s] -- Installing: /home/thxssio/robotics_framework/install/navigation_package/include/grsim/framework/planning/trajectory_optimizer.h
[4.847s] -- Installing: /home/thxssio/robotics_framework/install/navigation_package/lib/navigation_package/navigation_manager_node
[4.847s] -- Set runtime path of "/home/thxssio/robotics_framework/install/navigation_package/lib/navigation_package/navigation_manager_node" to ""
[4.847s] -- Installing: /home/thxssio/robotics_framework/install/navigation_package/share/navigation_package/environment/library_path.sh
[4.847s] -- Installing: /home/thxssio/robotics_framework/install/navigation_package/share/navigation_package/environment/library_path.dsv
[4.847s] -- Installing: /home/thxssio/robotics_framework/install/navigation_package/share/ament_index/resource_index/package_run_dependencies/navigation_package
[4.848s] -- Installing: /home/thxssio/robotics_framework/install/navigation_package/share/ament_index/resource_index/parent_prefix_path/navigation_package
[4.848s] -- Installing: /home/thxssio/robotics_framework/install/navigation_package/share/navigation_package/environment/ament_prefix_path.sh
[4.848s] -- Installing: /home/thxssio/robotics_framework/install/navigation_package/share/navigation_package/environment/ament_prefix_path.dsv
[4.848s] -- Installing: /home/thxssio/robotics_framework/install/navigation_package/share/navigation_package/environment/path.sh
[4.848s] -- Installing: /home/thxssio/robotics_framework/install/navigation_package/share/navigation_package/environment/path.dsv
[4.848s] -- Installing: /home/thxssio/robotics_framework/install/navigation_package/share/navigation_package/local_setup.bash
[4.848s] -- Installing: /home/thxssio/robotics_framework/install/navigation_package/share/navigation_package/local_setup.sh
[4.848s] -- Installing: /home/thxssio/robotics_framework/install/navigation_package/share/navigation_package/local_setup.zsh
[4.848s] -- Installing: /home/thxssio/robotics_framework/install/navigation_package/share/navigation_package/local_setup.dsv
[4.848s] -- Installing: /home/thxssio/robotics_framework/install/navigation_package/share/navigation_package/package.dsv
[4.848s] -- Installing: /home/thxssio/robotics_framework/install/navigation_package/share/ament_index/resource_index/packages/navigation_package
[4.848s] -- Installing: /home/thxssio/robotics_framework/install/navigation_package/share/navigation_package/cmake/export_navigation_moduleExport.cmake
[4.848s] -- Installing: /home/thxssio/robotics_framework/install/navigation_package/share/navigation_package/cmake/export_navigation_moduleExport-noconfig.cmake
[4.849s] -- Installing: /home/thxssio/robotics_framework/install/navigation_package/share/navigation_package/cmake/ament_cmake_export_include_directories-extras.cmake
[4.849s] -- Installing: /home/thxssio/robotics_framework/install/navigation_package/share/navigation_package/cmake/ament_cmake_export_targets-extras.cmake
[4.849s] -- Installing: /home/thxssio/robotics_framework/install/navigation_package/share/navigation_package/cmake/ament_cmake_export_dependencies-extras.cmake
[4.849s] -- Installing: /home/thxssio/robotics_framework/install/navigation_package/share/navigation_package/cmake/navigation_packageConfig.cmake
[4.849s] -- Installing: /home/thxssio/robotics_framework/install/navigation_package/share/navigation_package/cmake/navigation_packageConfig-version.cmake
[4.849s] -- Installing: /home/thxssio/robotics_framework/install/navigation_package/share/navigation_package/package.xml
[4.851s] Invoked command in '/home/thxssio/robotics_framework/build/navigation_package' returned '0': CMAKE_PREFIX_PATH=/home/thxssio/robotics_framework/install/interface_package:/home/thxssio/robotics_framework/install/robot_communication_package:/home/thxssio/robotics_framework/install/navigation_package:/home/thxssio/robotics_framework/install/vision_receiver_package:/home/thxssio/robotics_framework/install/gui_package:/home/thxssio/robotics_framework/install/behavior_package:/opt/ros/humble LD_LIBRARY_PATH=/home/thxssio/robotics_framework/install/interface_package/lib:/home/thxssio/robotics_framework/install/navigation_package/lib:/opt/ros/humble/opt/rviz_ogre_vendor/lib:/opt/ros/humble/lib/x86_64-linux-gnu:/opt/ros/humble/lib /usr/bin/cmake --install /home/thxssio/robotics_framework/build/navigation_package
