[0.561s] Invoking command in '/home/thxssio/robotics_framework/src/vision_receiver_package': AMENT_PREFIX_PATH=/home/thxssio/robotics_framework/install/interface_package:${AMENT_PREFIX_PATH} CMAKE_PREFIX_PATH=/home/thxssio/robotics_framework/install/interface_package LD_LIBRARY_PATH=/home/thxssio/robotics_framework/install/interface_package/lib:${LD_LIBRARY_PATH} PYTHONPATH=/home/thxssio/robotics_framework/build/vision_receiver_package/prefix_override:/usr/lib/python3/dist-packages/colcon_core/task/python/colcon_distutils_commands:/home/thxssio/robotics_framework/install/vision_receiver_package/lib/python3.10/site-packages:/home/thxssio/robotics_framework/install/interface_package/local/lib/python3.10/dist-packages:${PYTHONPATH} /usr/bin/python3 -W ignore:setup.py install is deprecated -W ignore:easy_install command is deprecated setup.py egg_info --egg-base ../../build/vision_receiver_package build --build-base /home/thxssio/robotics_framework/build/vision_receiver_package/build install --record /home/thxssio/robotics_framework/build/vision_receiver_package/install.log --single-version-externally-managed install_data
[0.752s] running egg_info
[0.753s] writing ../../build/vision_receiver_package/vision_receiver_package.egg-info/PKG-INFO
[0.753s] writing dependency_links to ../../build/vision_receiver_package/vision_receiver_package.egg-info/dependency_links.txt
[0.753s] writing entry points to ../../build/vision_receiver_package/vision_receiver_package.egg-info/entry_points.txt
[0.753s] writing requirements to ../../build/vision_receiver_package/vision_receiver_package.egg-info/requires.txt
[0.753s] writing top-level names to ../../build/vision_receiver_package/vision_receiver_package.egg-info/top_level.txt
[0.755s] reading manifest file '../../build/vision_receiver_package/vision_receiver_package.egg-info/SOURCES.txt'
[0.756s] writing manifest file '../../build/vision_receiver_package/vision_receiver_package.egg-info/SOURCES.txt'
[0.756s] running build
[0.756s] running build_py
[0.756s] copying vision_receiver_package/vision_node.py -> /home/thxssio/robotics_framework/build/vision_receiver_package/build/lib/vision_receiver_package
[0.756s] running install
[0.756s] running install_lib
[0.756s] copying /home/thxssio/robotics_framework/build/vision_receiver_package/build/lib/vision_receiver_package/vision_node.py -> /home/thxssio/robotics_framework/install/vision_receiver_package/lib/python3.10/site-packages/vision_receiver_package
[0.757s] byte-compiling /home/thxssio/robotics_framework/install/vision_receiver_package/lib/python3.10/site-packages/vision_receiver_package/vision_node.py to vision_node.cpython-310.pyc
[0.760s] running install_data
[0.760s] running install_egg_info
[0.762s] removing '/home/thxssio/robotics_framework/install/vision_receiver_package/lib/python3.10/site-packages/vision_receiver_package-0.0.0-py3.10.egg-info' (and everything under it)
[0.762s] Copying ../../build/vision_receiver_package/vision_receiver_package.egg-info to /home/thxssio/robotics_framework/install/vision_receiver_package/lib/python3.10/site-packages/vision_receiver_package-0.0.0-py3.10.egg-info
[0.762s] running install_scripts
[0.778s] Installing vision_receiver script to /home/thxssio/robotics_framework/install/vision_receiver_package/lib/vision_receiver_package
[0.778s] writing list of installed files to '/home/thxssio/robotics_framework/build/vision_receiver_package/install.log'
[0.803s] Invoked command in '/home/thxssio/robotics_framework/src/vision_receiver_package' returned '0': AMENT_PREFIX_PATH=/home/thxssio/robotics_framework/install/interface_package:${AMENT_PREFIX_PATH} CMAKE_PREFIX_PATH=/home/thxssio/robotics_framework/install/interface_package LD_LIBRARY_PATH=/home/thxssio/robotics_framework/install/interface_package/lib:${LD_LIBRARY_PATH} PYTHONPATH=/home/thxssio/robotics_framework/build/vision_receiver_package/prefix_override:/usr/lib/python3/dist-packages/colcon_core/task/python/colcon_distutils_commands:/home/thxssio/robotics_framework/install/vision_receiver_package/lib/python3.10/site-packages:/home/thxssio/robotics_framework/install/interface_package/local/lib/python3.10/dist-packages:${PYTHONPATH} /usr/bin/python3 -W ignore:setup.py install is deprecated -W ignore:easy_install command is deprecated setup.py egg_info --egg-base ../../build/vision_receiver_package build --build-base /home/thxssio/robotics_framework/build/vision_receiver_package/build install --record /home/thxssio/robotics_framework/build/vision_receiver_package/install.log --single-version-externally-managed install_data
