-- Found ament_cmake: 1.3.12 (/opt/ros/humble/share/ament_cmake/cmake)
-- Found interface_package: 0.0.0 (/home/thxssio/robotics_framework/install/interface_package/share/interface_package/cmake)
-- Found rosidl_generator_c: 3.1.7 (/opt/ros/humble/share/rosidl_generator_c/cmake)
-- Found rosidl_adapter: 3.1.7 (/opt/ros/humble/share/rosidl_adapter/cmake)
-- Found rosidl_generator_cpp: 3.1.7 (/opt/ros/humble/share/rosidl_generator_cpp/cmake)
-- Using all available rosidl_typesupport_c: rosidl_typesupport_fastrtps_c;rosidl_typesupport_introspection_c
-- Using all available rosidl_typesupport_cpp: rosidl_typesupport_fastrtps_cpp;rosidl_typesupport_introspection_cpp
-- Configuring done
-- Generating done
-- Build files have been written to: /home/thxssio/robotics_framework/build/robot_communication_package
Built target ament_cmake_python_copy_robot_communication_package_setup
Built target ament_cmake_python_copy_robot_communication_package
running egg_info
writing robot_communication_package.egg-info/PKG-INFO
writing dependency_links to robot_communication_package.egg-info/dependency_links.txt
writing top-level names to robot_communication_package.egg-info/top_level.txt
reading manifest file 'robot_communication_package.egg-info/SOURCES.txt'
writing manifest file 'robot_communication_package.egg-info/SOURCES.txt'
Built target ament_cmake_python_build_robot_communication_package_egg
-- Install configuration: ""
-- Up-to-date: /home/thxssio/robotics_framework/install/robot_communication_package/share/robot_communication_package/environment/pythonpath.sh
-- Installing: /home/thxssio/robotics_framework/install/robot_communication_package/share/robot_communication_package/environment/pythonpath.dsv
-- Up-to-date: /home/thxssio/robotics_framework/install/robot_communication_package/local/lib/python3.10/dist-packages/robot_communication_package-0.0.0-py3.10.egg-info
-- Installing: /home/thxssio/robotics_framework/install/robot_communication_package/local/lib/python3.10/dist-packages/robot_communication_package-0.0.0-py3.10.egg-info/dependency_links.txt
-- Installing: /home/thxssio/robotics_framework/install/robot_communication_package/local/lib/python3.10/dist-packages/robot_communication_package-0.0.0-py3.10.egg-info/PKG-INFO
-- Installing: /home/thxssio/robotics_framework/install/robot_communication_package/local/lib/python3.10/dist-packages/robot_communication_package-0.0.0-py3.10.egg-info/top_level.txt
-- Installing: /home/thxssio/robotics_framework/install/robot_communication_package/local/lib/python3.10/dist-packages/robot_communication_package-0.0.0-py3.10.egg-info/SOURCES.txt
-- Up-to-date: /home/thxssio/robotics_framework/install/robot_communication_package/local/lib/python3.10/dist-packages/robot_communication_package
-- Up-to-date: /home/thxssio/robotics_framework/install/robot_communication_package/local/lib/python3.10/dist-packages/robot_communication_package/control_client.py
-- Up-to-date: /home/thxssio/robotics_framework/install/robot_communication_package/local/lib/python3.10/dist-packages/robot_communication_package/__init__.py
-- Up-to-date: /home/thxssio/robotics_framework/install/robot_communication_package/local/lib/python3.10/dist-packages/robot_communication_package/robot_commander_node.py
Listing '/home/thxssio/robotics_framework/install/robot_communication_package/local/lib/python3.10/dist-packages/robot_communication_package'...
-- Up-to-date: /home/thxssio/robotics_framework/install/robot_communication_package/lib/robot_communication_package/robot_commander_node.py
-- Up-to-date: /home/thxssio/robotics_framework/install/robot_communication_package/lib/robot_communication_package/robot_commander
-- Up-to-date: /home/thxssio/robotics_framework/install/robot_communication_package/share/ament_index/resource_index/package_run_dependencies/robot_communication_package
-- Up-to-date: /home/thxssio/robotics_framework/install/robot_communication_package/share/ament_index/resource_index/parent_prefix_path/robot_communication_package
-- Up-to-date: /home/thxssio/robotics_framework/install/robot_communication_package/share/robot_communication_package/environment/ament_prefix_path.sh
-- Installing: /home/thxssio/robotics_framework/install/robot_communication_package/share/robot_communication_package/environment/ament_prefix_path.dsv
-- Up-to-date: /home/thxssio/robotics_framework/install/robot_communication_package/share/robot_communication_package/environment/path.sh
-- Installing: /home/thxssio/robotics_framework/install/robot_communication_package/share/robot_communication_package/environment/path.dsv
-- Up-to-date: /home/thxssio/robotics_framework/install/robot_communication_package/share/robot_communication_package/local_setup.bash
-- Up-to-date: /home/thxssio/robotics_framework/install/robot_communication_package/share/robot_communication_package/local_setup.sh
-- Up-to-date: /home/thxssio/robotics_framework/install/robot_communication_package/share/robot_communication_package/local_setup.zsh
-- Installing: /home/thxssio/robotics_framework/install/robot_communication_package/share/robot_communication_package/local_setup.dsv
-- Installing: /home/thxssio/robotics_framework/install/robot_communication_package/share/robot_communication_package/package.dsv
-- Up-to-date: /home/thxssio/robotics_framework/install/robot_communication_package/share/ament_index/resource_index/packages/robot_communication_package
-- Up-to-date: /home/thxssio/robotics_framework/install/robot_communication_package/share/robot_communication_package/cmake/ament_cmake_export_dependencies-extras.cmake
-- Up-to-date: /home/thxssio/robotics_framework/install/robot_communication_package/share/robot_communication_package/cmake/robot_communication_packageConfig.cmake
-- Up-to-date: /home/thxssio/robotics_framework/install/robot_communication_package/share/robot_communication_package/cmake/robot_communication_packageConfig-version.cmake
-- Up-to-date: /home/thxssio/robotics_framework/install/robot_communication_package/share/robot_communication_package/package.xml
