[0.015s] Invoking command in '/home/thxssio/robotics_framework/build/robot_communication_package': CMAKE_PREFIX_PATH=/home/thxssio/robotics_framework/install/interface_package:/home/thxssio/robotics_framework/install/robot_communication_package:/home/thxssio/robotics_framework/install/navigation_package:/home/thxssio/robotics_framework/install/vision_receiver_package:/home/thxssio/robotics_framework/install/gui_package:/home/thxssio/robotics_framework/install/behavior_package:/opt/ros/humble LD_LIBRARY_PATH=/home/thxssio/robotics_framework/install/interface_package/lib:/home/thxssio/robotics_framework/install/navigation_package/lib:/opt/ros/humble/opt/rviz_ogre_vendor/lib:/opt/ros/humble/lib/x86_64-linux-gnu:/opt/ros/humble/lib /usr/bin/cmake --build /home/thxssio/robotics_framework/build/robot_communication_package -- -j16 -l16
[0.044s] -- Found ament_cmake: 1.3.12 (/opt/ros/humble/share/ament_cmake/cmake)
[0.162s] -- Found interface_package: 0.0.0 (/home/thxssio/robotics_framework/install/interface_package/share/interface_package/cmake)
[0.178s] -- Found rosidl_generator_c: 3.1.7 (/opt/ros/humble/share/rosidl_generator_c/cmake)
[0.179s] -- Found rosidl_adapter: 3.1.7 (/opt/ros/humble/share/rosidl_adapter/cmake)
[0.183s] -- Found rosidl_generator_cpp: 3.1.7 (/opt/ros/humble/share/rosidl_generator_cpp/cmake)
[0.189s] -- Using all available rosidl_typesupport_c: rosidl_typesupport_fastrtps_c;rosidl_typesupport_introspection_c
[0.197s] -- Using all available rosidl_typesupport_cpp: rosidl_typesupport_fastrtps_cpp;rosidl_typesupport_introspection_cpp
[0.362s] -- Configuring done
[0.366s] -- Generating done
[0.368s] -- Build files have been written to: /home/thxssio/robotics_framework/build/robot_communication_package
[0.406s] Built target ament_cmake_python_copy_robot_communication_package_setup
[0.411s] Built target ament_cmake_python_copy_robot_communication_package
[0.620s] running egg_info
[0.620s] writing robot_communication_package.egg-info/PKG-INFO
[0.620s] writing dependency_links to robot_communication_package.egg-info/dependency_links.txt
[0.621s] writing top-level names to robot_communication_package.egg-info/top_level.txt
[0.623s] reading manifest file 'robot_communication_package.egg-info/SOURCES.txt'
[0.623s] writing manifest file 'robot_communication_package.egg-info/SOURCES.txt'
[0.643s] Built target ament_cmake_python_build_robot_communication_package_egg
[0.771s] Invoked command in '/home/thxssio/robotics_framework/build/robot_communication_package' returned '0': CMAKE_PREFIX_PATH=/home/thxssio/robotics_framework/install/interface_package:/home/thxssio/robotics_framework/install/robot_communication_package:/home/thxssio/robotics_framework/install/navigation_package:/home/thxssio/robotics_framework/install/vision_receiver_package:/home/thxssio/robotics_framework/install/gui_package:/home/thxssio/robotics_framework/install/behavior_package:/opt/ros/humble LD_LIBRARY_PATH=/home/thxssio/robotics_framework/install/interface_package/lib:/home/thxssio/robotics_framework/install/navigation_package/lib:/opt/ros/humble/opt/rviz_ogre_vendor/lib:/opt/ros/humble/lib/x86_64-linux-gnu:/opt/ros/humble/lib /usr/bin/cmake --build /home/thxssio/robotics_framework/build/robot_communication_package -- -j16 -l16
[0.772s] Invoking command in '/home/thxssio/robotics_framework/build/robot_communication_package': CMAKE_PREFIX_PATH=/home/thxssio/robotics_framework/install/interface_package:/home/thxssio/robotics_framework/install/robot_communication_package:/home/thxssio/robotics_framework/install/navigation_package:/home/thxssio/robotics_framework/install/vision_receiver_package:/home/thxssio/robotics_framework/install/gui_package:/home/thxssio/robotics_framework/install/behavior_package:/opt/ros/humble LD_LIBRARY_PATH=/home/thxssio/robotics_framework/install/interface_package/lib:/home/thxssio/robotics_framework/install/navigation_package/lib:/opt/ros/humble/opt/rviz_ogre_vendor/lib:/opt/ros/humble/lib/x86_64-linux-gnu:/opt/ros/humble/lib /usr/bin/cmake --install /home/thxssio/robotics_framework/build/robot_communication_package
[0.777s] -- Install configuration: ""
[0.777s] -- Up-to-date: /home/thxssio/robotics_framework/install/robot_communication_package/share/robot_communication_package/environment/pythonpath.sh
[0.777s] -- Installing: /home/thxssio/robotics_framework/install/robot_communication_package/share/robot_communication_package/environment/pythonpath.dsv
[0.778s] -- Up-to-date: /home/thxssio/robotics_framework/install/robot_communication_package/local/lib/python3.10/dist-packages/robot_communication_package-0.0.0-py3.10.egg-info
[0.778s] -- Installing: /home/thxssio/robotics_framework/install/robot_communication_package/local/lib/python3.10/dist-packages/robot_communication_package-0.0.0-py3.10.egg-info/dependency_links.txt
[0.778s] -- Installing: /home/thxssio/robotics_framework/install/robot_communication_package/local/lib/python3.10/dist-packages/robot_communication_package-0.0.0-py3.10.egg-info/PKG-INFO
[0.778s] -- Installing: /home/thxssio/robotics_framework/install/robot_communication_package/local/lib/python3.10/dist-packages/robot_communication_package-0.0.0-py3.10.egg-info/top_level.txt
[0.778s] -- Installing: /home/thxssio/robotics_framework/install/robot_communication_package/local/lib/python3.10/dist-packages/robot_communication_package-0.0.0-py3.10.egg-info/SOURCES.txt
[0.778s] -- Up-to-date: /home/thxssio/robotics_framework/install/robot_communication_package/local/lib/python3.10/dist-packages/robot_communication_package
[0.778s] -- Up-to-date: /home/thxssio/robotics_framework/install/robot_communication_package/local/lib/python3.10/dist-packages/robot_communication_package/control_client.py
[0.778s] -- Up-to-date: /home/thxssio/robotics_framework/install/robot_communication_package/local/lib/python3.10/dist-packages/robot_communication_package/__init__.py
[0.778s] -- Up-to-date: /home/thxssio/robotics_framework/install/robot_communication_package/local/lib/python3.10/dist-packages/robot_communication_package/robot_commander_node.py
[0.800s] Listing '/home/thxssio/robotics_framework/install/robot_communication_package/local/lib/python3.10/dist-packages/robot_communication_package'...
[0.806s] -- Up-to-date: /home/thxssio/robotics_framework/install/robot_communication_package/lib/robot_communication_package/robot_commander_node.py
[0.807s] -- Up-to-date: /home/thxssio/robotics_framework/install/robot_communication_package/lib/robot_communication_package/robot_commander
[0.807s] -- Up-to-date: /home/thxssio/robotics_framework/install/robot_communication_package/share/ament_index/resource_index/package_run_dependencies/robot_communication_package
[0.807s] -- Up-to-date: /home/thxssio/robotics_framework/install/robot_communication_package/share/ament_index/resource_index/parent_prefix_path/robot_communication_package
[0.807s] -- Up-to-date: /home/thxssio/robotics_framework/install/robot_communication_package/share/robot_communication_package/environment/ament_prefix_path.sh
[0.807s] -- Installing: /home/thxssio/robotics_framework/install/robot_communication_package/share/robot_communication_package/environment/ament_prefix_path.dsv
[0.807s] -- Up-to-date: /home/thxssio/robotics_framework/install/robot_communication_package/share/robot_communication_package/environment/path.sh
[0.807s] -- Installing: /home/thxssio/robotics_framework/install/robot_communication_package/share/robot_communication_package/environment/path.dsv
[0.807s] -- Up-to-date: /home/thxssio/robotics_framework/install/robot_communication_package/share/robot_communication_package/local_setup.bash
[0.807s] -- Up-to-date: /home/thxssio/robotics_framework/install/robot_communication_package/share/robot_communication_package/local_setup.sh
[0.807s] -- Up-to-date: /home/thxssio/robotics_framework/install/robot_communication_package/share/robot_communication_package/local_setup.zsh
[0.807s] -- Installing: /home/thxssio/robotics_framework/install/robot_communication_package/share/robot_communication_package/local_setup.dsv
[0.808s] -- Installing: /home/thxssio/robotics_framework/install/robot_communication_package/share/robot_communication_package/package.dsv
[0.808s] -- Up-to-date: /home/thxssio/robotics_framework/install/robot_communication_package/share/ament_index/resource_index/packages/robot_communication_package
[0.808s] -- Up-to-date: /home/thxssio/robotics_framework/install/robot_communication_package/share/robot_communication_package/cmake/ament_cmake_export_dependencies-extras.cmake
[0.808s] -- Up-to-date: /home/thxssio/robotics_framework/install/robot_communication_package/share/robot_communication_package/cmake/robot_communication_packageConfig.cmake
[0.808s] -- Up-to-date: /home/thxssio/robotics_framework/install/robot_communication_package/share/robot_communication_package/cmake/robot_communication_packageConfig-version.cmake
[0.808s] -- Up-to-date: /home/thxssio/robotics_framework/install/robot_communication_package/share/robot_communication_package/package.xml
[0.810s] Invoked command in '/home/thxssio/robotics_framework/build/robot_communication_package' returned '0': CMAKE_PREFIX_PATH=/home/thxssio/robotics_framework/install/interface_package:/home/thxssio/robotics_framework/install/robot_communication_package:/home/thxssio/robotics_framework/install/navigation_package:/home/thxssio/robotics_framework/install/vision_receiver_package:/home/thxssio/robotics_framework/install/gui_package:/home/thxssio/robotics_framework/install/behavior_package:/opt/ros/humble LD_LIBRARY_PATH=/home/thxssio/robotics_framework/install/interface_package/lib:/home/thxssio/robotics_framework/install/navigation_package/lib:/opt/ros/humble/opt/rviz_ogre_vendor/lib:/opt/ros/humble/lib/x86_64-linux-gnu:/opt/ros/humble/lib /usr/bin/cmake --install /home/thxssio/robotics_framework/build/robot_communication_package
