/home/thxssio/robotics_framework/install/gui_package/lib/python3.10/site-packages/gui_package/gui_interface.py
/home/thxssio/robotics_framework/install/gui_package/lib/python3.10/site-packages/gui_package/field_widget.py
/home/thxssio/robotics_framework/install/gui_package/lib/python3.10/site-packages/gui_package/world_tf_broadcaster.py
/home/thxssio/robotics_framework/install/gui_package/lib/python3.10/site-packages/gui_package/__init__.py
/home/thxssio/robotics_framework/install/gui_package/lib/python3.10/site-packages/gui_package/teams/standard2010_16.png
/home/thxssio/robotics_framework/install/gui_package/lib/python3.10/site-packages/gui_package/teams/blue/0.png
/home/thxssio/robotics_framework/install/gui_package/lib/python3.10/site-packages/gui_package/teams/blue/1.png
/home/thxssio/robotics_framework/install/gui_package/lib/python3.10/site-packages/gui_package/teams/blue/2.png
/home/thxssio/robotics_framework/install/gui_package/lib/python3.10/site-packages/gui_package/teams/blue/3.png
/home/thxssio/robotics_framework/install/gui_package/lib/python3.10/site-packages/gui_package/teams/blue/4.png
/home/thxssio/robotics_framework/install/gui_package/lib/python3.10/site-packages/gui_package/teams/blue/5.png
/home/thxssio/robotics_framework/install/gui_package/lib/python3.10/site-packages/gui_package/teams/yellow/0.png
/home/thxssio/robotics_framework/install/gui_package/lib/python3.10/site-packages/gui_package/teams/yellow/1.png
/home/thxssio/robotics_framework/install/gui_package/lib/python3.10/site-packages/gui_package/teams/yellow/2.png
/home/thxssio/robotics_framework/install/gui_package/lib/python3.10/site-packages/gui_package/teams/yellow/3.png
/home/thxssio/robotics_framework/install/gui_package/lib/python3.10/site-packages/gui_package/teams/yellow/4.png
/home/thxssio/robotics_framework/install/gui_package/lib/python3.10/site-packages/gui_package/teams/yellow/5.png
/home/thxssio/robotics_framework/install/gui_package/lib/python3.10/site-packages/gui_package/__pycache__/gui_interface.cpython-310.pyc
/home/thxssio/robotics_framework/install/gui_package/lib/python3.10/site-packages/gui_package/__pycache__/field_widget.cpython-310.pyc
/home/thxssio/robotics_framework/install/gui_package/lib/python3.10/site-packages/gui_package/__pycache__/world_tf_broadcaster.cpython-310.pyc
/home/thxssio/robotics_framework/install/gui_package/lib/python3.10/site-packages/gui_package/__pycache__/__init__.cpython-310.pyc
/home/thxssio/robotics_framework/install/gui_package/share/ament_index/resource_index/packages/gui_package
/home/thxssio/robotics_framework/install/gui_package/share/gui_package/package.xml
/home/thxssio/robotics_framework/install/gui_package/lib/python3.10/site-packages/gui_package-0.0.0-py3.10.egg-info/dependency_links.txt
/home/thxssio/robotics_framework/install/gui_package/lib/python3.10/site-packages/gui_package-0.0.0-py3.10.egg-info/requires.txt
/home/thxssio/robotics_framework/install/gui_package/lib/python3.10/site-packages/gui_package-0.0.0-py3.10.egg-info/entry_points.txt
/home/thxssio/robotics_framework/install/gui_package/lib/python3.10/site-packages/gui_package-0.0.0-py3.10.egg-info/PKG-INFO
/home/thxssio/robotics_framework/install/gui_package/lib/python3.10/site-packages/gui_package-0.0.0-py3.10.egg-info/top_level.txt
/home/thxssio/robotics_framework/install/gui_package/lib/python3.10/site-packages/gui_package-0.0.0-py3.10.egg-info/SOURCES.txt
/home/thxssio/robotics_framework/install/gui_package/lib/python3.10/site-packages/gui_package-0.0.0-py3.10.egg-info/not-zip-safe
/home/thxssio/robotics_framework/install/gui_package/lib/gui_package/framework
/home/thxssio/robotics_framework/install/gui_package/lib/gui_package/world_tf_broadcaster
