running egg_info
creating ../../build/behavior_package/behavior_package.egg-info
writing ../../build/behavior_package/behavior_package.egg-info/PKG-INFO
writing dependency_links to ../../build/behavior_package/behavior_package.egg-info/dependency_links.txt
writing entry points to ../../build/behavior_package/behavior_package.egg-info/entry_points.txt
writing requirements to ../../build/behavior_package/behavior_package.egg-info/requires.txt
writing top-level names to ../../build/behavior_package/behavior_package.egg-info/top_level.txt
writing manifest file '../../build/behavior_package/behavior_package.egg-info/SOURCES.txt'
reading manifest file '../../build/behavior_package/behavior_package.egg-info/SOURCES.txt'
writing manifest file '../../build/behavior_package/behavior_package.egg-info/SOURCES.txt'
running build
running build_py
creating /home/thxssio/robotics_framework/build/behavior_package/build
creating /home/thxssio/robotics_framework/build/behavior_package/build/lib
creating /home/thxssio/robotics_framework/build/behavior_package/build/lib/behavior_package
copying behavior_package/goto_ball.py -> /home/thxssio/robotics_framework/build/behavior_package/build/lib/behavior_package
copying behavior_package/__init__.py -> /home/thxssio/robotics_framework/build/behavior_package/build/lib/behavior_package
copying behavior_package/behavior.py -> /home/thxssio/robotics_framework/build/behavior_package/build/lib/behavior_package
running install
running install_lib
creating /home/thxssio/robotics_framework/install/behavior_package/lib/python3.10/site-packages/behavior_package
copying /home/thxssio/robotics_framework/build/behavior_package/build/lib/behavior_package/goto_ball.py -> /home/thxssio/robotics_framework/install/behavior_package/lib/python3.10/site-packages/behavior_package
copying /home/thxssio/robotics_framework/build/behavior_package/build/lib/behavior_package/__init__.py -> /home/thxssio/robotics_framework/install/behavior_package/lib/python3.10/site-packages/behavior_package
copying /home/thxssio/robotics_framework/build/behavior_package/build/lib/behavior_package/behavior.py -> /home/thxssio/robotics_framework/install/behavior_package/lib/python3.10/site-packages/behavior_package
byte-compiling /home/thxssio/robotics_framework/install/behavior_package/lib/python3.10/site-packages/behavior_package/goto_ball.py to goto_ball.cpython-310.pyc
byte-compiling /home/thxssio/robotics_framework/install/behavior_package/lib/python3.10/site-packages/behavior_package/__init__.py to __init__.cpython-310.pyc
byte-compiling /home/thxssio/robotics_framework/install/behavior_package/lib/python3.10/site-packages/behavior_package/behavior.py to behavior.cpython-310.pyc
running install_data
creating /home/thxssio/robotics_framework/install/behavior_package/share/ament_index
creating /home/thxssio/robotics_framework/install/behavior_package/share/ament_index/resource_index
creating /home/thxssio/robotics_framework/install/behavior_package/share/ament_index/resource_index/packages
copying resource/behavior_package -> /home/thxssio/robotics_framework/install/behavior_package/share/ament_index/resource_index/packages
copying package.xml -> /home/thxssio/robotics_framework/install/behavior_package/share/behavior_package
running install_egg_info
Copying ../../build/behavior_package/behavior_package.egg-info to /home/thxssio/robotics_framework/install/behavior_package/lib/python3.10/site-packages/behavior_package-0.0.0-py3.10.egg-info
running install_scripts
writing list of installed files to '/home/thxssio/robotics_framework/build/behavior_package/install.log'
