[ 50%] Built target navigation_manager_node
[ 75%] Built target navigation_module
[35m[1mConsolidate compiler generated dependencies of target navigation_node[0m
[100%] Built target navigation_node
-- Install configuration: ""
-- Up-to-date: /home/thxssio/robotics_framework/install/navigation_package/lib/libnavigation_module.a
-- Up-to-date: /home/thxssio/robotics_framework/install/navigation_package/include
-- Up-to-date: /home/thxssio/robotics_framework/install/navigation_package/include/grsim
-- Up-to-date: /home/thxssio/robotics_framework/install/navigation_package/include/grsim/framework
-- Up-to-date: /home/thxssio/robotics_framework/install/navigation_package/include/grsim/framework/navigation
-- Up-to-date: /home/thxssio/robotics_framework/install/navigation_package/include/grsim/framework/navigation/navigation_module.h
-- Up-to-date: /home/thxssio/robotics_framework/install/navigation_package/include/grsim/framework/planning
-- Up-to-date: /home/thxssio/robotics_framework/install/navigation_package/include/grsim/framework/planning/path_planner.h
-- Up-to-date: /home/thxssio/robotics_framework/install/navigation_package/include/grsim/framework/planning/trajectory_optimizer.h
-- Up-to-date: /home/thxssio/robotics_framework/install/navigation_package/lib/navigation_package/navigation_manager_node
-- Up-to-date: /home/thxssio/robotics_framework/install/navigation_package/lib/navigation_package/navigation_node
-- Up-to-date: /home/thxssio/robotics_framework/install/navigation_package/share/navigation_package/environment/library_path.sh
-- Up-to-date: /home/thxssio/robotics_framework/install/navigation_package/share/navigation_package/environment/library_path.dsv
-- Up-to-date: /home/thxssio/robotics_framework/install/navigation_package/share/ament_index/resource_index/package_run_dependencies/navigation_package
-- Up-to-date: /home/thxssio/robotics_framework/install/navigation_package/share/ament_index/resource_index/parent_prefix_path/navigation_package
-- Up-to-date: /home/thxssio/robotics_framework/install/navigation_package/share/navigation_package/environment/ament_prefix_path.sh
-- Up-to-date: /home/thxssio/robotics_framework/install/navigation_package/share/navigation_package/environment/ament_prefix_path.dsv
-- Up-to-date: /home/thxssio/robotics_framework/install/navigation_package/share/navigation_package/environment/path.sh
-- Up-to-date: /home/thxssio/robotics_framework/install/navigation_package/share/navigation_package/environment/path.dsv
-- Up-to-date: /home/thxssio/robotics_framework/install/navigation_package/share/navigation_package/local_setup.bash
-- Up-to-date: /home/thxssio/robotics_framework/install/navigation_package/share/navigation_package/local_setup.sh
-- Up-to-date: /home/thxssio/robotics_framework/install/navigation_package/share/navigation_package/local_setup.zsh
-- Up-to-date: /home/thxssio/robotics_framework/install/navigation_package/share/navigation_package/local_setup.dsv
-- Installing: /home/thxssio/robotics_framework/install/navigation_package/share/navigation_package/package.dsv
-- Up-to-date: /home/thxssio/robotics_framework/install/navigation_package/share/ament_index/resource_index/packages/navigation_package
-- Up-to-date: /home/thxssio/robotics_framework/install/navigation_package/share/navigation_package/cmake/export_navigation_moduleExport.cmake
-- Up-to-date: /home/thxssio/robotics_framework/install/navigation_package/share/navigation_package/cmake/export_navigation_moduleExport-noconfig.cmake
-- Up-to-date: /home/thxssio/robotics_framework/install/navigation_package/share/navigation_package/cmake/ament_cmake_export_include_directories-extras.cmake
-- Up-to-date: /home/thxssio/robotics_framework/install/navigation_package/share/navigation_package/cmake/ament_cmake_export_targets-extras.cmake
-- Up-to-date: /home/thxssio/robotics_framework/install/navigation_package/share/navigation_package/cmake/ament_cmake_export_dependencies-extras.cmake
-- Up-to-date: /home/thxssio/robotics_framework/install/navigation_package/share/navigation_package/cmake/navigation_packageConfig.cmake
-- Up-to-date: /home/thxssio/robotics_framework/install/navigation_package/share/navigation_package/cmake/navigation_packageConfig-version.cmake
-- Up-to-date: /home/thxssio/robotics_framework/install/navigation_package/share/navigation_package/package.xml
