[0.108s] DEBUG:colcon:Command line arguments: ['/usr/bin/colcon', 'build']
[0.108s] DEBUG:colcon:Parsed command line arguments: Namespace(log_base=None, log_level=None, verb_name='build', build_base='build', install_base='install', merge_install=False, symlink_install=False, test_result_base=None, continue_on_error=False, executor='parallel', parallel_workers=16, event_handlers=None, ignore_user_meta=False, metas=['./colcon.meta'], base_paths=['.'], packages_ignore=None, packages_ignore_regex=None, paths=None, packages_up_to=None, packages_up_to_regex=None, packages_above=None, packages_above_and_dependencies=None, packages_above_depth=None, packages_select_by_dep=None, packages_skip_by_dep=None, packages_skip_up_to=None, packages_select_build_failed=False, packages_skip_build_finished=False, packages_select_test_failures=False, packages_skip_test_passed=False, packages_select=None, packages_skip=None, packages_select_regex=None, packages_skip_regex=None, packages_start=None, packages_end=None, allow_overriding=[], cmake_args=None, cmake_target=None, cmake_target_skip_unavailable=False, cmake_clean_cache=False, cmake_clean_first=False, cmake_force_configure=False, ament_cmake_args=None, catkin_cmake_args=None, catkin_skip_building_tests=False, mixin_files=None, mixin=None, verb_parser=<colcon_mixin.mixin.mixin_argument.MixinArgumentDecorator object at 0x70129a9a74c0>, verb_extension=<colcon_core.verb.build.BuildVerb object at 0x70129aae44f0>, main=<bound method BuildVerb.main of <colcon_core.verb.build.BuildVerb object at 0x70129aae44f0>>, mixin_verb=('build',))
[0.282s] Level 1:colcon.colcon_core.package_discovery:discover_packages(colcon_meta) check parameters
[0.282s] Level 1:colcon.colcon_core.package_discovery:discover_packages(recursive) check parameters
[0.282s] Level 1:colcon.colcon_core.package_discovery:discover_packages(ignore) check parameters
[0.282s] Level 1:colcon.colcon_core.package_discovery:discover_packages(path) check parameters
[0.282s] Level 1:colcon.colcon_core.package_discovery:discover_packages(colcon_meta) discover
[0.282s] Level 1:colcon.colcon_core.package_discovery:discover_packages(recursive) discover
[0.282s] INFO:colcon.colcon_core.package_discovery:Crawling recursively for packages in '/home/thxssio/robotics_framework'
[0.282s] Level 1:colcon.colcon_core.package_identification:_identify(.) by extensions ['ignore', 'ignore_ament_install']
[0.283s] Level 1:colcon.colcon_core.package_identification:_identify(.) by extension 'ignore'
[0.283s] Level 1:colcon.colcon_core.package_identification:_identify(.) by extension 'ignore_ament_install'
[0.283s] Level 1:colcon.colcon_core.package_identification:_identify(.) by extensions ['colcon_pkg']
[0.283s] Level 1:colcon.colcon_core.package_identification:_identify(.) by extension 'colcon_pkg'
[0.283s] Level 1:colcon.colcon_core.package_identification:_identify(.) by extensions ['colcon_meta']
[0.283s] Level 1:colcon.colcon_core.package_identification:_identify(.) by extension 'colcon_meta'
[0.283s] Level 1:colcon.colcon_core.package_identification:_identify(.) by extensions ['ros']
[0.283s] Level 1:colcon.colcon_core.package_identification:_identify(.) by extension 'ros'
[0.312s] Level 1:colcon.colcon_core.package_identification:_identify(.) by extensions ['cmake', 'python']
[0.312s] Level 1:colcon.colcon_core.package_identification:_identify(.) by extension 'cmake'
[0.312s] Level 1:colcon.colcon_core.package_identification:_identify(.) by extension 'python'
[0.312s] Level 1:colcon.colcon_core.package_identification:_identify(.) by extensions ['python_setup_py']
[0.312s] Level 1:colcon.colcon_core.package_identification:_identify(.) by extension 'python_setup_py'
[0.312s] Level 1:colcon.colcon_core.package_identification:_identify(build) by extensions ['ignore', 'ignore_ament_install']
[0.312s] Level 1:colcon.colcon_core.package_identification:_identify(build) by extension 'ignore'
[0.312s] Level 1:colcon.colcon_core.package_identification:_identify(build) ignored
[0.312s] Level 1:colcon.colcon_core.package_identification:_identify(install) by extensions ['ignore', 'ignore_ament_install']
[0.312s] Level 1:colcon.colcon_core.package_identification:_identify(install) by extension 'ignore'
[0.313s] Level 1:colcon.colcon_core.package_identification:_identify(install) ignored
[0.313s] Level 1:colcon.colcon_core.package_identification:_identify(log) by extensions ['ignore', 'ignore_ament_install']
[0.313s] Level 1:colcon.colcon_core.package_identification:_identify(log) by extension 'ignore'
[0.313s] Level 1:colcon.colcon_core.package_identification:_identify(log) ignored
[0.313s] Level 1:colcon.colcon_core.package_identification:_identify(src) by extensions ['ignore', 'ignore_ament_install']
[0.313s] Level 1:colcon.colcon_core.package_identification:_identify(src) by extension 'ignore'
[0.313s] Level 1:colcon.colcon_core.package_identification:_identify(src) by extension 'ignore_ament_install'
[0.313s] Level 1:colcon.colcon_core.package_identification:_identify(src) by extensions ['colcon_pkg']
[0.313s] Level 1:colcon.colcon_core.package_identification:_identify(src) by extension 'colcon_pkg'
[0.313s] Level 1:colcon.colcon_core.package_identification:_identify(src) by extensions ['colcon_meta']
[0.313s] Level 1:colcon.colcon_core.package_identification:_identify(src) by extension 'colcon_meta'
[0.313s] Level 1:colcon.colcon_core.package_identification:_identify(src) by extensions ['ros']
[0.313s] Level 1:colcon.colcon_core.package_identification:_identify(src) by extension 'ros'
[0.313s] Level 1:colcon.colcon_core.package_identification:_identify(src) by extensions ['cmake', 'python']
[0.313s] Level 1:colcon.colcon_core.package_identification:_identify(src) by extension 'cmake'
[0.313s] Level 1:colcon.colcon_core.package_identification:_identify(src) by extension 'python'
[0.313s] Level 1:colcon.colcon_core.package_identification:_identify(src) by extensions ['python_setup_py']
[0.313s] Level 1:colcon.colcon_core.package_identification:_identify(src) by extension 'python_setup_py'
[0.313s] Level 1:colcon.colcon_core.package_identification:_identify(src/behavior_package) by extensions ['ignore', 'ignore_ament_install']
[0.313s] Level 1:colcon.colcon_core.package_identification:_identify(src/behavior_package) by extension 'ignore'
[0.314s] Level 1:colcon.colcon_core.package_identification:_identify(src/behavior_package) by extension 'ignore_ament_install'
[0.314s] Level 1:colcon.colcon_core.package_identification:_identify(src/behavior_package) by extensions ['colcon_pkg']
[0.314s] Level 1:colcon.colcon_core.package_identification:_identify(src/behavior_package) by extension 'colcon_pkg'
[0.314s] Level 1:colcon.colcon_core.package_identification:_identify(src/behavior_package) by extensions ['colcon_meta']
[0.314s] Level 1:colcon.colcon_core.package_identification:_identify(src/behavior_package) by extension 'colcon_meta'
[0.314s] Level 1:colcon.colcon_core.package_identification:_identify(src/behavior_package) by extensions ['ros']
[0.314s] Level 1:colcon.colcon_core.package_identification:_identify(src/behavior_package) by extension 'ros'
[0.317s] DEBUG:colcon.colcon_core.package_identification:Package 'src/behavior_package' with type 'ros.ament_python' and name 'behavior_package'
[0.317s] Level 1:colcon.colcon_core.package_identification:_identify(src/gui_package) by extensions ['ignore', 'ignore_ament_install']
[0.317s] Level 1:colcon.colcon_core.package_identification:_identify(src/gui_package) by extension 'ignore'
[0.317s] Level 1:colcon.colcon_core.package_identification:_identify(src/gui_package) by extension 'ignore_ament_install'
[0.317s] Level 1:colcon.colcon_core.package_identification:_identify(src/gui_package) by extensions ['colcon_pkg']
[0.317s] Level 1:colcon.colcon_core.package_identification:_identify(src/gui_package) by extension 'colcon_pkg'
[0.317s] Level 1:colcon.colcon_core.package_identification:_identify(src/gui_package) by extensions ['colcon_meta']
[0.317s] Level 1:colcon.colcon_core.package_identification:_identify(src/gui_package) by extension 'colcon_meta'
[0.317s] Level 1:colcon.colcon_core.package_identification:_identify(src/gui_package) by extensions ['ros']
[0.317s] Level 1:colcon.colcon_core.package_identification:_identify(src/gui_package) by extension 'ros'
[0.318s] DEBUG:colcon.colcon_core.package_identification:Package 'src/gui_package' with type 'ros.ament_python' and name 'gui_package'
[0.318s] Level 1:colcon.colcon_core.package_identification:_identify(src/interface_package) by extensions ['ignore', 'ignore_ament_install']
[0.318s] Level 1:colcon.colcon_core.package_identification:_identify(src/interface_package) by extension 'ignore'
[0.319s] Level 1:colcon.colcon_core.package_identification:_identify(src/interface_package) by extension 'ignore_ament_install'
[0.319s] Level 1:colcon.colcon_core.package_identification:_identify(src/interface_package) by extensions ['colcon_pkg']
[0.319s] Level 1:colcon.colcon_core.package_identification:_identify(src/interface_package) by extension 'colcon_pkg'
[0.319s] Level 1:colcon.colcon_core.package_identification:_identify(src/interface_package) by extensions ['colcon_meta']
[0.319s] Level 1:colcon.colcon_core.package_identification:_identify(src/interface_package) by extension 'colcon_meta'
[0.319s] Level 1:colcon.colcon_core.package_identification:_identify(src/interface_package) by extensions ['ros']
[0.319s] Level 1:colcon.colcon_core.package_identification:_identify(src/interface_package) by extension 'ros'
[0.319s] DEBUG:colcon.colcon_core.package_identification:Package 'src/interface_package' with type 'ros.ament_cmake' and name 'interface_package'
[0.319s] Level 1:colcon.colcon_core.package_identification:_identify(src/navigation_package) by extensions ['ignore', 'ignore_ament_install']
[0.320s] Level 1:colcon.colcon_core.package_identification:_identify(src/navigation_package) by extension 'ignore'
[0.320s] Level 1:colcon.colcon_core.package_identification:_identify(src/navigation_package) by extension 'ignore_ament_install'
[0.320s] Level 1:colcon.colcon_core.package_identification:_identify(src/navigation_package) by extensions ['colcon_pkg']
[0.320s] Level 1:colcon.colcon_core.package_identification:_identify(src/navigation_package) by extension 'colcon_pkg'
[0.320s] Level 1:colcon.colcon_core.package_identification:_identify(src/navigation_package) by extensions ['colcon_meta']
[0.320s] Level 1:colcon.colcon_core.package_identification:_identify(src/navigation_package) by extension 'colcon_meta'
[0.320s] Level 1:colcon.colcon_core.package_identification:_identify(src/navigation_package) by extensions ['ros']
[0.320s] Level 1:colcon.colcon_core.package_identification:_identify(src/navigation_package) by extension 'ros'
[0.320s] DEBUG:colcon.colcon_core.package_identification:Package 'src/navigation_package' with type 'ros.ament_cmake' and name 'navigation_package'
[0.321s] Level 1:colcon.colcon_core.package_identification:_identify(src/robot_communication_package) by extensions ['ignore', 'ignore_ament_install']
[0.321s] Level 1:colcon.colcon_core.package_identification:_identify(src/robot_communication_package) by extension 'ignore'
[0.321s] Level 1:colcon.colcon_core.package_identification:_identify(src/robot_communication_package) by extension 'ignore_ament_install'
[0.321s] Level 1:colcon.colcon_core.package_identification:_identify(src/robot_communication_package) by extensions ['colcon_pkg']
[0.321s] Level 1:colcon.colcon_core.package_identification:_identify(src/robot_communication_package) by extension 'colcon_pkg'
[0.321s] Level 1:colcon.colcon_core.package_identification:_identify(src/robot_communication_package) by extensions ['colcon_meta']
[0.321s] Level 1:colcon.colcon_core.package_identification:_identify(src/robot_communication_package) by extension 'colcon_meta'
[0.321s] Level 1:colcon.colcon_core.package_identification:_identify(src/robot_communication_package) by extensions ['ros']
[0.321s] Level 1:colcon.colcon_core.package_identification:_identify(src/robot_communication_package) by extension 'ros'
[0.322s] DEBUG:colcon.colcon_core.package_identification:Package 'src/robot_communication_package' with type 'ros.ament_cmake' and name 'robot_communication_package'
[0.322s] Level 1:colcon.colcon_core.package_identification:_identify(src/vision_receiver_package) by extensions ['ignore', 'ignore_ament_install']
[0.322s] Level 1:colcon.colcon_core.package_identification:_identify(src/vision_receiver_package) by extension 'ignore'
[0.322s] Level 1:colcon.colcon_core.package_identification:_identify(src/vision_receiver_package) by extension 'ignore_ament_install'
[0.322s] Level 1:colcon.colcon_core.package_identification:_identify(src/vision_receiver_package) by extensions ['colcon_pkg']
[0.322s] Level 1:colcon.colcon_core.package_identification:_identify(src/vision_receiver_package) by extension 'colcon_pkg'
[0.322s] Level 1:colcon.colcon_core.package_identification:_identify(src/vision_receiver_package) by extensions ['colcon_meta']
[0.322s] Level 1:colcon.colcon_core.package_identification:_identify(src/vision_receiver_package) by extension 'colcon_meta'
[0.322s] Level 1:colcon.colcon_core.package_identification:_identify(src/vision_receiver_package) by extensions ['ros']
[0.322s] Level 1:colcon.colcon_core.package_identification:_identify(src/vision_receiver_package) by extension 'ros'
[0.323s] DEBUG:colcon.colcon_core.package_identification:Package 'src/vision_receiver_package' with type 'ros.ament_python' and name 'vision_receiver_package'
[0.323s] Level 1:colcon.colcon_core.package_discovery:discover_packages(recursive) using defaults
[0.323s] Level 1:colcon.colcon_core.package_discovery:discover_packages(ignore) discover
[0.323s] Level 1:colcon.colcon_core.package_discovery:discover_packages(ignore) using defaults
[0.323s] Level 1:colcon.colcon_core.package_discovery:discover_packages(path) discover
[0.323s] Level 1:colcon.colcon_core.package_discovery:discover_packages(path) using defaults
[0.343s] Level 1:colcon.colcon_core.package_discovery:discover_packages(prefix_path) check parameters
[0.343s] Level 1:colcon.colcon_core.package_discovery:discover_packages(prefix_path) discover
[0.345s] DEBUG:colcon.colcon_installed_package_information.package_discovery:Found 6 installed packages in /home/thxssio/robotics_framework/install
[0.345s] DEBUG:colcon.colcon_installed_package_information.package_discovery:Found 277 installed packages in /opt/ros/humble
[0.346s] Level 1:colcon.colcon_core.package_discovery:discover_packages(prefix_path) using defaults
[0.372s] Level 5:colcon.colcon_core.verb:set package 'behavior_package' build argument 'cmake_args' from command line to 'None'
[0.372s] Level 5:colcon.colcon_core.verb:set package 'behavior_package' build argument 'cmake_target' from command line to 'None'
[0.372s] Level 5:colcon.colcon_core.verb:set package 'behavior_package' build argument 'cmake_target_skip_unavailable' from command line to 'False'
[0.372s] Level 5:colcon.colcon_core.verb:set package 'behavior_package' build argument 'cmake_clean_cache' from command line to 'False'
[0.372s] Level 5:colcon.colcon_core.verb:set package 'behavior_package' build argument 'cmake_clean_first' from command line to 'False'
[0.372s] Level 5:colcon.colcon_core.verb:set package 'behavior_package' build argument 'cmake_force_configure' from command line to 'False'
[0.372s] Level 5:colcon.colcon_core.verb:set package 'behavior_package' build argument 'ament_cmake_args' from command line to 'None'
[0.372s] Level 5:colcon.colcon_core.verb:set package 'behavior_package' build argument 'catkin_cmake_args' from command line to 'None'
[0.372s] Level 5:colcon.colcon_core.verb:set package 'behavior_package' build argument 'catkin_skip_building_tests' from command line to 'False'
[0.372s] DEBUG:colcon.colcon_core.verb:Building package 'behavior_package' with the following arguments: {'ament_cmake_args': None, 'build_base': '/home/thxssio/robotics_framework/build/behavior_package', 'catkin_cmake_args': None, 'catkin_skip_building_tests': False, 'cmake_args': None, 'cmake_clean_cache': False, 'cmake_clean_first': False, 'cmake_force_configure': False, 'cmake_target': None, 'cmake_target_skip_unavailable': False, 'install_base': '/home/thxssio/robotics_framework/install/behavior_package', 'merge_install': False, 'path': '/home/thxssio/robotics_framework/src/behavior_package', 'symlink_install': False, 'test_result_base': None}
[0.372s] Level 5:colcon.colcon_core.verb:set package 'interface_package' build argument 'cmake_args' from command line to 'None'
[0.372s] Level 5:colcon.colcon_core.verb:set package 'interface_package' build argument 'cmake_target' from command line to 'None'
[0.372s] Level 5:colcon.colcon_core.verb:set package 'interface_package' build argument 'cmake_target_skip_unavailable' from command line to 'False'
[0.372s] Level 5:colcon.colcon_core.verb:set package 'interface_package' build argument 'cmake_clean_cache' from command line to 'False'
[0.372s] Level 5:colcon.colcon_core.verb:set package 'interface_package' build argument 'cmake_clean_first' from command line to 'False'
[0.372s] Level 5:colcon.colcon_core.verb:set package 'interface_package' build argument 'cmake_force_configure' from command line to 'False'
[0.372s] Level 5:colcon.colcon_core.verb:set package 'interface_package' build argument 'ament_cmake_args' from command line to 'None'
[0.372s] Level 5:colcon.colcon_core.verb:set package 'interface_package' build argument 'catkin_cmake_args' from command line to 'None'
[0.372s] Level 5:colcon.colcon_core.verb:set package 'interface_package' build argument 'catkin_skip_building_tests' from command line to 'False'
[0.372s] DEBUG:colcon.colcon_core.verb:Building package 'interface_package' with the following arguments: {'ament_cmake_args': None, 'build_base': '/home/thxssio/robotics_framework/build/interface_package', 'catkin_cmake_args': None, 'catkin_skip_building_tests': False, 'cmake_args': None, 'cmake_clean_cache': False, 'cmake_clean_first': False, 'cmake_force_configure': False, 'cmake_target': None, 'cmake_target_skip_unavailable': False, 'install_base': '/home/thxssio/robotics_framework/install/interface_package', 'merge_install': False, 'path': '/home/thxssio/robotics_framework/src/interface_package', 'symlink_install': False, 'test_result_base': None}
[0.373s] Level 5:colcon.colcon_core.verb:set package 'gui_package' build argument 'cmake_args' from command line to 'None'
[0.373s] Level 5:colcon.colcon_core.verb:set package 'gui_package' build argument 'cmake_target' from command line to 'None'
[0.373s] Level 5:colcon.colcon_core.verb:set package 'gui_package' build argument 'cmake_target_skip_unavailable' from command line to 'False'
[0.373s] Level 5:colcon.colcon_core.verb:set package 'gui_package' build argument 'cmake_clean_cache' from command line to 'False'
[0.373s] Level 5:colcon.colcon_core.verb:set package 'gui_package' build argument 'cmake_clean_first' from command line to 'False'
[0.373s] Level 5:colcon.colcon_core.verb:set package 'gui_package' build argument 'cmake_force_configure' from command line to 'False'
[0.373s] Level 5:colcon.colcon_core.verb:set package 'gui_package' build argument 'ament_cmake_args' from command line to 'None'
[0.373s] Level 5:colcon.colcon_core.verb:set package 'gui_package' build argument 'catkin_cmake_args' from command line to 'None'
[0.373s] Level 5:colcon.colcon_core.verb:set package 'gui_package' build argument 'catkin_skip_building_tests' from command line to 'False'
[0.373s] DEBUG:colcon.colcon_core.verb:Building package 'gui_package' with the following arguments: {'ament_cmake_args': None, 'build_base': '/home/thxssio/robotics_framework/build/gui_package', 'catkin_cmake_args': None, 'catkin_skip_building_tests': False, 'cmake_args': None, 'cmake_clean_cache': False, 'cmake_clean_first': False, 'cmake_force_configure': False, 'cmake_target': None, 'cmake_target_skip_unavailable': False, 'install_base': '/home/thxssio/robotics_framework/install/gui_package', 'merge_install': False, 'path': '/home/thxssio/robotics_framework/src/gui_package', 'symlink_install': False, 'test_result_base': None}
[0.373s] Level 5:colcon.colcon_core.verb:set package 'navigation_package' build argument 'cmake_args' from command line to 'None'
[0.373s] Level 5:colcon.colcon_core.verb:set package 'navigation_package' build argument 'cmake_target' from command line to 'None'
[0.373s] Level 5:colcon.colcon_core.verb:set package 'navigation_package' build argument 'cmake_target_skip_unavailable' from command line to 'False'
[0.373s] Level 5:colcon.colcon_core.verb:set package 'navigation_package' build argument 'cmake_clean_cache' from command line to 'False'
[0.373s] Level 5:colcon.colcon_core.verb:set package 'navigation_package' build argument 'cmake_clean_first' from command line to 'False'
[0.373s] Level 5:colcon.colcon_core.verb:set package 'navigation_package' build argument 'cmake_force_configure' from command line to 'False'
[0.373s] Level 5:colcon.colcon_core.verb:set package 'navigation_package' build argument 'ament_cmake_args' from command line to 'None'
[0.373s] Level 5:colcon.colcon_core.verb:set package 'navigation_package' build argument 'catkin_cmake_args' from command line to 'None'
[0.373s] Level 5:colcon.colcon_core.verb:set package 'navigation_package' build argument 'catkin_skip_building_tests' from command line to 'False'
[0.373s] DEBUG:colcon.colcon_core.verb:Building package 'navigation_package' with the following arguments: {'ament_cmake_args': None, 'build_base': '/home/thxssio/robotics_framework/build/navigation_package', 'catkin_cmake_args': None, 'catkin_skip_building_tests': False, 'cmake_args': None, 'cmake_clean_cache': False, 'cmake_clean_first': False, 'cmake_force_configure': False, 'cmake_target': None, 'cmake_target_skip_unavailable': False, 'install_base': '/home/thxssio/robotics_framework/install/navigation_package', 'merge_install': False, 'path': '/home/thxssio/robotics_framework/src/navigation_package', 'symlink_install': False, 'test_result_base': None}
[0.373s] Level 5:colcon.colcon_core.verb:set package 'robot_communication_package' build argument 'cmake_args' from command line to 'None'
[0.373s] Level 5:colcon.colcon_core.verb:set package 'robot_communication_package' build argument 'cmake_target' from command line to 'None'
[0.373s] Level 5:colcon.colcon_core.verb:set package 'robot_communication_package' build argument 'cmake_target_skip_unavailable' from command line to 'False'
[0.373s] Level 5:colcon.colcon_core.verb:set package 'robot_communication_package' build argument 'cmake_clean_cache' from command line to 'False'
[0.373s] Level 5:colcon.colcon_core.verb:set package 'robot_communication_package' build argument 'cmake_clean_first' from command line to 'False'
[0.373s] Level 5:colcon.colcon_core.verb:set package 'robot_communication_package' build argument 'cmake_force_configure' from command line to 'False'
[0.373s] Level 5:colcon.colcon_core.verb:set package 'robot_communication_package' build argument 'ament_cmake_args' from command line to 'None'
[0.373s] Level 5:colcon.colcon_core.verb:set package 'robot_communication_package' build argument 'catkin_cmake_args' from command line to 'None'
[0.373s] Level 5:colcon.colcon_core.verb:set package 'robot_communication_package' build argument 'catkin_skip_building_tests' from command line to 'False'
[0.373s] DEBUG:colcon.colcon_core.verb:Building package 'robot_communication_package' with the following arguments: {'ament_cmake_args': None, 'build_base': '/home/thxssio/robotics_framework/build/robot_communication_package', 'catkin_cmake_args': None, 'catkin_skip_building_tests': False, 'cmake_args': None, 'cmake_clean_cache': False, 'cmake_clean_first': False, 'cmake_force_configure': False, 'cmake_target': None, 'cmake_target_skip_unavailable': False, 'install_base': '/home/thxssio/robotics_framework/install/robot_communication_package', 'merge_install': False, 'path': '/home/thxssio/robotics_framework/src/robot_communication_package', 'symlink_install': False, 'test_result_base': None}
[0.374s] Level 5:colcon.colcon_core.verb:set package 'vision_receiver_package' build argument 'cmake_args' from command line to 'None'
[0.374s] Level 5:colcon.colcon_core.verb:set package 'vision_receiver_package' build argument 'cmake_target' from command line to 'None'
[0.374s] Level 5:colcon.colcon_core.verb:set package 'vision_receiver_package' build argument 'cmake_target_skip_unavailable' from command line to 'False'
[0.374s] Level 5:colcon.colcon_core.verb:set package 'vision_receiver_package' build argument 'cmake_clean_cache' from command line to 'False'
[0.374s] Level 5:colcon.colcon_core.verb:set package 'vision_receiver_package' build argument 'cmake_clean_first' from command line to 'False'
[0.374s] Level 5:colcon.colcon_core.verb:set package 'vision_receiver_package' build argument 'cmake_force_configure' from command line to 'False'
[0.374s] Level 5:colcon.colcon_core.verb:set package 'vision_receiver_package' build argument 'ament_cmake_args' from command line to 'None'
[0.374s] Level 5:colcon.colcon_core.verb:set package 'vision_receiver_package' build argument 'catkin_cmake_args' from command line to 'None'
[0.374s] Level 5:colcon.colcon_core.verb:set package 'vision_receiver_package' build argument 'catkin_skip_building_tests' from command line to 'False'
[0.374s] DEBUG:colcon.colcon_core.verb:Building package 'vision_receiver_package' with the following arguments: {'ament_cmake_args': None, 'build_base': '/home/thxssio/robotics_framework/build/vision_receiver_package', 'catkin_cmake_args': None, 'catkin_skip_building_tests': False, 'cmake_args': None, 'cmake_clean_cache': False, 'cmake_clean_first': False, 'cmake_force_configure': False, 'cmake_target': None, 'cmake_target_skip_unavailable': False, 'install_base': '/home/thxssio/robotics_framework/install/vision_receiver_package', 'merge_install': False, 'path': '/home/thxssio/robotics_framework/src/vision_receiver_package', 'symlink_install': False, 'test_result_base': None}
[0.374s] INFO:colcon.colcon_core.executor:Executing jobs using 'parallel' executor
[0.375s] DEBUG:colcon.colcon_parallel_executor.executor.parallel:run_until_complete
[0.375s] INFO:colcon.colcon_ros.task.ament_cmake.build:Building ROS package in '/home/thxssio/robotics_framework/src/interface_package' with build type 'ament_cmake'
[0.375s] INFO:colcon.colcon_cmake.task.cmake.build:Building CMake package in '/home/thxssio/robotics_framework/src/interface_package'
[0.378s] INFO:colcon.colcon_core.plugin_system:Skipping extension 'colcon_core.shell.bat': Not used on non-Windows systems
[0.378s] INFO:colcon.colcon_core.shell:Skip shell extension 'powershell' for command environment: Not usable outside of PowerShell
[0.378s] DEBUG:colcon.colcon_core.shell:Skip shell extension 'dsv' for command environment
[0.381s] INFO:colcon.colcon_ros.task.ament_python.build:Building ROS package in '/home/thxssio/robotics_framework/src/behavior_package' with build type 'ament_python'
[0.381s] Level 1:colcon.colcon_core.shell:create_environment_hook('behavior_package', 'ament_prefix_path')
[0.381s] INFO:colcon.colcon_core.shell:Creating environment hook '/home/thxssio/robotics_framework/install/behavior_package/share/behavior_package/hook/ament_prefix_path.ps1'
[0.382s] INFO:colcon.colcon_core.shell:Creating environment descriptor '/home/thxssio/robotics_framework/install/behavior_package/share/behavior_package/hook/ament_prefix_path.dsv'
[0.383s] INFO:colcon.colcon_core.shell:Creating environment hook '/home/thxssio/robotics_framework/install/behavior_package/share/behavior_package/hook/ament_prefix_path.sh'
[0.383s] INFO:colcon.colcon_core.shell:Skip shell extension 'powershell' for command environment: Not usable outside of PowerShell
[0.383s] DEBUG:colcon.colcon_core.shell:Skip shell extension 'dsv' for command environment
[0.389s] DEBUG:colcon.colcon_core.event_handler.log_command:Invoking command in '/home/thxssio/robotics_framework/build/interface_package': CMAKE_PREFIX_PATH=${CMAKE_PREFIX_PATH}:/home/thxssio/robotics_framework/install/vision_receiver_package:/home/thxssio/robotics_framework/install/gui_package:/home/thxssio/robotics_framework/install/behavior_package:/opt/ros/humble /usr/bin/cmake --build /home/thxssio/robotics_framework/build/interface_package -- -j16 -l16
[0.668s] INFO:colcon.colcon_core.task.python.build:Building Python package in '/home/thxssio/robotics_framework/src/behavior_package'
[0.668s] INFO:colcon.colcon_core.shell:Skip shell extension 'powershell' for command environment: Not usable outside of PowerShell
[0.668s] DEBUG:colcon.colcon_core.shell:Skip shell extension 'dsv' for command environment
[0.787s] DEBUG:colcon.colcon_core.event_handler.log_command:Invoked command in '/home/thxssio/robotics_framework/build/interface_package' returned '0': CMAKE_PREFIX_PATH=${CMAKE_PREFIX_PATH}:/home/thxssio/robotics_framework/install/vision_receiver_package:/home/thxssio/robotics_framework/install/gui_package:/home/thxssio/robotics_framework/install/behavior_package:/opt/ros/humble /usr/bin/cmake --build /home/thxssio/robotics_framework/build/interface_package -- -j16 -l16
[0.799s] DEBUG:colcon.colcon_core.event_handler.log_command:Invoking command in '/home/thxssio/robotics_framework/build/interface_package': CMAKE_PREFIX_PATH=${CMAKE_PREFIX_PATH}:/home/thxssio/robotics_framework/install/vision_receiver_package:/home/thxssio/robotics_framework/install/gui_package:/home/thxssio/robotics_framework/install/behavior_package:/opt/ros/humble /usr/bin/cmake --install /home/thxssio/robotics_framework/build/interface_package
[0.885s] Level 1:colcon.colcon_core.environment:create_environment_scripts_only(interface_package)
[0.886s] DEBUG:colcon.colcon_core.event_handler.log_command:Invoked command in '/home/thxssio/robotics_framework/build/interface_package' returned '0': CMAKE_PREFIX_PATH=${CMAKE_PREFIX_PATH}:/home/thxssio/robotics_framework/install/vision_receiver_package:/home/thxssio/robotics_framework/install/gui_package:/home/thxssio/robotics_framework/install/behavior_package:/opt/ros/humble /usr/bin/cmake --install /home/thxssio/robotics_framework/build/interface_package
[0.890s] Level 1:colcon.colcon_core.environment:checking '/home/thxssio/robotics_framework/install/interface_package' for CMake module files
[0.891s] Level 1:colcon.colcon_core.environment:checking '/home/thxssio/robotics_framework/install/interface_package' for CMake config files
[0.893s] Level 1:colcon.colcon_core.shell:create_environment_hook('interface_package', 'cmake_prefix_path')
[0.893s] INFO:colcon.colcon_core.shell:Creating environment hook '/home/thxssio/robotics_framework/install/interface_package/share/interface_package/hook/cmake_prefix_path.ps1'
[0.894s] INFO:colcon.colcon_core.shell:Creating environment descriptor '/home/thxssio/robotics_framework/install/interface_package/share/interface_package/hook/cmake_prefix_path.dsv'
[0.895s] INFO:colcon.colcon_core.shell:Creating environment hook '/home/thxssio/robotics_framework/install/interface_package/share/interface_package/hook/cmake_prefix_path.sh'
[0.896s] Level 1:colcon.colcon_core.environment:checking '/home/thxssio/robotics_framework/install/interface_package/lib'
[0.896s] Level 1:colcon.colcon_core.shell:create_environment_hook('interface_package', 'ld_library_path_lib')
[0.897s] INFO:colcon.colcon_core.shell:Creating environment hook '/home/thxssio/robotics_framework/install/interface_package/share/interface_package/hook/ld_library_path_lib.ps1'
[0.897s] INFO:colcon.colcon_core.shell:Creating environment descriptor '/home/thxssio/robotics_framework/install/interface_package/share/interface_package/hook/ld_library_path_lib.dsv'
[0.898s] INFO:colcon.colcon_core.shell:Creating environment hook '/home/thxssio/robotics_framework/install/interface_package/share/interface_package/hook/ld_library_path_lib.sh'
[0.898s] Level 1:colcon.colcon_core.environment:checking '/home/thxssio/robotics_framework/install/interface_package/bin'
[0.898s] Level 1:colcon.colcon_core.environment:checking '/home/thxssio/robotics_framework/install/interface_package/lib/pkgconfig/interface_package.pc'
[0.899s] Level 1:colcon.colcon_core.environment:checking '/home/thxssio/robotics_framework/install/interface_package/lib/python3.10/site-packages'
[0.899s] Level 1:colcon.colcon_core.environment:checking '/home/thxssio/robotics_framework/install/interface_package/bin'
[0.900s] INFO:colcon.colcon_core.shell:Creating package script '/home/thxssio/robotics_framework/install/interface_package/share/interface_package/package.ps1'
[0.901s] INFO:colcon.colcon_core.shell:Creating package descriptor '/home/thxssio/robotics_framework/install/interface_package/share/interface_package/package.dsv'
[0.901s] INFO:colcon.colcon_core.shell:Creating package script '/home/thxssio/robotics_framework/install/interface_package/share/interface_package/package.sh'
[0.902s] INFO:colcon.colcon_core.shell:Creating package script '/home/thxssio/robotics_framework/install/interface_package/share/interface_package/package.bash'
[0.903s] INFO:colcon.colcon_core.shell:Creating package script '/home/thxssio/robotics_framework/install/interface_package/share/interface_package/package.zsh'
[0.904s] Level 1:colcon.colcon_core.environment:create_file_with_runtime_dependencies(/home/thxssio/robotics_framework/install/interface_package/share/colcon-core/packages/interface_package)
[0.905s] Level 1:colcon.colcon_core.environment:create_environment_scripts_only(interface_package)
[0.906s] Level 1:colcon.colcon_core.environment:checking '/home/thxssio/robotics_framework/install/interface_package' for CMake module files
[0.906s] Level 1:colcon.colcon_core.environment:checking '/home/thxssio/robotics_framework/install/interface_package' for CMake config files
[0.908s] Level 1:colcon.colcon_core.shell:create_environment_hook('interface_package', 'cmake_prefix_path')
[0.908s] INFO:colcon.colcon_core.shell:Creating environment hook '/home/thxssio/robotics_framework/install/interface_package/share/interface_package/hook/cmake_prefix_path.ps1'
[0.909s] INFO:colcon.colcon_core.shell:Creating environment descriptor '/home/thxssio/robotics_framework/install/interface_package/share/interface_package/hook/cmake_prefix_path.dsv'
[0.910s] INFO:colcon.colcon_core.shell:Creating environment hook '/home/thxssio/robotics_framework/install/interface_package/share/interface_package/hook/cmake_prefix_path.sh'
[0.911s] Level 1:colcon.colcon_core.environment:checking '/home/thxssio/robotics_framework/install/interface_package/lib'
[0.911s] Level 1:colcon.colcon_core.shell:create_environment_hook('interface_package', 'ld_library_path_lib')
[0.911s] INFO:colcon.colcon_core.shell:Creating environment hook '/home/thxssio/robotics_framework/install/interface_package/share/interface_package/hook/ld_library_path_lib.ps1'
[0.912s] INFO:colcon.colcon_core.shell:Creating environment descriptor '/home/thxssio/robotics_framework/install/interface_package/share/interface_package/hook/ld_library_path_lib.dsv'
[0.912s] INFO:colcon.colcon_core.shell:Creating environment hook '/home/thxssio/robotics_framework/install/interface_package/share/interface_package/hook/ld_library_path_lib.sh'
[0.913s] Level 1:colcon.colcon_core.environment:checking '/home/thxssio/robotics_framework/install/interface_package/bin'
[0.913s] Level 1:colcon.colcon_core.environment:checking '/home/thxssio/robotics_framework/install/interface_package/lib/pkgconfig/interface_package.pc'
[0.913s] Level 1:colcon.colcon_core.environment:checking '/home/thxssio/robotics_framework/install/interface_package/lib/python3.10/site-packages'
[0.913s] Level 1:colcon.colcon_core.environment:checking '/home/thxssio/robotics_framework/install/interface_package/bin'
[0.914s] INFO:colcon.colcon_core.shell:Creating package script '/home/thxssio/robotics_framework/install/interface_package/share/interface_package/package.ps1'
[0.914s] INFO:colcon.colcon_core.shell:Creating package descriptor '/home/thxssio/robotics_framework/install/interface_package/share/interface_package/package.dsv'
[0.915s] INFO:colcon.colcon_core.shell:Creating package script '/home/thxssio/robotics_framework/install/interface_package/share/interface_package/package.sh'
[0.915s] INFO:colcon.colcon_core.shell:Creating package script '/home/thxssio/robotics_framework/install/interface_package/share/interface_package/package.bash'
[0.915s] INFO:colcon.colcon_core.shell:Creating package script '/home/thxssio/robotics_framework/install/interface_package/share/interface_package/package.zsh'
[0.916s] Level 1:colcon.colcon_core.environment:create_file_with_runtime_dependencies(/home/thxssio/robotics_framework/install/interface_package/share/colcon-core/packages/interface_package)
[0.916s] INFO:colcon.colcon_ros.task.ament_cmake.build:Building ROS package in '/home/thxssio/robotics_framework/src/navigation_package' with build type 'ament_cmake'
[0.916s] INFO:colcon.colcon_cmake.task.cmake.build:Building CMake package in '/home/thxssio/robotics_framework/src/navigation_package'
[0.917s] INFO:colcon.colcon_core.shell:Skip shell extension 'powershell' for command environment: Not usable outside of PowerShell
[0.917s] DEBUG:colcon.colcon_core.shell:Skip shell extension 'dsv' for command environment
[0.920s] INFO:colcon.colcon_ros.task.ament_cmake.build:Building ROS package in '/home/thxssio/robotics_framework/src/robot_communication_package' with build type 'ament_cmake'
[0.920s] INFO:colcon.colcon_cmake.task.cmake.build:Building CMake package in '/home/thxssio/robotics_framework/src/robot_communication_package'
[0.920s] INFO:colcon.colcon_core.shell:Skip shell extension 'powershell' for command environment: Not usable outside of PowerShell
[0.920s] DEBUG:colcon.colcon_core.shell:Skip shell extension 'dsv' for command environment
[0.924s] INFO:colcon.colcon_ros.task.ament_python.build:Building ROS package in '/home/thxssio/robotics_framework/src/vision_receiver_package' with build type 'ament_python'
[0.924s] Level 1:colcon.colcon_core.shell:create_environment_hook('vision_receiver_package', 'ament_prefix_path')
[0.925s] INFO:colcon.colcon_core.shell:Creating environment hook '/home/thxssio/robotics_framework/install/vision_receiver_package/share/vision_receiver_package/hook/ament_prefix_path.ps1'
[0.925s] INFO:colcon.colcon_core.shell:Creating environment descriptor '/home/thxssio/robotics_framework/install/vision_receiver_package/share/vision_receiver_package/hook/ament_prefix_path.dsv'
[0.926s] INFO:colcon.colcon_core.shell:Creating environment hook '/home/thxssio/robotics_framework/install/vision_receiver_package/share/vision_receiver_package/hook/ament_prefix_path.sh'
[0.927s] INFO:colcon.colcon_core.shell:Skip shell extension 'powershell' for command environment: Not usable outside of PowerShell
[0.927s] DEBUG:colcon.colcon_core.shell:Skip shell extension 'dsv' for command environment
[0.938s] DEBUG:colcon.colcon_core.event_handler.log_command:Invoking command in '/home/thxssio/robotics_framework/build/navigation_package': CMAKE_PREFIX_PATH=/home/thxssio/robotics_framework/install/interface_package:/home/thxssio/robotics_framework/install/robot_communication_package:/home/thxssio/robotics_framework/install/navigation_package:/home/thxssio/robotics_framework/install/vision_receiver_package:/home/thxssio/robotics_framework/install/gui_package:/home/thxssio/robotics_framework/install/behavior_package:/opt/ros/humble LD_LIBRARY_PATH=/home/thxssio/robotics_framework/install/interface_package/lib:/home/thxssio/robotics_framework/install/navigation_package/lib:/opt/ros/humble/opt/rviz_ogre_vendor/lib:/opt/ros/humble/lib/x86_64-linux-gnu:/opt/ros/humble/lib /usr/bin/cmake --build /home/thxssio/robotics_framework/build/navigation_package -- -j16 -l16
[0.943s] DEBUG:colcon.colcon_core.event_handler.log_command:Invoking command in '/home/thxssio/robotics_framework/build/robot_communication_package': CMAKE_PREFIX_PATH=/home/thxssio/robotics_framework/install/interface_package:/home/thxssio/robotics_framework/install/robot_communication_package:/home/thxssio/robotics_framework/install/navigation_package:/home/thxssio/robotics_framework/install/vision_receiver_package:/home/thxssio/robotics_framework/install/gui_package:/home/thxssio/robotics_framework/install/behavior_package:/opt/ros/humble LD_LIBRARY_PATH=/home/thxssio/robotics_framework/install/interface_package/lib:/home/thxssio/robotics_framework/install/navigation_package/lib:/opt/ros/humble/opt/rviz_ogre_vendor/lib:/opt/ros/humble/lib/x86_64-linux-gnu:/opt/ros/humble/lib /usr/bin/cmake --build /home/thxssio/robotics_framework/build/robot_communication_package -- -j16 -l16
[1.224s] INFO:colcon.colcon_core.task.python.build:Building Python package in '/home/thxssio/robotics_framework/src/vision_receiver_package'
[1.224s] INFO:colcon.colcon_core.shell:Skip shell extension 'powershell' for command environment: Not usable outside of PowerShell
[1.224s] DEBUG:colcon.colcon_core.shell:Skip shell extension 'dsv' for command environment
[1.232s] DEBUG:colcon.colcon_core.event_handler.log_command:Invoking command in '/home/thxssio/robotics_framework/src/behavior_package': PYTHONPATH=/home/thxssio/robotics_framework/build/behavior_package/prefix_override:/usr/lib/python3/dist-packages/colcon_core/task/python/colcon_distutils_commands:/home/thxssio/robotics_framework/install/behavior_package/lib/python3.10/site-packages:${PYTHONPATH} /usr/bin/python3 -W ignore:setup.py install is deprecated -W ignore:easy_install command is deprecated setup.py egg_info --egg-base ../../build/behavior_package build --build-base /home/thxssio/robotics_framework/build/behavior_package/build install --record /home/thxssio/robotics_framework/build/behavior_package/install.log --single-version-externally-managed install_data
[1.232s] DEBUG:colcon.colcon_core.event_handler.log_command:Invoked command in '/home/thxssio/robotics_framework/build/navigation_package' returned '0': CMAKE_PREFIX_PATH=/home/thxssio/robotics_framework/install/interface_package:/home/thxssio/robotics_framework/install/robot_communication_package:/home/thxssio/robotics_framework/install/navigation_package:/home/thxssio/robotics_framework/install/vision_receiver_package:/home/thxssio/robotics_framework/install/gui_package:/home/thxssio/robotics_framework/install/behavior_package:/opt/ros/humble LD_LIBRARY_PATH=/home/thxssio/robotics_framework/install/interface_package/lib:/home/thxssio/robotics_framework/install/navigation_package/lib:/opt/ros/humble/opt/rviz_ogre_vendor/lib:/opt/ros/humble/lib/x86_64-linux-gnu:/opt/ros/humble/lib /usr/bin/cmake --build /home/thxssio/robotics_framework/build/navigation_package -- -j16 -l16
[1.233s] DEBUG:colcon.colcon_core.event_handler.log_command:Invoking command in '/home/thxssio/robotics_framework/build/navigation_package': CMAKE_PREFIX_PATH=/home/thxssio/robotics_framework/install/interface_package:/home/thxssio/robotics_framework/install/robot_communication_package:/home/thxssio/robotics_framework/install/navigation_package:/home/thxssio/robotics_framework/install/vision_receiver_package:/home/thxssio/robotics_framework/install/gui_package:/home/thxssio/robotics_framework/install/behavior_package:/opt/ros/humble LD_LIBRARY_PATH=/home/thxssio/robotics_framework/install/interface_package/lib:/home/thxssio/robotics_framework/install/navigation_package/lib:/opt/ros/humble/opt/rviz_ogre_vendor/lib:/opt/ros/humble/lib/x86_64-linux-gnu:/opt/ros/humble/lib /usr/bin/cmake --install /home/thxssio/robotics_framework/build/navigation_package
[1.244s] Level 1:colcon.colcon_core.environment:create_environment_scripts_only(navigation_package)
[1.244s] Level 1:colcon.colcon_core.environment:checking '/home/thxssio/robotics_framework/install/navigation_package' for CMake module files
[1.245s] DEBUG:colcon.colcon_core.event_handler.log_command:Invoked command in '/home/thxssio/robotics_framework/build/navigation_package' returned '0': CMAKE_PREFIX_PATH=/home/thxssio/robotics_framework/install/interface_package:/home/thxssio/robotics_framework/install/robot_communication_package:/home/thxssio/robotics_framework/install/navigation_package:/home/thxssio/robotics_framework/install/vision_receiver_package:/home/thxssio/robotics_framework/install/gui_package:/home/thxssio/robotics_framework/install/behavior_package:/opt/ros/humble LD_LIBRARY_PATH=/home/thxssio/robotics_framework/install/interface_package/lib:/home/thxssio/robotics_framework/install/navigation_package/lib:/opt/ros/humble/opt/rviz_ogre_vendor/lib:/opt/ros/humble/lib/x86_64-linux-gnu:/opt/ros/humble/lib /usr/bin/cmake --install /home/thxssio/robotics_framework/build/navigation_package
[1.246s] Level 1:colcon.colcon_core.environment:checking '/home/thxssio/robotics_framework/install/navigation_package' for CMake config files
[1.246s] Level 1:colcon.colcon_core.shell:create_environment_hook('navigation_package', 'cmake_prefix_path')
[1.246s] INFO:colcon.colcon_core.shell:Creating environment hook '/home/thxssio/robotics_framework/install/navigation_package/share/navigation_package/hook/cmake_prefix_path.ps1'
[1.247s] INFO:colcon.colcon_core.shell:Creating environment descriptor '/home/thxssio/robotics_framework/install/navigation_package/share/navigation_package/hook/cmake_prefix_path.dsv'
[1.247s] INFO:colcon.colcon_core.shell:Creating environment hook '/home/thxssio/robotics_framework/install/navigation_package/share/navigation_package/hook/cmake_prefix_path.sh'
[1.247s] Level 1:colcon.colcon_core.environment:checking '/home/thxssio/robotics_framework/install/navigation_package/lib'
[1.248s] Level 1:colcon.colcon_core.environment:checking '/home/thxssio/robotics_framework/install/navigation_package/bin'
[1.248s] Level 1:colcon.colcon_core.environment:checking '/home/thxssio/robotics_framework/install/navigation_package/lib/pkgconfig/navigation_package.pc'
[1.248s] Level 1:colcon.colcon_core.environment:checking '/home/thxssio/robotics_framework/install/navigation_package/lib/python3.10/site-packages'
[1.248s] Level 1:colcon.colcon_core.environment:checking '/home/thxssio/robotics_framework/install/navigation_package/bin'
[1.248s] INFO:colcon.colcon_core.shell:Creating package script '/home/thxssio/robotics_framework/install/navigation_package/share/navigation_package/package.ps1'
[1.249s] INFO:colcon.colcon_core.shell:Creating package descriptor '/home/thxssio/robotics_framework/install/navigation_package/share/navigation_package/package.dsv'
[1.249s] INFO:colcon.colcon_core.shell:Creating package script '/home/thxssio/robotics_framework/install/navigation_package/share/navigation_package/package.sh'
[1.249s] INFO:colcon.colcon_core.shell:Creating package script '/home/thxssio/robotics_framework/install/navigation_package/share/navigation_package/package.bash'
[1.249s] INFO:colcon.colcon_core.shell:Creating package script '/home/thxssio/robotics_framework/install/navigation_package/share/navigation_package/package.zsh'
[1.250s] Level 1:colcon.colcon_core.environment:create_file_with_runtime_dependencies(/home/thxssio/robotics_framework/install/navigation_package/share/colcon-core/packages/navigation_package)
[1.250s] Level 1:colcon.colcon_core.environment:create_environment_scripts_only(navigation_package)
[1.250s] Level 1:colcon.colcon_core.environment:checking '/home/thxssio/robotics_framework/install/navigation_package' for CMake module files
[1.251s] Level 1:colcon.colcon_core.environment:checking '/home/thxssio/robotics_framework/install/navigation_package' for CMake config files
[1.251s] Level 1:colcon.colcon_core.shell:create_environment_hook('navigation_package', 'cmake_prefix_path')
[1.251s] INFO:colcon.colcon_core.shell:Creating environment hook '/home/thxssio/robotics_framework/install/navigation_package/share/navigation_package/hook/cmake_prefix_path.ps1'
[1.252s] INFO:colcon.colcon_core.shell:Creating environment descriptor '/home/thxssio/robotics_framework/install/navigation_package/share/navigation_package/hook/cmake_prefix_path.dsv'
[1.252s] INFO:colcon.colcon_core.shell:Creating environment hook '/home/thxssio/robotics_framework/install/navigation_package/share/navigation_package/hook/cmake_prefix_path.sh'
[1.252s] Level 1:colcon.colcon_core.environment:checking '/home/thxssio/robotics_framework/install/navigation_package/lib'
[1.252s] Level 1:colcon.colcon_core.environment:checking '/home/thxssio/robotics_framework/install/navigation_package/bin'
[1.252s] Level 1:colcon.colcon_core.environment:checking '/home/thxssio/robotics_framework/install/navigation_package/lib/pkgconfig/navigation_package.pc'
[1.253s] Level 1:colcon.colcon_core.environment:checking '/home/thxssio/robotics_framework/install/navigation_package/lib/python3.10/site-packages'
[1.253s] Level 1:colcon.colcon_core.environment:checking '/home/thxssio/robotics_framework/install/navigation_package/bin'
[1.253s] INFO:colcon.colcon_core.shell:Creating package script '/home/thxssio/robotics_framework/install/navigation_package/share/navigation_package/package.ps1'
[1.253s] INFO:colcon.colcon_core.shell:Creating package descriptor '/home/thxssio/robotics_framework/install/navigation_package/share/navigation_package/package.dsv'
[1.254s] INFO:colcon.colcon_core.shell:Creating package script '/home/thxssio/robotics_framework/install/navigation_package/share/navigation_package/package.sh'
[1.254s] INFO:colcon.colcon_core.shell:Creating package script '/home/thxssio/robotics_framework/install/navigation_package/share/navigation_package/package.bash'
[1.254s] INFO:colcon.colcon_core.shell:Creating package script '/home/thxssio/robotics_framework/install/navigation_package/share/navigation_package/package.zsh'
[1.255s] Level 1:colcon.colcon_core.environment:create_file_with_runtime_dependencies(/home/thxssio/robotics_framework/install/navigation_package/share/colcon-core/packages/navigation_package)
[1.365s] DEBUG:colcon.colcon_core.event_handler.log_command:Invoked command in '/home/thxssio/robotics_framework/build/robot_communication_package' returned '0': CMAKE_PREFIX_PATH=/home/thxssio/robotics_framework/install/interface_package:/home/thxssio/robotics_framework/install/robot_communication_package:/home/thxssio/robotics_framework/install/navigation_package:/home/thxssio/robotics_framework/install/vision_receiver_package:/home/thxssio/robotics_framework/install/gui_package:/home/thxssio/robotics_framework/install/behavior_package:/opt/ros/humble LD_LIBRARY_PATH=/home/thxssio/robotics_framework/install/interface_package/lib:/home/thxssio/robotics_framework/install/navigation_package/lib:/opt/ros/humble/opt/rviz_ogre_vendor/lib:/opt/ros/humble/lib/x86_64-linux-gnu:/opt/ros/humble/lib /usr/bin/cmake --build /home/thxssio/robotics_framework/build/robot_communication_package -- -j16 -l16
[1.367s] DEBUG:colcon.colcon_core.event_handler.log_command:Invoking command in '/home/thxssio/robotics_framework/build/robot_communication_package': CMAKE_PREFIX_PATH=/home/thxssio/robotics_framework/install/interface_package:/home/thxssio/robotics_framework/install/robot_communication_package:/home/thxssio/robotics_framework/install/navigation_package:/home/thxssio/robotics_framework/install/vision_receiver_package:/home/thxssio/robotics_framework/install/gui_package:/home/thxssio/robotics_framework/install/behavior_package:/opt/ros/humble LD_LIBRARY_PATH=/home/thxssio/robotics_framework/install/interface_package/lib:/home/thxssio/robotics_framework/install/navigation_package/lib:/opt/ros/humble/opt/rviz_ogre_vendor/lib:/opt/ros/humble/lib/x86_64-linux-gnu:/opt/ros/humble/lib /usr/bin/cmake --install /home/thxssio/robotics_framework/build/robot_communication_package
[1.414s] Level 1:colcon.colcon_core.environment:create_environment_scripts_only(robot_communication_package)
[1.414s] Level 1:colcon.colcon_core.environment:checking '/home/thxssio/robotics_framework/install/robot_communication_package' for CMake module files
[1.415s] DEBUG:colcon.colcon_core.event_handler.log_command:Invoked command in '/home/thxssio/robotics_framework/build/robot_communication_package' returned '0': CMAKE_PREFIX_PATH=/home/thxssio/robotics_framework/install/interface_package:/home/thxssio/robotics_framework/install/robot_communication_package:/home/thxssio/robotics_framework/install/navigation_package:/home/thxssio/robotics_framework/install/vision_receiver_package:/home/thxssio/robotics_framework/install/gui_package:/home/thxssio/robotics_framework/install/behavior_package:/opt/ros/humble LD_LIBRARY_PATH=/home/thxssio/robotics_framework/install/interface_package/lib:/home/thxssio/robotics_framework/install/navigation_package/lib:/opt/ros/humble/opt/rviz_ogre_vendor/lib:/opt/ros/humble/lib/x86_64-linux-gnu:/opt/ros/humble/lib /usr/bin/cmake --install /home/thxssio/robotics_framework/build/robot_communication_package
[1.415s] Level 1:colcon.colcon_core.environment:checking '/home/thxssio/robotics_framework/install/robot_communication_package' for CMake config files
[1.416s] Level 1:colcon.colcon_core.shell:create_environment_hook('robot_communication_package', 'cmake_prefix_path')
[1.416s] INFO:colcon.colcon_core.shell:Creating environment hook '/home/thxssio/robotics_framework/install/robot_communication_package/share/robot_communication_package/hook/cmake_prefix_path.ps1'
[1.417s] INFO:colcon.colcon_core.shell:Creating environment descriptor '/home/thxssio/robotics_framework/install/robot_communication_package/share/robot_communication_package/hook/cmake_prefix_path.dsv'
[1.418s] INFO:colcon.colcon_core.shell:Creating environment hook '/home/thxssio/robotics_framework/install/robot_communication_package/share/robot_communication_package/hook/cmake_prefix_path.sh'
[1.418s] Level 1:colcon.colcon_core.environment:checking '/home/thxssio/robotics_framework/install/robot_communication_package/lib'
[1.419s] Level 1:colcon.colcon_core.environment:checking '/home/thxssio/robotics_framework/install/robot_communication_package/bin'
[1.419s] Level 1:colcon.colcon_core.environment:checking '/home/thxssio/robotics_framework/install/robot_communication_package/lib/pkgconfig/robot_communication_package.pc'
[1.419s] Level 1:colcon.colcon_core.environment:checking '/home/thxssio/robotics_framework/install/robot_communication_package/lib/python3.10/site-packages'
[1.419s] Level 1:colcon.colcon_core.environment:checking '/home/thxssio/robotics_framework/install/robot_communication_package/bin'
[1.420s] INFO:colcon.colcon_core.shell:Creating package script '/home/thxssio/robotics_framework/install/robot_communication_package/share/robot_communication_package/package.ps1'
[1.421s] INFO:colcon.colcon_core.shell:Creating package descriptor '/home/thxssio/robotics_framework/install/robot_communication_package/share/robot_communication_package/package.dsv'
[1.421s] INFO:colcon.colcon_core.shell:Creating package script '/home/thxssio/robotics_framework/install/robot_communication_package/share/robot_communication_package/package.sh'
[1.422s] INFO:colcon.colcon_core.shell:Creating package script '/home/thxssio/robotics_framework/install/robot_communication_package/share/robot_communication_package/package.bash'
[1.422s] INFO:colcon.colcon_core.shell:Creating package script '/home/thxssio/robotics_framework/install/robot_communication_package/share/robot_communication_package/package.zsh'
[1.423s] Level 1:colcon.colcon_core.environment:create_file_with_runtime_dependencies(/home/thxssio/robotics_framework/install/robot_communication_package/share/colcon-core/packages/robot_communication_package)
[1.423s] Level 1:colcon.colcon_core.environment:create_environment_scripts_only(robot_communication_package)
[1.424s] Level 1:colcon.colcon_core.environment:checking '/home/thxssio/robotics_framework/install/robot_communication_package' for CMake module files
[1.424s] Level 1:colcon.colcon_core.environment:checking '/home/thxssio/robotics_framework/install/robot_communication_package' for CMake config files
[1.425s] Level 1:colcon.colcon_core.shell:create_environment_hook('robot_communication_package', 'cmake_prefix_path')
[1.425s] INFO:colcon.colcon_core.shell:Creating environment hook '/home/thxssio/robotics_framework/install/robot_communication_package/share/robot_communication_package/hook/cmake_prefix_path.ps1'
[1.426s] INFO:colcon.colcon_core.shell:Creating environment descriptor '/home/thxssio/robotics_framework/install/robot_communication_package/share/robot_communication_package/hook/cmake_prefix_path.dsv'
[1.426s] INFO:colcon.colcon_core.shell:Creating environment hook '/home/thxssio/robotics_framework/install/robot_communication_package/share/robot_communication_package/hook/cmake_prefix_path.sh'
[1.427s] Level 1:colcon.colcon_core.environment:checking '/home/thxssio/robotics_framework/install/robot_communication_package/lib'
[1.427s] Level 1:colcon.colcon_core.environment:checking '/home/thxssio/robotics_framework/install/robot_communication_package/bin'
[1.427s] Level 1:colcon.colcon_core.environment:checking '/home/thxssio/robotics_framework/install/robot_communication_package/lib/pkgconfig/robot_communication_package.pc'
[1.428s] Level 1:colcon.colcon_core.environment:checking '/home/thxssio/robotics_framework/install/robot_communication_package/lib/python3.10/site-packages'
[1.428s] Level 1:colcon.colcon_core.environment:checking '/home/thxssio/robotics_framework/install/robot_communication_package/bin'
[1.428s] INFO:colcon.colcon_core.shell:Creating package script '/home/thxssio/robotics_framework/install/robot_communication_package/share/robot_communication_package/package.ps1'
[1.429s] INFO:colcon.colcon_core.shell:Creating package descriptor '/home/thxssio/robotics_framework/install/robot_communication_package/share/robot_communication_package/package.dsv'
[1.430s] INFO:colcon.colcon_core.shell:Creating package script '/home/thxssio/robotics_framework/install/robot_communication_package/share/robot_communication_package/package.sh'
[1.430s] INFO:colcon.colcon_core.shell:Creating package script '/home/thxssio/robotics_framework/install/robot_communication_package/share/robot_communication_package/package.bash'
[1.431s] INFO:colcon.colcon_core.shell:Creating package script '/home/thxssio/robotics_framework/install/robot_communication_package/share/robot_communication_package/package.zsh'
[1.431s] Level 1:colcon.colcon_core.environment:create_file_with_runtime_dependencies(/home/thxssio/robotics_framework/install/robot_communication_package/share/colcon-core/packages/robot_communication_package)
[1.523s] Level 1:colcon.colcon_core.environment:checking '/home/thxssio/robotics_framework/install/behavior_package' for CMake module files
[1.524s] DEBUG:colcon.colcon_core.event_handler.log_command:Invoked command in '/home/thxssio/robotics_framework/src/behavior_package' returned '0': PYTHONPATH=/home/thxssio/robotics_framework/build/behavior_package/prefix_override:/usr/lib/python3/dist-packages/colcon_core/task/python/colcon_distutils_commands:/home/thxssio/robotics_framework/install/behavior_package/lib/python3.10/site-packages:${PYTHONPATH} /usr/bin/python3 -W ignore:setup.py install is deprecated -W ignore:easy_install command is deprecated setup.py egg_info --egg-base ../../build/behavior_package build --build-base /home/thxssio/robotics_framework/build/behavior_package/build install --record /home/thxssio/robotics_framework/build/behavior_package/install.log --single-version-externally-managed install_data
[1.524s] Level 1:colcon.colcon_core.environment:checking '/home/thxssio/robotics_framework/install/behavior_package' for CMake config files
[1.525s] Level 1:colcon.colcon_core.environment:checking '/home/thxssio/robotics_framework/install/behavior_package/lib'
[1.525s] Level 1:colcon.colcon_core.environment:checking '/home/thxssio/robotics_framework/install/behavior_package/bin'
[1.525s] Level 1:colcon.colcon_core.environment:checking '/home/thxssio/robotics_framework/install/behavior_package/lib/pkgconfig/behavior_package.pc'
[1.525s] Level 1:colcon.colcon_core.environment:checking '/home/thxssio/robotics_framework/install/behavior_package/lib/python3.10/site-packages'
[1.525s] Level 1:colcon.colcon_core.shell:create_environment_hook('behavior_package', 'pythonpath')
[1.526s] INFO:colcon.colcon_core.shell:Creating environment hook '/home/thxssio/robotics_framework/install/behavior_package/share/behavior_package/hook/pythonpath.ps1'
[1.526s] INFO:colcon.colcon_core.shell:Creating environment descriptor '/home/thxssio/robotics_framework/install/behavior_package/share/behavior_package/hook/pythonpath.dsv'
[1.526s] INFO:colcon.colcon_core.shell:Creating environment hook '/home/thxssio/robotics_framework/install/behavior_package/share/behavior_package/hook/pythonpath.sh'
[1.527s] Level 1:colcon.colcon_core.environment:checking '/home/thxssio/robotics_framework/install/behavior_package/bin'
[1.527s] Level 1:colcon.colcon_core.environment:create_environment_scripts_only(behavior_package)
[1.527s] INFO:colcon.colcon_core.shell:Creating package script '/home/thxssio/robotics_framework/install/behavior_package/share/behavior_package/package.ps1'
[1.528s] INFO:colcon.colcon_core.shell:Creating package descriptor '/home/thxssio/robotics_framework/install/behavior_package/share/behavior_package/package.dsv'
[1.528s] INFO:colcon.colcon_core.shell:Creating package script '/home/thxssio/robotics_framework/install/behavior_package/share/behavior_package/package.sh'
[1.528s] INFO:colcon.colcon_core.shell:Creating package script '/home/thxssio/robotics_framework/install/behavior_package/share/behavior_package/package.bash'
[1.529s] INFO:colcon.colcon_core.shell:Creating package script '/home/thxssio/robotics_framework/install/behavior_package/share/behavior_package/package.zsh'
[1.529s] Level 1:colcon.colcon_core.environment:create_file_with_runtime_dependencies(/home/thxssio/robotics_framework/install/behavior_package/share/colcon-core/packages/behavior_package)
[1.529s] INFO:colcon.colcon_ros.task.ament_python.build:Building ROS package in '/home/thxssio/robotics_framework/src/gui_package' with build type 'ament_python'
[1.529s] Level 1:colcon.colcon_core.shell:create_environment_hook('gui_package', 'ament_prefix_path')
[1.530s] INFO:colcon.colcon_core.shell:Creating environment hook '/home/thxssio/robotics_framework/install/gui_package/share/gui_package/hook/ament_prefix_path.ps1'
[1.530s] INFO:colcon.colcon_core.shell:Creating environment descriptor '/home/thxssio/robotics_framework/install/gui_package/share/gui_package/hook/ament_prefix_path.dsv'
[1.530s] INFO:colcon.colcon_core.shell:Creating environment hook '/home/thxssio/robotics_framework/install/gui_package/share/gui_package/hook/ament_prefix_path.sh'
[1.531s] INFO:colcon.colcon_core.shell:Skip shell extension 'powershell' for command environment: Not usable outside of PowerShell
[1.531s] DEBUG:colcon.colcon_core.shell:Skip shell extension 'dsv' for command environment
[1.784s] INFO:colcon.colcon_core.task.python.build:Building Python package in '/home/thxssio/robotics_framework/src/gui_package'
[1.784s] INFO:colcon.colcon_core.shell:Skip shell extension 'powershell' for command environment: Not usable outside of PowerShell
[1.784s] DEBUG:colcon.colcon_core.shell:Skip shell extension 'dsv' for command environment
[1.792s] DEBUG:colcon.colcon_core.event_handler.log_command:Invoking command in '/home/thxssio/robotics_framework/src/vision_receiver_package': CMAKE_PREFIX_PATH=/home/thxssio/robotics_framework/install/interface_package:/home/thxssio/robotics_framework/install/robot_communication_package:/home/thxssio/robotics_framework/install/navigation_package LD_LIBRARY_PATH=/home/thxssio/robotics_framework/install/interface_package/lib:/home/thxssio/robotics_framework/install/navigation_package/lib:/opt/ros/humble/opt/rviz_ogre_vendor/lib:/opt/ros/humble/lib/x86_64-linux-gnu:/opt/ros/humble/lib PYTHONPATH=/home/thxssio/robotics_framework/build/vision_receiver_package/prefix_override:/usr/lib/python3/dist-packages/colcon_core/task/python/colcon_distutils_commands:/home/thxssio/robotics_framework/install/vision_receiver_package/lib/python3.10/site-packages:${PYTHONPATH} /usr/bin/python3 -W ignore:setup.py install is deprecated -W ignore:easy_install command is deprecated setup.py egg_info --egg-base ../../build/vision_receiver_package build --build-base /home/thxssio/robotics_framework/build/vision_receiver_package/build install --record /home/thxssio/robotics_framework/build/vision_receiver_package/install.log --single-version-externally-managed install_data
[2.070s] Level 1:colcon.colcon_core.environment:checking '/home/thxssio/robotics_framework/install/vision_receiver_package' for CMake module files
[2.071s] DEBUG:colcon.colcon_core.event_handler.log_command:Invoked command in '/home/thxssio/robotics_framework/src/vision_receiver_package' returned '0': CMAKE_PREFIX_PATH=/home/thxssio/robotics_framework/install/interface_package:/home/thxssio/robotics_framework/install/robot_communication_package:/home/thxssio/robotics_framework/install/navigation_package LD_LIBRARY_PATH=/home/thxssio/robotics_framework/install/interface_package/lib:/home/thxssio/robotics_framework/install/navigation_package/lib:/opt/ros/humble/opt/rviz_ogre_vendor/lib:/opt/ros/humble/lib/x86_64-linux-gnu:/opt/ros/humble/lib PYTHONPATH=/home/thxssio/robotics_framework/build/vision_receiver_package/prefix_override:/usr/lib/python3/dist-packages/colcon_core/task/python/colcon_distutils_commands:/home/thxssio/robotics_framework/install/vision_receiver_package/lib/python3.10/site-packages:${PYTHONPATH} /usr/bin/python3 -W ignore:setup.py install is deprecated -W ignore:easy_install command is deprecated setup.py egg_info --egg-base ../../build/vision_receiver_package build --build-base /home/thxssio/robotics_framework/build/vision_receiver_package/build install --record /home/thxssio/robotics_framework/build/vision_receiver_package/install.log --single-version-externally-managed install_data
[2.071s] Level 1:colcon.colcon_core.environment:checking '/home/thxssio/robotics_framework/install/vision_receiver_package' for CMake config files
[2.071s] Level 1:colcon.colcon_core.environment:checking '/home/thxssio/robotics_framework/install/vision_receiver_package/lib'
[2.071s] Level 1:colcon.colcon_core.environment:checking '/home/thxssio/robotics_framework/install/vision_receiver_package/bin'
[2.072s] Level 1:colcon.colcon_core.environment:checking '/home/thxssio/robotics_framework/install/vision_receiver_package/lib/pkgconfig/vision_receiver_package.pc'
[2.072s] Level 1:colcon.colcon_core.environment:checking '/home/thxssio/robotics_framework/install/vision_receiver_package/lib/python3.10/site-packages'
[2.072s] Level 1:colcon.colcon_core.shell:create_environment_hook('vision_receiver_package', 'pythonpath')
[2.072s] INFO:colcon.colcon_core.shell:Creating environment hook '/home/thxssio/robotics_framework/install/vision_receiver_package/share/vision_receiver_package/hook/pythonpath.ps1'
[2.073s] INFO:colcon.colcon_core.shell:Creating environment descriptor '/home/thxssio/robotics_framework/install/vision_receiver_package/share/vision_receiver_package/hook/pythonpath.dsv'
[2.073s] INFO:colcon.colcon_core.shell:Creating environment hook '/home/thxssio/robotics_framework/install/vision_receiver_package/share/vision_receiver_package/hook/pythonpath.sh'
[2.073s] Level 1:colcon.colcon_core.environment:checking '/home/thxssio/robotics_framework/install/vision_receiver_package/bin'
[2.073s] Level 1:colcon.colcon_core.environment:create_environment_scripts_only(vision_receiver_package)
[2.074s] INFO:colcon.colcon_core.shell:Creating package script '/home/thxssio/robotics_framework/install/vision_receiver_package/share/vision_receiver_package/package.ps1'
[2.074s] INFO:colcon.colcon_core.shell:Creating package descriptor '/home/thxssio/robotics_framework/install/vision_receiver_package/share/vision_receiver_package/package.dsv'
[2.074s] INFO:colcon.colcon_core.shell:Creating package script '/home/thxssio/robotics_framework/install/vision_receiver_package/share/vision_receiver_package/package.sh'
[2.074s] INFO:colcon.colcon_core.shell:Creating package script '/home/thxssio/robotics_framework/install/vision_receiver_package/share/vision_receiver_package/package.bash'
[2.075s] INFO:colcon.colcon_core.shell:Creating package script '/home/thxssio/robotics_framework/install/vision_receiver_package/share/vision_receiver_package/package.zsh'
[2.075s] Level 1:colcon.colcon_core.environment:create_file_with_runtime_dependencies(/home/thxssio/robotics_framework/install/vision_receiver_package/share/colcon-core/packages/vision_receiver_package)
[2.127s] DEBUG:colcon.colcon_core.event_handler.log_command:Invoking command in '/home/thxssio/robotics_framework/src/gui_package': AMENT_PREFIX_PATH=/home/thxssio/robotics_framework/install/behavior_package:/home/thxssio/robotics_framework/install/vision_receiver_package:/home/thxssio/robotics_framework/install/robot_communication_package:/home/thxssio/robotics_framework/install/navigation_package:/home/thxssio/robotics_framework/install/gui_package:/home/thxssio/robotics_framework/install/interface_package:/opt/ros/humble CMAKE_PREFIX_PATH=/home/thxssio/robotics_framework/install/interface_package:/home/thxssio/robotics_framework/install/robot_communication_package:/home/thxssio/robotics_framework/install/navigation_package LD_LIBRARY_PATH=/home/thxssio/robotics_framework/install/interface_package/lib:/home/thxssio/robotics_framework/install/navigation_package/lib:/opt/ros/humble/opt/rviz_ogre_vendor/lib:/opt/ros/humble/lib/x86_64-linux-gnu:/opt/ros/humble/lib PYTHONPATH=/home/thxssio/robotics_framework/build/gui_package/prefix_override:/usr/lib/python3/dist-packages/colcon_core/task/python/colcon_distutils_commands:/home/thxssio/robotics_framework/install/gui_package/lib/python3.10/site-packages:/home/thxssio/robotics_framework/install/behavior_package/lib/python3.10/site-packages:/home/thxssio/robotics_framework/install/vision_receiver_package/lib/python3.10/site-packages:/home/thxssio/robotics_framework/install/robot_communication_package/local/lib/python3.10/dist-packages:/home/thxssio/robotics_framework/install/gui_package/lib/python3.10/site-packages:/home/thxssio/robotics_framework/install/interface_package/local/lib/python3.10/dist-packages:/opt/ros/humble/lib/python3.10/site-packages:/opt/ros/humble/local/lib/python3.10/dist-packages /usr/bin/python3 -W ignore:setup.py install is deprecated -W ignore:easy_install command is deprecated setup.py egg_info --egg-base ../../build/gui_package build --build-base /home/thxssio/robotics_framework/build/gui_package/build install --record /home/thxssio/robotics_framework/build/gui_package/install.log --single-version-externally-managed install_data
[2.375s] Level 1:colcon.colcon_core.environment:checking '/home/thxssio/robotics_framework/install/gui_package' for CMake module files
[2.376s] DEBUG:colcon.colcon_core.event_handler.log_command:Invoked command in '/home/thxssio/robotics_framework/src/gui_package' returned '0': AMENT_PREFIX_PATH=/home/thxssio/robotics_framework/install/behavior_package:/home/thxssio/robotics_framework/install/vision_receiver_package:/home/thxssio/robotics_framework/install/robot_communication_package:/home/thxssio/robotics_framework/install/navigation_package:/home/thxssio/robotics_framework/install/gui_package:/home/thxssio/robotics_framework/install/interface_package:/opt/ros/humble CMAKE_PREFIX_PATH=/home/thxssio/robotics_framework/install/interface_package:/home/thxssio/robotics_framework/install/robot_communication_package:/home/thxssio/robotics_framework/install/navigation_package LD_LIBRARY_PATH=/home/thxssio/robotics_framework/install/interface_package/lib:/home/thxssio/robotics_framework/install/navigation_package/lib:/opt/ros/humble/opt/rviz_ogre_vendor/lib:/opt/ros/humble/lib/x86_64-linux-gnu:/opt/ros/humble/lib PYTHONPATH=/home/thxssio/robotics_framework/build/gui_package/prefix_override:/usr/lib/python3/dist-packages/colcon_core/task/python/colcon_distutils_commands:/home/thxssio/robotics_framework/install/gui_package/lib/python3.10/site-packages:/home/thxssio/robotics_framework/install/behavior_package/lib/python3.10/site-packages:/home/thxssio/robotics_framework/install/vision_receiver_package/lib/python3.10/site-packages:/home/thxssio/robotics_framework/install/robot_communication_package/local/lib/python3.10/dist-packages:/home/thxssio/robotics_framework/install/gui_package/lib/python3.10/site-packages:/home/thxssio/robotics_framework/install/interface_package/local/lib/python3.10/dist-packages:/opt/ros/humble/lib/python3.10/site-packages:/opt/ros/humble/local/lib/python3.10/dist-packages /usr/bin/python3 -W ignore:setup.py install is deprecated -W ignore:easy_install command is deprecated setup.py egg_info --egg-base ../../build/gui_package build --build-base /home/thxssio/robotics_framework/build/gui_package/build install --record /home/thxssio/robotics_framework/build/gui_package/install.log --single-version-externally-managed install_data
[2.376s] Level 1:colcon.colcon_core.environment:checking '/home/thxssio/robotics_framework/install/gui_package' for CMake config files
[2.377s] Level 1:colcon.colcon_core.environment:checking '/home/thxssio/robotics_framework/install/gui_package/lib'
[2.377s] Level 1:colcon.colcon_core.environment:checking '/home/thxssio/robotics_framework/install/gui_package/bin'
[2.377s] Level 1:colcon.colcon_core.environment:checking '/home/thxssio/robotics_framework/install/gui_package/lib/pkgconfig/gui_package.pc'
[2.377s] Level 1:colcon.colcon_core.environment:checking '/home/thxssio/robotics_framework/install/gui_package/lib/python3.10/site-packages'
[2.377s] Level 1:colcon.colcon_core.shell:create_environment_hook('gui_package', 'pythonpath')
[2.378s] INFO:colcon.colcon_core.shell:Creating environment hook '/home/thxssio/robotics_framework/install/gui_package/share/gui_package/hook/pythonpath.ps1'
[2.378s] INFO:colcon.colcon_core.shell:Creating environment descriptor '/home/thxssio/robotics_framework/install/gui_package/share/gui_package/hook/pythonpath.dsv'
[2.378s] INFO:colcon.colcon_core.shell:Creating environment hook '/home/thxssio/robotics_framework/install/gui_package/share/gui_package/hook/pythonpath.sh'
[2.379s] Level 1:colcon.colcon_core.environment:checking '/home/thxssio/robotics_framework/install/gui_package/bin'
[2.379s] Level 1:colcon.colcon_core.environment:create_environment_scripts_only(gui_package)
[2.379s] INFO:colcon.colcon_core.shell:Creating package script '/home/thxssio/robotics_framework/install/gui_package/share/gui_package/package.ps1'
[2.379s] INFO:colcon.colcon_core.shell:Creating package descriptor '/home/thxssio/robotics_framework/install/gui_package/share/gui_package/package.dsv'
[2.380s] INFO:colcon.colcon_core.shell:Creating package script '/home/thxssio/robotics_framework/install/gui_package/share/gui_package/package.sh'
[2.380s] INFO:colcon.colcon_core.shell:Creating package script '/home/thxssio/robotics_framework/install/gui_package/share/gui_package/package.bash'
[2.380s] INFO:colcon.colcon_core.shell:Creating package script '/home/thxssio/robotics_framework/install/gui_package/share/gui_package/package.zsh'
[2.380s] Level 1:colcon.colcon_core.environment:create_file_with_runtime_dependencies(/home/thxssio/robotics_framework/install/gui_package/share/colcon-core/packages/gui_package)
[2.380s] DEBUG:colcon.colcon_parallel_executor.executor.parallel:closing loop
[2.380s] DEBUG:colcon.colcon_parallel_executor.executor.parallel:loop closed
[2.380s] DEBUG:colcon.colcon_parallel_executor.executor.parallel:run_until_complete finished with '0'
[2.380s] DEBUG:colcon.colcon_core.event_reactor:joining thread
[2.389s] INFO:colcon.colcon_core.plugin_system:Skipping extension 'colcon_notification.desktop_notification.terminal_notifier': Not used on non-Darwin systems
[2.389s] INFO:colcon.colcon_core.plugin_system:Skipping extension 'colcon_notification.desktop_notification.win32': Not used on non-Windows systems
[2.389s] INFO:colcon.colcon_notification.desktop_notification:Sending desktop notification using 'notify2'
[2.399s] DEBUG:colcon.colcon_core.event_reactor:joined thread
[2.400s] INFO:colcon.colcon_core.shell:Creating prefix script '/home/thxssio/robotics_framework/install/local_setup.ps1'
[2.400s] INFO:colcon.colcon_core.shell:Creating prefix util module '/home/thxssio/robotics_framework/install/_local_setup_util_ps1.py'
[2.401s] INFO:colcon.colcon_core.shell:Creating prefix chain script '/home/thxssio/robotics_framework/install/setup.ps1'
[2.402s] INFO:colcon.colcon_core.shell:Creating prefix script '/home/thxssio/robotics_framework/install/local_setup.sh'
[2.402s] INFO:colcon.colcon_core.shell:Creating prefix util module '/home/thxssio/robotics_framework/install/_local_setup_util_sh.py'
[2.403s] INFO:colcon.colcon_core.shell:Creating prefix chain script '/home/thxssio/robotics_framework/install/setup.sh'
[2.403s] INFO:colcon.colcon_core.shell:Creating prefix script '/home/thxssio/robotics_framework/install/local_setup.bash'
[2.404s] INFO:colcon.colcon_core.shell:Creating prefix chain script '/home/thxssio/robotics_framework/install/setup.bash'
[2.405s] INFO:colcon.colcon_core.shell:Creating prefix script '/home/thxssio/robotics_framework/install/local_setup.zsh'
[2.405s] INFO:colcon.colcon_core.shell:Creating prefix chain script '/home/thxssio/robotics_framework/install/setup.zsh'
