[0.085s] DEBUG:colcon:Command line arguments: ['/usr/bin/colcon', 'build']
[0.086s] DEBUG:colcon:Parsed command line arguments: Namespace(log_base=None, log_level=None, verb_name='build', build_base='build', install_base='install', merge_install=False, symlink_install=False, test_result_base=None, continue_on_error=False, executor='parallel', parallel_workers=16, event_handlers=None, ignore_user_meta=False, metas=['./colcon.meta'], base_paths=['.'], packages_ignore=None, packages_ignore_regex=None, paths=None, packages_up_to=None, packages_up_to_regex=None, packages_above=None, packages_above_and_dependencies=None, packages_above_depth=None, packages_select_by_dep=None, packages_skip_by_dep=None, packages_skip_up_to=None, packages_select_build_failed=False, packages_skip_build_finished=False, packages_select_test_failures=False, packages_skip_test_passed=False, packages_select=None, packages_skip=None, packages_select_regex=None, packages_skip_regex=None, packages_start=None, packages_end=None, allow_overriding=[], cmake_args=None, cmake_target=None, cmake_target_skip_unavailable=False, cmake_clean_cache=False, cmake_clean_first=False, cmake_force_configure=False, ament_cmake_args=None, catkin_cmake_args=None, catkin_skip_building_tests=False, mixin_files=None, mixin=None, verb_parser=<colcon_mixin.mixin.mixin_argument.MixinArgumentDecorator object at 0x7fabad83b4c0>, verb_extension=<colcon_core.verb.build.BuildVerb object at 0x7fabad9d84f0>, main=<bound method BuildVerb.main of <colcon_core.verb.build.BuildVerb object at 0x7fabad9d84f0>>, mixin_verb=('build',))
[0.238s] Level 1:colcon.colcon_core.package_discovery:discover_packages(colcon_meta) check parameters
[0.238s] Level 1:colcon.colcon_core.package_discovery:discover_packages(recursive) check parameters
[0.238s] Level 1:colcon.colcon_core.package_discovery:discover_packages(ignore) check parameters
[0.238s] Level 1:colcon.colcon_core.package_discovery:discover_packages(path) check parameters
[0.238s] Level 1:colcon.colcon_core.package_discovery:discover_packages(colcon_meta) discover
[0.238s] Level 1:colcon.colcon_core.package_discovery:discover_packages(recursive) discover
[0.238s] INFO:colcon.colcon_core.package_discovery:Crawling recursively for packages in '/home/thxssio/robotics_framework'
[0.238s] Level 1:colcon.colcon_core.package_identification:_identify(.) by extensions ['ignore', 'ignore_ament_install']
[0.238s] Level 1:colcon.colcon_core.package_identification:_identify(.) by extension 'ignore'
[0.238s] Level 1:colcon.colcon_core.package_identification:_identify(.) by extension 'ignore_ament_install'
[0.238s] Level 1:colcon.colcon_core.package_identification:_identify(.) by extensions ['colcon_pkg']
[0.238s] Level 1:colcon.colcon_core.package_identification:_identify(.) by extension 'colcon_pkg'
[0.238s] Level 1:colcon.colcon_core.package_identification:_identify(.) by extensions ['colcon_meta']
[0.238s] Level 1:colcon.colcon_core.package_identification:_identify(.) by extension 'colcon_meta'
[0.238s] Level 1:colcon.colcon_core.package_identification:_identify(.) by extensions ['ros']
[0.238s] Level 1:colcon.colcon_core.package_identification:_identify(.) by extension 'ros'
[0.255s] Level 1:colcon.colcon_core.package_identification:_identify(.) by extensions ['cmake', 'python']
[0.255s] Level 1:colcon.colcon_core.package_identification:_identify(.) by extension 'cmake'
[0.255s] Level 1:colcon.colcon_core.package_identification:_identify(.) by extension 'python'
[0.256s] Level 1:colcon.colcon_core.package_identification:_identify(.) by extensions ['python_setup_py']
[0.256s] Level 1:colcon.colcon_core.package_identification:_identify(.) by extension 'python_setup_py'
[0.256s] Level 1:colcon.colcon_core.package_identification:_identify(build) by extensions ['ignore', 'ignore_ament_install']
[0.256s] Level 1:colcon.colcon_core.package_identification:_identify(build) by extension 'ignore'
[0.256s] Level 1:colcon.colcon_core.package_identification:_identify(build) ignored
[0.256s] Level 1:colcon.colcon_core.package_identification:_identify(install) by extensions ['ignore', 'ignore_ament_install']
[0.256s] Level 1:colcon.colcon_core.package_identification:_identify(install) by extension 'ignore'
[0.256s] Level 1:colcon.colcon_core.package_identification:_identify(install) ignored
[0.256s] Level 1:colcon.colcon_core.package_identification:_identify(log) by extensions ['ignore', 'ignore_ament_install']
[0.256s] Level 1:colcon.colcon_core.package_identification:_identify(log) by extension 'ignore'
[0.256s] Level 1:colcon.colcon_core.package_identification:_identify(log) ignored
[0.256s] Level 1:colcon.colcon_core.package_identification:_identify(src) by extensions ['ignore', 'ignore_ament_install']
[0.256s] Level 1:colcon.colcon_core.package_identification:_identify(src) by extension 'ignore'
[0.256s] Level 1:colcon.colcon_core.package_identification:_identify(src) by extension 'ignore_ament_install'
[0.256s] Level 1:colcon.colcon_core.package_identification:_identify(src) by extensions ['colcon_pkg']
[0.256s] Level 1:colcon.colcon_core.package_identification:_identify(src) by extension 'colcon_pkg'
[0.256s] Level 1:colcon.colcon_core.package_identification:_identify(src) by extensions ['colcon_meta']
[0.256s] Level 1:colcon.colcon_core.package_identification:_identify(src) by extension 'colcon_meta'
[0.256s] Level 1:colcon.colcon_core.package_identification:_identify(src) by extensions ['ros']
[0.256s] Level 1:colcon.colcon_core.package_identification:_identify(src) by extension 'ros'
[0.256s] Level 1:colcon.colcon_core.package_identification:_identify(src) by extensions ['cmake', 'python']
[0.256s] Level 1:colcon.colcon_core.package_identification:_identify(src) by extension 'cmake'
[0.256s] Level 1:colcon.colcon_core.package_identification:_identify(src) by extension 'python'
[0.256s] Level 1:colcon.colcon_core.package_identification:_identify(src) by extensions ['python_setup_py']
[0.256s] Level 1:colcon.colcon_core.package_identification:_identify(src) by extension 'python_setup_py'
[0.256s] Level 1:colcon.colcon_core.package_identification:_identify(src/behavior_package) by extensions ['ignore', 'ignore_ament_install']
[0.257s] Level 1:colcon.colcon_core.package_identification:_identify(src/behavior_package) by extension 'ignore'
[0.257s] Level 1:colcon.colcon_core.package_identification:_identify(src/behavior_package) by extension 'ignore_ament_install'
[0.257s] Level 1:colcon.colcon_core.package_identification:_identify(src/behavior_package) by extensions ['colcon_pkg']
[0.257s] Level 1:colcon.colcon_core.package_identification:_identify(src/behavior_package) by extension 'colcon_pkg'
[0.257s] Level 1:colcon.colcon_core.package_identification:_identify(src/behavior_package) by extensions ['colcon_meta']
[0.257s] Level 1:colcon.colcon_core.package_identification:_identify(src/behavior_package) by extension 'colcon_meta'
[0.257s] Level 1:colcon.colcon_core.package_identification:_identify(src/behavior_package) by extensions ['ros']
[0.257s] Level 1:colcon.colcon_core.package_identification:_identify(src/behavior_package) by extension 'ros'
[0.259s] DEBUG:colcon.colcon_core.package_identification:Package 'src/behavior_package' with type 'ros.ament_python' and name 'behavior_package'
[0.259s] Level 1:colcon.colcon_core.package_identification:_identify(src/gui_package) by extensions ['ignore', 'ignore_ament_install']
[0.259s] Level 1:colcon.colcon_core.package_identification:_identify(src/gui_package) by extension 'ignore'
[0.259s] Level 1:colcon.colcon_core.package_identification:_identify(src/gui_package) by extension 'ignore_ament_install'
[0.259s] Level 1:colcon.colcon_core.package_identification:_identify(src/gui_package) by extensions ['colcon_pkg']
[0.259s] Level 1:colcon.colcon_core.package_identification:_identify(src/gui_package) by extension 'colcon_pkg'
[0.259s] Level 1:colcon.colcon_core.package_identification:_identify(src/gui_package) by extensions ['colcon_meta']
[0.259s] Level 1:colcon.colcon_core.package_identification:_identify(src/gui_package) by extension 'colcon_meta'
[0.259s] Level 1:colcon.colcon_core.package_identification:_identify(src/gui_package) by extensions ['ros']
[0.259s] Level 1:colcon.colcon_core.package_identification:_identify(src/gui_package) by extension 'ros'
[0.260s] DEBUG:colcon.colcon_core.package_identification:Package 'src/gui_package' with type 'ros.ament_python' and name 'gui_package'
[0.260s] Level 1:colcon.colcon_core.package_identification:_identify(src/interface_package) by extensions ['ignore', 'ignore_ament_install']
[0.260s] Level 1:colcon.colcon_core.package_identification:_identify(src/interface_package) by extension 'ignore'
[0.260s] Level 1:colcon.colcon_core.package_identification:_identify(src/interface_package) by extension 'ignore_ament_install'
[0.260s] Level 1:colcon.colcon_core.package_identification:_identify(src/interface_package) by extensions ['colcon_pkg']
[0.260s] Level 1:colcon.colcon_core.package_identification:_identify(src/interface_package) by extension 'colcon_pkg'
[0.260s] Level 1:colcon.colcon_core.package_identification:_identify(src/interface_package) by extensions ['colcon_meta']
[0.260s] Level 1:colcon.colcon_core.package_identification:_identify(src/interface_package) by extension 'colcon_meta'
[0.260s] Level 1:colcon.colcon_core.package_identification:_identify(src/interface_package) by extensions ['ros']
[0.260s] Level 1:colcon.colcon_core.package_identification:_identify(src/interface_package) by extension 'ros'
[0.260s] DEBUG:colcon.colcon_core.package_identification:Package 'src/interface_package' with type 'ros.ament_cmake' and name 'interface_package'
[0.260s] Level 1:colcon.colcon_core.package_identification:_identify(src/navigation_package) by extensions ['ignore', 'ignore_ament_install']
[0.260s] Level 1:colcon.colcon_core.package_identification:_identify(src/navigation_package) by extension 'ignore'
[0.260s] Level 1:colcon.colcon_core.package_identification:_identify(src/navigation_package) by extension 'ignore_ament_install'
[0.260s] Level 1:colcon.colcon_core.package_identification:_identify(src/navigation_package) by extensions ['colcon_pkg']
[0.260s] Level 1:colcon.colcon_core.package_identification:_identify(src/navigation_package) by extension 'colcon_pkg'
[0.260s] Level 1:colcon.colcon_core.package_identification:_identify(src/navigation_package) by extensions ['colcon_meta']
[0.260s] Level 1:colcon.colcon_core.package_identification:_identify(src/navigation_package) by extension 'colcon_meta'
[0.260s] Level 1:colcon.colcon_core.package_identification:_identify(src/navigation_package) by extensions ['ros']
[0.260s] Level 1:colcon.colcon_core.package_identification:_identify(src/navigation_package) by extension 'ros'
[0.261s] DEBUG:colcon.colcon_core.package_identification:Package 'src/navigation_package' with type 'ros.ament_cmake' and name 'navigation_package'
[0.261s] Level 1:colcon.colcon_core.package_identification:_identify(src/robot_communication_package) by extensions ['ignore', 'ignore_ament_install']
[0.261s] Level 1:colcon.colcon_core.package_identification:_identify(src/robot_communication_package) by extension 'ignore'
[0.261s] Level 1:colcon.colcon_core.package_identification:_identify(src/robot_communication_package) by extension 'ignore_ament_install'
[0.261s] Level 1:colcon.colcon_core.package_identification:_identify(src/robot_communication_package) by extensions ['colcon_pkg']
[0.261s] Level 1:colcon.colcon_core.package_identification:_identify(src/robot_communication_package) by extension 'colcon_pkg'
[0.261s] Level 1:colcon.colcon_core.package_identification:_identify(src/robot_communication_package) by extensions ['colcon_meta']
[0.261s] Level 1:colcon.colcon_core.package_identification:_identify(src/robot_communication_package) by extension 'colcon_meta'
[0.261s] Level 1:colcon.colcon_core.package_identification:_identify(src/robot_communication_package) by extensions ['ros']
[0.261s] Level 1:colcon.colcon_core.package_identification:_identify(src/robot_communication_package) by extension 'ros'
[0.261s] DEBUG:colcon.colcon_core.package_identification:Package 'src/robot_communication_package' with type 'ros.ament_cmake' and name 'robot_communication_package'
[0.262s] Level 1:colcon.colcon_core.package_identification:_identify(src/vision_receiver_package) by extensions ['ignore', 'ignore_ament_install']
[0.262s] Level 1:colcon.colcon_core.package_identification:_identify(src/vision_receiver_package) by extension 'ignore'
[0.262s] Level 1:colcon.colcon_core.package_identification:_identify(src/vision_receiver_package) by extension 'ignore_ament_install'
[0.262s] Level 1:colcon.colcon_core.package_identification:_identify(src/vision_receiver_package) by extensions ['colcon_pkg']
[0.262s] Level 1:colcon.colcon_core.package_identification:_identify(src/vision_receiver_package) by extension 'colcon_pkg'
[0.262s] Level 1:colcon.colcon_core.package_identification:_identify(src/vision_receiver_package) by extensions ['colcon_meta']
[0.262s] Level 1:colcon.colcon_core.package_identification:_identify(src/vision_receiver_package) by extension 'colcon_meta'
[0.262s] Level 1:colcon.colcon_core.package_identification:_identify(src/vision_receiver_package) by extensions ['ros']
[0.262s] Level 1:colcon.colcon_core.package_identification:_identify(src/vision_receiver_package) by extension 'ros'
[0.262s] DEBUG:colcon.colcon_core.package_identification:Package 'src/vision_receiver_package' with type 'ros.ament_python' and name 'vision_receiver_package'
[0.262s] Level 1:colcon.colcon_core.package_discovery:discover_packages(recursive) using defaults
[0.262s] Level 1:colcon.colcon_core.package_discovery:discover_packages(ignore) discover
[0.262s] Level 1:colcon.colcon_core.package_discovery:discover_packages(ignore) using defaults
[0.262s] Level 1:colcon.colcon_core.package_discovery:discover_packages(path) discover
[0.262s] Level 1:colcon.colcon_core.package_discovery:discover_packages(path) using defaults
[0.279s] Level 1:colcon.colcon_core.package_discovery:discover_packages(prefix_path) check parameters
[0.279s] Level 1:colcon.colcon_core.package_discovery:discover_packages(prefix_path) discover
[0.280s] DEBUG:colcon.colcon_installed_package_information.package_discovery:Found 6 installed packages in /home/thxssio/robotics_framework/install
[0.281s] DEBUG:colcon.colcon_installed_package_information.package_discovery:Found 277 installed packages in /opt/ros/humble
[0.282s] Level 1:colcon.colcon_core.package_discovery:discover_packages(prefix_path) using defaults
[0.302s] Level 5:colcon.colcon_core.verb:set package 'behavior_package' build argument 'cmake_args' from command line to 'None'
[0.303s] Level 5:colcon.colcon_core.verb:set package 'behavior_package' build argument 'cmake_target' from command line to 'None'
[0.303s] Level 5:colcon.colcon_core.verb:set package 'behavior_package' build argument 'cmake_target_skip_unavailable' from command line to 'False'
[0.303s] Level 5:colcon.colcon_core.verb:set package 'behavior_package' build argument 'cmake_clean_cache' from command line to 'False'
[0.303s] Level 5:colcon.colcon_core.verb:set package 'behavior_package' build argument 'cmake_clean_first' from command line to 'False'
[0.303s] Level 5:colcon.colcon_core.verb:set package 'behavior_package' build argument 'cmake_force_configure' from command line to 'False'
[0.303s] Level 5:colcon.colcon_core.verb:set package 'behavior_package' build argument 'ament_cmake_args' from command line to 'None'
[0.303s] Level 5:colcon.colcon_core.verb:set package 'behavior_package' build argument 'catkin_cmake_args' from command line to 'None'
[0.303s] Level 5:colcon.colcon_core.verb:set package 'behavior_package' build argument 'catkin_skip_building_tests' from command line to 'False'
[0.303s] DEBUG:colcon.colcon_core.verb:Building package 'behavior_package' with the following arguments: {'ament_cmake_args': None, 'build_base': '/home/thxssio/robotics_framework/build/behavior_package', 'catkin_cmake_args': None, 'catkin_skip_building_tests': False, 'cmake_args': None, 'cmake_clean_cache': False, 'cmake_clean_first': False, 'cmake_force_configure': False, 'cmake_target': None, 'cmake_target_skip_unavailable': False, 'install_base': '/home/thxssio/robotics_framework/install/behavior_package', 'merge_install': False, 'path': '/home/thxssio/robotics_framework/src/behavior_package', 'symlink_install': False, 'test_result_base': None}
[0.303s] Level 5:colcon.colcon_core.verb:set package 'interface_package' build argument 'cmake_args' from command line to 'None'
[0.303s] Level 5:colcon.colcon_core.verb:set package 'interface_package' build argument 'cmake_target' from command line to 'None'
[0.303s] Level 5:colcon.colcon_core.verb:set package 'interface_package' build argument 'cmake_target_skip_unavailable' from command line to 'False'
[0.303s] Level 5:colcon.colcon_core.verb:set package 'interface_package' build argument 'cmake_clean_cache' from command line to 'False'
[0.303s] Level 5:colcon.colcon_core.verb:set package 'interface_package' build argument 'cmake_clean_first' from command line to 'False'
[0.303s] Level 5:colcon.colcon_core.verb:set package 'interface_package' build argument 'cmake_force_configure' from command line to 'False'
[0.303s] Level 5:colcon.colcon_core.verb:set package 'interface_package' build argument 'ament_cmake_args' from command line to 'None'
[0.303s] Level 5:colcon.colcon_core.verb:set package 'interface_package' build argument 'catkin_cmake_args' from command line to 'None'
[0.303s] Level 5:colcon.colcon_core.verb:set package 'interface_package' build argument 'catkin_skip_building_tests' from command line to 'False'
[0.303s] DEBUG:colcon.colcon_core.verb:Building package 'interface_package' with the following arguments: {'ament_cmake_args': None, 'build_base': '/home/thxssio/robotics_framework/build/interface_package', 'catkin_cmake_args': None, 'catkin_skip_building_tests': False, 'cmake_args': None, 'cmake_clean_cache': False, 'cmake_clean_first': False, 'cmake_force_configure': False, 'cmake_target': None, 'cmake_target_skip_unavailable': False, 'install_base': '/home/thxssio/robotics_framework/install/interface_package', 'merge_install': False, 'path': '/home/thxssio/robotics_framework/src/interface_package', 'symlink_install': False, 'test_result_base': None}
[0.303s] Level 5:colcon.colcon_core.verb:set package 'gui_package' build argument 'cmake_args' from command line to 'None'
[0.303s] Level 5:colcon.colcon_core.verb:set package 'gui_package' build argument 'cmake_target' from command line to 'None'
[0.303s] Level 5:colcon.colcon_core.verb:set package 'gui_package' build argument 'cmake_target_skip_unavailable' from command line to 'False'
[0.303s] Level 5:colcon.colcon_core.verb:set package 'gui_package' build argument 'cmake_clean_cache' from command line to 'False'
[0.303s] Level 5:colcon.colcon_core.verb:set package 'gui_package' build argument 'cmake_clean_first' from command line to 'False'
[0.303s] Level 5:colcon.colcon_core.verb:set package 'gui_package' build argument 'cmake_force_configure' from command line to 'False'
[0.303s] Level 5:colcon.colcon_core.verb:set package 'gui_package' build argument 'ament_cmake_args' from command line to 'None'
[0.303s] Level 5:colcon.colcon_core.verb:set package 'gui_package' build argument 'catkin_cmake_args' from command line to 'None'
[0.303s] Level 5:colcon.colcon_core.verb:set package 'gui_package' build argument 'catkin_skip_building_tests' from command line to 'False'
[0.303s] DEBUG:colcon.colcon_core.verb:Building package 'gui_package' with the following arguments: {'ament_cmake_args': None, 'build_base': '/home/thxssio/robotics_framework/build/gui_package', 'catkin_cmake_args': None, 'catkin_skip_building_tests': False, 'cmake_args': None, 'cmake_clean_cache': False, 'cmake_clean_first': False, 'cmake_force_configure': False, 'cmake_target': None, 'cmake_target_skip_unavailable': False, 'install_base': '/home/thxssio/robotics_framework/install/gui_package', 'merge_install': False, 'path': '/home/thxssio/robotics_framework/src/gui_package', 'symlink_install': False, 'test_result_base': None}
[0.304s] Level 5:colcon.colcon_core.verb:set package 'navigation_package' build argument 'cmake_args' from command line to 'None'
[0.304s] Level 5:colcon.colcon_core.verb:set package 'navigation_package' build argument 'cmake_target' from command line to 'None'
[0.304s] Level 5:colcon.colcon_core.verb:set package 'navigation_package' build argument 'cmake_target_skip_unavailable' from command line to 'False'
[0.304s] Level 5:colcon.colcon_core.verb:set package 'navigation_package' build argument 'cmake_clean_cache' from command line to 'False'
[0.304s] Level 5:colcon.colcon_core.verb:set package 'navigation_package' build argument 'cmake_clean_first' from command line to 'False'
[0.304s] Level 5:colcon.colcon_core.verb:set package 'navigation_package' build argument 'cmake_force_configure' from command line to 'False'
[0.304s] Level 5:colcon.colcon_core.verb:set package 'navigation_package' build argument 'ament_cmake_args' from command line to 'None'
[0.304s] Level 5:colcon.colcon_core.verb:set package 'navigation_package' build argument 'catkin_cmake_args' from command line to 'None'
[0.304s] Level 5:colcon.colcon_core.verb:set package 'navigation_package' build argument 'catkin_skip_building_tests' from command line to 'False'
[0.304s] DEBUG:colcon.colcon_core.verb:Building package 'navigation_package' with the following arguments: {'ament_cmake_args': None, 'build_base': '/home/thxssio/robotics_framework/build/navigation_package', 'catkin_cmake_args': None, 'catkin_skip_building_tests': False, 'cmake_args': None, 'cmake_clean_cache': False, 'cmake_clean_first': False, 'cmake_force_configure': False, 'cmake_target': None, 'cmake_target_skip_unavailable': False, 'install_base': '/home/thxssio/robotics_framework/install/navigation_package', 'merge_install': False, 'path': '/home/thxssio/robotics_framework/src/navigation_package', 'symlink_install': False, 'test_result_base': None}
[0.304s] Level 5:colcon.colcon_core.verb:set package 'robot_communication_package' build argument 'cmake_args' from command line to 'None'
[0.304s] Level 5:colcon.colcon_core.verb:set package 'robot_communication_package' build argument 'cmake_target' from command line to 'None'
[0.304s] Level 5:colcon.colcon_core.verb:set package 'robot_communication_package' build argument 'cmake_target_skip_unavailable' from command line to 'False'
[0.304s] Level 5:colcon.colcon_core.verb:set package 'robot_communication_package' build argument 'cmake_clean_cache' from command line to 'False'
[0.304s] Level 5:colcon.colcon_core.verb:set package 'robot_communication_package' build argument 'cmake_clean_first' from command line to 'False'
[0.304s] Level 5:colcon.colcon_core.verb:set package 'robot_communication_package' build argument 'cmake_force_configure' from command line to 'False'
[0.304s] Level 5:colcon.colcon_core.verb:set package 'robot_communication_package' build argument 'ament_cmake_args' from command line to 'None'
[0.304s] Level 5:colcon.colcon_core.verb:set package 'robot_communication_package' build argument 'catkin_cmake_args' from command line to 'None'
[0.304s] Level 5:colcon.colcon_core.verb:set package 'robot_communication_package' build argument 'catkin_skip_building_tests' from command line to 'False'
[0.304s] DEBUG:colcon.colcon_core.verb:Building package 'robot_communication_package' with the following arguments: {'ament_cmake_args': None, 'build_base': '/home/thxssio/robotics_framework/build/robot_communication_package', 'catkin_cmake_args': None, 'catkin_skip_building_tests': False, 'cmake_args': None, 'cmake_clean_cache': False, 'cmake_clean_first': False, 'cmake_force_configure': False, 'cmake_target': None, 'cmake_target_skip_unavailable': False, 'install_base': '/home/thxssio/robotics_framework/install/robot_communication_package', 'merge_install': False, 'path': '/home/thxssio/robotics_framework/src/robot_communication_package', 'symlink_install': False, 'test_result_base': None}
[0.304s] Level 5:colcon.colcon_core.verb:set package 'vision_receiver_package' build argument 'cmake_args' from command line to 'None'
[0.304s] Level 5:colcon.colcon_core.verb:set package 'vision_receiver_package' build argument 'cmake_target' from command line to 'None'
[0.304s] Level 5:colcon.colcon_core.verb:set package 'vision_receiver_package' build argument 'cmake_target_skip_unavailable' from command line to 'False'
[0.304s] Level 5:colcon.colcon_core.verb:set package 'vision_receiver_package' build argument 'cmake_clean_cache' from command line to 'False'
[0.304s] Level 5:colcon.colcon_core.verb:set package 'vision_receiver_package' build argument 'cmake_clean_first' from command line to 'False'
[0.304s] Level 5:colcon.colcon_core.verb:set package 'vision_receiver_package' build argument 'cmake_force_configure' from command line to 'False'
[0.304s] Level 5:colcon.colcon_core.verb:set package 'vision_receiver_package' build argument 'ament_cmake_args' from command line to 'None'
[0.304s] Level 5:colcon.colcon_core.verb:set package 'vision_receiver_package' build argument 'catkin_cmake_args' from command line to 'None'
[0.304s] Level 5:colcon.colcon_core.verb:set package 'vision_receiver_package' build argument 'catkin_skip_building_tests' from command line to 'False'
[0.304s] DEBUG:colcon.colcon_core.verb:Building package 'vision_receiver_package' with the following arguments: {'ament_cmake_args': None, 'build_base': '/home/thxssio/robotics_framework/build/vision_receiver_package', 'catkin_cmake_args': None, 'catkin_skip_building_tests': False, 'cmake_args': None, 'cmake_clean_cache': False, 'cmake_clean_first': False, 'cmake_force_configure': False, 'cmake_target': None, 'cmake_target_skip_unavailable': False, 'install_base': '/home/thxssio/robotics_framework/install/vision_receiver_package', 'merge_install': False, 'path': '/home/thxssio/robotics_framework/src/vision_receiver_package', 'symlink_install': False, 'test_result_base': None}
[0.304s] INFO:colcon.colcon_core.executor:Executing jobs using 'parallel' executor
[0.305s] DEBUG:colcon.colcon_parallel_executor.executor.parallel:run_until_complete
[0.306s] INFO:colcon.colcon_ros.task.ament_cmake.build:Building ROS package in '/home/thxssio/robotics_framework/src/interface_package' with build type 'ament_cmake'
[0.306s] INFO:colcon.colcon_cmake.task.cmake.build:Building CMake package in '/home/thxssio/robotics_framework/src/interface_package'
[0.308s] INFO:colcon.colcon_core.plugin_system:Skipping extension 'colcon_core.shell.bat': Not used on non-Windows systems
[0.308s] INFO:colcon.colcon_core.shell:Skip shell extension 'powershell' for command environment: Not usable outside of PowerShell
[0.308s] DEBUG:colcon.colcon_core.shell:Skip shell extension 'dsv' for command environment
[0.310s] INFO:colcon.colcon_ros.task.ament_python.build:Building ROS package in '/home/thxssio/robotics_framework/src/behavior_package' with build type 'ament_python'
[0.311s] Level 1:colcon.colcon_core.shell:create_environment_hook('behavior_package', 'ament_prefix_path')
[0.311s] INFO:colcon.colcon_core.shell:Creating environment hook '/home/thxssio/robotics_framework/install/behavior_package/share/behavior_package/hook/ament_prefix_path.ps1'
[0.312s] INFO:colcon.colcon_core.shell:Creating environment descriptor '/home/thxssio/robotics_framework/install/behavior_package/share/behavior_package/hook/ament_prefix_path.dsv'
[0.312s] INFO:colcon.colcon_core.shell:Creating environment hook '/home/thxssio/robotics_framework/install/behavior_package/share/behavior_package/hook/ament_prefix_path.sh'
[0.312s] INFO:colcon.colcon_core.shell:Skip shell extension 'powershell' for command environment: Not usable outside of PowerShell
[0.312s] DEBUG:colcon.colcon_core.shell:Skip shell extension 'dsv' for command environment
[0.317s] DEBUG:colcon.colcon_core.event_handler.log_command:Invoking command in '/home/thxssio/robotics_framework/build/interface_package': CMAKE_PREFIX_PATH=${CMAKE_PREFIX_PATH}:/home/thxssio/robotics_framework/install/vision_receiver_package:/home/thxssio/robotics_framework/install/gui_package:/home/thxssio/robotics_framework/install/behavior_package:/opt/ros/humble /usr/bin/cmake --build /home/thxssio/robotics_framework/build/interface_package -- -j16 -l16
[0.594s] INFO:colcon.colcon_core.task.python.build:Building Python package in '/home/thxssio/robotics_framework/src/behavior_package'
[0.595s] INFO:colcon.colcon_core.shell:Skip shell extension 'powershell' for command environment: Not usable outside of PowerShell
[0.595s] DEBUG:colcon.colcon_core.shell:Skip shell extension 'dsv' for command environment
[0.709s] DEBUG:colcon.colcon_core.event_handler.log_command:Invoked command in '/home/thxssio/robotics_framework/build/interface_package' returned '0': CMAKE_PREFIX_PATH=${CMAKE_PREFIX_PATH}:/home/thxssio/robotics_framework/install/vision_receiver_package:/home/thxssio/robotics_framework/install/gui_package:/home/thxssio/robotics_framework/install/behavior_package:/opt/ros/humble /usr/bin/cmake --build /home/thxssio/robotics_framework/build/interface_package -- -j16 -l16
[0.722s] DEBUG:colcon.colcon_core.event_handler.log_command:Invoking command in '/home/thxssio/robotics_framework/build/interface_package': CMAKE_PREFIX_PATH=${CMAKE_PREFIX_PATH}:/home/thxssio/robotics_framework/install/vision_receiver_package:/home/thxssio/robotics_framework/install/gui_package:/home/thxssio/robotics_framework/install/behavior_package:/opt/ros/humble /usr/bin/cmake --install /home/thxssio/robotics_framework/build/interface_package
[0.795s] Level 1:colcon.colcon_core.environment:create_environment_scripts_only(interface_package)
[0.795s] DEBUG:colcon.colcon_core.event_handler.log_command:Invoked command in '/home/thxssio/robotics_framework/build/interface_package' returned '0': CMAKE_PREFIX_PATH=${CMAKE_PREFIX_PATH}:/home/thxssio/robotics_framework/install/vision_receiver_package:/home/thxssio/robotics_framework/install/gui_package:/home/thxssio/robotics_framework/install/behavior_package:/opt/ros/humble /usr/bin/cmake --install /home/thxssio/robotics_framework/build/interface_package
[0.799s] Level 1:colcon.colcon_core.environment:checking '/home/thxssio/robotics_framework/install/interface_package' for CMake module files
[0.800s] Level 1:colcon.colcon_core.environment:checking '/home/thxssio/robotics_framework/install/interface_package' for CMake config files
[0.800s] Level 1:colcon.colcon_core.shell:create_environment_hook('interface_package', 'cmake_prefix_path')
[0.801s] INFO:colcon.colcon_core.shell:Creating environment hook '/home/thxssio/robotics_framework/install/interface_package/share/interface_package/hook/cmake_prefix_path.ps1'
[0.801s] INFO:colcon.colcon_core.shell:Creating environment descriptor '/home/thxssio/robotics_framework/install/interface_package/share/interface_package/hook/cmake_prefix_path.dsv'
[0.801s] INFO:colcon.colcon_core.shell:Creating environment hook '/home/thxssio/robotics_framework/install/interface_package/share/interface_package/hook/cmake_prefix_path.sh'
[0.802s] Level 1:colcon.colcon_core.environment:checking '/home/thxssio/robotics_framework/install/interface_package/lib'
[0.802s] Level 1:colcon.colcon_core.shell:create_environment_hook('interface_package', 'ld_library_path_lib')
[0.802s] INFO:colcon.colcon_core.shell:Creating environment hook '/home/thxssio/robotics_framework/install/interface_package/share/interface_package/hook/ld_library_path_lib.ps1'
[0.803s] INFO:colcon.colcon_core.shell:Creating environment descriptor '/home/thxssio/robotics_framework/install/interface_package/share/interface_package/hook/ld_library_path_lib.dsv'
[0.803s] INFO:colcon.colcon_core.shell:Creating environment hook '/home/thxssio/robotics_framework/install/interface_package/share/interface_package/hook/ld_library_path_lib.sh'
[0.803s] Level 1:colcon.colcon_core.environment:checking '/home/thxssio/robotics_framework/install/interface_package/bin'
[0.803s] Level 1:colcon.colcon_core.environment:checking '/home/thxssio/robotics_framework/install/interface_package/lib/pkgconfig/interface_package.pc'
[0.804s] Level 1:colcon.colcon_core.environment:checking '/home/thxssio/robotics_framework/install/interface_package/lib/python3.10/site-packages'
[0.804s] Level 1:colcon.colcon_core.environment:checking '/home/thxssio/robotics_framework/install/interface_package/bin'
[0.804s] INFO:colcon.colcon_core.shell:Creating package script '/home/thxssio/robotics_framework/install/interface_package/share/interface_package/package.ps1'
[0.805s] INFO:colcon.colcon_core.shell:Creating package descriptor '/home/thxssio/robotics_framework/install/interface_package/share/interface_package/package.dsv'
[0.805s] INFO:colcon.colcon_core.shell:Creating package script '/home/thxssio/robotics_framework/install/interface_package/share/interface_package/package.sh'
[0.806s] INFO:colcon.colcon_core.shell:Creating package script '/home/thxssio/robotics_framework/install/interface_package/share/interface_package/package.bash'
[0.807s] INFO:colcon.colcon_core.shell:Creating package script '/home/thxssio/robotics_framework/install/interface_package/share/interface_package/package.zsh'
[0.807s] Level 1:colcon.colcon_core.environment:create_file_with_runtime_dependencies(/home/thxssio/robotics_framework/install/interface_package/share/colcon-core/packages/interface_package)
[0.808s] Level 1:colcon.colcon_core.environment:create_environment_scripts_only(interface_package)
[0.808s] Level 1:colcon.colcon_core.environment:checking '/home/thxssio/robotics_framework/install/interface_package' for CMake module files
[0.809s] Level 1:colcon.colcon_core.environment:checking '/home/thxssio/robotics_framework/install/interface_package' for CMake config files
[0.809s] Level 1:colcon.colcon_core.shell:create_environment_hook('interface_package', 'cmake_prefix_path')
[0.810s] INFO:colcon.colcon_core.shell:Creating environment hook '/home/thxssio/robotics_framework/install/interface_package/share/interface_package/hook/cmake_prefix_path.ps1'
[0.810s] INFO:colcon.colcon_core.shell:Creating environment descriptor '/home/thxssio/robotics_framework/install/interface_package/share/interface_package/hook/cmake_prefix_path.dsv'
[0.810s] INFO:colcon.colcon_core.shell:Creating environment hook '/home/thxssio/robotics_framework/install/interface_package/share/interface_package/hook/cmake_prefix_path.sh'
[0.811s] Level 1:colcon.colcon_core.environment:checking '/home/thxssio/robotics_framework/install/interface_package/lib'
[0.811s] Level 1:colcon.colcon_core.shell:create_environment_hook('interface_package', 'ld_library_path_lib')
[0.811s] INFO:colcon.colcon_core.shell:Creating environment hook '/home/thxssio/robotics_framework/install/interface_package/share/interface_package/hook/ld_library_path_lib.ps1'
[0.811s] INFO:colcon.colcon_core.shell:Creating environment descriptor '/home/thxssio/robotics_framework/install/interface_package/share/interface_package/hook/ld_library_path_lib.dsv'
[0.811s] INFO:colcon.colcon_core.shell:Creating environment hook '/home/thxssio/robotics_framework/install/interface_package/share/interface_package/hook/ld_library_path_lib.sh'
[0.812s] Level 1:colcon.colcon_core.environment:checking '/home/thxssio/robotics_framework/install/interface_package/bin'
[0.812s] Level 1:colcon.colcon_core.environment:checking '/home/thxssio/robotics_framework/install/interface_package/lib/pkgconfig/interface_package.pc'
[0.812s] Level 1:colcon.colcon_core.environment:checking '/home/thxssio/robotics_framework/install/interface_package/lib/python3.10/site-packages'
[0.812s] Level 1:colcon.colcon_core.environment:checking '/home/thxssio/robotics_framework/install/interface_package/bin'
[0.812s] INFO:colcon.colcon_core.shell:Creating package script '/home/thxssio/robotics_framework/install/interface_package/share/interface_package/package.ps1'
[0.813s] INFO:colcon.colcon_core.shell:Creating package descriptor '/home/thxssio/robotics_framework/install/interface_package/share/interface_package/package.dsv'
[0.813s] INFO:colcon.colcon_core.shell:Creating package script '/home/thxssio/robotics_framework/install/interface_package/share/interface_package/package.sh'
[0.813s] INFO:colcon.colcon_core.shell:Creating package script '/home/thxssio/robotics_framework/install/interface_package/share/interface_package/package.bash'
[0.814s] INFO:colcon.colcon_core.shell:Creating package script '/home/thxssio/robotics_framework/install/interface_package/share/interface_package/package.zsh'
[0.814s] Level 1:colcon.colcon_core.environment:create_file_with_runtime_dependencies(/home/thxssio/robotics_framework/install/interface_package/share/colcon-core/packages/interface_package)
[0.814s] INFO:colcon.colcon_ros.task.ament_cmake.build:Building ROS package in '/home/thxssio/robotics_framework/src/navigation_package' with build type 'ament_cmake'
[0.814s] INFO:colcon.colcon_cmake.task.cmake.build:Building CMake package in '/home/thxssio/robotics_framework/src/navigation_package'
[0.815s] INFO:colcon.colcon_core.shell:Skip shell extension 'powershell' for command environment: Not usable outside of PowerShell
[0.815s] DEBUG:colcon.colcon_core.shell:Skip shell extension 'dsv' for command environment
[0.817s] INFO:colcon.colcon_ros.task.ament_cmake.build:Building ROS package in '/home/thxssio/robotics_framework/src/robot_communication_package' with build type 'ament_cmake'
[0.817s] INFO:colcon.colcon_cmake.task.cmake.build:Building CMake package in '/home/thxssio/robotics_framework/src/robot_communication_package'
[0.818s] INFO:colcon.colcon_core.shell:Skip shell extension 'powershell' for command environment: Not usable outside of PowerShell
[0.818s] DEBUG:colcon.colcon_core.shell:Skip shell extension 'dsv' for command environment
[0.821s] INFO:colcon.colcon_ros.task.ament_python.build:Building ROS package in '/home/thxssio/robotics_framework/src/vision_receiver_package' with build type 'ament_python'
[0.821s] Level 1:colcon.colcon_core.shell:create_environment_hook('vision_receiver_package', 'ament_prefix_path')
[0.822s] INFO:colcon.colcon_core.shell:Creating environment hook '/home/thxssio/robotics_framework/install/vision_receiver_package/share/vision_receiver_package/hook/ament_prefix_path.ps1'
[0.822s] INFO:colcon.colcon_core.shell:Creating environment descriptor '/home/thxssio/robotics_framework/install/vision_receiver_package/share/vision_receiver_package/hook/ament_prefix_path.dsv'
[0.823s] INFO:colcon.colcon_core.shell:Creating environment hook '/home/thxssio/robotics_framework/install/vision_receiver_package/share/vision_receiver_package/hook/ament_prefix_path.sh'
[0.823s] INFO:colcon.colcon_core.shell:Skip shell extension 'powershell' for command environment: Not usable outside of PowerShell
[0.823s] DEBUG:colcon.colcon_core.shell:Skip shell extension 'dsv' for command environment
[0.829s] DEBUG:colcon.colcon_core.event_handler.log_command:Invoking command in '/home/thxssio/robotics_framework/build/navigation_package': CMAKE_PREFIX_PATH=/home/thxssio/robotics_framework/install/interface_package:/home/thxssio/robotics_framework/install/robot_communication_package:/home/thxssio/robotics_framework/install/navigation_package:/home/thxssio/robotics_framework/install/vision_receiver_package:/home/thxssio/robotics_framework/install/gui_package:/home/thxssio/robotics_framework/install/behavior_package:/opt/ros/humble LD_LIBRARY_PATH=/home/thxssio/robotics_framework/install/interface_package/lib:/home/thxssio/robotics_framework/install/navigation_package/lib:/opt/ros/humble/opt/rviz_ogre_vendor/lib:/opt/ros/humble/lib/x86_64-linux-gnu:/opt/ros/humble/lib /usr/bin/cmake --build /home/thxssio/robotics_framework/build/navigation_package -- -j16 -l16
[0.834s] DEBUG:colcon.colcon_core.event_handler.log_command:Invoking command in '/home/thxssio/robotics_framework/build/robot_communication_package': CMAKE_PREFIX_PATH=/home/thxssio/robotics_framework/install/interface_package:/home/thxssio/robotics_framework/install/robot_communication_package:/home/thxssio/robotics_framework/install/navigation_package:/home/thxssio/robotics_framework/install/vision_receiver_package:/home/thxssio/robotics_framework/install/gui_package:/home/thxssio/robotics_framework/install/behavior_package:/opt/ros/humble LD_LIBRARY_PATH=/home/thxssio/robotics_framework/install/interface_package/lib:/home/thxssio/robotics_framework/install/navigation_package/lib:/opt/ros/humble/opt/rviz_ogre_vendor/lib:/opt/ros/humble/lib/x86_64-linux-gnu:/opt/ros/humble/lib /usr/bin/cmake --build /home/thxssio/robotics_framework/build/robot_communication_package -- -j16 -l16
[1.119s] INFO:colcon.colcon_core.task.python.build:Building Python package in '/home/thxssio/robotics_framework/src/vision_receiver_package'
[1.119s] INFO:colcon.colcon_core.shell:Skip shell extension 'powershell' for command environment: Not usable outside of PowerShell
[1.119s] DEBUG:colcon.colcon_core.shell:Skip shell extension 'dsv' for command environment
[1.127s] DEBUG:colcon.colcon_core.event_handler.log_command:Invoking command in '/home/thxssio/robotics_framework/src/behavior_package': PYTHONPATH=/home/thxssio/robotics_framework/build/behavior_package/prefix_override:/usr/lib/python3/dist-packages/colcon_core/task/python/colcon_distutils_commands:/home/thxssio/robotics_framework/install/behavior_package/lib/python3.10/site-packages:${PYTHONPATH} /usr/bin/python3 -W ignore:setup.py install is deprecated -W ignore:easy_install command is deprecated setup.py egg_info --egg-base ../../build/behavior_package build --build-base /home/thxssio/robotics_framework/build/behavior_package/build install --record /home/thxssio/robotics_framework/build/behavior_package/install.log --single-version-externally-managed install_data
[1.128s] DEBUG:colcon.colcon_core.event_handler.log_command:Invoked command in '/home/thxssio/robotics_framework/build/navigation_package' returned '0': CMAKE_PREFIX_PATH=/home/thxssio/robotics_framework/install/interface_package:/home/thxssio/robotics_framework/install/robot_communication_package:/home/thxssio/robotics_framework/install/navigation_package:/home/thxssio/robotics_framework/install/vision_receiver_package:/home/thxssio/robotics_framework/install/gui_package:/home/thxssio/robotics_framework/install/behavior_package:/opt/ros/humble LD_LIBRARY_PATH=/home/thxssio/robotics_framework/install/interface_package/lib:/home/thxssio/robotics_framework/install/navigation_package/lib:/opt/ros/humble/opt/rviz_ogre_vendor/lib:/opt/ros/humble/lib/x86_64-linux-gnu:/opt/ros/humble/lib /usr/bin/cmake --build /home/thxssio/robotics_framework/build/navigation_package -- -j16 -l16
[1.129s] DEBUG:colcon.colcon_core.event_handler.log_command:Invoking command in '/home/thxssio/robotics_framework/build/navigation_package': CMAKE_PREFIX_PATH=/home/thxssio/robotics_framework/install/interface_package:/home/thxssio/robotics_framework/install/robot_communication_package:/home/thxssio/robotics_framework/install/navigation_package:/home/thxssio/robotics_framework/install/vision_receiver_package:/home/thxssio/robotics_framework/install/gui_package:/home/thxssio/robotics_framework/install/behavior_package:/opt/ros/humble LD_LIBRARY_PATH=/home/thxssio/robotics_framework/install/interface_package/lib:/home/thxssio/robotics_framework/install/navigation_package/lib:/opt/ros/humble/opt/rviz_ogre_vendor/lib:/opt/ros/humble/lib/x86_64-linux-gnu:/opt/ros/humble/lib /usr/bin/cmake --install /home/thxssio/robotics_framework/build/navigation_package
[1.137s] Level 1:colcon.colcon_core.environment:create_environment_scripts_only(navigation_package)
[1.138s] Level 1:colcon.colcon_core.environment:checking '/home/thxssio/robotics_framework/install/navigation_package' for CMake module files
[1.138s] DEBUG:colcon.colcon_core.event_handler.log_command:Invoked command in '/home/thxssio/robotics_framework/build/navigation_package' returned '0': CMAKE_PREFIX_PATH=/home/thxssio/robotics_framework/install/interface_package:/home/thxssio/robotics_framework/install/robot_communication_package:/home/thxssio/robotics_framework/install/navigation_package:/home/thxssio/robotics_framework/install/vision_receiver_package:/home/thxssio/robotics_framework/install/gui_package:/home/thxssio/robotics_framework/install/behavior_package:/opt/ros/humble LD_LIBRARY_PATH=/home/thxssio/robotics_framework/install/interface_package/lib:/home/thxssio/robotics_framework/install/navigation_package/lib:/opt/ros/humble/opt/rviz_ogre_vendor/lib:/opt/ros/humble/lib/x86_64-linux-gnu:/opt/ros/humble/lib /usr/bin/cmake --install /home/thxssio/robotics_framework/build/navigation_package
[1.139s] Level 1:colcon.colcon_core.environment:checking '/home/thxssio/robotics_framework/install/navigation_package' for CMake config files
[1.139s] Level 1:colcon.colcon_core.shell:create_environment_hook('navigation_package', 'cmake_prefix_path')
[1.140s] INFO:colcon.colcon_core.shell:Creating environment hook '/home/thxssio/robotics_framework/install/navigation_package/share/navigation_package/hook/cmake_prefix_path.ps1'
[1.140s] INFO:colcon.colcon_core.shell:Creating environment descriptor '/home/thxssio/robotics_framework/install/navigation_package/share/navigation_package/hook/cmake_prefix_path.dsv'
[1.141s] INFO:colcon.colcon_core.shell:Creating environment hook '/home/thxssio/robotics_framework/install/navigation_package/share/navigation_package/hook/cmake_prefix_path.sh'
[1.142s] Level 1:colcon.colcon_core.environment:checking '/home/thxssio/robotics_framework/install/navigation_package/lib'
[1.142s] Level 1:colcon.colcon_core.environment:checking '/home/thxssio/robotics_framework/install/navigation_package/bin'
[1.142s] Level 1:colcon.colcon_core.environment:checking '/home/thxssio/robotics_framework/install/navigation_package/lib/pkgconfig/navigation_package.pc'
[1.142s] Level 1:colcon.colcon_core.environment:checking '/home/thxssio/robotics_framework/install/navigation_package/lib/python3.10/site-packages'
[1.142s] Level 1:colcon.colcon_core.environment:checking '/home/thxssio/robotics_framework/install/navigation_package/bin'
[1.143s] INFO:colcon.colcon_core.shell:Creating package script '/home/thxssio/robotics_framework/install/navigation_package/share/navigation_package/package.ps1'
[1.144s] INFO:colcon.colcon_core.shell:Creating package descriptor '/home/thxssio/robotics_framework/install/navigation_package/share/navigation_package/package.dsv'
[1.144s] INFO:colcon.colcon_core.shell:Creating package script '/home/thxssio/robotics_framework/install/navigation_package/share/navigation_package/package.sh'
[1.144s] INFO:colcon.colcon_core.shell:Creating package script '/home/thxssio/robotics_framework/install/navigation_package/share/navigation_package/package.bash'
[1.145s] INFO:colcon.colcon_core.shell:Creating package script '/home/thxssio/robotics_framework/install/navigation_package/share/navigation_package/package.zsh'
[1.145s] Level 1:colcon.colcon_core.environment:create_file_with_runtime_dependencies(/home/thxssio/robotics_framework/install/navigation_package/share/colcon-core/packages/navigation_package)
[1.145s] Level 1:colcon.colcon_core.environment:create_environment_scripts_only(navigation_package)
[1.145s] Level 1:colcon.colcon_core.environment:checking '/home/thxssio/robotics_framework/install/navigation_package' for CMake module files
[1.146s] Level 1:colcon.colcon_core.environment:checking '/home/thxssio/robotics_framework/install/navigation_package' for CMake config files
[1.146s] Level 1:colcon.colcon_core.shell:create_environment_hook('navigation_package', 'cmake_prefix_path')
[1.146s] INFO:colcon.colcon_core.shell:Creating environment hook '/home/thxssio/robotics_framework/install/navigation_package/share/navigation_package/hook/cmake_prefix_path.ps1'
[1.146s] INFO:colcon.colcon_core.shell:Creating environment descriptor '/home/thxssio/robotics_framework/install/navigation_package/share/navigation_package/hook/cmake_prefix_path.dsv'
[1.147s] INFO:colcon.colcon_core.shell:Creating environment hook '/home/thxssio/robotics_framework/install/navigation_package/share/navigation_package/hook/cmake_prefix_path.sh'
[1.147s] Level 1:colcon.colcon_core.environment:checking '/home/thxssio/robotics_framework/install/navigation_package/lib'
[1.147s] Level 1:colcon.colcon_core.environment:checking '/home/thxssio/robotics_framework/install/navigation_package/bin'
[1.147s] Level 1:colcon.colcon_core.environment:checking '/home/thxssio/robotics_framework/install/navigation_package/lib/pkgconfig/navigation_package.pc'
[1.147s] Level 1:colcon.colcon_core.environment:checking '/home/thxssio/robotics_framework/install/navigation_package/lib/python3.10/site-packages'
[1.148s] Level 1:colcon.colcon_core.environment:checking '/home/thxssio/robotics_framework/install/navigation_package/bin'
[1.148s] INFO:colcon.colcon_core.shell:Creating package script '/home/thxssio/robotics_framework/install/navigation_package/share/navigation_package/package.ps1'
[1.148s] INFO:colcon.colcon_core.shell:Creating package descriptor '/home/thxssio/robotics_framework/install/navigation_package/share/navigation_package/package.dsv'
[1.149s] INFO:colcon.colcon_core.shell:Creating package script '/home/thxssio/robotics_framework/install/navigation_package/share/navigation_package/package.sh'
[1.149s] INFO:colcon.colcon_core.shell:Creating package script '/home/thxssio/robotics_framework/install/navigation_package/share/navigation_package/package.bash'
[1.149s] INFO:colcon.colcon_core.shell:Creating package script '/home/thxssio/robotics_framework/install/navigation_package/share/navigation_package/package.zsh'
[1.149s] Level 1:colcon.colcon_core.environment:create_file_with_runtime_dependencies(/home/thxssio/robotics_framework/install/navigation_package/share/colcon-core/packages/navigation_package)
[1.229s] DEBUG:colcon.colcon_core.event_handler.log_command:Invoked command in '/home/thxssio/robotics_framework/build/robot_communication_package' returned '0': CMAKE_PREFIX_PATH=/home/thxssio/robotics_framework/install/interface_package:/home/thxssio/robotics_framework/install/robot_communication_package:/home/thxssio/robotics_framework/install/navigation_package:/home/thxssio/robotics_framework/install/vision_receiver_package:/home/thxssio/robotics_framework/install/gui_package:/home/thxssio/robotics_framework/install/behavior_package:/opt/ros/humble LD_LIBRARY_PATH=/home/thxssio/robotics_framework/install/interface_package/lib:/home/thxssio/robotics_framework/install/navigation_package/lib:/opt/ros/humble/opt/rviz_ogre_vendor/lib:/opt/ros/humble/lib/x86_64-linux-gnu:/opt/ros/humble/lib /usr/bin/cmake --build /home/thxssio/robotics_framework/build/robot_communication_package -- -j16 -l16
[1.231s] DEBUG:colcon.colcon_core.event_handler.log_command:Invoking command in '/home/thxssio/robotics_framework/build/robot_communication_package': CMAKE_PREFIX_PATH=/home/thxssio/robotics_framework/install/interface_package:/home/thxssio/robotics_framework/install/robot_communication_package:/home/thxssio/robotics_framework/install/navigation_package:/home/thxssio/robotics_framework/install/vision_receiver_package:/home/thxssio/robotics_framework/install/gui_package:/home/thxssio/robotics_framework/install/behavior_package:/opt/ros/humble LD_LIBRARY_PATH=/home/thxssio/robotics_framework/install/interface_package/lib:/home/thxssio/robotics_framework/install/navigation_package/lib:/opt/ros/humble/opt/rviz_ogre_vendor/lib:/opt/ros/humble/lib/x86_64-linux-gnu:/opt/ros/humble/lib /usr/bin/cmake --install /home/thxssio/robotics_framework/build/robot_communication_package
[1.282s] Level 1:colcon.colcon_core.environment:create_environment_scripts_only(robot_communication_package)
[1.283s] Level 1:colcon.colcon_core.environment:checking '/home/thxssio/robotics_framework/install/robot_communication_package' for CMake module files
[1.283s] DEBUG:colcon.colcon_core.event_handler.log_command:Invoked command in '/home/thxssio/robotics_framework/build/robot_communication_package' returned '0': CMAKE_PREFIX_PATH=/home/thxssio/robotics_framework/install/interface_package:/home/thxssio/robotics_framework/install/robot_communication_package:/home/thxssio/robotics_framework/install/navigation_package:/home/thxssio/robotics_framework/install/vision_receiver_package:/home/thxssio/robotics_framework/install/gui_package:/home/thxssio/robotics_framework/install/behavior_package:/opt/ros/humble LD_LIBRARY_PATH=/home/thxssio/robotics_framework/install/interface_package/lib:/home/thxssio/robotics_framework/install/navigation_package/lib:/opt/ros/humble/opt/rviz_ogre_vendor/lib:/opt/ros/humble/lib/x86_64-linux-gnu:/opt/ros/humble/lib /usr/bin/cmake --install /home/thxssio/robotics_framework/build/robot_communication_package
[1.284s] Level 1:colcon.colcon_core.environment:checking '/home/thxssio/robotics_framework/install/robot_communication_package' for CMake config files
[1.284s] Level 1:colcon.colcon_core.shell:create_environment_hook('robot_communication_package', 'cmake_prefix_path')
[1.285s] INFO:colcon.colcon_core.shell:Creating environment hook '/home/thxssio/robotics_framework/install/robot_communication_package/share/robot_communication_package/hook/cmake_prefix_path.ps1'
[1.286s] INFO:colcon.colcon_core.shell:Creating environment descriptor '/home/thxssio/robotics_framework/install/robot_communication_package/share/robot_communication_package/hook/cmake_prefix_path.dsv'
[1.286s] INFO:colcon.colcon_core.shell:Creating environment hook '/home/thxssio/robotics_framework/install/robot_communication_package/share/robot_communication_package/hook/cmake_prefix_path.sh'
[1.286s] Level 1:colcon.colcon_core.environment:checking '/home/thxssio/robotics_framework/install/robot_communication_package/lib'
[1.286s] Level 1:colcon.colcon_core.environment:checking '/home/thxssio/robotics_framework/install/robot_communication_package/bin'
[1.286s] Level 1:colcon.colcon_core.environment:checking '/home/thxssio/robotics_framework/install/robot_communication_package/lib/pkgconfig/robot_communication_package.pc'
[1.287s] Level 1:colcon.colcon_core.environment:checking '/home/thxssio/robotics_framework/install/robot_communication_package/lib/python3.10/site-packages'
[1.287s] Level 1:colcon.colcon_core.environment:checking '/home/thxssio/robotics_framework/install/robot_communication_package/bin'
[1.287s] INFO:colcon.colcon_core.shell:Creating package script '/home/thxssio/robotics_framework/install/robot_communication_package/share/robot_communication_package/package.ps1'
[1.288s] INFO:colcon.colcon_core.shell:Creating package descriptor '/home/thxssio/robotics_framework/install/robot_communication_package/share/robot_communication_package/package.dsv'
[1.288s] INFO:colcon.colcon_core.shell:Creating package script '/home/thxssio/robotics_framework/install/robot_communication_package/share/robot_communication_package/package.sh'
[1.288s] INFO:colcon.colcon_core.shell:Creating package script '/home/thxssio/robotics_framework/install/robot_communication_package/share/robot_communication_package/package.bash'
[1.288s] INFO:colcon.colcon_core.shell:Creating package script '/home/thxssio/robotics_framework/install/robot_communication_package/share/robot_communication_package/package.zsh'
[1.289s] Level 1:colcon.colcon_core.environment:create_file_with_runtime_dependencies(/home/thxssio/robotics_framework/install/robot_communication_package/share/colcon-core/packages/robot_communication_package)
[1.289s] Level 1:colcon.colcon_core.environment:create_environment_scripts_only(robot_communication_package)
[1.289s] Level 1:colcon.colcon_core.environment:checking '/home/thxssio/robotics_framework/install/robot_communication_package' for CMake module files
[1.289s] Level 1:colcon.colcon_core.environment:checking '/home/thxssio/robotics_framework/install/robot_communication_package' for CMake config files
[1.290s] Level 1:colcon.colcon_core.shell:create_environment_hook('robot_communication_package', 'cmake_prefix_path')
[1.290s] INFO:colcon.colcon_core.shell:Creating environment hook '/home/thxssio/robotics_framework/install/robot_communication_package/share/robot_communication_package/hook/cmake_prefix_path.ps1'
[1.290s] INFO:colcon.colcon_core.shell:Creating environment descriptor '/home/thxssio/robotics_framework/install/robot_communication_package/share/robot_communication_package/hook/cmake_prefix_path.dsv'
[1.291s] INFO:colcon.colcon_core.shell:Creating environment hook '/home/thxssio/robotics_framework/install/robot_communication_package/share/robot_communication_package/hook/cmake_prefix_path.sh'
[1.291s] Level 1:colcon.colcon_core.environment:checking '/home/thxssio/robotics_framework/install/robot_communication_package/lib'
[1.291s] Level 1:colcon.colcon_core.environment:checking '/home/thxssio/robotics_framework/install/robot_communication_package/bin'
[1.291s] Level 1:colcon.colcon_core.environment:checking '/home/thxssio/robotics_framework/install/robot_communication_package/lib/pkgconfig/robot_communication_package.pc'
[1.291s] Level 1:colcon.colcon_core.environment:checking '/home/thxssio/robotics_framework/install/robot_communication_package/lib/python3.10/site-packages'
[1.292s] Level 1:colcon.colcon_core.environment:checking '/home/thxssio/robotics_framework/install/robot_communication_package/bin'
[1.292s] INFO:colcon.colcon_core.shell:Creating package script '/home/thxssio/robotics_framework/install/robot_communication_package/share/robot_communication_package/package.ps1'
[1.292s] INFO:colcon.colcon_core.shell:Creating package descriptor '/home/thxssio/robotics_framework/install/robot_communication_package/share/robot_communication_package/package.dsv'
[1.293s] INFO:colcon.colcon_core.shell:Creating package script '/home/thxssio/robotics_framework/install/robot_communication_package/share/robot_communication_package/package.sh'
[1.293s] INFO:colcon.colcon_core.shell:Creating package script '/home/thxssio/robotics_framework/install/robot_communication_package/share/robot_communication_package/package.bash'
[1.293s] INFO:colcon.colcon_core.shell:Creating package script '/home/thxssio/robotics_framework/install/robot_communication_package/share/robot_communication_package/package.zsh'
[1.294s] Level 1:colcon.colcon_core.environment:create_file_with_runtime_dependencies(/home/thxssio/robotics_framework/install/robot_communication_package/share/colcon-core/packages/robot_communication_package)
[1.470s] Level 1:colcon.colcon_core.environment:checking '/home/thxssio/robotics_framework/install/behavior_package' for CMake module files
[1.471s] DEBUG:colcon.colcon_core.event_handler.log_command:Invoked command in '/home/thxssio/robotics_framework/src/behavior_package' returned '0': PYTHONPATH=/home/thxssio/robotics_framework/build/behavior_package/prefix_override:/usr/lib/python3/dist-packages/colcon_core/task/python/colcon_distutils_commands:/home/thxssio/robotics_framework/install/behavior_package/lib/python3.10/site-packages:${PYTHONPATH} /usr/bin/python3 -W ignore:setup.py install is deprecated -W ignore:easy_install command is deprecated setup.py egg_info --egg-base ../../build/behavior_package build --build-base /home/thxssio/robotics_framework/build/behavior_package/build install --record /home/thxssio/robotics_framework/build/behavior_package/install.log --single-version-externally-managed install_data
[1.471s] Level 1:colcon.colcon_core.environment:checking '/home/thxssio/robotics_framework/install/behavior_package' for CMake config files
[1.472s] Level 1:colcon.colcon_core.environment:checking '/home/thxssio/robotics_framework/install/behavior_package/lib'
[1.472s] Level 1:colcon.colcon_core.environment:checking '/home/thxssio/robotics_framework/install/behavior_package/bin'
[1.472s] Level 1:colcon.colcon_core.environment:checking '/home/thxssio/robotics_framework/install/behavior_package/lib/pkgconfig/behavior_package.pc'
[1.472s] Level 1:colcon.colcon_core.environment:checking '/home/thxssio/robotics_framework/install/behavior_package/lib/python3.10/site-packages'
[1.472s] Level 1:colcon.colcon_core.shell:create_environment_hook('behavior_package', 'pythonpath')
[1.473s] INFO:colcon.colcon_core.shell:Creating environment hook '/home/thxssio/robotics_framework/install/behavior_package/share/behavior_package/hook/pythonpath.ps1'
[1.473s] INFO:colcon.colcon_core.shell:Creating environment descriptor '/home/thxssio/robotics_framework/install/behavior_package/share/behavior_package/hook/pythonpath.dsv'
[1.474s] INFO:colcon.colcon_core.shell:Creating environment hook '/home/thxssio/robotics_framework/install/behavior_package/share/behavior_package/hook/pythonpath.sh'
[1.475s] Level 1:colcon.colcon_core.environment:checking '/home/thxssio/robotics_framework/install/behavior_package/bin'
[1.475s] Level 1:colcon.colcon_core.environment:create_environment_scripts_only(behavior_package)
[1.475s] INFO:colcon.colcon_core.shell:Creating package script '/home/thxssio/robotics_framework/install/behavior_package/share/behavior_package/package.ps1'
[1.476s] INFO:colcon.colcon_core.shell:Creating package descriptor '/home/thxssio/robotics_framework/install/behavior_package/share/behavior_package/package.dsv'
[1.476s] INFO:colcon.colcon_core.shell:Creating package script '/home/thxssio/robotics_framework/install/behavior_package/share/behavior_package/package.sh'
[1.476s] INFO:colcon.colcon_core.shell:Creating package script '/home/thxssio/robotics_framework/install/behavior_package/share/behavior_package/package.bash'
[1.477s] INFO:colcon.colcon_core.shell:Creating package script '/home/thxssio/robotics_framework/install/behavior_package/share/behavior_package/package.zsh'
[1.477s] Level 1:colcon.colcon_core.environment:create_file_with_runtime_dependencies(/home/thxssio/robotics_framework/install/behavior_package/share/colcon-core/packages/behavior_package)
[1.477s] INFO:colcon.colcon_ros.task.ament_python.build:Building ROS package in '/home/thxssio/robotics_framework/src/gui_package' with build type 'ament_python'
[1.478s] Level 1:colcon.colcon_core.shell:create_environment_hook('gui_package', 'ament_prefix_path')
[1.478s] INFO:colcon.colcon_core.shell:Creating environment hook '/home/thxssio/robotics_framework/install/gui_package/share/gui_package/hook/ament_prefix_path.ps1'
[1.478s] INFO:colcon.colcon_core.shell:Creating environment descriptor '/home/thxssio/robotics_framework/install/gui_package/share/gui_package/hook/ament_prefix_path.dsv'
[1.479s] INFO:colcon.colcon_core.shell:Creating environment hook '/home/thxssio/robotics_framework/install/gui_package/share/gui_package/hook/ament_prefix_path.sh'
[1.479s] INFO:colcon.colcon_core.shell:Skip shell extension 'powershell' for command environment: Not usable outside of PowerShell
[1.479s] DEBUG:colcon.colcon_core.shell:Skip shell extension 'dsv' for command environment
[1.731s] INFO:colcon.colcon_core.task.python.build:Building Python package in '/home/thxssio/robotics_framework/src/gui_package'
[1.731s] INFO:colcon.colcon_core.shell:Skip shell extension 'powershell' for command environment: Not usable outside of PowerShell
[1.731s] DEBUG:colcon.colcon_core.shell:Skip shell extension 'dsv' for command environment
[1.736s] DEBUG:colcon.colcon_core.event_handler.log_command:Invoking command in '/home/thxssio/robotics_framework/src/vision_receiver_package': CMAKE_PREFIX_PATH=/home/thxssio/robotics_framework/install/interface_package:/home/thxssio/robotics_framework/install/robot_communication_package:/home/thxssio/robotics_framework/install/navigation_package LD_LIBRARY_PATH=/home/thxssio/robotics_framework/install/interface_package/lib:/home/thxssio/robotics_framework/install/navigation_package/lib:/opt/ros/humble/opt/rviz_ogre_vendor/lib:/opt/ros/humble/lib/x86_64-linux-gnu:/opt/ros/humble/lib PYTHONPATH=/home/thxssio/robotics_framework/build/vision_receiver_package/prefix_override:/usr/lib/python3/dist-packages/colcon_core/task/python/colcon_distutils_commands:/home/thxssio/robotics_framework/install/vision_receiver_package/lib/python3.10/site-packages:${PYTHONPATH} /usr/bin/python3 -W ignore:setup.py install is deprecated -W ignore:easy_install command is deprecated setup.py egg_info --egg-base ../../build/vision_receiver_package build --build-base /home/thxssio/robotics_framework/build/vision_receiver_package/build install --record /home/thxssio/robotics_framework/build/vision_receiver_package/install.log --single-version-externally-managed install_data
[1.996s] Level 1:colcon.colcon_core.environment:checking '/home/thxssio/robotics_framework/install/vision_receiver_package' for CMake module files
[1.996s] DEBUG:colcon.colcon_core.event_handler.log_command:Invoked command in '/home/thxssio/robotics_framework/src/vision_receiver_package' returned '0': CMAKE_PREFIX_PATH=/home/thxssio/robotics_framework/install/interface_package:/home/thxssio/robotics_framework/install/robot_communication_package:/home/thxssio/robotics_framework/install/navigation_package LD_LIBRARY_PATH=/home/thxssio/robotics_framework/install/interface_package/lib:/home/thxssio/robotics_framework/install/navigation_package/lib:/opt/ros/humble/opt/rviz_ogre_vendor/lib:/opt/ros/humble/lib/x86_64-linux-gnu:/opt/ros/humble/lib PYTHONPATH=/home/thxssio/robotics_framework/build/vision_receiver_package/prefix_override:/usr/lib/python3/dist-packages/colcon_core/task/python/colcon_distutils_commands:/home/thxssio/robotics_framework/install/vision_receiver_package/lib/python3.10/site-packages:${PYTHONPATH} /usr/bin/python3 -W ignore:setup.py install is deprecated -W ignore:easy_install command is deprecated setup.py egg_info --egg-base ../../build/vision_receiver_package build --build-base /home/thxssio/robotics_framework/build/vision_receiver_package/build install --record /home/thxssio/robotics_framework/build/vision_receiver_package/install.log --single-version-externally-managed install_data
[1.997s] Level 1:colcon.colcon_core.environment:checking '/home/thxssio/robotics_framework/install/vision_receiver_package' for CMake config files
[1.997s] Level 1:colcon.colcon_core.environment:checking '/home/thxssio/robotics_framework/install/vision_receiver_package/lib'
[1.997s] Level 1:colcon.colcon_core.environment:checking '/home/thxssio/robotics_framework/install/vision_receiver_package/bin'
[1.997s] Level 1:colcon.colcon_core.environment:checking '/home/thxssio/robotics_framework/install/vision_receiver_package/lib/pkgconfig/vision_receiver_package.pc'
[1.997s] Level 1:colcon.colcon_core.environment:checking '/home/thxssio/robotics_framework/install/vision_receiver_package/lib/python3.10/site-packages'
[1.997s] Level 1:colcon.colcon_core.shell:create_environment_hook('vision_receiver_package', 'pythonpath')
[1.998s] INFO:colcon.colcon_core.shell:Creating environment hook '/home/thxssio/robotics_framework/install/vision_receiver_package/share/vision_receiver_package/hook/pythonpath.ps1'
[1.998s] INFO:colcon.colcon_core.shell:Creating environment descriptor '/home/thxssio/robotics_framework/install/vision_receiver_package/share/vision_receiver_package/hook/pythonpath.dsv'
[1.999s] INFO:colcon.colcon_core.shell:Creating environment hook '/home/thxssio/robotics_framework/install/vision_receiver_package/share/vision_receiver_package/hook/pythonpath.sh'
[1.999s] Level 1:colcon.colcon_core.environment:checking '/home/thxssio/robotics_framework/install/vision_receiver_package/bin'
[1.999s] Level 1:colcon.colcon_core.environment:create_environment_scripts_only(vision_receiver_package)
[1.999s] INFO:colcon.colcon_core.shell:Creating package script '/home/thxssio/robotics_framework/install/vision_receiver_package/share/vision_receiver_package/package.ps1'
[2.000s] INFO:colcon.colcon_core.shell:Creating package descriptor '/home/thxssio/robotics_framework/install/vision_receiver_package/share/vision_receiver_package/package.dsv'
[2.000s] INFO:colcon.colcon_core.shell:Creating package script '/home/thxssio/robotics_framework/install/vision_receiver_package/share/vision_receiver_package/package.sh'
[2.000s] INFO:colcon.colcon_core.shell:Creating package script '/home/thxssio/robotics_framework/install/vision_receiver_package/share/vision_receiver_package/package.bash'
[2.000s] INFO:colcon.colcon_core.shell:Creating package script '/home/thxssio/robotics_framework/install/vision_receiver_package/share/vision_receiver_package/package.zsh'
[2.001s] Level 1:colcon.colcon_core.environment:create_file_with_runtime_dependencies(/home/thxssio/robotics_framework/install/vision_receiver_package/share/colcon-core/packages/vision_receiver_package)
[2.058s] DEBUG:colcon.colcon_core.event_handler.log_command:Invoking command in '/home/thxssio/robotics_framework/src/gui_package': AMENT_PREFIX_PATH=/home/thxssio/robotics_framework/install/behavior_package:/home/thxssio/robotics_framework/install/vision_receiver_package:/home/thxssio/robotics_framework/install/robot_communication_package:/home/thxssio/robotics_framework/install/navigation_package:/home/thxssio/robotics_framework/install/gui_package:/home/thxssio/robotics_framework/install/interface_package:/opt/ros/humble CMAKE_PREFIX_PATH=/home/thxssio/robotics_framework/install/interface_package:/home/thxssio/robotics_framework/install/robot_communication_package:/home/thxssio/robotics_framework/install/navigation_package LD_LIBRARY_PATH=/home/thxssio/robotics_framework/install/interface_package/lib:/home/thxssio/robotics_framework/install/navigation_package/lib:/opt/ros/humble/opt/rviz_ogre_vendor/lib:/opt/ros/humble/lib/x86_64-linux-gnu:/opt/ros/humble/lib PYTHONPATH=/home/thxssio/robotics_framework/build/gui_package/prefix_override:/usr/lib/python3/dist-packages/colcon_core/task/python/colcon_distutils_commands:/home/thxssio/robotics_framework/install/gui_package/lib/python3.10/site-packages:/home/thxssio/robotics_framework/install/behavior_package/lib/python3.10/site-packages:/home/thxssio/robotics_framework/install/vision_receiver_package/lib/python3.10/site-packages:/home/thxssio/robotics_framework/install/robot_communication_package/local/lib/python3.10/dist-packages:/home/thxssio/robotics_framework/install/gui_package/lib/python3.10/site-packages:/home/thxssio/robotics_framework/install/interface_package/local/lib/python3.10/dist-packages:/opt/ros/humble/lib/python3.10/site-packages:/opt/ros/humble/local/lib/python3.10/dist-packages /usr/bin/python3 -W ignore:setup.py install is deprecated -W ignore:easy_install command is deprecated setup.py egg_info --egg-base ../../build/gui_package build --build-base /home/thxssio/robotics_framework/build/gui_package/build install --record /home/thxssio/robotics_framework/build/gui_package/install.log --single-version-externally-managed install_data
[2.337s] Level 1:colcon.colcon_core.environment:checking '/home/thxssio/robotics_framework/install/gui_package' for CMake module files
[2.338s] DEBUG:colcon.colcon_core.event_handler.log_command:Invoked command in '/home/thxssio/robotics_framework/src/gui_package' returned '0': AMENT_PREFIX_PATH=/home/thxssio/robotics_framework/install/behavior_package:/home/thxssio/robotics_framework/install/vision_receiver_package:/home/thxssio/robotics_framework/install/robot_communication_package:/home/thxssio/robotics_framework/install/navigation_package:/home/thxssio/robotics_framework/install/gui_package:/home/thxssio/robotics_framework/install/interface_package:/opt/ros/humble CMAKE_PREFIX_PATH=/home/thxssio/robotics_framework/install/interface_package:/home/thxssio/robotics_framework/install/robot_communication_package:/home/thxssio/robotics_framework/install/navigation_package LD_LIBRARY_PATH=/home/thxssio/robotics_framework/install/interface_package/lib:/home/thxssio/robotics_framework/install/navigation_package/lib:/opt/ros/humble/opt/rviz_ogre_vendor/lib:/opt/ros/humble/lib/x86_64-linux-gnu:/opt/ros/humble/lib PYTHONPATH=/home/thxssio/robotics_framework/build/gui_package/prefix_override:/usr/lib/python3/dist-packages/colcon_core/task/python/colcon_distutils_commands:/home/thxssio/robotics_framework/install/gui_package/lib/python3.10/site-packages:/home/thxssio/robotics_framework/install/behavior_package/lib/python3.10/site-packages:/home/thxssio/robotics_framework/install/vision_receiver_package/lib/python3.10/site-packages:/home/thxssio/robotics_framework/install/robot_communication_package/local/lib/python3.10/dist-packages:/home/thxssio/robotics_framework/install/gui_package/lib/python3.10/site-packages:/home/thxssio/robotics_framework/install/interface_package/local/lib/python3.10/dist-packages:/opt/ros/humble/lib/python3.10/site-packages:/opt/ros/humble/local/lib/python3.10/dist-packages /usr/bin/python3 -W ignore:setup.py install is deprecated -W ignore:easy_install command is deprecated setup.py egg_info --egg-base ../../build/gui_package build --build-base /home/thxssio/robotics_framework/build/gui_package/build install --record /home/thxssio/robotics_framework/build/gui_package/install.log --single-version-externally-managed install_data
[2.338s] Level 1:colcon.colcon_core.environment:checking '/home/thxssio/robotics_framework/install/gui_package' for CMake config files
[2.339s] Level 1:colcon.colcon_core.environment:checking '/home/thxssio/robotics_framework/install/gui_package/lib'
[2.339s] Level 1:colcon.colcon_core.environment:checking '/home/thxssio/robotics_framework/install/gui_package/bin'
[2.339s] Level 1:colcon.colcon_core.environment:checking '/home/thxssio/robotics_framework/install/gui_package/lib/pkgconfig/gui_package.pc'
[2.340s] Level 1:colcon.colcon_core.environment:checking '/home/thxssio/robotics_framework/install/gui_package/lib/python3.10/site-packages'
[2.340s] Level 1:colcon.colcon_core.shell:create_environment_hook('gui_package', 'pythonpath')
[2.340s] INFO:colcon.colcon_core.shell:Creating environment hook '/home/thxssio/robotics_framework/install/gui_package/share/gui_package/hook/pythonpath.ps1'
[2.340s] INFO:colcon.colcon_core.shell:Creating environment descriptor '/home/thxssio/robotics_framework/install/gui_package/share/gui_package/hook/pythonpath.dsv'
[2.341s] INFO:colcon.colcon_core.shell:Creating environment hook '/home/thxssio/robotics_framework/install/gui_package/share/gui_package/hook/pythonpath.sh'
[2.342s] Level 1:colcon.colcon_core.environment:checking '/home/thxssio/robotics_framework/install/gui_package/bin'
[2.342s] Level 1:colcon.colcon_core.environment:create_environment_scripts_only(gui_package)
[2.342s] INFO:colcon.colcon_core.shell:Creating package script '/home/thxssio/robotics_framework/install/gui_package/share/gui_package/package.ps1'
[2.343s] INFO:colcon.colcon_core.shell:Creating package descriptor '/home/thxssio/robotics_framework/install/gui_package/share/gui_package/package.dsv'
[2.343s] INFO:colcon.colcon_core.shell:Creating package script '/home/thxssio/robotics_framework/install/gui_package/share/gui_package/package.sh'
[2.343s] INFO:colcon.colcon_core.shell:Creating package script '/home/thxssio/robotics_framework/install/gui_package/share/gui_package/package.bash'
[2.344s] INFO:colcon.colcon_core.shell:Creating package script '/home/thxssio/robotics_framework/install/gui_package/share/gui_package/package.zsh'
[2.344s] Level 1:colcon.colcon_core.environment:create_file_with_runtime_dependencies(/home/thxssio/robotics_framework/install/gui_package/share/colcon-core/packages/gui_package)
[2.345s] DEBUG:colcon.colcon_parallel_executor.executor.parallel:closing loop
[2.345s] DEBUG:colcon.colcon_parallel_executor.executor.parallel:loop closed
[2.345s] DEBUG:colcon.colcon_parallel_executor.executor.parallel:run_until_complete finished with '0'
[2.345s] DEBUG:colcon.colcon_core.event_reactor:joining thread
[2.353s] INFO:colcon.colcon_core.plugin_system:Skipping extension 'colcon_notification.desktop_notification.terminal_notifier': Not used on non-Darwin systems
[2.353s] INFO:colcon.colcon_core.plugin_system:Skipping extension 'colcon_notification.desktop_notification.win32': Not used on non-Windows systems
[2.353s] INFO:colcon.colcon_notification.desktop_notification:Sending desktop notification using 'notify2'
[2.363s] DEBUG:colcon.colcon_core.event_reactor:joined thread
[2.363s] INFO:colcon.colcon_core.shell:Creating prefix script '/home/thxssio/robotics_framework/install/local_setup.ps1'
[2.365s] INFO:colcon.colcon_core.shell:Creating prefix util module '/home/thxssio/robotics_framework/install/_local_setup_util_ps1.py'
[2.368s] INFO:colcon.colcon_core.shell:Creating prefix chain script '/home/thxssio/robotics_framework/install/setup.ps1'
[2.370s] INFO:colcon.colcon_core.shell:Creating prefix script '/home/thxssio/robotics_framework/install/local_setup.sh'
[2.371s] INFO:colcon.colcon_core.shell:Creating prefix util module '/home/thxssio/robotics_framework/install/_local_setup_util_sh.py'
[2.371s] INFO:colcon.colcon_core.shell:Creating prefix chain script '/home/thxssio/robotics_framework/install/setup.sh'
[2.374s] INFO:colcon.colcon_core.shell:Creating prefix script '/home/thxssio/robotics_framework/install/local_setup.bash'
[2.374s] INFO:colcon.colcon_core.shell:Creating prefix chain script '/home/thxssio/robotics_framework/install/setup.bash'
[2.375s] INFO:colcon.colcon_core.shell:Creating prefix script '/home/thxssio/robotics_framework/install/local_setup.zsh'
[2.376s] INFO:colcon.colcon_core.shell:Creating prefix chain script '/home/thxssio/robotics_framework/install/setup.zsh'
