running egg_info
writing ../../build/gui_package/gui_package.egg-info/PKG-INFO
writing dependency_links to ../../build/gui_package/gui_package.egg-info/dependency_links.txt
writing entry points to ../../build/gui_package/gui_package.egg-info/entry_points.txt
writing requirements to ../../build/gui_package/gui_package.egg-info/requires.txt
writing top-level names to ../../build/gui_package/gui_package.egg-info/top_level.txt
reading manifest file '../../build/gui_package/gui_package.egg-info/SOURCES.txt'
writing manifest file '../../build/gui_package/gui_package.egg-info/SOURCES.txt'
running build
running build_py
copying gui_package/gui_interface.py -> /home/thxssio/robotics_framework/build/gui_package/build/lib/gui_package
copying gui_package/field_widget.py -> /home/thxssio/robotics_framework/build/gui_package/build/lib/gui_package
running install
running install_lib
copying /home/thxssio/robotics_framework/build/gui_package/build/lib/gui_package/gui_interface.py -> /home/thxssio/robotics_framework/install/gui_package/lib/python3.10/site-packages/gui_package
copying /home/thxssio/robotics_framework/build/gui_package/build/lib/gui_package/field_widget.py -> /home/thxssio/robotics_framework/install/gui_package/lib/python3.10/site-packages/gui_package
byte-compiling /home/thxssio/robotics_framework/install/gui_package/lib/python3.10/site-packages/gui_package/gui_interface.py to gui_interface.cpython-310.pyc
byte-compiling /home/thxssio/robotics_framework/install/gui_package/lib/python3.10/site-packages/gui_package/field_widget.py to field_widget.cpython-310.pyc
running install_data
running install_egg_info
removing '/home/thxssio/robotics_framework/install/gui_package/lib/python3.10/site-packages/gui_package-0.0.0-py3.10.egg-info' (and everything under it)
Copying ../../build/gui_package/gui_package.egg-info to /home/thxssio/robotics_framework/install/gui_package/lib/python3.10/site-packages/gui_package-0.0.0-py3.10.egg-info
running install_scripts
Installing framework script to /home/thxssio/robotics_framework/install/gui_package/lib/gui_package
Installing world_tf_broadcaster script to /home/thxssio/robotics_framework/install/gui_package/lib/gui_package
writing list of installed files to '/home/thxssio/robotics_framework/build/gui_package/install.log'
