[0.916s] Invoking command in '/home/thxssio/robotics_framework/src/gui_package': AMENT_PREFIX_PATH=/home/thxssio/robotics_framework/install/interface_package:/home/thxssio/robotics_framework/install/behavior_package:${AMENT_PREFIX_PATH} CMAKE_PREFIX_PATH=/home/thxssio/robotics_framework/install/interface_package LD_LIBRARY_PATH=/home/thxssio/robotics_framework/install/interface_package/lib:${LD_LIBRARY_PATH} PYTHONPATH=/home/thxssio/robotics_framework/build/gui_package/prefix_override:/usr/lib/python3/dist-packages/colcon_core/task/python/colcon_distutils_commands:/home/thxssio/robotics_framework/install/gui_package/lib/python3.10/site-packages:/home/thxssio/robotics_framework/install/interface_package/local/lib/python3.10/dist-packages:/home/thxssio/robotics_framework/install/behavior_package/lib/python3.10/site-packages:${PYTHONPATH} /usr/bin/python3 -W ignore:setup.py install is deprecated -W ignore:easy_install command is deprecated setup.py egg_info --egg-base ../../build/gui_package build --build-base /home/thxssio/robotics_framework/build/gui_package/build install --record /home/thxssio/robotics_framework/build/gui_package/install.log --single-version-externally-managed install_data
[1.311s] running egg_info
[1.312s] writing ../../build/gui_package/gui_package.egg-info/PKG-INFO
[1.312s] writing dependency_links to ../../build/gui_package/gui_package.egg-info/dependency_links.txt
[1.313s] writing entry points to ../../build/gui_package/gui_package.egg-info/entry_points.txt
[1.313s] writing requirements to ../../build/gui_package/gui_package.egg-info/requires.txt
[1.313s] writing top-level names to ../../build/gui_package/gui_package.egg-info/top_level.txt
[1.318s] reading manifest file '../../build/gui_package/gui_package.egg-info/SOURCES.txt'
[1.319s] writing manifest file '../../build/gui_package/gui_package.egg-info/SOURCES.txt'
[1.319s] running build
[1.319s] running build_py
[1.319s] copying gui_package/gui_interface.py -> /home/thxssio/robotics_framework/build/gui_package/build/lib/gui_package
[1.320s] copying gui_package/field_widget.py -> /home/thxssio/robotics_framework/build/gui_package/build/lib/gui_package
[1.322s] running install
[1.322s] running install_lib
[1.323s] copying /home/thxssio/robotics_framework/build/gui_package/build/lib/gui_package/gui_interface.py -> /home/thxssio/robotics_framework/install/gui_package/lib/python3.10/site-packages/gui_package
[1.324s] copying /home/thxssio/robotics_framework/build/gui_package/build/lib/gui_package/field_widget.py -> /home/thxssio/robotics_framework/install/gui_package/lib/python3.10/site-packages/gui_package
[1.325s] byte-compiling /home/thxssio/robotics_framework/install/gui_package/lib/python3.10/site-packages/gui_package/gui_interface.py to gui_interface.cpython-310.pyc
[1.337s] byte-compiling /home/thxssio/robotics_framework/install/gui_package/lib/python3.10/site-packages/gui_package/field_widget.py to field_widget.cpython-310.pyc
[1.341s] running install_data
[1.341s] running install_egg_info
[1.343s] removing '/home/thxssio/robotics_framework/install/gui_package/lib/python3.10/site-packages/gui_package-0.0.0-py3.10.egg-info' (and everything under it)
[1.345s] Copying ../../build/gui_package/gui_package.egg-info to /home/thxssio/robotics_framework/install/gui_package/lib/python3.10/site-packages/gui_package-0.0.0-py3.10.egg-info
[1.345s] running install_scripts
[1.365s] Installing framework script to /home/thxssio/robotics_framework/install/gui_package/lib/gui_package
[1.366s] Installing world_tf_broadcaster script to /home/thxssio/robotics_framework/install/gui_package/lib/gui_package
[1.366s] writing list of installed files to '/home/thxssio/robotics_framework/build/gui_package/install.log'
[1.398s] Invoked command in '/home/thxssio/robotics_framework/src/gui_package' returned '0': AMENT_PREFIX_PATH=/home/thxssio/robotics_framework/install/interface_package:/home/thxssio/robotics_framework/install/behavior_package:${AMENT_PREFIX_PATH} CMAKE_PREFIX_PATH=/home/thxssio/robotics_framework/install/interface_package LD_LIBRARY_PATH=/home/thxssio/robotics_framework/install/interface_package/lib:${LD_LIBRARY_PATH} PYTHONPATH=/home/thxssio/robotics_framework/build/gui_package/prefix_override:/usr/lib/python3/dist-packages/colcon_core/task/python/colcon_distutils_commands:/home/thxssio/robotics_framework/install/gui_package/lib/python3.10/site-packages:/home/thxssio/robotics_framework/install/interface_package/local/lib/python3.10/dist-packages:/home/thxssio/robotics_framework/install/behavior_package/lib/python3.10/site-packages:${PYTHONPATH} /usr/bin/python3 -W ignore:setup.py install is deprecated -W ignore:easy_install command is deprecated setup.py egg_info --egg-base ../../build/gui_package build --build-base /home/thxssio/robotics_framework/build/gui_package/build install --record /home/thxssio/robotics_framework/build/gui_package/install.log --single-version-externally-managed install_data
