[1.148s] Invoking command in '/home/thxssio/robotics_framework/src/vision_receiver_package': AMENT_PREFIX_PATH=/home/thxssio/robotics_framework/install/interface_package:${AMENT_PREFIX_PATH} CMAKE_PREFIX_PATH=/home/thxssio/robotics_framework/install/interface_package LD_LIBRARY_PATH=/home/thxssio/robotics_framework/install/interface_package/lib:${LD_LIBRARY_PATH} PYTHONPATH=/home/thxssio/robotics_framework/build/vision_receiver_package/prefix_override:/usr/lib/python3/dist-packages/colcon_core/task/python/colcon_distutils_commands:/home/thxssio/robotics_framework/install/vision_receiver_package/lib/python3.10/site-packages:/home/thxssio/robotics_framework/install/interface_package/local/lib/python3.10/dist-packages:${PYTHONPATH} /usr/bin/python3 -W ignore:setup.py install is deprecated -W ignore:easy_install command is deprecated setup.py egg_info --egg-base ../../build/vision_receiver_package build --build-base /home/thxssio/robotics_framework/build/vision_receiver_package/build install --record /home/thxssio/robotics_framework/build/vision_receiver_package/install.log --single-version-externally-managed install_data
[1.447s] running egg_info
[1.448s] writing ../../build/vision_receiver_package/vision_receiver_package.egg-info/PKG-INFO
[1.449s] writing dependency_links to ../../build/vision_receiver_package/vision_receiver_package.egg-info/dependency_links.txt
[1.449s] writing entry points to ../../build/vision_receiver_package/vision_receiver_package.egg-info/entry_points.txt
[1.449s] writing requirements to ../../build/vision_receiver_package/vision_receiver_package.egg-info/requires.txt
[1.449s] writing top-level names to ../../build/vision_receiver_package/vision_receiver_package.egg-info/top_level.txt
[1.455s] reading manifest file '../../build/vision_receiver_package/vision_receiver_package.egg-info/SOURCES.txt'
[1.456s] writing manifest file '../../build/vision_receiver_package/vision_receiver_package.egg-info/SOURCES.txt'
[1.456s] running build
[1.456s] running build_py
[1.456s] copying vision_receiver_package/vision_node.py -> /home/thxssio/robotics_framework/build/vision_receiver_package/build/lib/vision_receiver_package
[1.456s] running install
[1.457s] running install_lib
[1.457s] copying /home/thxssio/robotics_framework/build/vision_receiver_package/build/lib/vision_receiver_package/vision_node.py -> /home/thxssio/robotics_framework/install/vision_receiver_package/lib/python3.10/site-packages/vision_receiver_package
[1.458s] byte-compiling /home/thxssio/robotics_framework/install/vision_receiver_package/lib/python3.10/site-packages/vision_receiver_package/vision_node.py to vision_node.cpython-310.pyc
[1.461s] running install_data
[1.461s] running install_egg_info
[1.471s] removing '/home/thxssio/robotics_framework/install/vision_receiver_package/lib/python3.10/site-packages/vision_receiver_package-0.0.0-py3.10.egg-info' (and everything under it)
[1.472s] Copying ../../build/vision_receiver_package/vision_receiver_package.egg-info to /home/thxssio/robotics_framework/install/vision_receiver_package/lib/python3.10/site-packages/vision_receiver_package-0.0.0-py3.10.egg-info
[1.472s] running install_scripts
[1.490s] Installing vision_receiver script to /home/thxssio/robotics_framework/install/vision_receiver_package/lib/vision_receiver_package
[1.490s] writing list of installed files to '/home/thxssio/robotics_framework/build/vision_receiver_package/install.log'
[1.527s] Invoked command in '/home/thxssio/robotics_framework/src/vision_receiver_package' returned '0': AMENT_PREFIX_PATH=/home/thxssio/robotics_framework/install/interface_package:${AMENT_PREFIX_PATH} CMAKE_PREFIX_PATH=/home/thxssio/robotics_framework/install/interface_package LD_LIBRARY_PATH=/home/thxssio/robotics_framework/install/interface_package/lib:${LD_LIBRARY_PATH} PYTHONPATH=/home/thxssio/robotics_framework/build/vision_receiver_package/prefix_override:/usr/lib/python3/dist-packages/colcon_core/task/python/colcon_distutils_commands:/home/thxssio/robotics_framework/install/vision_receiver_package/lib/python3.10/site-packages:/home/thxssio/robotics_framework/install/interface_package/local/lib/python3.10/dist-packages:${PYTHONPATH} /usr/bin/python3 -W ignore:setup.py install is deprecated -W ignore:easy_install command is deprecated setup.py egg_info --egg-base ../../build/vision_receiver_package build --build-base /home/thxssio/robotics_framework/build/vision_receiver_package/build install --record /home/thxssio/robotics_framework/build/vision_receiver_package/install.log --single-version-externally-managed install_data
