running egg_info
creating ../../build/gui_package/gui_package.egg-info
writing ../../build/gui_package/gui_package.egg-info/PKG-INFO
writing dependency_links to ../../build/gui_package/gui_package.egg-info/dependency_links.txt
writing entry points to ../../build/gui_package/gui_package.egg-info/entry_points.txt
writing requirements to ../../build/gui_package/gui_package.egg-info/requires.txt
writing top-level names to ../../build/gui_package/gui_package.egg-info/top_level.txt
writing manifest file '../../build/gui_package/gui_package.egg-info/SOURCES.txt'
reading manifest file '../../build/gui_package/gui_package.egg-info/SOURCES.txt'
writing manifest file '../../build/gui_package/gui_package.egg-info/SOURCES.txt'
running build
running build_py
creating /home/thxssio/robotics_framework/build/gui_package/build
creating /home/thxssio/robotics_framework/build/gui_package/build/lib
creating /home/thxssio/robotics_framework/build/gui_package/build/lib/gui_package
copying gui_package/gui_interface.py -> /home/thxssio/robotics_framework/build/gui_package/build/lib/gui_package
copying gui_package/field_widget.py -> /home/thxssio/robotics_framework/build/gui_package/build/lib/gui_package
copying gui_package/world_tf_broadcaster.py -> /home/thxssio/robotics_framework/build/gui_package/build/lib/gui_package
copying gui_package/__init__.py -> /home/thxssio/robotics_framework/build/gui_package/build/lib/gui_package
creating /home/thxssio/robotics_framework/build/gui_package/build/lib/gui_package/teams
copying gui_package/teams/standard2010_16.png -> /home/thxssio/robotics_framework/build/gui_package/build/lib/gui_package/teams
creating /home/thxssio/robotics_framework/build/gui_package/build/lib/gui_package/teams/blue
copying gui_package/teams/blue/0.png -> /home/thxssio/robotics_framework/build/gui_package/build/lib/gui_package/teams/blue
copying gui_package/teams/blue/1.png -> /home/thxssio/robotics_framework/build/gui_package/build/lib/gui_package/teams/blue
copying gui_package/teams/blue/2.png -> /home/thxssio/robotics_framework/build/gui_package/build/lib/gui_package/teams/blue
copying gui_package/teams/blue/3.png -> /home/thxssio/robotics_framework/build/gui_package/build/lib/gui_package/teams/blue
copying gui_package/teams/blue/4.png -> /home/thxssio/robotics_framework/build/gui_package/build/lib/gui_package/teams/blue
copying gui_package/teams/blue/5.png -> /home/thxssio/robotics_framework/build/gui_package/build/lib/gui_package/teams/blue
creating /home/thxssio/robotics_framework/build/gui_package/build/lib/gui_package/teams/yellow
copying gui_package/teams/yellow/0.png -> /home/thxssio/robotics_framework/build/gui_package/build/lib/gui_package/teams/yellow
copying gui_package/teams/yellow/1.png -> /home/thxssio/robotics_framework/build/gui_package/build/lib/gui_package/teams/yellow
copying gui_package/teams/yellow/2.png -> /home/thxssio/robotics_framework/build/gui_package/build/lib/gui_package/teams/yellow
copying gui_package/teams/yellow/3.png -> /home/thxssio/robotics_framework/build/gui_package/build/lib/gui_package/teams/yellow
copying gui_package/teams/yellow/4.png -> /home/thxssio/robotics_framework/build/gui_package/build/lib/gui_package/teams/yellow
copying gui_package/teams/yellow/5.png -> /home/thxssio/robotics_framework/build/gui_package/build/lib/gui_package/teams/yellow
running install
running install_lib
creating /home/thxssio/robotics_framework/install/gui_package/lib/python3.10/site-packages/gui_package
copying /home/thxssio/robotics_framework/build/gui_package/build/lib/gui_package/gui_interface.py -> /home/thxssio/robotics_framework/install/gui_package/lib/python3.10/site-packages/gui_package
copying /home/thxssio/robotics_framework/build/gui_package/build/lib/gui_package/field_widget.py -> /home/thxssio/robotics_framework/install/gui_package/lib/python3.10/site-packages/gui_package
creating /home/thxssio/robotics_framework/install/gui_package/lib/python3.10/site-packages/gui_package/teams
creating /home/thxssio/robotics_framework/install/gui_package/lib/python3.10/site-packages/gui_package/teams/yellow
copying /home/thxssio/robotics_framework/build/gui_package/build/lib/gui_package/teams/yellow/0.png -> /home/thxssio/robotics_framework/install/gui_package/lib/python3.10/site-packages/gui_package/teams/yellow
copying /home/thxssio/robotics_framework/build/gui_package/build/lib/gui_package/teams/yellow/5.png -> /home/thxssio/robotics_framework/install/gui_package/lib/python3.10/site-packages/gui_package/teams/yellow
copying /home/thxssio/robotics_framework/build/gui_package/build/lib/gui_package/teams/yellow/3.png -> /home/thxssio/robotics_framework/install/gui_package/lib/python3.10/site-packages/gui_package/teams/yellow
copying /home/thxssio/robotics_framework/build/gui_package/build/lib/gui_package/teams/yellow/2.png -> /home/thxssio/robotics_framework/install/gui_package/lib/python3.10/site-packages/gui_package/teams/yellow
copying /home/thxssio/robotics_framework/build/gui_package/build/lib/gui_package/teams/yellow/4.png -> /home/thxssio/robotics_framework/install/gui_package/lib/python3.10/site-packages/gui_package/teams/yellow
copying /home/thxssio/robotics_framework/build/gui_package/build/lib/gui_package/teams/yellow/1.png -> /home/thxssio/robotics_framework/install/gui_package/lib/python3.10/site-packages/gui_package/teams/yellow
creating /home/thxssio/robotics_framework/install/gui_package/lib/python3.10/site-packages/gui_package/teams/blue
copying /home/thxssio/robotics_framework/build/gui_package/build/lib/gui_package/teams/blue/0.png -> /home/thxssio/robotics_framework/install/gui_package/lib/python3.10/site-packages/gui_package/teams/blue
copying /home/thxssio/robotics_framework/build/gui_package/build/lib/gui_package/teams/blue/5.png -> /home/thxssio/robotics_framework/install/gui_package/lib/python3.10/site-packages/gui_package/teams/blue
copying /home/thxssio/robotics_framework/build/gui_package/build/lib/gui_package/teams/blue/3.png -> /home/thxssio/robotics_framework/install/gui_package/lib/python3.10/site-packages/gui_package/teams/blue
copying /home/thxssio/robotics_framework/build/gui_package/build/lib/gui_package/teams/blue/2.png -> /home/thxssio/robotics_framework/install/gui_package/lib/python3.10/site-packages/gui_package/teams/blue
copying /home/thxssio/robotics_framework/build/gui_package/build/lib/gui_package/teams/blue/4.png -> /home/thxssio/robotics_framework/install/gui_package/lib/python3.10/site-packages/gui_package/teams/blue
copying /home/thxssio/robotics_framework/build/gui_package/build/lib/gui_package/teams/blue/1.png -> /home/thxssio/robotics_framework/install/gui_package/lib/python3.10/site-packages/gui_package/teams/blue
copying /home/thxssio/robotics_framework/build/gui_package/build/lib/gui_package/teams/standard2010_16.png -> /home/thxssio/robotics_framework/install/gui_package/lib/python3.10/site-packages/gui_package/teams
copying /home/thxssio/robotics_framework/build/gui_package/build/lib/gui_package/world_tf_broadcaster.py -> /home/thxssio/robotics_framework/install/gui_package/lib/python3.10/site-packages/gui_package
copying /home/thxssio/robotics_framework/build/gui_package/build/lib/gui_package/__init__.py -> /home/thxssio/robotics_framework/install/gui_package/lib/python3.10/site-packages/gui_package
byte-compiling /home/thxssio/robotics_framework/install/gui_package/lib/python3.10/site-packages/gui_package/gui_interface.py to gui_interface.cpython-310.pyc
byte-compiling /home/thxssio/robotics_framework/install/gui_package/lib/python3.10/site-packages/gui_package/field_widget.py to field_widget.cpython-310.pyc
byte-compiling /home/thxssio/robotics_framework/install/gui_package/lib/python3.10/site-packages/gui_package/world_tf_broadcaster.py to world_tf_broadcaster.cpython-310.pyc
byte-compiling /home/thxssio/robotics_framework/install/gui_package/lib/python3.10/site-packages/gui_package/__init__.py to __init__.cpython-310.pyc
running install_data
creating /home/thxssio/robotics_framework/install/gui_package/share/ament_index
creating /home/thxssio/robotics_framework/install/gui_package/share/ament_index/resource_index
creating /home/thxssio/robotics_framework/install/gui_package/share/ament_index/resource_index/packages
copying resource/gui_package -> /home/thxssio/robotics_framework/install/gui_package/share/ament_index/resource_index/packages
copying package.xml -> /home/thxssio/robotics_framework/install/gui_package/share/gui_package
running install_egg_info
Copying ../../build/gui_package/gui_package.egg-info to /home/thxssio/robotics_framework/install/gui_package/lib/python3.10/site-packages/gui_package-0.0.0-py3.10.egg-info
running install_scripts
Installing framework_gui script to /home/thxssio/robotics_framework/install/gui_package/lib/gui_package
Installing world_tf_broadcaster script to /home/thxssio/robotics_framework/install/gui_package/lib/gui_package
writing list of installed files to '/home/thxssio/robotics_framework/build/gui_package/install.log'
