[0.207s] DEBUG:colcon:Command line arguments: ['/usr/bin/colcon', 'build']
[0.207s] DEBUG:colcon:Parsed command line arguments: Namespace(log_base=None, log_level=None, verb_name='build', build_base='build', install_base='install', merge_install=False, symlink_install=False, test_result_base=None, continue_on_error=False, executor='parallel', parallel_workers=16, event_handlers=None, ignore_user_meta=False, metas=['./colcon.meta'], base_paths=['.'], packages_ignore=None, packages_ignore_regex=None, paths=None, packages_up_to=None, packages_up_to_regex=None, packages_above=None, packages_above_and_dependencies=None, packages_above_depth=None, packages_select_by_dep=None, packages_skip_by_dep=None, packages_skip_up_to=None, packages_select_build_failed=False, packages_skip_build_finished=False, packages_select_test_failures=False, packages_skip_test_passed=False, packages_select=None, packages_skip=None, packages_select_regex=None, packages_skip_regex=None, packages_start=None, packages_end=None, allow_overriding=[], cmake_args=None, cmake_target=None, cmake_target_skip_unavailable=False, cmake_clean_cache=False, cmake_clean_first=False, cmake_force_configure=False, ament_cmake_args=None, catkin_cmake_args=None, catkin_skip_building_tests=False, mixin_files=None, mixin=None, verb_parser=<colcon_mixin.mixin.mixin_argument.MixinArgumentDecorator object at 0x78377e7af4c0>, verb_extension=<colcon_core.verb.build.BuildVerb object at 0x78377e8f04f0>, main=<bound method BuildVerb.main of <colcon_core.verb.build.BuildVerb object at 0x78377e8f04f0>>, mixin_verb=('build',))
[0.436s] Level 1:colcon.colcon_core.package_discovery:discover_packages(colcon_meta) check parameters
[0.436s] Level 1:colcon.colcon_core.package_discovery:discover_packages(recursive) check parameters
[0.436s] Level 1:colcon.colcon_core.package_discovery:discover_packages(ignore) check parameters
[0.436s] Level 1:colcon.colcon_core.package_discovery:discover_packages(path) check parameters
[0.436s] Level 1:colcon.colcon_core.package_discovery:discover_packages(colcon_meta) discover
[0.436s] Level 1:colcon.colcon_core.package_discovery:discover_packages(recursive) discover
[0.436s] INFO:colcon.colcon_core.package_discovery:Crawling recursively for packages in '/home/thxssio/robotics_framework'
[0.436s] Level 1:colcon.colcon_core.package_identification:_identify(.) by extensions ['ignore', 'ignore_ament_install']
[0.436s] Level 1:colcon.colcon_core.package_identification:_identify(.) by extension 'ignore'
[0.436s] Level 1:colcon.colcon_core.package_identification:_identify(.) by extension 'ignore_ament_install'
[0.436s] Level 1:colcon.colcon_core.package_identification:_identify(.) by extensions ['colcon_pkg']
[0.436s] Level 1:colcon.colcon_core.package_identification:_identify(.) by extension 'colcon_pkg'
[0.436s] Level 1:colcon.colcon_core.package_identification:_identify(.) by extensions ['colcon_meta']
[0.436s] Level 1:colcon.colcon_core.package_identification:_identify(.) by extension 'colcon_meta'
[0.436s] Level 1:colcon.colcon_core.package_identification:_identify(.) by extensions ['ros']
[0.436s] Level 1:colcon.colcon_core.package_identification:_identify(.) by extension 'ros'
[0.460s] Level 1:colcon.colcon_core.package_identification:_identify(.) by extensions ['cmake', 'python']
[0.460s] Level 1:colcon.colcon_core.package_identification:_identify(.) by extension 'cmake'
[0.460s] Level 1:colcon.colcon_core.package_identification:_identify(.) by extension 'python'
[0.460s] Level 1:colcon.colcon_core.package_identification:_identify(.) by extensions ['python_setup_py']
[0.460s] Level 1:colcon.colcon_core.package_identification:_identify(.) by extension 'python_setup_py'
[0.460s] Level 1:colcon.colcon_core.package_identification:_identify(build) by extensions ['ignore', 'ignore_ament_install']
[0.460s] Level 1:colcon.colcon_core.package_identification:_identify(build) by extension 'ignore'
[0.460s] Level 1:colcon.colcon_core.package_identification:_identify(build) ignored
[0.460s] Level 1:colcon.colcon_core.package_identification:_identify(install) by extensions ['ignore', 'ignore_ament_install']
[0.460s] Level 1:colcon.colcon_core.package_identification:_identify(install) by extension 'ignore'
[0.460s] Level 1:colcon.colcon_core.package_identification:_identify(install) ignored
[0.460s] Level 1:colcon.colcon_core.package_identification:_identify(log) by extensions ['ignore', 'ignore_ament_install']
[0.461s] Level 1:colcon.colcon_core.package_identification:_identify(log) by extension 'ignore'
[0.461s] Level 1:colcon.colcon_core.package_identification:_identify(log) ignored
[0.461s] Level 1:colcon.colcon_core.package_identification:_identify(src) by extensions ['ignore', 'ignore_ament_install']
[0.461s] Level 1:colcon.colcon_core.package_identification:_identify(src) by extension 'ignore'
[0.461s] Level 1:colcon.colcon_core.package_identification:_identify(src) by extension 'ignore_ament_install'
[0.461s] Level 1:colcon.colcon_core.package_identification:_identify(src) by extensions ['colcon_pkg']
[0.461s] Level 1:colcon.colcon_core.package_identification:_identify(src) by extension 'colcon_pkg'
[0.461s] Level 1:colcon.colcon_core.package_identification:_identify(src) by extensions ['colcon_meta']
[0.461s] Level 1:colcon.colcon_core.package_identification:_identify(src) by extension 'colcon_meta'
[0.461s] Level 1:colcon.colcon_core.package_identification:_identify(src) by extensions ['ros']
[0.461s] Level 1:colcon.colcon_core.package_identification:_identify(src) by extension 'ros'
[0.461s] Level 1:colcon.colcon_core.package_identification:_identify(src) by extensions ['cmake', 'python']
[0.461s] Level 1:colcon.colcon_core.package_identification:_identify(src) by extension 'cmake'
[0.461s] Level 1:colcon.colcon_core.package_identification:_identify(src) by extension 'python'
[0.461s] Level 1:colcon.colcon_core.package_identification:_identify(src) by extensions ['python_setup_py']
[0.461s] Level 1:colcon.colcon_core.package_identification:_identify(src) by extension 'python_setup_py'
[0.461s] Level 1:colcon.colcon_core.package_identification:_identify(src/behavior_package) by extensions ['ignore', 'ignore_ament_install']
[0.461s] Level 1:colcon.colcon_core.package_identification:_identify(src/behavior_package) by extension 'ignore'
[0.461s] Level 1:colcon.colcon_core.package_identification:_identify(src/behavior_package) by extension 'ignore_ament_install'
[0.461s] Level 1:colcon.colcon_core.package_identification:_identify(src/behavior_package) by extensions ['colcon_pkg']
[0.461s] Level 1:colcon.colcon_core.package_identification:_identify(src/behavior_package) by extension 'colcon_pkg'
[0.461s] Level 1:colcon.colcon_core.package_identification:_identify(src/behavior_package) by extensions ['colcon_meta']
[0.461s] Level 1:colcon.colcon_core.package_identification:_identify(src/behavior_package) by extension 'colcon_meta'
[0.461s] Level 1:colcon.colcon_core.package_identification:_identify(src/behavior_package) by extensions ['ros']
[0.461s] Level 1:colcon.colcon_core.package_identification:_identify(src/behavior_package) by extension 'ros'
[0.464s] DEBUG:colcon.colcon_core.package_identification:Package 'src/behavior_package' with type 'ros.ament_python' and name 'behavior_package'
[0.464s] Level 1:colcon.colcon_core.package_identification:_identify(src/gui_package) by extensions ['ignore', 'ignore_ament_install']
[0.464s] Level 1:colcon.colcon_core.package_identification:_identify(src/gui_package) by extension 'ignore'
[0.464s] Level 1:colcon.colcon_core.package_identification:_identify(src/gui_package) by extension 'ignore_ament_install'
[0.464s] Level 1:colcon.colcon_core.package_identification:_identify(src/gui_package) by extensions ['colcon_pkg']
[0.464s] Level 1:colcon.colcon_core.package_identification:_identify(src/gui_package) by extension 'colcon_pkg'
[0.464s] Level 1:colcon.colcon_core.package_identification:_identify(src/gui_package) by extensions ['colcon_meta']
[0.464s] Level 1:colcon.colcon_core.package_identification:_identify(src/gui_package) by extension 'colcon_meta'
[0.464s] Level 1:colcon.colcon_core.package_identification:_identify(src/gui_package) by extensions ['ros']
[0.464s] Level 1:colcon.colcon_core.package_identification:_identify(src/gui_package) by extension 'ros'
[0.465s] DEBUG:colcon.colcon_core.package_identification:Package 'src/gui_package' with type 'ros.ament_python' and name 'gui_package'
[0.465s] Level 1:colcon.colcon_core.package_identification:_identify(src/interface_package) by extensions ['ignore', 'ignore_ament_install']
[0.465s] Level 1:colcon.colcon_core.package_identification:_identify(src/interface_package) by extension 'ignore'
[0.465s] Level 1:colcon.colcon_core.package_identification:_identify(src/interface_package) by extension 'ignore_ament_install'
[0.466s] Level 1:colcon.colcon_core.package_identification:_identify(src/interface_package) by extensions ['colcon_pkg']
[0.466s] Level 1:colcon.colcon_core.package_identification:_identify(src/interface_package) by extension 'colcon_pkg'
[0.466s] Level 1:colcon.colcon_core.package_identification:_identify(src/interface_package) by extensions ['colcon_meta']
[0.466s] Level 1:colcon.colcon_core.package_identification:_identify(src/interface_package) by extension 'colcon_meta'
[0.466s] Level 1:colcon.colcon_core.package_identification:_identify(src/interface_package) by extensions ['ros']
[0.466s] Level 1:colcon.colcon_core.package_identification:_identify(src/interface_package) by extension 'ros'
[0.466s] DEBUG:colcon.colcon_core.package_identification:Package 'src/interface_package' with type 'ros.ament_cmake' and name 'interface_package'
[0.466s] Level 1:colcon.colcon_core.package_identification:_identify(src/navigation_package) by extensions ['ignore', 'ignore_ament_install']
[0.466s] Level 1:colcon.colcon_core.package_identification:_identify(src/navigation_package) by extension 'ignore'
[0.466s] Level 1:colcon.colcon_core.package_identification:_identify(src/navigation_package) by extension 'ignore_ament_install'
[0.466s] Level 1:colcon.colcon_core.package_identification:_identify(src/navigation_package) by extensions ['colcon_pkg']
[0.466s] Level 1:colcon.colcon_core.package_identification:_identify(src/navigation_package) by extension 'colcon_pkg'
[0.466s] Level 1:colcon.colcon_core.package_identification:_identify(src/navigation_package) by extensions ['colcon_meta']
[0.466s] Level 1:colcon.colcon_core.package_identification:_identify(src/navigation_package) by extension 'colcon_meta'
[0.466s] Level 1:colcon.colcon_core.package_identification:_identify(src/navigation_package) by extensions ['ros']
[0.466s] Level 1:colcon.colcon_core.package_identification:_identify(src/navigation_package) by extension 'ros'
[0.467s] DEBUG:colcon.colcon_core.package_identification:Package 'src/navigation_package' with type 'ros.ament_cmake' and name 'navigation_package'
[0.467s] Level 1:colcon.colcon_core.package_identification:_identify(src/robot_communication_package) by extensions ['ignore', 'ignore_ament_install']
[0.467s] Level 1:colcon.colcon_core.package_identification:_identify(src/robot_communication_package) by extension 'ignore'
[0.467s] Level 1:colcon.colcon_core.package_identification:_identify(src/robot_communication_package) by extension 'ignore_ament_install'
[0.467s] Level 1:colcon.colcon_core.package_identification:_identify(src/robot_communication_package) by extensions ['colcon_pkg']
[0.467s] Level 1:colcon.colcon_core.package_identification:_identify(src/robot_communication_package) by extension 'colcon_pkg'
[0.467s] Level 1:colcon.colcon_core.package_identification:_identify(src/robot_communication_package) by extensions ['colcon_meta']
[0.467s] Level 1:colcon.colcon_core.package_identification:_identify(src/robot_communication_package) by extension 'colcon_meta'
[0.467s] Level 1:colcon.colcon_core.package_identification:_identify(src/robot_communication_package) by extensions ['ros']
[0.467s] Level 1:colcon.colcon_core.package_identification:_identify(src/robot_communication_package) by extension 'ros'
[0.468s] DEBUG:colcon.colcon_core.package_identification:Package 'src/robot_communication_package' with type 'ros.ament_cmake' and name 'robot_communication_package'
[0.468s] Level 1:colcon.colcon_core.package_identification:_identify(src/vision_receiver_package) by extensions ['ignore', 'ignore_ament_install']
[0.468s] Level 1:colcon.colcon_core.package_identification:_identify(src/vision_receiver_package) by extension 'ignore'
[0.468s] Level 1:colcon.colcon_core.package_identification:_identify(src/vision_receiver_package) by extension 'ignore_ament_install'
[0.468s] Level 1:colcon.colcon_core.package_identification:_identify(src/vision_receiver_package) by extensions ['colcon_pkg']
[0.468s] Level 1:colcon.colcon_core.package_identification:_identify(src/vision_receiver_package) by extension 'colcon_pkg'
[0.468s] Level 1:colcon.colcon_core.package_identification:_identify(src/vision_receiver_package) by extensions ['colcon_meta']
[0.468s] Level 1:colcon.colcon_core.package_identification:_identify(src/vision_receiver_package) by extension 'colcon_meta'
[0.468s] Level 1:colcon.colcon_core.package_identification:_identify(src/vision_receiver_package) by extensions ['ros']
[0.468s] Level 1:colcon.colcon_core.package_identification:_identify(src/vision_receiver_package) by extension 'ros'
[0.469s] DEBUG:colcon.colcon_core.package_identification:Package 'src/vision_receiver_package' with type 'ros.ament_python' and name 'vision_receiver_package'
[0.469s] Level 1:colcon.colcon_core.package_discovery:discover_packages(recursive) using defaults
[0.469s] Level 1:colcon.colcon_core.package_discovery:discover_packages(ignore) discover
[0.469s] Level 1:colcon.colcon_core.package_discovery:discover_packages(ignore) using defaults
[0.469s] Level 1:colcon.colcon_core.package_discovery:discover_packages(path) discover
[0.469s] Level 1:colcon.colcon_core.package_discovery:discover_packages(path) using defaults
[0.492s] Level 1:colcon.colcon_core.package_discovery:discover_packages(prefix_path) check parameters
[0.492s] Level 1:colcon.colcon_core.package_discovery:discover_packages(prefix_path) discover
[0.495s] DEBUG:colcon.colcon_installed_package_information.package_discovery:Found 6 installed packages in /home/thxssio/robotics_framework/install
[0.496s] DEBUG:colcon.colcon_installed_package_information.package_discovery:Found 277 installed packages in /opt/ros/humble
[0.497s] Level 1:colcon.colcon_core.package_discovery:discover_packages(prefix_path) using defaults
[0.539s] Level 5:colcon.colcon_core.verb:set package 'behavior_package' build argument 'cmake_args' from command line to 'None'
[0.539s] Level 5:colcon.colcon_core.verb:set package 'behavior_package' build argument 'cmake_target' from command line to 'None'
[0.539s] Level 5:colcon.colcon_core.verb:set package 'behavior_package' build argument 'cmake_target_skip_unavailable' from command line to 'False'
[0.539s] Level 5:colcon.colcon_core.verb:set package 'behavior_package' build argument 'cmake_clean_cache' from command line to 'False'
[0.539s] Level 5:colcon.colcon_core.verb:set package 'behavior_package' build argument 'cmake_clean_first' from command line to 'False'
[0.539s] Level 5:colcon.colcon_core.verb:set package 'behavior_package' build argument 'cmake_force_configure' from command line to 'False'
[0.539s] Level 5:colcon.colcon_core.verb:set package 'behavior_package' build argument 'ament_cmake_args' from command line to 'None'
[0.539s] Level 5:colcon.colcon_core.verb:set package 'behavior_package' build argument 'catkin_cmake_args' from command line to 'None'
[0.539s] Level 5:colcon.colcon_core.verb:set package 'behavior_package' build argument 'catkin_skip_building_tests' from command line to 'False'
[0.539s] DEBUG:colcon.colcon_core.verb:Building package 'behavior_package' with the following arguments: {'ament_cmake_args': None, 'build_base': '/home/thxssio/robotics_framework/build/behavior_package', 'catkin_cmake_args': None, 'catkin_skip_building_tests': False, 'cmake_args': None, 'cmake_clean_cache': False, 'cmake_clean_first': False, 'cmake_force_configure': False, 'cmake_target': None, 'cmake_target_skip_unavailable': False, 'install_base': '/home/thxssio/robotics_framework/install/behavior_package', 'merge_install': False, 'path': '/home/thxssio/robotics_framework/src/behavior_package', 'symlink_install': False, 'test_result_base': None}
[0.539s] Level 5:colcon.colcon_core.verb:set package 'interface_package' build argument 'cmake_args' from command line to 'None'
[0.539s] Level 5:colcon.colcon_core.verb:set package 'interface_package' build argument 'cmake_target' from command line to 'None'
[0.539s] Level 5:colcon.colcon_core.verb:set package 'interface_package' build argument 'cmake_target_skip_unavailable' from command line to 'False'
[0.539s] Level 5:colcon.colcon_core.verb:set package 'interface_package' build argument 'cmake_clean_cache' from command line to 'False'
[0.539s] Level 5:colcon.colcon_core.verb:set package 'interface_package' build argument 'cmake_clean_first' from command line to 'False'
[0.539s] Level 5:colcon.colcon_core.verb:set package 'interface_package' build argument 'cmake_force_configure' from command line to 'False'
[0.539s] Level 5:colcon.colcon_core.verb:set package 'interface_package' build argument 'ament_cmake_args' from command line to 'None'
[0.539s] Level 5:colcon.colcon_core.verb:set package 'interface_package' build argument 'catkin_cmake_args' from command line to 'None'
[0.540s] Level 5:colcon.colcon_core.verb:set package 'interface_package' build argument 'catkin_skip_building_tests' from command line to 'False'
[0.540s] DEBUG:colcon.colcon_core.verb:Building package 'interface_package' with the following arguments: {'ament_cmake_args': None, 'build_base': '/home/thxssio/robotics_framework/build/interface_package', 'catkin_cmake_args': None, 'catkin_skip_building_tests': False, 'cmake_args': None, 'cmake_clean_cache': False, 'cmake_clean_first': False, 'cmake_force_configure': False, 'cmake_target': None, 'cmake_target_skip_unavailable': False, 'install_base': '/home/thxssio/robotics_framework/install/interface_package', 'merge_install': False, 'path': '/home/thxssio/robotics_framework/src/interface_package', 'symlink_install': False, 'test_result_base': None}
[0.540s] Level 5:colcon.colcon_core.verb:set package 'gui_package' build argument 'cmake_args' from command line to 'None'
[0.540s] Level 5:colcon.colcon_core.verb:set package 'gui_package' build argument 'cmake_target' from command line to 'None'
[0.540s] Level 5:colcon.colcon_core.verb:set package 'gui_package' build argument 'cmake_target_skip_unavailable' from command line to 'False'
[0.540s] Level 5:colcon.colcon_core.verb:set package 'gui_package' build argument 'cmake_clean_cache' from command line to 'False'
[0.540s] Level 5:colcon.colcon_core.verb:set package 'gui_package' build argument 'cmake_clean_first' from command line to 'False'
[0.540s] Level 5:colcon.colcon_core.verb:set package 'gui_package' build argument 'cmake_force_configure' from command line to 'False'
[0.540s] Level 5:colcon.colcon_core.verb:set package 'gui_package' build argument 'ament_cmake_args' from command line to 'None'
[0.540s] Level 5:colcon.colcon_core.verb:set package 'gui_package' build argument 'catkin_cmake_args' from command line to 'None'
[0.540s] Level 5:colcon.colcon_core.verb:set package 'gui_package' build argument 'catkin_skip_building_tests' from command line to 'False'
[0.540s] DEBUG:colcon.colcon_core.verb:Building package 'gui_package' with the following arguments: {'ament_cmake_args': None, 'build_base': '/home/thxssio/robotics_framework/build/gui_package', 'catkin_cmake_args': None, 'catkin_skip_building_tests': False, 'cmake_args': None, 'cmake_clean_cache': False, 'cmake_clean_first': False, 'cmake_force_configure': False, 'cmake_target': None, 'cmake_target_skip_unavailable': False, 'install_base': '/home/thxssio/robotics_framework/install/gui_package', 'merge_install': False, 'path': '/home/thxssio/robotics_framework/src/gui_package', 'symlink_install': False, 'test_result_base': None}
[0.541s] Level 5:colcon.colcon_core.verb:set package 'navigation_package' build argument 'cmake_args' from command line to 'None'
[0.541s] Level 5:colcon.colcon_core.verb:set package 'navigation_package' build argument 'cmake_target' from command line to 'None'
[0.541s] Level 5:colcon.colcon_core.verb:set package 'navigation_package' build argument 'cmake_target_skip_unavailable' from command line to 'False'
[0.541s] Level 5:colcon.colcon_core.verb:set package 'navigation_package' build argument 'cmake_clean_cache' from command line to 'False'
[0.541s] Level 5:colcon.colcon_core.verb:set package 'navigation_package' build argument 'cmake_clean_first' from command line to 'False'
[0.541s] Level 5:colcon.colcon_core.verb:set package 'navigation_package' build argument 'cmake_force_configure' from command line to 'False'
[0.541s] Level 5:colcon.colcon_core.verb:set package 'navigation_package' build argument 'ament_cmake_args' from command line to 'None'
[0.541s] Level 5:colcon.colcon_core.verb:set package 'navigation_package' build argument 'catkin_cmake_args' from command line to 'None'
[0.541s] Level 5:colcon.colcon_core.verb:set package 'navigation_package' build argument 'catkin_skip_building_tests' from command line to 'False'
[0.541s] DEBUG:colcon.colcon_core.verb:Building package 'navigation_package' with the following arguments: {'ament_cmake_args': None, 'build_base': '/home/thxssio/robotics_framework/build/navigation_package', 'catkin_cmake_args': None, 'catkin_skip_building_tests': False, 'cmake_args': None, 'cmake_clean_cache': False, 'cmake_clean_first': False, 'cmake_force_configure': False, 'cmake_target': None, 'cmake_target_skip_unavailable': False, 'install_base': '/home/thxssio/robotics_framework/install/navigation_package', 'merge_install': False, 'path': '/home/thxssio/robotics_framework/src/navigation_package', 'symlink_install': False, 'test_result_base': None}
[0.541s] Level 5:colcon.colcon_core.verb:set package 'robot_communication_package' build argument 'cmake_args' from command line to 'None'
[0.541s] Level 5:colcon.colcon_core.verb:set package 'robot_communication_package' build argument 'cmake_target' from command line to 'None'
[0.541s] Level 5:colcon.colcon_core.verb:set package 'robot_communication_package' build argument 'cmake_target_skip_unavailable' from command line to 'False'
[0.541s] Level 5:colcon.colcon_core.verb:set package 'robot_communication_package' build argument 'cmake_clean_cache' from command line to 'False'
[0.541s] Level 5:colcon.colcon_core.verb:set package 'robot_communication_package' build argument 'cmake_clean_first' from command line to 'False'
[0.541s] Level 5:colcon.colcon_core.verb:set package 'robot_communication_package' build argument 'cmake_force_configure' from command line to 'False'
[0.541s] Level 5:colcon.colcon_core.verb:set package 'robot_communication_package' build argument 'ament_cmake_args' from command line to 'None'
[0.541s] Level 5:colcon.colcon_core.verb:set package 'robot_communication_package' build argument 'catkin_cmake_args' from command line to 'None'
[0.541s] Level 5:colcon.colcon_core.verb:set package 'robot_communication_package' build argument 'catkin_skip_building_tests' from command line to 'False'
[0.541s] DEBUG:colcon.colcon_core.verb:Building package 'robot_communication_package' with the following arguments: {'ament_cmake_args': None, 'build_base': '/home/thxssio/robotics_framework/build/robot_communication_package', 'catkin_cmake_args': None, 'catkin_skip_building_tests': False, 'cmake_args': None, 'cmake_clean_cache': False, 'cmake_clean_first': False, 'cmake_force_configure': False, 'cmake_target': None, 'cmake_target_skip_unavailable': False, 'install_base': '/home/thxssio/robotics_framework/install/robot_communication_package', 'merge_install': False, 'path': '/home/thxssio/robotics_framework/src/robot_communication_package', 'symlink_install': False, 'test_result_base': None}
[0.541s] Level 5:colcon.colcon_core.verb:set package 'vision_receiver_package' build argument 'cmake_args' from command line to 'None'
[0.541s] Level 5:colcon.colcon_core.verb:set package 'vision_receiver_package' build argument 'cmake_target' from command line to 'None'
[0.541s] Level 5:colcon.colcon_core.verb:set package 'vision_receiver_package' build argument 'cmake_target_skip_unavailable' from command line to 'False'
[0.541s] Level 5:colcon.colcon_core.verb:set package 'vision_receiver_package' build argument 'cmake_clean_cache' from command line to 'False'
[0.541s] Level 5:colcon.colcon_core.verb:set package 'vision_receiver_package' build argument 'cmake_clean_first' from command line to 'False'
[0.541s] Level 5:colcon.colcon_core.verb:set package 'vision_receiver_package' build argument 'cmake_force_configure' from command line to 'False'
[0.541s] Level 5:colcon.colcon_core.verb:set package 'vision_receiver_package' build argument 'ament_cmake_args' from command line to 'None'
[0.541s] Level 5:colcon.colcon_core.verb:set package 'vision_receiver_package' build argument 'catkin_cmake_args' from command line to 'None'
[0.541s] Level 5:colcon.colcon_core.verb:set package 'vision_receiver_package' build argument 'catkin_skip_building_tests' from command line to 'False'
[0.541s] DEBUG:colcon.colcon_core.verb:Building package 'vision_receiver_package' with the following arguments: {'ament_cmake_args': None, 'build_base': '/home/thxssio/robotics_framework/build/vision_receiver_package', 'catkin_cmake_args': None, 'catkin_skip_building_tests': False, 'cmake_args': None, 'cmake_clean_cache': False, 'cmake_clean_first': False, 'cmake_force_configure': False, 'cmake_target': None, 'cmake_target_skip_unavailable': False, 'install_base': '/home/thxssio/robotics_framework/install/vision_receiver_package', 'merge_install': False, 'path': '/home/thxssio/robotics_framework/src/vision_receiver_package', 'symlink_install': False, 'test_result_base': None}
[0.541s] INFO:colcon.colcon_core.executor:Executing jobs using 'parallel' executor
[0.542s] DEBUG:colcon.colcon_parallel_executor.executor.parallel:run_until_complete
[0.542s] INFO:colcon.colcon_ros.task.ament_cmake.build:Building ROS package in '/home/thxssio/robotics_framework/src/interface_package' with build type 'ament_cmake'
[0.542s] INFO:colcon.colcon_cmake.task.cmake.build:Building CMake package in '/home/thxssio/robotics_framework/src/interface_package'
[0.546s] INFO:colcon.colcon_core.plugin_system:Skipping extension 'colcon_core.shell.bat': Not used on non-Windows systems
[0.546s] INFO:colcon.colcon_core.shell:Skip shell extension 'powershell' for command environment: Not usable outside of PowerShell
[0.546s] DEBUG:colcon.colcon_core.shell:Skip shell extension 'dsv' for command environment
[0.549s] INFO:colcon.colcon_ros.task.ament_python.build:Building ROS package in '/home/thxssio/robotics_framework/src/behavior_package' with build type 'ament_python'
[0.549s] Level 1:colcon.colcon_core.shell:create_environment_hook('behavior_package', 'ament_prefix_path')
[0.550s] INFO:colcon.colcon_core.shell:Creating environment hook '/home/thxssio/robotics_framework/install/behavior_package/share/behavior_package/hook/ament_prefix_path.ps1'
[0.550s] INFO:colcon.colcon_core.shell:Creating environment descriptor '/home/thxssio/robotics_framework/install/behavior_package/share/behavior_package/hook/ament_prefix_path.dsv'
[0.551s] INFO:colcon.colcon_core.shell:Creating environment hook '/home/thxssio/robotics_framework/install/behavior_package/share/behavior_package/hook/ament_prefix_path.sh'
[0.551s] INFO:colcon.colcon_core.shell:Skip shell extension 'powershell' for command environment: Not usable outside of PowerShell
[0.551s] DEBUG:colcon.colcon_core.shell:Skip shell extension 'dsv' for command environment
[0.558s] DEBUG:colcon.colcon_core.event_handler.log_command:Invoking command in '/home/thxssio/robotics_framework/build/interface_package': CMAKE_PREFIX_PATH=${CMAKE_PREFIX_PATH}:/home/thxssio/robotics_framework/install/vision_receiver_package:/home/thxssio/robotics_framework/install/gui_package:/home/thxssio/robotics_framework/install/behavior_package:/opt/ros/humble /usr/bin/cmake --build /home/thxssio/robotics_framework/build/interface_package -- -j16 -l16
[0.775s] INFO:colcon.colcon_core.task.python.build:Building Python package in '/home/thxssio/robotics_framework/src/behavior_package'
[0.775s] INFO:colcon.colcon_core.shell:Skip shell extension 'powershell' for command environment: Not usable outside of PowerShell
[0.775s] DEBUG:colcon.colcon_core.shell:Skip shell extension 'dsv' for command environment
[0.924s] DEBUG:colcon.colcon_core.event_handler.log_command:Invoked command in '/home/thxssio/robotics_framework/build/interface_package' returned '0': CMAKE_PREFIX_PATH=${CMAKE_PREFIX_PATH}:/home/thxssio/robotics_framework/install/vision_receiver_package:/home/thxssio/robotics_framework/install/gui_package:/home/thxssio/robotics_framework/install/behavior_package:/opt/ros/humble /usr/bin/cmake --build /home/thxssio/robotics_framework/build/interface_package -- -j16 -l16
[0.932s] DEBUG:colcon.colcon_core.event_handler.log_command:Invoking command in '/home/thxssio/robotics_framework/build/interface_package': CMAKE_PREFIX_PATH=${CMAKE_PREFIX_PATH}:/home/thxssio/robotics_framework/install/vision_receiver_package:/home/thxssio/robotics_framework/install/gui_package:/home/thxssio/robotics_framework/install/behavior_package:/opt/ros/humble /usr/bin/cmake --install /home/thxssio/robotics_framework/build/interface_package
[1.024s] Level 1:colcon.colcon_core.environment:create_environment_scripts_only(interface_package)
[1.025s] DEBUG:colcon.colcon_core.event_handler.log_command:Invoked command in '/home/thxssio/robotics_framework/build/interface_package' returned '0': CMAKE_PREFIX_PATH=${CMAKE_PREFIX_PATH}:/home/thxssio/robotics_framework/install/vision_receiver_package:/home/thxssio/robotics_framework/install/gui_package:/home/thxssio/robotics_framework/install/behavior_package:/opt/ros/humble /usr/bin/cmake --install /home/thxssio/robotics_framework/build/interface_package
[1.029s] Level 1:colcon.colcon_core.environment:checking '/home/thxssio/robotics_framework/install/interface_package' for CMake module files
[1.030s] Level 1:colcon.colcon_core.environment:checking '/home/thxssio/robotics_framework/install/interface_package' for CMake config files
[1.032s] Level 1:colcon.colcon_core.shell:create_environment_hook('interface_package', 'cmake_prefix_path')
[1.032s] INFO:colcon.colcon_core.shell:Creating environment hook '/home/thxssio/robotics_framework/install/interface_package/share/interface_package/hook/cmake_prefix_path.ps1'
[1.033s] INFO:colcon.colcon_core.shell:Creating environment descriptor '/home/thxssio/robotics_framework/install/interface_package/share/interface_package/hook/cmake_prefix_path.dsv'
[1.033s] INFO:colcon.colcon_core.shell:Creating environment hook '/home/thxssio/robotics_framework/install/interface_package/share/interface_package/hook/cmake_prefix_path.sh'
[1.034s] Level 1:colcon.colcon_core.environment:checking '/home/thxssio/robotics_framework/install/interface_package/lib'
[1.034s] Level 1:colcon.colcon_core.shell:create_environment_hook('interface_package', 'ld_library_path_lib')
[1.034s] INFO:colcon.colcon_core.shell:Creating environment hook '/home/thxssio/robotics_framework/install/interface_package/share/interface_package/hook/ld_library_path_lib.ps1'
[1.035s] INFO:colcon.colcon_core.shell:Creating environment descriptor '/home/thxssio/robotics_framework/install/interface_package/share/interface_package/hook/ld_library_path_lib.dsv'
[1.035s] INFO:colcon.colcon_core.shell:Creating environment hook '/home/thxssio/robotics_framework/install/interface_package/share/interface_package/hook/ld_library_path_lib.sh'
[1.036s] Level 1:colcon.colcon_core.environment:checking '/home/thxssio/robotics_framework/install/interface_package/bin'
[1.036s] Level 1:colcon.colcon_core.environment:checking '/home/thxssio/robotics_framework/install/interface_package/lib/pkgconfig/interface_package.pc'
[1.036s] Level 1:colcon.colcon_core.environment:checking '/home/thxssio/robotics_framework/install/interface_package/lib/python3.10/site-packages'
[1.036s] Level 1:colcon.colcon_core.environment:checking '/home/thxssio/robotics_framework/install/interface_package/bin'
[1.037s] INFO:colcon.colcon_core.shell:Creating package script '/home/thxssio/robotics_framework/install/interface_package/share/interface_package/package.ps1'
[1.037s] INFO:colcon.colcon_core.shell:Creating package descriptor '/home/thxssio/robotics_framework/install/interface_package/share/interface_package/package.dsv'
[1.038s] INFO:colcon.colcon_core.shell:Creating package script '/home/thxssio/robotics_framework/install/interface_package/share/interface_package/package.sh'
[1.038s] INFO:colcon.colcon_core.shell:Creating package script '/home/thxssio/robotics_framework/install/interface_package/share/interface_package/package.bash'
[1.039s] INFO:colcon.colcon_core.shell:Creating package script '/home/thxssio/robotics_framework/install/interface_package/share/interface_package/package.zsh'
[1.039s] Level 1:colcon.colcon_core.environment:create_file_with_runtime_dependencies(/home/thxssio/robotics_framework/install/interface_package/share/colcon-core/packages/interface_package)
[1.040s] Level 1:colcon.colcon_core.environment:create_environment_scripts_only(interface_package)
[1.040s] Level 1:colcon.colcon_core.environment:checking '/home/thxssio/robotics_framework/install/interface_package' for CMake module files
[1.041s] Level 1:colcon.colcon_core.environment:checking '/home/thxssio/robotics_framework/install/interface_package' for CMake config files
[1.042s] Level 1:colcon.colcon_core.shell:create_environment_hook('interface_package', 'cmake_prefix_path')
[1.042s] INFO:colcon.colcon_core.shell:Creating environment hook '/home/thxssio/robotics_framework/install/interface_package/share/interface_package/hook/cmake_prefix_path.ps1'
[1.042s] INFO:colcon.colcon_core.shell:Creating environment descriptor '/home/thxssio/robotics_framework/install/interface_package/share/interface_package/hook/cmake_prefix_path.dsv'
[1.042s] INFO:colcon.colcon_core.shell:Creating environment hook '/home/thxssio/robotics_framework/install/interface_package/share/interface_package/hook/cmake_prefix_path.sh'
[1.043s] Level 1:colcon.colcon_core.environment:checking '/home/thxssio/robotics_framework/install/interface_package/lib'
[1.043s] Level 1:colcon.colcon_core.shell:create_environment_hook('interface_package', 'ld_library_path_lib')
[1.043s] INFO:colcon.colcon_core.shell:Creating environment hook '/home/thxssio/robotics_framework/install/interface_package/share/interface_package/hook/ld_library_path_lib.ps1'
[1.043s] INFO:colcon.colcon_core.shell:Creating environment descriptor '/home/thxssio/robotics_framework/install/interface_package/share/interface_package/hook/ld_library_path_lib.dsv'
[1.044s] INFO:colcon.colcon_core.shell:Creating environment hook '/home/thxssio/robotics_framework/install/interface_package/share/interface_package/hook/ld_library_path_lib.sh'
[1.044s] Level 1:colcon.colcon_core.environment:checking '/home/thxssio/robotics_framework/install/interface_package/bin'
[1.044s] Level 1:colcon.colcon_core.environment:checking '/home/thxssio/robotics_framework/install/interface_package/lib/pkgconfig/interface_package.pc'
[1.044s] Level 1:colcon.colcon_core.environment:checking '/home/thxssio/robotics_framework/install/interface_package/lib/python3.10/site-packages'
[1.044s] Level 1:colcon.colcon_core.environment:checking '/home/thxssio/robotics_framework/install/interface_package/bin'
[1.045s] INFO:colcon.colcon_core.shell:Creating package script '/home/thxssio/robotics_framework/install/interface_package/share/interface_package/package.ps1'
[1.045s] INFO:colcon.colcon_core.shell:Creating package descriptor '/home/thxssio/robotics_framework/install/interface_package/share/interface_package/package.dsv'
[1.045s] INFO:colcon.colcon_core.shell:Creating package script '/home/thxssio/robotics_framework/install/interface_package/share/interface_package/package.sh'
[1.046s] INFO:colcon.colcon_core.shell:Creating package script '/home/thxssio/robotics_framework/install/interface_package/share/interface_package/package.bash'
[1.046s] INFO:colcon.colcon_core.shell:Creating package script '/home/thxssio/robotics_framework/install/interface_package/share/interface_package/package.zsh'
[1.046s] Level 1:colcon.colcon_core.environment:create_file_with_runtime_dependencies(/home/thxssio/robotics_framework/install/interface_package/share/colcon-core/packages/interface_package)
[1.046s] INFO:colcon.colcon_ros.task.ament_cmake.build:Building ROS package in '/home/thxssio/robotics_framework/src/navigation_package' with build type 'ament_cmake'
[1.046s] INFO:colcon.colcon_cmake.task.cmake.build:Building CMake package in '/home/thxssio/robotics_framework/src/navigation_package'
[1.047s] INFO:colcon.colcon_core.shell:Skip shell extension 'powershell' for command environment: Not usable outside of PowerShell
[1.047s] DEBUG:colcon.colcon_core.shell:Skip shell extension 'dsv' for command environment
[1.049s] INFO:colcon.colcon_ros.task.ament_cmake.build:Building ROS package in '/home/thxssio/robotics_framework/src/robot_communication_package' with build type 'ament_cmake'
[1.050s] INFO:colcon.colcon_cmake.task.cmake.build:Building CMake package in '/home/thxssio/robotics_framework/src/robot_communication_package'
[1.050s] INFO:colcon.colcon_core.shell:Skip shell extension 'powershell' for command environment: Not usable outside of PowerShell
[1.050s] DEBUG:colcon.colcon_core.shell:Skip shell extension 'dsv' for command environment
[1.052s] INFO:colcon.colcon_ros.task.ament_python.build:Building ROS package in '/home/thxssio/robotics_framework/src/vision_receiver_package' with build type 'ament_python'
[1.052s] Level 1:colcon.colcon_core.shell:create_environment_hook('vision_receiver_package', 'ament_prefix_path')
[1.053s] INFO:colcon.colcon_core.shell:Creating environment hook '/home/thxssio/robotics_framework/install/vision_receiver_package/share/vision_receiver_package/hook/ament_prefix_path.ps1'
[1.053s] INFO:colcon.colcon_core.shell:Creating environment descriptor '/home/thxssio/robotics_framework/install/vision_receiver_package/share/vision_receiver_package/hook/ament_prefix_path.dsv'
[1.053s] INFO:colcon.colcon_core.shell:Creating environment hook '/home/thxssio/robotics_framework/install/vision_receiver_package/share/vision_receiver_package/hook/ament_prefix_path.sh'
[1.054s] INFO:colcon.colcon_core.shell:Skip shell extension 'powershell' for command environment: Not usable outside of PowerShell
[1.054s] DEBUG:colcon.colcon_core.shell:Skip shell extension 'dsv' for command environment
[1.059s] DEBUG:colcon.colcon_core.event_handler.log_command:Invoking command in '/home/thxssio/robotics_framework/build/navigation_package': CMAKE_PREFIX_PATH=/home/thxssio/robotics_framework/install/interface_package:/home/thxssio/robotics_framework/install/robot_communication_package:/home/thxssio/robotics_framework/install/navigation_package:/home/thxssio/robotics_framework/install/vision_receiver_package:/home/thxssio/robotics_framework/install/gui_package:/home/thxssio/robotics_framework/install/behavior_package:/opt/ros/humble LD_LIBRARY_PATH=/home/thxssio/robotics_framework/install/interface_package/lib:/home/thxssio/robotics_framework/install/navigation_package/lib:/opt/ros/humble/opt/rviz_ogre_vendor/lib:/opt/ros/humble/lib/x86_64-linux-gnu:/opt/ros/humble/lib /usr/bin/cmake --build /home/thxssio/robotics_framework/build/navigation_package -- -j16 -l16
[1.062s] DEBUG:colcon.colcon_core.event_handler.log_command:Invoking command in '/home/thxssio/robotics_framework/build/robot_communication_package': CMAKE_PREFIX_PATH=/home/thxssio/robotics_framework/install/interface_package:/home/thxssio/robotics_framework/install/robot_communication_package:/home/thxssio/robotics_framework/install/navigation_package:/home/thxssio/robotics_framework/install/vision_receiver_package:/home/thxssio/robotics_framework/install/gui_package:/home/thxssio/robotics_framework/install/behavior_package:/opt/ros/humble LD_LIBRARY_PATH=/home/thxssio/robotics_framework/install/interface_package/lib:/home/thxssio/robotics_framework/install/navigation_package/lib:/opt/ros/humble/opt/rviz_ogre_vendor/lib:/opt/ros/humble/lib/x86_64-linux-gnu:/opt/ros/humble/lib /usr/bin/cmake --build /home/thxssio/robotics_framework/build/robot_communication_package -- -j16 -l16
[1.306s] INFO:colcon.colcon_core.task.python.build:Building Python package in '/home/thxssio/robotics_framework/src/vision_receiver_package'
[1.306s] INFO:colcon.colcon_core.shell:Skip shell extension 'powershell' for command environment: Not usable outside of PowerShell
[1.306s] DEBUG:colcon.colcon_core.shell:Skip shell extension 'dsv' for command environment
[1.312s] DEBUG:colcon.colcon_core.event_handler.log_command:Invoking command in '/home/thxssio/robotics_framework/src/behavior_package': PYTHONPATH=/home/thxssio/robotics_framework/build/behavior_package/prefix_override:/usr/lib/python3/dist-packages/colcon_core/task/python/colcon_distutils_commands:/home/thxssio/robotics_framework/install/behavior_package/lib/python3.10/site-packages:${PYTHONPATH} /usr/bin/python3 -W ignore:setup.py install is deprecated -W ignore:easy_install command is deprecated setup.py egg_info --egg-base ../../build/behavior_package build --build-base /home/thxssio/robotics_framework/build/behavior_package/build install --record /home/thxssio/robotics_framework/build/behavior_package/install.log --single-version-externally-managed install_data
[1.312s] DEBUG:colcon.colcon_core.event_handler.log_command:Invoked command in '/home/thxssio/robotics_framework/build/navigation_package' returned '0': CMAKE_PREFIX_PATH=/home/thxssio/robotics_framework/install/interface_package:/home/thxssio/robotics_framework/install/robot_communication_package:/home/thxssio/robotics_framework/install/navigation_package:/home/thxssio/robotics_framework/install/vision_receiver_package:/home/thxssio/robotics_framework/install/gui_package:/home/thxssio/robotics_framework/install/behavior_package:/opt/ros/humble LD_LIBRARY_PATH=/home/thxssio/robotics_framework/install/interface_package/lib:/home/thxssio/robotics_framework/install/navigation_package/lib:/opt/ros/humble/opt/rviz_ogre_vendor/lib:/opt/ros/humble/lib/x86_64-linux-gnu:/opt/ros/humble/lib /usr/bin/cmake --build /home/thxssio/robotics_framework/build/navigation_package -- -j16 -l16
[1.313s] DEBUG:colcon.colcon_core.event_handler.log_command:Invoking command in '/home/thxssio/robotics_framework/build/navigation_package': CMAKE_PREFIX_PATH=/home/thxssio/robotics_framework/install/interface_package:/home/thxssio/robotics_framework/install/robot_communication_package:/home/thxssio/robotics_framework/install/navigation_package:/home/thxssio/robotics_framework/install/vision_receiver_package:/home/thxssio/robotics_framework/install/gui_package:/home/thxssio/robotics_framework/install/behavior_package:/opt/ros/humble LD_LIBRARY_PATH=/home/thxssio/robotics_framework/install/interface_package/lib:/home/thxssio/robotics_framework/install/navigation_package/lib:/opt/ros/humble/opt/rviz_ogre_vendor/lib:/opt/ros/humble/lib/x86_64-linux-gnu:/opt/ros/humble/lib /usr/bin/cmake --install /home/thxssio/robotics_framework/build/navigation_package
[1.323s] Level 1:colcon.colcon_core.environment:create_environment_scripts_only(navigation_package)
[1.324s] Level 1:colcon.colcon_core.environment:checking '/home/thxssio/robotics_framework/install/navigation_package' for CMake module files
[1.324s] DEBUG:colcon.colcon_core.event_handler.log_command:Invoked command in '/home/thxssio/robotics_framework/build/navigation_package' returned '0': CMAKE_PREFIX_PATH=/home/thxssio/robotics_framework/install/interface_package:/home/thxssio/robotics_framework/install/robot_communication_package:/home/thxssio/robotics_framework/install/navigation_package:/home/thxssio/robotics_framework/install/vision_receiver_package:/home/thxssio/robotics_framework/install/gui_package:/home/thxssio/robotics_framework/install/behavior_package:/opt/ros/humble LD_LIBRARY_PATH=/home/thxssio/robotics_framework/install/interface_package/lib:/home/thxssio/robotics_framework/install/navigation_package/lib:/opt/ros/humble/opt/rviz_ogre_vendor/lib:/opt/ros/humble/lib/x86_64-linux-gnu:/opt/ros/humble/lib /usr/bin/cmake --install /home/thxssio/robotics_framework/build/navigation_package
[1.325s] Level 1:colcon.colcon_core.environment:checking '/home/thxssio/robotics_framework/install/navigation_package' for CMake config files
[1.325s] Level 1:colcon.colcon_core.shell:create_environment_hook('navigation_package', 'cmake_prefix_path')
[1.325s] INFO:colcon.colcon_core.shell:Creating environment hook '/home/thxssio/robotics_framework/install/navigation_package/share/navigation_package/hook/cmake_prefix_path.ps1'
[1.326s] INFO:colcon.colcon_core.shell:Creating environment descriptor '/home/thxssio/robotics_framework/install/navigation_package/share/navigation_package/hook/cmake_prefix_path.dsv'
[1.326s] INFO:colcon.colcon_core.shell:Creating environment hook '/home/thxssio/robotics_framework/install/navigation_package/share/navigation_package/hook/cmake_prefix_path.sh'
[1.327s] Level 1:colcon.colcon_core.environment:checking '/home/thxssio/robotics_framework/install/navigation_package/lib'
[1.327s] Level 1:colcon.colcon_core.environment:checking '/home/thxssio/robotics_framework/install/navigation_package/bin'
[1.327s] Level 1:colcon.colcon_core.environment:checking '/home/thxssio/robotics_framework/install/navigation_package/lib/pkgconfig/navigation_package.pc'
[1.327s] Level 1:colcon.colcon_core.environment:checking '/home/thxssio/robotics_framework/install/navigation_package/lib/python3.10/site-packages'
[1.327s] Level 1:colcon.colcon_core.environment:checking '/home/thxssio/robotics_framework/install/navigation_package/bin'
[1.328s] INFO:colcon.colcon_core.shell:Creating package script '/home/thxssio/robotics_framework/install/navigation_package/share/navigation_package/package.ps1'
[1.328s] INFO:colcon.colcon_core.shell:Creating package descriptor '/home/thxssio/robotics_framework/install/navigation_package/share/navigation_package/package.dsv'
[1.328s] INFO:colcon.colcon_core.shell:Creating package script '/home/thxssio/robotics_framework/install/navigation_package/share/navigation_package/package.sh'
[1.328s] INFO:colcon.colcon_core.shell:Creating package script '/home/thxssio/robotics_framework/install/navigation_package/share/navigation_package/package.bash'
[1.329s] INFO:colcon.colcon_core.shell:Creating package script '/home/thxssio/robotics_framework/install/navigation_package/share/navigation_package/package.zsh'
[1.329s] Level 1:colcon.colcon_core.environment:create_file_with_runtime_dependencies(/home/thxssio/robotics_framework/install/navigation_package/share/colcon-core/packages/navigation_package)
[1.330s] Level 1:colcon.colcon_core.environment:create_environment_scripts_only(navigation_package)
[1.330s] Level 1:colcon.colcon_core.environment:checking '/home/thxssio/robotics_framework/install/navigation_package' for CMake module files
[1.331s] Level 1:colcon.colcon_core.environment:checking '/home/thxssio/robotics_framework/install/navigation_package' for CMake config files
[1.331s] Level 1:colcon.colcon_core.shell:create_environment_hook('navigation_package', 'cmake_prefix_path')
[1.331s] INFO:colcon.colcon_core.shell:Creating environment hook '/home/thxssio/robotics_framework/install/navigation_package/share/navigation_package/hook/cmake_prefix_path.ps1'
[1.332s] INFO:colcon.colcon_core.shell:Creating environment descriptor '/home/thxssio/robotics_framework/install/navigation_package/share/navigation_package/hook/cmake_prefix_path.dsv'
[1.332s] INFO:colcon.colcon_core.shell:Creating environment hook '/home/thxssio/robotics_framework/install/navigation_package/share/navigation_package/hook/cmake_prefix_path.sh'
[1.332s] Level 1:colcon.colcon_core.environment:checking '/home/thxssio/robotics_framework/install/navigation_package/lib'
[1.332s] Level 1:colcon.colcon_core.environment:checking '/home/thxssio/robotics_framework/install/navigation_package/bin'
[1.332s] Level 1:colcon.colcon_core.environment:checking '/home/thxssio/robotics_framework/install/navigation_package/lib/pkgconfig/navigation_package.pc'
[1.333s] Level 1:colcon.colcon_core.environment:checking '/home/thxssio/robotics_framework/install/navigation_package/lib/python3.10/site-packages'
[1.333s] Level 1:colcon.colcon_core.environment:checking '/home/thxssio/robotics_framework/install/navigation_package/bin'
[1.333s] INFO:colcon.colcon_core.shell:Creating package script '/home/thxssio/robotics_framework/install/navigation_package/share/navigation_package/package.ps1'
[1.334s] INFO:colcon.colcon_core.shell:Creating package descriptor '/home/thxssio/robotics_framework/install/navigation_package/share/navigation_package/package.dsv'
[1.335s] INFO:colcon.colcon_core.shell:Creating package script '/home/thxssio/robotics_framework/install/navigation_package/share/navigation_package/package.sh'
[1.335s] INFO:colcon.colcon_core.shell:Creating package script '/home/thxssio/robotics_framework/install/navigation_package/share/navigation_package/package.bash'
[1.336s] INFO:colcon.colcon_core.shell:Creating package script '/home/thxssio/robotics_framework/install/navigation_package/share/navigation_package/package.zsh'
[1.337s] Level 1:colcon.colcon_core.environment:create_file_with_runtime_dependencies(/home/thxssio/robotics_framework/install/navigation_package/share/colcon-core/packages/navigation_package)
[1.367s] DEBUG:colcon.colcon_core.event_handler.log_command:Invoked command in '/home/thxssio/robotics_framework/build/robot_communication_package' returned '0': CMAKE_PREFIX_PATH=/home/thxssio/robotics_framework/install/interface_package:/home/thxssio/robotics_framework/install/robot_communication_package:/home/thxssio/robotics_framework/install/navigation_package:/home/thxssio/robotics_framework/install/vision_receiver_package:/home/thxssio/robotics_framework/install/gui_package:/home/thxssio/robotics_framework/install/behavior_package:/opt/ros/humble LD_LIBRARY_PATH=/home/thxssio/robotics_framework/install/interface_package/lib:/home/thxssio/robotics_framework/install/navigation_package/lib:/opt/ros/humble/opt/rviz_ogre_vendor/lib:/opt/ros/humble/lib/x86_64-linux-gnu:/opt/ros/humble/lib /usr/bin/cmake --build /home/thxssio/robotics_framework/build/robot_communication_package -- -j16 -l16
[1.369s] DEBUG:colcon.colcon_core.event_handler.log_command:Invoking command in '/home/thxssio/robotics_framework/build/robot_communication_package': CMAKE_PREFIX_PATH=/home/thxssio/robotics_framework/install/interface_package:/home/thxssio/robotics_framework/install/robot_communication_package:/home/thxssio/robotics_framework/install/navigation_package:/home/thxssio/robotics_framework/install/vision_receiver_package:/home/thxssio/robotics_framework/install/gui_package:/home/thxssio/robotics_framework/install/behavior_package:/opt/ros/humble LD_LIBRARY_PATH=/home/thxssio/robotics_framework/install/interface_package/lib:/home/thxssio/robotics_framework/install/navigation_package/lib:/opt/ros/humble/opt/rviz_ogre_vendor/lib:/opt/ros/humble/lib/x86_64-linux-gnu:/opt/ros/humble/lib /usr/bin/cmake --install /home/thxssio/robotics_framework/build/robot_communication_package
[1.406s] Level 1:colcon.colcon_core.environment:create_environment_scripts_only(robot_communication_package)
[1.407s] Level 1:colcon.colcon_core.environment:checking '/home/thxssio/robotics_framework/install/robot_communication_package' for CMake module files
[1.407s] DEBUG:colcon.colcon_core.event_handler.log_command:Invoked command in '/home/thxssio/robotics_framework/build/robot_communication_package' returned '0': CMAKE_PREFIX_PATH=/home/thxssio/robotics_framework/install/interface_package:/home/thxssio/robotics_framework/install/robot_communication_package:/home/thxssio/robotics_framework/install/navigation_package:/home/thxssio/robotics_framework/install/vision_receiver_package:/home/thxssio/robotics_framework/install/gui_package:/home/thxssio/robotics_framework/install/behavior_package:/opt/ros/humble LD_LIBRARY_PATH=/home/thxssio/robotics_framework/install/interface_package/lib:/home/thxssio/robotics_framework/install/navigation_package/lib:/opt/ros/humble/opt/rviz_ogre_vendor/lib:/opt/ros/humble/lib/x86_64-linux-gnu:/opt/ros/humble/lib /usr/bin/cmake --install /home/thxssio/robotics_framework/build/robot_communication_package
[1.407s] Level 1:colcon.colcon_core.environment:checking '/home/thxssio/robotics_framework/install/robot_communication_package' for CMake config files
[1.408s] Level 1:colcon.colcon_core.shell:create_environment_hook('robot_communication_package', 'cmake_prefix_path')
[1.408s] INFO:colcon.colcon_core.shell:Creating environment hook '/home/thxssio/robotics_framework/install/robot_communication_package/share/robot_communication_package/hook/cmake_prefix_path.ps1'
[1.409s] INFO:colcon.colcon_core.shell:Creating environment descriptor '/home/thxssio/robotics_framework/install/robot_communication_package/share/robot_communication_package/hook/cmake_prefix_path.dsv'
[1.409s] INFO:colcon.colcon_core.shell:Creating environment hook '/home/thxssio/robotics_framework/install/robot_communication_package/share/robot_communication_package/hook/cmake_prefix_path.sh'
[1.410s] Level 1:colcon.colcon_core.environment:checking '/home/thxssio/robotics_framework/install/robot_communication_package/lib'
[1.410s] Level 1:colcon.colcon_core.environment:checking '/home/thxssio/robotics_framework/install/robot_communication_package/bin'
[1.410s] Level 1:colcon.colcon_core.environment:checking '/home/thxssio/robotics_framework/install/robot_communication_package/lib/pkgconfig/robot_communication_package.pc'
[1.410s] Level 1:colcon.colcon_core.environment:checking '/home/thxssio/robotics_framework/install/robot_communication_package/lib/python3.10/site-packages'
[1.411s] Level 1:colcon.colcon_core.environment:checking '/home/thxssio/robotics_framework/install/robot_communication_package/bin'
[1.411s] INFO:colcon.colcon_core.shell:Creating package script '/home/thxssio/robotics_framework/install/robot_communication_package/share/robot_communication_package/package.ps1'
[1.412s] INFO:colcon.colcon_core.shell:Creating package descriptor '/home/thxssio/robotics_framework/install/robot_communication_package/share/robot_communication_package/package.dsv'
[1.412s] INFO:colcon.colcon_core.shell:Creating package script '/home/thxssio/robotics_framework/install/robot_communication_package/share/robot_communication_package/package.sh'
[1.413s] INFO:colcon.colcon_core.shell:Creating package script '/home/thxssio/robotics_framework/install/robot_communication_package/share/robot_communication_package/package.bash'
[1.413s] INFO:colcon.colcon_core.shell:Creating package script '/home/thxssio/robotics_framework/install/robot_communication_package/share/robot_communication_package/package.zsh'
[1.414s] Level 1:colcon.colcon_core.environment:create_file_with_runtime_dependencies(/home/thxssio/robotics_framework/install/robot_communication_package/share/colcon-core/packages/robot_communication_package)
[1.414s] Level 1:colcon.colcon_core.environment:create_environment_scripts_only(robot_communication_package)
[1.415s] Level 1:colcon.colcon_core.environment:checking '/home/thxssio/robotics_framework/install/robot_communication_package' for CMake module files
[1.415s] Level 1:colcon.colcon_core.environment:checking '/home/thxssio/robotics_framework/install/robot_communication_package' for CMake config files
[1.416s] Level 1:colcon.colcon_core.shell:create_environment_hook('robot_communication_package', 'cmake_prefix_path')
[1.416s] INFO:colcon.colcon_core.shell:Creating environment hook '/home/thxssio/robotics_framework/install/robot_communication_package/share/robot_communication_package/hook/cmake_prefix_path.ps1'
[1.416s] INFO:colcon.colcon_core.shell:Creating environment descriptor '/home/thxssio/robotics_framework/install/robot_communication_package/share/robot_communication_package/hook/cmake_prefix_path.dsv'
[1.417s] INFO:colcon.colcon_core.shell:Creating environment hook '/home/thxssio/robotics_framework/install/robot_communication_package/share/robot_communication_package/hook/cmake_prefix_path.sh'
[1.417s] Level 1:colcon.colcon_core.environment:checking '/home/thxssio/robotics_framework/install/robot_communication_package/lib'
[1.417s] Level 1:colcon.colcon_core.environment:checking '/home/thxssio/robotics_framework/install/robot_communication_package/bin'
[1.417s] Level 1:colcon.colcon_core.environment:checking '/home/thxssio/robotics_framework/install/robot_communication_package/lib/pkgconfig/robot_communication_package.pc'
[1.418s] Level 1:colcon.colcon_core.environment:checking '/home/thxssio/robotics_framework/install/robot_communication_package/lib/python3.10/site-packages'
[1.418s] Level 1:colcon.colcon_core.environment:checking '/home/thxssio/robotics_framework/install/robot_communication_package/bin'
[1.419s] INFO:colcon.colcon_core.shell:Creating package script '/home/thxssio/robotics_framework/install/robot_communication_package/share/robot_communication_package/package.ps1'
[1.419s] INFO:colcon.colcon_core.shell:Creating package descriptor '/home/thxssio/robotics_framework/install/robot_communication_package/share/robot_communication_package/package.dsv'
[1.420s] INFO:colcon.colcon_core.shell:Creating package script '/home/thxssio/robotics_framework/install/robot_communication_package/share/robot_communication_package/package.sh'
[1.420s] INFO:colcon.colcon_core.shell:Creating package script '/home/thxssio/robotics_framework/install/robot_communication_package/share/robot_communication_package/package.bash'
[1.421s] INFO:colcon.colcon_core.shell:Creating package script '/home/thxssio/robotics_framework/install/robot_communication_package/share/robot_communication_package/package.zsh'
[1.421s] Level 1:colcon.colcon_core.environment:create_file_with_runtime_dependencies(/home/thxssio/robotics_framework/install/robot_communication_package/share/colcon-core/packages/robot_communication_package)
[1.556s] Level 1:colcon.colcon_core.environment:checking '/home/thxssio/robotics_framework/install/behavior_package' for CMake module files
[1.556s] Level 1:colcon.colcon_core.environment:checking '/home/thxssio/robotics_framework/install/behavior_package' for CMake config files
[1.557s] DEBUG:colcon.colcon_core.event_handler.log_command:Invoked command in '/home/thxssio/robotics_framework/src/behavior_package' returned '0': PYTHONPATH=/home/thxssio/robotics_framework/build/behavior_package/prefix_override:/usr/lib/python3/dist-packages/colcon_core/task/python/colcon_distutils_commands:/home/thxssio/robotics_framework/install/behavior_package/lib/python3.10/site-packages:${PYTHONPATH} /usr/bin/python3 -W ignore:setup.py install is deprecated -W ignore:easy_install command is deprecated setup.py egg_info --egg-base ../../build/behavior_package build --build-base /home/thxssio/robotics_framework/build/behavior_package/build install --record /home/thxssio/robotics_framework/build/behavior_package/install.log --single-version-externally-managed install_data
[1.557s] Level 1:colcon.colcon_core.environment:checking '/home/thxssio/robotics_framework/install/behavior_package/lib'
[1.557s] Level 1:colcon.colcon_core.environment:checking '/home/thxssio/robotics_framework/install/behavior_package/bin'
[1.557s] Level 1:colcon.colcon_core.environment:checking '/home/thxssio/robotics_framework/install/behavior_package/lib/pkgconfig/behavior_package.pc'
[1.557s] Level 1:colcon.colcon_core.environment:checking '/home/thxssio/robotics_framework/install/behavior_package/lib/python3.10/site-packages'
[1.557s] Level 1:colcon.colcon_core.shell:create_environment_hook('behavior_package', 'pythonpath')
[1.557s] INFO:colcon.colcon_core.shell:Creating environment hook '/home/thxssio/robotics_framework/install/behavior_package/share/behavior_package/hook/pythonpath.ps1'
[1.558s] INFO:colcon.colcon_core.shell:Creating environment descriptor '/home/thxssio/robotics_framework/install/behavior_package/share/behavior_package/hook/pythonpath.dsv'
[1.558s] INFO:colcon.colcon_core.shell:Creating environment hook '/home/thxssio/robotics_framework/install/behavior_package/share/behavior_package/hook/pythonpath.sh'
[1.559s] Level 1:colcon.colcon_core.environment:checking '/home/thxssio/robotics_framework/install/behavior_package/bin'
[1.559s] Level 1:colcon.colcon_core.environment:create_environment_scripts_only(behavior_package)
[1.559s] INFO:colcon.colcon_core.shell:Creating package script '/home/thxssio/robotics_framework/install/behavior_package/share/behavior_package/package.ps1'
[1.560s] INFO:colcon.colcon_core.shell:Creating package descriptor '/home/thxssio/robotics_framework/install/behavior_package/share/behavior_package/package.dsv'
[1.560s] INFO:colcon.colcon_core.shell:Creating package script '/home/thxssio/robotics_framework/install/behavior_package/share/behavior_package/package.sh'
[1.560s] INFO:colcon.colcon_core.shell:Creating package script '/home/thxssio/robotics_framework/install/behavior_package/share/behavior_package/package.bash'
[1.560s] INFO:colcon.colcon_core.shell:Creating package script '/home/thxssio/robotics_framework/install/behavior_package/share/behavior_package/package.zsh'
[1.560s] Level 1:colcon.colcon_core.environment:create_file_with_runtime_dependencies(/home/thxssio/robotics_framework/install/behavior_package/share/colcon-core/packages/behavior_package)
[1.561s] INFO:colcon.colcon_ros.task.ament_python.build:Building ROS package in '/home/thxssio/robotics_framework/src/gui_package' with build type 'ament_python'
[1.561s] Level 1:colcon.colcon_core.shell:create_environment_hook('gui_package', 'ament_prefix_path')
[1.561s] INFO:colcon.colcon_core.shell:Creating environment hook '/home/thxssio/robotics_framework/install/gui_package/share/gui_package/hook/ament_prefix_path.ps1'
[1.561s] INFO:colcon.colcon_core.shell:Creating environment descriptor '/home/thxssio/robotics_framework/install/gui_package/share/gui_package/hook/ament_prefix_path.dsv'
[1.561s] INFO:colcon.colcon_core.shell:Creating environment hook '/home/thxssio/robotics_framework/install/gui_package/share/gui_package/hook/ament_prefix_path.sh'
[1.562s] INFO:colcon.colcon_core.shell:Skip shell extension 'powershell' for command environment: Not usable outside of PowerShell
[1.562s] DEBUG:colcon.colcon_core.shell:Skip shell extension 'dsv' for command environment
[1.766s] INFO:colcon.colcon_core.task.python.build:Building Python package in '/home/thxssio/robotics_framework/src/gui_package'
[1.767s] INFO:colcon.colcon_core.shell:Skip shell extension 'powershell' for command environment: Not usable outside of PowerShell
[1.767s] DEBUG:colcon.colcon_core.shell:Skip shell extension 'dsv' for command environment
[1.771s] DEBUG:colcon.colcon_core.event_handler.log_command:Invoking command in '/home/thxssio/robotics_framework/src/vision_receiver_package': CMAKE_PREFIX_PATH=/home/thxssio/robotics_framework/install/interface_package:/home/thxssio/robotics_framework/install/robot_communication_package:/home/thxssio/robotics_framework/install/navigation_package LD_LIBRARY_PATH=/home/thxssio/robotics_framework/install/interface_package/lib:/home/thxssio/robotics_framework/install/navigation_package/lib:/opt/ros/humble/opt/rviz_ogre_vendor/lib:/opt/ros/humble/lib/x86_64-linux-gnu:/opt/ros/humble/lib PYTHONPATH=/home/thxssio/robotics_framework/build/vision_receiver_package/prefix_override:/usr/lib/python3/dist-packages/colcon_core/task/python/colcon_distutils_commands:/home/thxssio/robotics_framework/install/vision_receiver_package/lib/python3.10/site-packages:${PYTHONPATH} /usr/bin/python3 -W ignore:setup.py install is deprecated -W ignore:easy_install command is deprecated setup.py egg_info --egg-base ../../build/vision_receiver_package build --build-base /home/thxssio/robotics_framework/build/vision_receiver_package/build install --record /home/thxssio/robotics_framework/build/vision_receiver_package/install.log --single-version-externally-managed install_data
[1.992s] Level 1:colcon.colcon_core.environment:checking '/home/thxssio/robotics_framework/install/vision_receiver_package' for CMake module files
[1.993s] DEBUG:colcon.colcon_core.event_handler.log_command:Invoked command in '/home/thxssio/robotics_framework/src/vision_receiver_package' returned '0': CMAKE_PREFIX_PATH=/home/thxssio/robotics_framework/install/interface_package:/home/thxssio/robotics_framework/install/robot_communication_package:/home/thxssio/robotics_framework/install/navigation_package LD_LIBRARY_PATH=/home/thxssio/robotics_framework/install/interface_package/lib:/home/thxssio/robotics_framework/install/navigation_package/lib:/opt/ros/humble/opt/rviz_ogre_vendor/lib:/opt/ros/humble/lib/x86_64-linux-gnu:/opt/ros/humble/lib PYTHONPATH=/home/thxssio/robotics_framework/build/vision_receiver_package/prefix_override:/usr/lib/python3/dist-packages/colcon_core/task/python/colcon_distutils_commands:/home/thxssio/robotics_framework/install/vision_receiver_package/lib/python3.10/site-packages:${PYTHONPATH} /usr/bin/python3 -W ignore:setup.py install is deprecated -W ignore:easy_install command is deprecated setup.py egg_info --egg-base ../../build/vision_receiver_package build --build-base /home/thxssio/robotics_framework/build/vision_receiver_package/build install --record /home/thxssio/robotics_framework/build/vision_receiver_package/install.log --single-version-externally-managed install_data
[1.993s] Level 1:colcon.colcon_core.environment:checking '/home/thxssio/robotics_framework/install/vision_receiver_package' for CMake config files
[1.994s] Level 1:colcon.colcon_core.environment:checking '/home/thxssio/robotics_framework/install/vision_receiver_package/lib'
[1.994s] Level 1:colcon.colcon_core.environment:checking '/home/thxssio/robotics_framework/install/vision_receiver_package/bin'
[1.994s] Level 1:colcon.colcon_core.environment:checking '/home/thxssio/robotics_framework/install/vision_receiver_package/lib/pkgconfig/vision_receiver_package.pc'
[1.994s] Level 1:colcon.colcon_core.environment:checking '/home/thxssio/robotics_framework/install/vision_receiver_package/lib/python3.10/site-packages'
[1.994s] Level 1:colcon.colcon_core.shell:create_environment_hook('vision_receiver_package', 'pythonpath')
[1.994s] INFO:colcon.colcon_core.shell:Creating environment hook '/home/thxssio/robotics_framework/install/vision_receiver_package/share/vision_receiver_package/hook/pythonpath.ps1'
[1.996s] INFO:colcon.colcon_core.shell:Creating environment descriptor '/home/thxssio/robotics_framework/install/vision_receiver_package/share/vision_receiver_package/hook/pythonpath.dsv'
[1.996s] INFO:colcon.colcon_core.shell:Creating environment hook '/home/thxssio/robotics_framework/install/vision_receiver_package/share/vision_receiver_package/hook/pythonpath.sh'
[1.997s] Level 1:colcon.colcon_core.environment:checking '/home/thxssio/robotics_framework/install/vision_receiver_package/bin'
[1.997s] Level 1:colcon.colcon_core.environment:create_environment_scripts_only(vision_receiver_package)
[1.997s] INFO:colcon.colcon_core.shell:Creating package script '/home/thxssio/robotics_framework/install/vision_receiver_package/share/vision_receiver_package/package.ps1'
[1.997s] INFO:colcon.colcon_core.shell:Creating package descriptor '/home/thxssio/robotics_framework/install/vision_receiver_package/share/vision_receiver_package/package.dsv'
[1.998s] INFO:colcon.colcon_core.shell:Creating package script '/home/thxssio/robotics_framework/install/vision_receiver_package/share/vision_receiver_package/package.sh'
[1.998s] INFO:colcon.colcon_core.shell:Creating package script '/home/thxssio/robotics_framework/install/vision_receiver_package/share/vision_receiver_package/package.bash'
[1.998s] INFO:colcon.colcon_core.shell:Creating package script '/home/thxssio/robotics_framework/install/vision_receiver_package/share/vision_receiver_package/package.zsh'
[1.998s] Level 1:colcon.colcon_core.environment:create_file_with_runtime_dependencies(/home/thxssio/robotics_framework/install/vision_receiver_package/share/colcon-core/packages/vision_receiver_package)
[2.038s] DEBUG:colcon.colcon_core.event_handler.log_command:Invoking command in '/home/thxssio/robotics_framework/src/gui_package': AMENT_PREFIX_PATH=/home/thxssio/robotics_framework/install/behavior_package:/home/thxssio/robotics_framework/install/vision_receiver_package:/home/thxssio/robotics_framework/install/robot_communication_package:/home/thxssio/robotics_framework/install/navigation_package:/home/thxssio/robotics_framework/install/gui_package:/home/thxssio/robotics_framework/install/interface_package:/opt/ros/humble CMAKE_PREFIX_PATH=/home/thxssio/robotics_framework/install/interface_package:/home/thxssio/robotics_framework/install/robot_communication_package:/home/thxssio/robotics_framework/install/navigation_package LD_LIBRARY_PATH=/home/thxssio/robotics_framework/install/interface_package/lib:/home/thxssio/robotics_framework/install/navigation_package/lib:/opt/ros/humble/opt/rviz_ogre_vendor/lib:/opt/ros/humble/lib/x86_64-linux-gnu:/opt/ros/humble/lib PYTHONPATH=/home/thxssio/robotics_framework/build/gui_package/prefix_override:/usr/lib/python3/dist-packages/colcon_core/task/python/colcon_distutils_commands:/home/thxssio/robotics_framework/install/gui_package/lib/python3.10/site-packages:/home/thxssio/robotics_framework/install/behavior_package/lib/python3.10/site-packages:/home/thxssio/robotics_framework/install/vision_receiver_package/lib/python3.10/site-packages:/home/thxssio/robotics_framework/install/robot_communication_package/local/lib/python3.10/dist-packages:/home/thxssio/robotics_framework/install/gui_package/lib/python3.10/site-packages:/home/thxssio/robotics_framework/install/interface_package/local/lib/python3.10/dist-packages:/opt/ros/humble/lib/python3.10/site-packages:/opt/ros/humble/local/lib/python3.10/dist-packages /usr/bin/python3 -W ignore:setup.py install is deprecated -W ignore:easy_install command is deprecated setup.py egg_info --egg-base ../../build/gui_package build --build-base /home/thxssio/robotics_framework/build/gui_package/build install --record /home/thxssio/robotics_framework/build/gui_package/install.log --single-version-externally-managed install_data
[2.284s] Level 1:colcon.colcon_core.environment:checking '/home/thxssio/robotics_framework/install/gui_package' for CMake module files
[2.285s] DEBUG:colcon.colcon_core.event_handler.log_command:Invoked command in '/home/thxssio/robotics_framework/src/gui_package' returned '0': AMENT_PREFIX_PATH=/home/thxssio/robotics_framework/install/behavior_package:/home/thxssio/robotics_framework/install/vision_receiver_package:/home/thxssio/robotics_framework/install/robot_communication_package:/home/thxssio/robotics_framework/install/navigation_package:/home/thxssio/robotics_framework/install/gui_package:/home/thxssio/robotics_framework/install/interface_package:/opt/ros/humble CMAKE_PREFIX_PATH=/home/thxssio/robotics_framework/install/interface_package:/home/thxssio/robotics_framework/install/robot_communication_package:/home/thxssio/robotics_framework/install/navigation_package LD_LIBRARY_PATH=/home/thxssio/robotics_framework/install/interface_package/lib:/home/thxssio/robotics_framework/install/navigation_package/lib:/opt/ros/humble/opt/rviz_ogre_vendor/lib:/opt/ros/humble/lib/x86_64-linux-gnu:/opt/ros/humble/lib PYTHONPATH=/home/thxssio/robotics_framework/build/gui_package/prefix_override:/usr/lib/python3/dist-packages/colcon_core/task/python/colcon_distutils_commands:/home/thxssio/robotics_framework/install/gui_package/lib/python3.10/site-packages:/home/thxssio/robotics_framework/install/behavior_package/lib/python3.10/site-packages:/home/thxssio/robotics_framework/install/vision_receiver_package/lib/python3.10/site-packages:/home/thxssio/robotics_framework/install/robot_communication_package/local/lib/python3.10/dist-packages:/home/thxssio/robotics_framework/install/gui_package/lib/python3.10/site-packages:/home/thxssio/robotics_framework/install/interface_package/local/lib/python3.10/dist-packages:/opt/ros/humble/lib/python3.10/site-packages:/opt/ros/humble/local/lib/python3.10/dist-packages /usr/bin/python3 -W ignore:setup.py install is deprecated -W ignore:easy_install command is deprecated setup.py egg_info --egg-base ../../build/gui_package build --build-base /home/thxssio/robotics_framework/build/gui_package/build install --record /home/thxssio/robotics_framework/build/gui_package/install.log --single-version-externally-managed install_data
[2.285s] Level 1:colcon.colcon_core.environment:checking '/home/thxssio/robotics_framework/install/gui_package' for CMake config files
[2.285s] Level 1:colcon.colcon_core.environment:checking '/home/thxssio/robotics_framework/install/gui_package/lib'
[2.285s] Level 1:colcon.colcon_core.environment:checking '/home/thxssio/robotics_framework/install/gui_package/bin'
[2.286s] Level 1:colcon.colcon_core.environment:checking '/home/thxssio/robotics_framework/install/gui_package/lib/pkgconfig/gui_package.pc'
[2.286s] Level 1:colcon.colcon_core.environment:checking '/home/thxssio/robotics_framework/install/gui_package/lib/python3.10/site-packages'
[2.286s] Level 1:colcon.colcon_core.shell:create_environment_hook('gui_package', 'pythonpath')
[2.286s] INFO:colcon.colcon_core.shell:Creating environment hook '/home/thxssio/robotics_framework/install/gui_package/share/gui_package/hook/pythonpath.ps1'
[2.286s] INFO:colcon.colcon_core.shell:Creating environment descriptor '/home/thxssio/robotics_framework/install/gui_package/share/gui_package/hook/pythonpath.dsv'
[2.286s] INFO:colcon.colcon_core.shell:Creating environment hook '/home/thxssio/robotics_framework/install/gui_package/share/gui_package/hook/pythonpath.sh'
[2.287s] Level 1:colcon.colcon_core.environment:checking '/home/thxssio/robotics_framework/install/gui_package/bin'
[2.287s] Level 1:colcon.colcon_core.environment:create_environment_scripts_only(gui_package)
[2.287s] INFO:colcon.colcon_core.shell:Creating package script '/home/thxssio/robotics_framework/install/gui_package/share/gui_package/package.ps1'
[2.287s] INFO:colcon.colcon_core.shell:Creating package descriptor '/home/thxssio/robotics_framework/install/gui_package/share/gui_package/package.dsv'
[2.287s] INFO:colcon.colcon_core.shell:Creating package script '/home/thxssio/robotics_framework/install/gui_package/share/gui_package/package.sh'
[2.288s] INFO:colcon.colcon_core.shell:Creating package script '/home/thxssio/robotics_framework/install/gui_package/share/gui_package/package.bash'
[2.288s] INFO:colcon.colcon_core.shell:Creating package script '/home/thxssio/robotics_framework/install/gui_package/share/gui_package/package.zsh'
[2.288s] Level 1:colcon.colcon_core.environment:create_file_with_runtime_dependencies(/home/thxssio/robotics_framework/install/gui_package/share/colcon-core/packages/gui_package)
[2.288s] DEBUG:colcon.colcon_parallel_executor.executor.parallel:closing loop
[2.288s] DEBUG:colcon.colcon_parallel_executor.executor.parallel:loop closed
[2.288s] DEBUG:colcon.colcon_parallel_executor.executor.parallel:run_until_complete finished with '0'
[2.288s] DEBUG:colcon.colcon_core.event_reactor:joining thread
[2.294s] INFO:colcon.colcon_core.plugin_system:Skipping extension 'colcon_notification.desktop_notification.terminal_notifier': Not used on non-Darwin systems
[2.294s] INFO:colcon.colcon_core.plugin_system:Skipping extension 'colcon_notification.desktop_notification.win32': Not used on non-Windows systems
[2.294s] INFO:colcon.colcon_notification.desktop_notification:Sending desktop notification using 'notify2'
[2.341s] DEBUG:colcon.colcon_core.event_reactor:joined thread
[2.341s] INFO:colcon.colcon_core.shell:Creating prefix script '/home/thxssio/robotics_framework/install/local_setup.ps1'
[2.342s] INFO:colcon.colcon_core.shell:Creating prefix util module '/home/thxssio/robotics_framework/install/_local_setup_util_ps1.py'
[2.344s] INFO:colcon.colcon_core.shell:Creating prefix chain script '/home/thxssio/robotics_framework/install/setup.ps1'
[2.346s] INFO:colcon.colcon_core.shell:Creating prefix script '/home/thxssio/robotics_framework/install/local_setup.sh'
[2.347s] INFO:colcon.colcon_core.shell:Creating prefix util module '/home/thxssio/robotics_framework/install/_local_setup_util_sh.py'
[2.348s] INFO:colcon.colcon_core.shell:Creating prefix chain script '/home/thxssio/robotics_framework/install/setup.sh'
[2.350s] INFO:colcon.colcon_core.shell:Creating prefix script '/home/thxssio/robotics_framework/install/local_setup.bash'
[2.351s] INFO:colcon.colcon_core.shell:Creating prefix chain script '/home/thxssio/robotics_framework/install/setup.bash'
[2.352s] INFO:colcon.colcon_core.shell:Creating prefix script '/home/thxssio/robotics_framework/install/local_setup.zsh'
[2.353s] INFO:colcon.colcon_core.shell:Creating prefix chain script '/home/thxssio/robotics_framework/install/setup.zsh'
