[0.609s] Invoking command in '/home/thxssio/robotics_framework/src/gui_package': AMENT_PREFIX_PATH=/home/thxssio/robotics_framework/install/behavior_package:/home/thxssio/robotics_framework/install/vision_receiver_package:/home/thxssio/robotics_framework/install/robot_communication_package:/home/thxssio/robotics_framework/install/navigation_package:/home/thxssio/robotics_framework/install/gui_package:/home/thxssio/robotics_framework/install/interface_package:/opt/ros/humble CMAKE_PREFIX_PATH=/home/thxssio/robotics_framework/install/interface_package:/home/thxssio/robotics_framework/install/robot_communication_package:/home/thxssio/robotics_framework/install/navigation_package LD_LIBRARY_PATH=/home/thxssio/robotics_framework/install/interface_package/lib:/home/thxssio/robotics_framework/install/navigation_package/lib:/opt/ros/humble/opt/rviz_ogre_vendor/lib:/opt/ros/humble/lib/x86_64-linux-gnu:/opt/ros/humble/lib PYTHONPATH=/home/thxssio/robotics_framework/build/gui_package/prefix_override:/usr/lib/python3/dist-packages/colcon_core/task/python/colcon_distutils_commands:/home/thxssio/robotics_framework/install/gui_package/lib/python3.10/site-packages:/home/thxssio/robotics_framework/install/behavior_package/lib/python3.10/site-packages:/home/thxssio/robotics_framework/install/vision_receiver_package/lib/python3.10/site-packages:/home/thxssio/robotics_framework/install/robot_communication_package/local/lib/python3.10/dist-packages:/home/thxssio/robotics_framework/install/gui_package/lib/python3.10/site-packages:/home/thxssio/robotics_framework/install/interface_package/local/lib/python3.10/dist-packages:/opt/ros/humble/lib/python3.10/site-packages:/opt/ros/humble/local/lib/python3.10/dist-packages /usr/bin/python3 -W ignore:setup.py install is deprecated -W ignore:easy_install command is deprecated setup.py egg_info --egg-base ../../build/gui_package build --build-base /home/thxssio/robotics_framework/build/gui_package/build install --record /home/thxssio/robotics_framework/build/gui_package/install.log --single-version-externally-managed install_data
[0.831s] running egg_info
[0.832s] writing ../../build/gui_package/gui_package.egg-info/PKG-INFO
[0.832s] writing dependency_links to ../../build/gui_package/gui_package.egg-info/dependency_links.txt
[0.832s] writing entry points to ../../build/gui_package/gui_package.egg-info/entry_points.txt
[0.832s] writing requirements to ../../build/gui_package/gui_package.egg-info/requires.txt
[0.832s] writing top-level names to ../../build/gui_package/gui_package.egg-info/top_level.txt
[0.835s] reading manifest file '../../build/gui_package/gui_package.egg-info/SOURCES.txt'
[0.835s] writing manifest file '../../build/gui_package/gui_package.egg-info/SOURCES.txt'
[0.835s] running build
[0.836s] running build_py
[0.836s] copying gui_package/gui_interface.py -> /home/thxssio/robotics_framework/build/gui_package/build/lib/gui_package
[0.836s] copying gui_package/field_widget.py -> /home/thxssio/robotics_framework/build/gui_package/build/lib/gui_package
[0.836s] copying gui_package/robot_faces.py -> /home/thxssio/robotics_framework/build/gui_package/build/lib/gui_package
[0.836s] running install
[0.836s] running install_lib
[0.837s] copying /home/thxssio/robotics_framework/build/gui_package/build/lib/gui_package/gui_interface.py -> /home/thxssio/robotics_framework/install/gui_package/lib/python3.10/site-packages/gui_package
[0.837s] copying /home/thxssio/robotics_framework/build/gui_package/build/lib/gui_package/field_widget.py -> /home/thxssio/robotics_framework/install/gui_package/lib/python3.10/site-packages/gui_package
[0.838s] copying /home/thxssio/robotics_framework/build/gui_package/build/lib/gui_package/robot_faces.py -> /home/thxssio/robotics_framework/install/gui_package/lib/python3.10/site-packages/gui_package
[0.838s] byte-compiling /home/thxssio/robotics_framework/install/gui_package/lib/python3.10/site-packages/gui_package/gui_interface.py to gui_interface.cpython-310.pyc
[0.851s] byte-compiling /home/thxssio/robotics_framework/install/gui_package/lib/python3.10/site-packages/gui_package/field_widget.py to field_widget.cpython-310.pyc
[0.854s] byte-compiling /home/thxssio/robotics_framework/install/gui_package/lib/python3.10/site-packages/gui_package/robot_faces.py to robot_faces.cpython-310.pyc
[0.855s] running install_data
[0.855s] running install_egg_info
[0.857s] removing '/home/thxssio/robotics_framework/install/gui_package/lib/python3.10/site-packages/gui_package-0.0.0-py3.10.egg-info' (and everything under it)
[0.857s] Copying ../../build/gui_package/gui_package.egg-info to /home/thxssio/robotics_framework/install/gui_package/lib/python3.10/site-packages/gui_package-0.0.0-py3.10.egg-info
[0.857s] running install_scripts
[0.875s] Installing framework script to /home/thxssio/robotics_framework/install/gui_package/lib/gui_package
[0.875s] Installing world_tf_broadcaster script to /home/thxssio/robotics_framework/install/gui_package/lib/gui_package
[0.875s] writing list of installed files to '/home/thxssio/robotics_framework/build/gui_package/install.log'
[0.903s] Invoked command in '/home/thxssio/robotics_framework/src/gui_package' returned '0': AMENT_PREFIX_PATH=/home/thxssio/robotics_framework/install/behavior_package:/home/thxssio/robotics_framework/install/vision_receiver_package:/home/thxssio/robotics_framework/install/robot_communication_package:/home/thxssio/robotics_framework/install/navigation_package:/home/thxssio/robotics_framework/install/gui_package:/home/thxssio/robotics_framework/install/interface_package:/opt/ros/humble CMAKE_PREFIX_PATH=/home/thxssio/robotics_framework/install/interface_package:/home/thxssio/robotics_framework/install/robot_communication_package:/home/thxssio/robotics_framework/install/navigation_package LD_LIBRARY_PATH=/home/thxssio/robotics_framework/install/interface_package/lib:/home/thxssio/robotics_framework/install/navigation_package/lib:/opt/ros/humble/opt/rviz_ogre_vendor/lib:/opt/ros/humble/lib/x86_64-linux-gnu:/opt/ros/humble/lib PYTHONPATH=/home/thxssio/robotics_framework/build/gui_package/prefix_override:/usr/lib/python3/dist-packages/colcon_core/task/python/colcon_distutils_commands:/home/thxssio/robotics_framework/install/gui_package/lib/python3.10/site-packages:/home/thxssio/robotics_framework/install/behavior_package/lib/python3.10/site-packages:/home/thxssio/robotics_framework/install/vision_receiver_package/lib/python3.10/site-packages:/home/thxssio/robotics_framework/install/robot_communication_package/local/lib/python3.10/dist-packages:/home/thxssio/robotics_framework/install/gui_package/lib/python3.10/site-packages:/home/thxssio/robotics_framework/install/interface_package/local/lib/python3.10/dist-packages:/opt/ros/humble/lib/python3.10/site-packages:/opt/ros/humble/local/lib/python3.10/dist-packages /usr/bin/python3 -W ignore:setup.py install is deprecated -W ignore:easy_install command is deprecated setup.py egg_info --egg-base ../../build/gui_package build --build-base /home/thxssio/robotics_framework/build/gui_package/build install --record /home/thxssio/robotics_framework/build/gui_package/install.log --single-version-externally-managed install_data
