[0.087s] DEBUG:colcon:Command line arguments: ['/usr/bin/colcon', 'build']
[0.087s] DEBUG:colcon:Parsed command line arguments: Namespace(log_base=None, log_level=None, verb_name='build', build_base='build', install_base='install', merge_install=False, symlink_install=False, test_result_base=None, continue_on_error=False, executor='parallel', parallel_workers=16, event_handlers=None, ignore_user_meta=False, metas=['./colcon.meta'], base_paths=['.'], packages_ignore=None, packages_ignore_regex=None, paths=None, packages_up_to=None, packages_up_to_regex=None, packages_above=None, packages_above_and_dependencies=None, packages_above_depth=None, packages_select_by_dep=None, packages_skip_by_dep=None, packages_skip_up_to=None, packages_select_build_failed=False, packages_skip_build_finished=False, packages_select_test_failures=False, packages_skip_test_passed=False, packages_select=None, packages_skip=None, packages_select_regex=None, packages_skip_regex=None, packages_start=None, packages_end=None, allow_overriding=[], cmake_args=None, cmake_target=None, cmake_target_skip_unavailable=False, cmake_clean_cache=False, cmake_clean_first=False, cmake_force_configure=False, ament_cmake_args=None, catkin_cmake_args=None, catkin_skip_building_tests=False, mixin_files=None, mixin=None, verb_parser=<colcon_mixin.mixin.mixin_argument.MixinArgumentDecorator object at 0x7191e2ea74c0>, verb_extension=<colcon_core.verb.build.BuildVerb object at 0x7191e2fe44f0>, main=<bound method BuildVerb.main of <colcon_core.verb.build.BuildVerb object at 0x7191e2fe44f0>>, mixin_verb=('build',))
[0.267s] Level 1:colcon.colcon_core.package_discovery:discover_packages(colcon_meta) check parameters
[0.267s] Level 1:colcon.colcon_core.package_discovery:discover_packages(recursive) check parameters
[0.267s] Level 1:colcon.colcon_core.package_discovery:discover_packages(ignore) check parameters
[0.267s] Level 1:colcon.colcon_core.package_discovery:discover_packages(path) check parameters
[0.267s] Level 1:colcon.colcon_core.package_discovery:discover_packages(colcon_meta) discover
[0.267s] Level 1:colcon.colcon_core.package_discovery:discover_packages(recursive) discover
[0.267s] INFO:colcon.colcon_core.package_discovery:Crawling recursively for packages in '/home/thxssio/robotics_framework'
[0.267s] Level 1:colcon.colcon_core.package_identification:_identify(.) by extensions ['ignore', 'ignore_ament_install']
[0.267s] Level 1:colcon.colcon_core.package_identification:_identify(.) by extension 'ignore'
[0.267s] Level 1:colcon.colcon_core.package_identification:_identify(.) by extension 'ignore_ament_install'
[0.267s] Level 1:colcon.colcon_core.package_identification:_identify(.) by extensions ['colcon_pkg']
[0.267s] Level 1:colcon.colcon_core.package_identification:_identify(.) by extension 'colcon_pkg'
[0.267s] Level 1:colcon.colcon_core.package_identification:_identify(.) by extensions ['colcon_meta']
[0.267s] Level 1:colcon.colcon_core.package_identification:_identify(.) by extension 'colcon_meta'
[0.267s] Level 1:colcon.colcon_core.package_identification:_identify(.) by extensions ['ros']
[0.267s] Level 1:colcon.colcon_core.package_identification:_identify(.) by extension 'ros'
[0.287s] Level 1:colcon.colcon_core.package_identification:_identify(.) by extensions ['cmake', 'python']
[0.287s] Level 1:colcon.colcon_core.package_identification:_identify(.) by extension 'cmake'
[0.287s] Level 1:colcon.colcon_core.package_identification:_identify(.) by extension 'python'
[0.287s] Level 1:colcon.colcon_core.package_identification:_identify(.) by extensions ['python_setup_py']
[0.287s] Level 1:colcon.colcon_core.package_identification:_identify(.) by extension 'python_setup_py'
[0.288s] Level 1:colcon.colcon_core.package_identification:_identify(build) by extensions ['ignore', 'ignore_ament_install']
[0.288s] Level 1:colcon.colcon_core.package_identification:_identify(build) by extension 'ignore'
[0.288s] Level 1:colcon.colcon_core.package_identification:_identify(build) ignored
[0.288s] Level 1:colcon.colcon_core.package_identification:_identify(install) by extensions ['ignore', 'ignore_ament_install']
[0.288s] Level 1:colcon.colcon_core.package_identification:_identify(install) by extension 'ignore'
[0.288s] Level 1:colcon.colcon_core.package_identification:_identify(install) ignored
[0.288s] Level 1:colcon.colcon_core.package_identification:_identify(log) by extensions ['ignore', 'ignore_ament_install']
[0.288s] Level 1:colcon.colcon_core.package_identification:_identify(log) by extension 'ignore'
[0.288s] Level 1:colcon.colcon_core.package_identification:_identify(log) ignored
[0.288s] Level 1:colcon.colcon_core.package_identification:_identify(src) by extensions ['ignore', 'ignore_ament_install']
[0.288s] Level 1:colcon.colcon_core.package_identification:_identify(src) by extension 'ignore'
[0.288s] Level 1:colcon.colcon_core.package_identification:_identify(src) by extension 'ignore_ament_install'
[0.288s] Level 1:colcon.colcon_core.package_identification:_identify(src) by extensions ['colcon_pkg']
[0.288s] Level 1:colcon.colcon_core.package_identification:_identify(src) by extension 'colcon_pkg'
[0.288s] Level 1:colcon.colcon_core.package_identification:_identify(src) by extensions ['colcon_meta']
[0.288s] Level 1:colcon.colcon_core.package_identification:_identify(src) by extension 'colcon_meta'
[0.288s] Level 1:colcon.colcon_core.package_identification:_identify(src) by extensions ['ros']
[0.288s] Level 1:colcon.colcon_core.package_identification:_identify(src) by extension 'ros'
[0.288s] Level 1:colcon.colcon_core.package_identification:_identify(src) by extensions ['cmake', 'python']
[0.288s] Level 1:colcon.colcon_core.package_identification:_identify(src) by extension 'cmake'
[0.288s] Level 1:colcon.colcon_core.package_identification:_identify(src) by extension 'python'
[0.288s] Level 1:colcon.colcon_core.package_identification:_identify(src) by extensions ['python_setup_py']
[0.288s] Level 1:colcon.colcon_core.package_identification:_identify(src) by extension 'python_setup_py'
[0.288s] Level 1:colcon.colcon_core.package_identification:_identify(src/behavior_package) by extensions ['ignore', 'ignore_ament_install']
[0.289s] Level 1:colcon.colcon_core.package_identification:_identify(src/behavior_package) by extension 'ignore'
[0.289s] Level 1:colcon.colcon_core.package_identification:_identify(src/behavior_package) by extension 'ignore_ament_install'
[0.289s] Level 1:colcon.colcon_core.package_identification:_identify(src/behavior_package) by extensions ['colcon_pkg']
[0.289s] Level 1:colcon.colcon_core.package_identification:_identify(src/behavior_package) by extension 'colcon_pkg'
[0.289s] Level 1:colcon.colcon_core.package_identification:_identify(src/behavior_package) by extensions ['colcon_meta']
[0.289s] Level 1:colcon.colcon_core.package_identification:_identify(src/behavior_package) by extension 'colcon_meta'
[0.289s] Level 1:colcon.colcon_core.package_identification:_identify(src/behavior_package) by extensions ['ros']
[0.289s] Level 1:colcon.colcon_core.package_identification:_identify(src/behavior_package) by extension 'ros'
[0.293s] DEBUG:colcon.colcon_core.package_identification:Package 'src/behavior_package' with type 'ros.ament_python' and name 'behavior_package'
[0.293s] Level 1:colcon.colcon_core.package_identification:_identify(src/gui_package) by extensions ['ignore', 'ignore_ament_install']
[0.293s] Level 1:colcon.colcon_core.package_identification:_identify(src/gui_package) by extension 'ignore'
[0.293s] Level 1:colcon.colcon_core.package_identification:_identify(src/gui_package) by extension 'ignore_ament_install'
[0.293s] Level 1:colcon.colcon_core.package_identification:_identify(src/gui_package) by extensions ['colcon_pkg']
[0.293s] Level 1:colcon.colcon_core.package_identification:_identify(src/gui_package) by extension 'colcon_pkg'
[0.293s] Level 1:colcon.colcon_core.package_identification:_identify(src/gui_package) by extensions ['colcon_meta']
[0.293s] Level 1:colcon.colcon_core.package_identification:_identify(src/gui_package) by extension 'colcon_meta'
[0.293s] Level 1:colcon.colcon_core.package_identification:_identify(src/gui_package) by extensions ['ros']
[0.293s] Level 1:colcon.colcon_core.package_identification:_identify(src/gui_package) by extension 'ros'
[0.294s] DEBUG:colcon.colcon_core.package_identification:Package 'src/gui_package' with type 'ros.ament_python' and name 'gui_package'
[0.294s] Level 1:colcon.colcon_core.package_identification:_identify(src/interface_package) by extensions ['ignore', 'ignore_ament_install']
[0.294s] Level 1:colcon.colcon_core.package_identification:_identify(src/interface_package) by extension 'ignore'
[0.294s] Level 1:colcon.colcon_core.package_identification:_identify(src/interface_package) by extension 'ignore_ament_install'
[0.294s] Level 1:colcon.colcon_core.package_identification:_identify(src/interface_package) by extensions ['colcon_pkg']
[0.294s] Level 1:colcon.colcon_core.package_identification:_identify(src/interface_package) by extension 'colcon_pkg'
[0.294s] Level 1:colcon.colcon_core.package_identification:_identify(src/interface_package) by extensions ['colcon_meta']
[0.294s] Level 1:colcon.colcon_core.package_identification:_identify(src/interface_package) by extension 'colcon_meta'
[0.294s] Level 1:colcon.colcon_core.package_identification:_identify(src/interface_package) by extensions ['ros']
[0.294s] Level 1:colcon.colcon_core.package_identification:_identify(src/interface_package) by extension 'ros'
[0.295s] DEBUG:colcon.colcon_core.package_identification:Package 'src/interface_package' with type 'ros.ament_cmake' and name 'interface_package'
[0.295s] Level 1:colcon.colcon_core.package_identification:_identify(src/navigation_package) by extensions ['ignore', 'ignore_ament_install']
[0.295s] Level 1:colcon.colcon_core.package_identification:_identify(src/navigation_package) by extension 'ignore'
[0.295s] Level 1:colcon.colcon_core.package_identification:_identify(src/navigation_package) by extension 'ignore_ament_install'
[0.295s] Level 1:colcon.colcon_core.package_identification:_identify(src/navigation_package) by extensions ['colcon_pkg']
[0.295s] Level 1:colcon.colcon_core.package_identification:_identify(src/navigation_package) by extension 'colcon_pkg'
[0.295s] Level 1:colcon.colcon_core.package_identification:_identify(src/navigation_package) by extensions ['colcon_meta']
[0.295s] Level 1:colcon.colcon_core.package_identification:_identify(src/navigation_package) by extension 'colcon_meta'
[0.295s] Level 1:colcon.colcon_core.package_identification:_identify(src/navigation_package) by extensions ['ros']
[0.295s] Level 1:colcon.colcon_core.package_identification:_identify(src/navigation_package) by extension 'ros'
[0.296s] DEBUG:colcon.colcon_core.package_identification:Package 'src/navigation_package' with type 'ros.ament_cmake' and name 'navigation_package'
[0.296s] Level 1:colcon.colcon_core.package_identification:_identify(src/robot_communication_package) by extensions ['ignore', 'ignore_ament_install']
[0.296s] Level 1:colcon.colcon_core.package_identification:_identify(src/robot_communication_package) by extension 'ignore'
[0.296s] Level 1:colcon.colcon_core.package_identification:_identify(src/robot_communication_package) by extension 'ignore_ament_install'
[0.296s] Level 1:colcon.colcon_core.package_identification:_identify(src/robot_communication_package) by extensions ['colcon_pkg']
[0.296s] Level 1:colcon.colcon_core.package_identification:_identify(src/robot_communication_package) by extension 'colcon_pkg'
[0.296s] Level 1:colcon.colcon_core.package_identification:_identify(src/robot_communication_package) by extensions ['colcon_meta']
[0.296s] Level 1:colcon.colcon_core.package_identification:_identify(src/robot_communication_package) by extension 'colcon_meta'
[0.296s] Level 1:colcon.colcon_core.package_identification:_identify(src/robot_communication_package) by extensions ['ros']
[0.296s] Level 1:colcon.colcon_core.package_identification:_identify(src/robot_communication_package) by extension 'ros'
[0.296s] DEBUG:colcon.colcon_core.package_identification:Package 'src/robot_communication_package' with type 'ros.ament_cmake' and name 'robot_communication_package'
[0.296s] Level 1:colcon.colcon_core.package_identification:_identify(src/vision_receiver_package) by extensions ['ignore', 'ignore_ament_install']
[0.296s] Level 1:colcon.colcon_core.package_identification:_identify(src/vision_receiver_package) by extension 'ignore'
[0.296s] Level 1:colcon.colcon_core.package_identification:_identify(src/vision_receiver_package) by extension 'ignore_ament_install'
[0.296s] Level 1:colcon.colcon_core.package_identification:_identify(src/vision_receiver_package) by extensions ['colcon_pkg']
[0.297s] Level 1:colcon.colcon_core.package_identification:_identify(src/vision_receiver_package) by extension 'colcon_pkg'
[0.297s] Level 1:colcon.colcon_core.package_identification:_identify(src/vision_receiver_package) by extensions ['colcon_meta']
[0.297s] Level 1:colcon.colcon_core.package_identification:_identify(src/vision_receiver_package) by extension 'colcon_meta'
[0.297s] Level 1:colcon.colcon_core.package_identification:_identify(src/vision_receiver_package) by extensions ['ros']
[0.297s] Level 1:colcon.colcon_core.package_identification:_identify(src/vision_receiver_package) by extension 'ros'
[0.297s] DEBUG:colcon.colcon_core.package_identification:Package 'src/vision_receiver_package' with type 'ros.ament_python' and name 'vision_receiver_package'
[0.297s] Level 1:colcon.colcon_core.package_discovery:discover_packages(recursive) using defaults
[0.297s] Level 1:colcon.colcon_core.package_discovery:discover_packages(ignore) discover
[0.297s] Level 1:colcon.colcon_core.package_discovery:discover_packages(ignore) using defaults
[0.297s] Level 1:colcon.colcon_core.package_discovery:discover_packages(path) discover
[0.297s] Level 1:colcon.colcon_core.package_discovery:discover_packages(path) using defaults
[0.315s] Level 1:colcon.colcon_core.package_discovery:discover_packages(prefix_path) check parameters
[0.315s] Level 1:colcon.colcon_core.package_discovery:discover_packages(prefix_path) discover
[0.316s] DEBUG:colcon.colcon_installed_package_information.package_discovery:Found 6 installed packages in /home/thxssio/robotics_framework/install
[0.317s] DEBUG:colcon.colcon_installed_package_information.package_discovery:Found 277 installed packages in /opt/ros/humble
[0.318s] Level 1:colcon.colcon_core.package_discovery:discover_packages(prefix_path) using defaults
[0.344s] Level 5:colcon.colcon_core.verb:set package 'behavior_package' build argument 'cmake_args' from command line to 'None'
[0.344s] Level 5:colcon.colcon_core.verb:set package 'behavior_package' build argument 'cmake_target' from command line to 'None'
[0.344s] Level 5:colcon.colcon_core.verb:set package 'behavior_package' build argument 'cmake_target_skip_unavailable' from command line to 'False'
[0.344s] Level 5:colcon.colcon_core.verb:set package 'behavior_package' build argument 'cmake_clean_cache' from command line to 'False'
[0.344s] Level 5:colcon.colcon_core.verb:set package 'behavior_package' build argument 'cmake_clean_first' from command line to 'False'
[0.344s] Level 5:colcon.colcon_core.verb:set package 'behavior_package' build argument 'cmake_force_configure' from command line to 'False'
[0.344s] Level 5:colcon.colcon_core.verb:set package 'behavior_package' build argument 'ament_cmake_args' from command line to 'None'
[0.344s] Level 5:colcon.colcon_core.verb:set package 'behavior_package' build argument 'catkin_cmake_args' from command line to 'None'
[0.344s] Level 5:colcon.colcon_core.verb:set package 'behavior_package' build argument 'catkin_skip_building_tests' from command line to 'False'
[0.344s] DEBUG:colcon.colcon_core.verb:Building package 'behavior_package' with the following arguments: {'ament_cmake_args': None, 'build_base': '/home/thxssio/robotics_framework/build/behavior_package', 'catkin_cmake_args': None, 'catkin_skip_building_tests': False, 'cmake_args': None, 'cmake_clean_cache': False, 'cmake_clean_first': False, 'cmake_force_configure': False, 'cmake_target': None, 'cmake_target_skip_unavailable': False, 'install_base': '/home/thxssio/robotics_framework/install/behavior_package', 'merge_install': False, 'path': '/home/thxssio/robotics_framework/src/behavior_package', 'symlink_install': False, 'test_result_base': None}
[0.344s] Level 5:colcon.colcon_core.verb:set package 'interface_package' build argument 'cmake_args' from command line to 'None'
[0.345s] Level 5:colcon.colcon_core.verb:set package 'interface_package' build argument 'cmake_target' from command line to 'None'
[0.345s] Level 5:colcon.colcon_core.verb:set package 'interface_package' build argument 'cmake_target_skip_unavailable' from command line to 'False'
[0.345s] Level 5:colcon.colcon_core.verb:set package 'interface_package' build argument 'cmake_clean_cache' from command line to 'False'
[0.345s] Level 5:colcon.colcon_core.verb:set package 'interface_package' build argument 'cmake_clean_first' from command line to 'False'
[0.345s] Level 5:colcon.colcon_core.verb:set package 'interface_package' build argument 'cmake_force_configure' from command line to 'False'
[0.345s] Level 5:colcon.colcon_core.verb:set package 'interface_package' build argument 'ament_cmake_args' from command line to 'None'
[0.345s] Level 5:colcon.colcon_core.verb:set package 'interface_package' build argument 'catkin_cmake_args' from command line to 'None'
[0.345s] Level 5:colcon.colcon_core.verb:set package 'interface_package' build argument 'catkin_skip_building_tests' from command line to 'False'
[0.345s] DEBUG:colcon.colcon_core.verb:Building package 'interface_package' with the following arguments: {'ament_cmake_args': None, 'build_base': '/home/thxssio/robotics_framework/build/interface_package', 'catkin_cmake_args': None, 'catkin_skip_building_tests': False, 'cmake_args': None, 'cmake_clean_cache': False, 'cmake_clean_first': False, 'cmake_force_configure': False, 'cmake_target': None, 'cmake_target_skip_unavailable': False, 'install_base': '/home/thxssio/robotics_framework/install/interface_package', 'merge_install': False, 'path': '/home/thxssio/robotics_framework/src/interface_package', 'symlink_install': False, 'test_result_base': None}
[0.345s] Level 5:colcon.colcon_core.verb:set package 'gui_package' build argument 'cmake_args' from command line to 'None'
[0.345s] Level 5:colcon.colcon_core.verb:set package 'gui_package' build argument 'cmake_target' from command line to 'None'
[0.345s] Level 5:colcon.colcon_core.verb:set package 'gui_package' build argument 'cmake_target_skip_unavailable' from command line to 'False'
[0.345s] Level 5:colcon.colcon_core.verb:set package 'gui_package' build argument 'cmake_clean_cache' from command line to 'False'
[0.345s] Level 5:colcon.colcon_core.verb:set package 'gui_package' build argument 'cmake_clean_first' from command line to 'False'
[0.345s] Level 5:colcon.colcon_core.verb:set package 'gui_package' build argument 'cmake_force_configure' from command line to 'False'
[0.345s] Level 5:colcon.colcon_core.verb:set package 'gui_package' build argument 'ament_cmake_args' from command line to 'None'
[0.345s] Level 5:colcon.colcon_core.verb:set package 'gui_package' build argument 'catkin_cmake_args' from command line to 'None'
[0.345s] Level 5:colcon.colcon_core.verb:set package 'gui_package' build argument 'catkin_skip_building_tests' from command line to 'False'
[0.345s] DEBUG:colcon.colcon_core.verb:Building package 'gui_package' with the following arguments: {'ament_cmake_args': None, 'build_base': '/home/thxssio/robotics_framework/build/gui_package', 'catkin_cmake_args': None, 'catkin_skip_building_tests': False, 'cmake_args': None, 'cmake_clean_cache': False, 'cmake_clean_first': False, 'cmake_force_configure': False, 'cmake_target': None, 'cmake_target_skip_unavailable': False, 'install_base': '/home/thxssio/robotics_framework/install/gui_package', 'merge_install': False, 'path': '/home/thxssio/robotics_framework/src/gui_package', 'symlink_install': False, 'test_result_base': None}
[0.345s] Level 5:colcon.colcon_core.verb:set package 'navigation_package' build argument 'cmake_args' from command line to 'None'
[0.345s] Level 5:colcon.colcon_core.verb:set package 'navigation_package' build argument 'cmake_target' from command line to 'None'
[0.345s] Level 5:colcon.colcon_core.verb:set package 'navigation_package' build argument 'cmake_target_skip_unavailable' from command line to 'False'
[0.345s] Level 5:colcon.colcon_core.verb:set package 'navigation_package' build argument 'cmake_clean_cache' from command line to 'False'
[0.345s] Level 5:colcon.colcon_core.verb:set package 'navigation_package' build argument 'cmake_clean_first' from command line to 'False'
[0.345s] Level 5:colcon.colcon_core.verb:set package 'navigation_package' build argument 'cmake_force_configure' from command line to 'False'
[0.345s] Level 5:colcon.colcon_core.verb:set package 'navigation_package' build argument 'ament_cmake_args' from command line to 'None'
[0.345s] Level 5:colcon.colcon_core.verb:set package 'navigation_package' build argument 'catkin_cmake_args' from command line to 'None'
[0.345s] Level 5:colcon.colcon_core.verb:set package 'navigation_package' build argument 'catkin_skip_building_tests' from command line to 'False'
[0.345s] DEBUG:colcon.colcon_core.verb:Building package 'navigation_package' with the following arguments: {'ament_cmake_args': None, 'build_base': '/home/thxssio/robotics_framework/build/navigation_package', 'catkin_cmake_args': None, 'catkin_skip_building_tests': False, 'cmake_args': None, 'cmake_clean_cache': False, 'cmake_clean_first': False, 'cmake_force_configure': False, 'cmake_target': None, 'cmake_target_skip_unavailable': False, 'install_base': '/home/thxssio/robotics_framework/install/navigation_package', 'merge_install': False, 'path': '/home/thxssio/robotics_framework/src/navigation_package', 'symlink_install': False, 'test_result_base': None}
[0.346s] Level 5:colcon.colcon_core.verb:set package 'robot_communication_package' build argument 'cmake_args' from command line to 'None'
[0.346s] Level 5:colcon.colcon_core.verb:set package 'robot_communication_package' build argument 'cmake_target' from command line to 'None'
[0.346s] Level 5:colcon.colcon_core.verb:set package 'robot_communication_package' build argument 'cmake_target_skip_unavailable' from command line to 'False'
[0.346s] Level 5:colcon.colcon_core.verb:set package 'robot_communication_package' build argument 'cmake_clean_cache' from command line to 'False'
[0.346s] Level 5:colcon.colcon_core.verb:set package 'robot_communication_package' build argument 'cmake_clean_first' from command line to 'False'
[0.346s] Level 5:colcon.colcon_core.verb:set package 'robot_communication_package' build argument 'cmake_force_configure' from command line to 'False'
[0.346s] Level 5:colcon.colcon_core.verb:set package 'robot_communication_package' build argument 'ament_cmake_args' from command line to 'None'
[0.346s] Level 5:colcon.colcon_core.verb:set package 'robot_communication_package' build argument 'catkin_cmake_args' from command line to 'None'
[0.346s] Level 5:colcon.colcon_core.verb:set package 'robot_communication_package' build argument 'catkin_skip_building_tests' from command line to 'False'
[0.346s] DEBUG:colcon.colcon_core.verb:Building package 'robot_communication_package' with the following arguments: {'ament_cmake_args': None, 'build_base': '/home/thxssio/robotics_framework/build/robot_communication_package', 'catkin_cmake_args': None, 'catkin_skip_building_tests': False, 'cmake_args': None, 'cmake_clean_cache': False, 'cmake_clean_first': False, 'cmake_force_configure': False, 'cmake_target': None, 'cmake_target_skip_unavailable': False, 'install_base': '/home/thxssio/robotics_framework/install/robot_communication_package', 'merge_install': False, 'path': '/home/thxssio/robotics_framework/src/robot_communication_package', 'symlink_install': False, 'test_result_base': None}
[0.346s] Level 5:colcon.colcon_core.verb:set package 'vision_receiver_package' build argument 'cmake_args' from command line to 'None'
[0.346s] Level 5:colcon.colcon_core.verb:set package 'vision_receiver_package' build argument 'cmake_target' from command line to 'None'
[0.346s] Level 5:colcon.colcon_core.verb:set package 'vision_receiver_package' build argument 'cmake_target_skip_unavailable' from command line to 'False'
[0.346s] Level 5:colcon.colcon_core.verb:set package 'vision_receiver_package' build argument 'cmake_clean_cache' from command line to 'False'
[0.346s] Level 5:colcon.colcon_core.verb:set package 'vision_receiver_package' build argument 'cmake_clean_first' from command line to 'False'
[0.346s] Level 5:colcon.colcon_core.verb:set package 'vision_receiver_package' build argument 'cmake_force_configure' from command line to 'False'
[0.346s] Level 5:colcon.colcon_core.verb:set package 'vision_receiver_package' build argument 'ament_cmake_args' from command line to 'None'
[0.346s] Level 5:colcon.colcon_core.verb:set package 'vision_receiver_package' build argument 'catkin_cmake_args' from command line to 'None'
[0.346s] Level 5:colcon.colcon_core.verb:set package 'vision_receiver_package' build argument 'catkin_skip_building_tests' from command line to 'False'
[0.346s] DEBUG:colcon.colcon_core.verb:Building package 'vision_receiver_package' with the following arguments: {'ament_cmake_args': None, 'build_base': '/home/thxssio/robotics_framework/build/vision_receiver_package', 'catkin_cmake_args': None, 'catkin_skip_building_tests': False, 'cmake_args': None, 'cmake_clean_cache': False, 'cmake_clean_first': False, 'cmake_force_configure': False, 'cmake_target': None, 'cmake_target_skip_unavailable': False, 'install_base': '/home/thxssio/robotics_framework/install/vision_receiver_package', 'merge_install': False, 'path': '/home/thxssio/robotics_framework/src/vision_receiver_package', 'symlink_install': False, 'test_result_base': None}
[0.346s] INFO:colcon.colcon_core.executor:Executing jobs using 'parallel' executor
[0.348s] DEBUG:colcon.colcon_parallel_executor.executor.parallel:run_until_complete
[0.348s] INFO:colcon.colcon_ros.task.ament_cmake.build:Building ROS package in '/home/thxssio/robotics_framework/src/interface_package' with build type 'ament_cmake'
[0.348s] INFO:colcon.colcon_cmake.task.cmake.build:Building CMake package in '/home/thxssio/robotics_framework/src/interface_package'
[0.351s] INFO:colcon.colcon_core.plugin_system:Skipping extension 'colcon_core.shell.bat': Not used on non-Windows systems
[0.351s] INFO:colcon.colcon_core.shell:Skip shell extension 'powershell' for command environment: Not usable outside of PowerShell
[0.351s] DEBUG:colcon.colcon_core.shell:Skip shell extension 'dsv' for command environment
[0.356s] INFO:colcon.colcon_ros.task.ament_python.build:Building ROS package in '/home/thxssio/robotics_framework/src/behavior_package' with build type 'ament_python'
[0.356s] Level 1:colcon.colcon_core.shell:create_environment_hook('behavior_package', 'ament_prefix_path')
[0.356s] INFO:colcon.colcon_core.shell:Creating environment hook '/home/thxssio/robotics_framework/install/behavior_package/share/behavior_package/hook/ament_prefix_path.ps1'
[0.357s] INFO:colcon.colcon_core.shell:Creating environment descriptor '/home/thxssio/robotics_framework/install/behavior_package/share/behavior_package/hook/ament_prefix_path.dsv'
[0.357s] INFO:colcon.colcon_core.shell:Creating environment hook '/home/thxssio/robotics_framework/install/behavior_package/share/behavior_package/hook/ament_prefix_path.sh'
[0.357s] INFO:colcon.colcon_core.shell:Skip shell extension 'powershell' for command environment: Not usable outside of PowerShell
[0.358s] DEBUG:colcon.colcon_core.shell:Skip shell extension 'dsv' for command environment
[0.362s] DEBUG:colcon.colcon_core.event_handler.log_command:Invoking command in '/home/thxssio/robotics_framework/build/interface_package': CMAKE_PREFIX_PATH=${CMAKE_PREFIX_PATH}:/home/thxssio/robotics_framework/install/vision_receiver_package:/home/thxssio/robotics_framework/install/gui_package:/home/thxssio/robotics_framework/install/behavior_package:/opt/ros/humble /usr/bin/cmake --build /home/thxssio/robotics_framework/build/interface_package -- -j16 -l16
[0.639s] INFO:colcon.colcon_core.task.python.build:Building Python package in '/home/thxssio/robotics_framework/src/behavior_package'
[0.639s] INFO:colcon.colcon_core.shell:Skip shell extension 'powershell' for command environment: Not usable outside of PowerShell
[0.639s] DEBUG:colcon.colcon_core.shell:Skip shell extension 'dsv' for command environment
[0.746s] DEBUG:colcon.colcon_core.event_handler.log_command:Invoked command in '/home/thxssio/robotics_framework/build/interface_package' returned '0': CMAKE_PREFIX_PATH=${CMAKE_PREFIX_PATH}:/home/thxssio/robotics_framework/install/vision_receiver_package:/home/thxssio/robotics_framework/install/gui_package:/home/thxssio/robotics_framework/install/behavior_package:/opt/ros/humble /usr/bin/cmake --build /home/thxssio/robotics_framework/build/interface_package -- -j16 -l16
[0.758s] DEBUG:colcon.colcon_core.event_handler.log_command:Invoking command in '/home/thxssio/robotics_framework/build/interface_package': CMAKE_PREFIX_PATH=${CMAKE_PREFIX_PATH}:/home/thxssio/robotics_framework/install/vision_receiver_package:/home/thxssio/robotics_framework/install/gui_package:/home/thxssio/robotics_framework/install/behavior_package:/opt/ros/humble /usr/bin/cmake --install /home/thxssio/robotics_framework/build/interface_package
[0.844s] Level 1:colcon.colcon_core.environment:create_environment_scripts_only(interface_package)
[0.844s] DEBUG:colcon.colcon_core.event_handler.log_command:Invoked command in '/home/thxssio/robotics_framework/build/interface_package' returned '0': CMAKE_PREFIX_PATH=${CMAKE_PREFIX_PATH}:/home/thxssio/robotics_framework/install/vision_receiver_package:/home/thxssio/robotics_framework/install/gui_package:/home/thxssio/robotics_framework/install/behavior_package:/opt/ros/humble /usr/bin/cmake --install /home/thxssio/robotics_framework/build/interface_package
[0.849s] Level 1:colcon.colcon_core.environment:checking '/home/thxssio/robotics_framework/install/interface_package' for CMake module files
[0.850s] Level 1:colcon.colcon_core.environment:checking '/home/thxssio/robotics_framework/install/interface_package' for CMake config files
[0.851s] Level 1:colcon.colcon_core.shell:create_environment_hook('interface_package', 'cmake_prefix_path')
[0.852s] INFO:colcon.colcon_core.shell:Creating environment hook '/home/thxssio/robotics_framework/install/interface_package/share/interface_package/hook/cmake_prefix_path.ps1'
[0.852s] INFO:colcon.colcon_core.shell:Creating environment descriptor '/home/thxssio/robotics_framework/install/interface_package/share/interface_package/hook/cmake_prefix_path.dsv'
[0.853s] INFO:colcon.colcon_core.shell:Creating environment hook '/home/thxssio/robotics_framework/install/interface_package/share/interface_package/hook/cmake_prefix_path.sh'
[0.854s] Level 1:colcon.colcon_core.environment:checking '/home/thxssio/robotics_framework/install/interface_package/lib'
[0.854s] Level 1:colcon.colcon_core.shell:create_environment_hook('interface_package', 'ld_library_path_lib')
[0.854s] INFO:colcon.colcon_core.shell:Creating environment hook '/home/thxssio/robotics_framework/install/interface_package/share/interface_package/hook/ld_library_path_lib.ps1'
[0.855s] INFO:colcon.colcon_core.shell:Creating environment descriptor '/home/thxssio/robotics_framework/install/interface_package/share/interface_package/hook/ld_library_path_lib.dsv'
[0.855s] INFO:colcon.colcon_core.shell:Creating environment hook '/home/thxssio/robotics_framework/install/interface_package/share/interface_package/hook/ld_library_path_lib.sh'
[0.856s] Level 1:colcon.colcon_core.environment:checking '/home/thxssio/robotics_framework/install/interface_package/bin'
[0.856s] Level 1:colcon.colcon_core.environment:checking '/home/thxssio/robotics_framework/install/interface_package/lib/pkgconfig/interface_package.pc'
[0.856s] Level 1:colcon.colcon_core.environment:checking '/home/thxssio/robotics_framework/install/interface_package/lib/python3.10/site-packages'
[0.857s] Level 1:colcon.colcon_core.environment:checking '/home/thxssio/robotics_framework/install/interface_package/bin'
[0.857s] INFO:colcon.colcon_core.shell:Creating package script '/home/thxssio/robotics_framework/install/interface_package/share/interface_package/package.ps1'
[0.858s] INFO:colcon.colcon_core.shell:Creating package descriptor '/home/thxssio/robotics_framework/install/interface_package/share/interface_package/package.dsv'
[0.858s] INFO:colcon.colcon_core.shell:Creating package script '/home/thxssio/robotics_framework/install/interface_package/share/interface_package/package.sh'
[0.859s] INFO:colcon.colcon_core.shell:Creating package script '/home/thxssio/robotics_framework/install/interface_package/share/interface_package/package.bash'
[0.859s] INFO:colcon.colcon_core.shell:Creating package script '/home/thxssio/robotics_framework/install/interface_package/share/interface_package/package.zsh'
[0.860s] Level 1:colcon.colcon_core.environment:create_file_with_runtime_dependencies(/home/thxssio/robotics_framework/install/interface_package/share/colcon-core/packages/interface_package)
[0.861s] Level 1:colcon.colcon_core.environment:create_environment_scripts_only(interface_package)
[0.861s] Level 1:colcon.colcon_core.environment:checking '/home/thxssio/robotics_framework/install/interface_package' for CMake module files
[0.861s] Level 1:colcon.colcon_core.environment:checking '/home/thxssio/robotics_framework/install/interface_package' for CMake config files
[0.862s] Level 1:colcon.colcon_core.shell:create_environment_hook('interface_package', 'cmake_prefix_path')
[0.863s] INFO:colcon.colcon_core.shell:Creating environment hook '/home/thxssio/robotics_framework/install/interface_package/share/interface_package/hook/cmake_prefix_path.ps1'
[0.863s] INFO:colcon.colcon_core.shell:Creating environment descriptor '/home/thxssio/robotics_framework/install/interface_package/share/interface_package/hook/cmake_prefix_path.dsv'
[0.863s] INFO:colcon.colcon_core.shell:Creating environment hook '/home/thxssio/robotics_framework/install/interface_package/share/interface_package/hook/cmake_prefix_path.sh'
[0.864s] Level 1:colcon.colcon_core.environment:checking '/home/thxssio/robotics_framework/install/interface_package/lib'
[0.864s] Level 1:colcon.colcon_core.shell:create_environment_hook('interface_package', 'ld_library_path_lib')
[0.864s] INFO:colcon.colcon_core.shell:Creating environment hook '/home/thxssio/robotics_framework/install/interface_package/share/interface_package/hook/ld_library_path_lib.ps1'
[0.864s] INFO:colcon.colcon_core.shell:Creating environment descriptor '/home/thxssio/robotics_framework/install/interface_package/share/interface_package/hook/ld_library_path_lib.dsv'
[0.864s] INFO:colcon.colcon_core.shell:Creating environment hook '/home/thxssio/robotics_framework/install/interface_package/share/interface_package/hook/ld_library_path_lib.sh'
[0.865s] Level 1:colcon.colcon_core.environment:checking '/home/thxssio/robotics_framework/install/interface_package/bin'
[0.865s] Level 1:colcon.colcon_core.environment:checking '/home/thxssio/robotics_framework/install/interface_package/lib/pkgconfig/interface_package.pc'
[0.865s] Level 1:colcon.colcon_core.environment:checking '/home/thxssio/robotics_framework/install/interface_package/lib/python3.10/site-packages'
[0.865s] Level 1:colcon.colcon_core.environment:checking '/home/thxssio/robotics_framework/install/interface_package/bin'
[0.866s] INFO:colcon.colcon_core.shell:Creating package script '/home/thxssio/robotics_framework/install/interface_package/share/interface_package/package.ps1'
[0.866s] INFO:colcon.colcon_core.shell:Creating package descriptor '/home/thxssio/robotics_framework/install/interface_package/share/interface_package/package.dsv'
[0.866s] INFO:colcon.colcon_core.shell:Creating package script '/home/thxssio/robotics_framework/install/interface_package/share/interface_package/package.sh'
[0.867s] INFO:colcon.colcon_core.shell:Creating package script '/home/thxssio/robotics_framework/install/interface_package/share/interface_package/package.bash'
[0.867s] INFO:colcon.colcon_core.shell:Creating package script '/home/thxssio/robotics_framework/install/interface_package/share/interface_package/package.zsh'
[0.867s] Level 1:colcon.colcon_core.environment:create_file_with_runtime_dependencies(/home/thxssio/robotics_framework/install/interface_package/share/colcon-core/packages/interface_package)
[0.867s] INFO:colcon.colcon_ros.task.ament_cmake.build:Building ROS package in '/home/thxssio/robotics_framework/src/navigation_package' with build type 'ament_cmake'
[0.867s] INFO:colcon.colcon_cmake.task.cmake.build:Building CMake package in '/home/thxssio/robotics_framework/src/navigation_package'
[0.868s] INFO:colcon.colcon_core.shell:Skip shell extension 'powershell' for command environment: Not usable outside of PowerShell
[0.868s] DEBUG:colcon.colcon_core.shell:Skip shell extension 'dsv' for command environment
[0.871s] INFO:colcon.colcon_ros.task.ament_cmake.build:Building ROS package in '/home/thxssio/robotics_framework/src/robot_communication_package' with build type 'ament_cmake'
[0.871s] INFO:colcon.colcon_cmake.task.cmake.build:Building CMake package in '/home/thxssio/robotics_framework/src/robot_communication_package'
[0.871s] INFO:colcon.colcon_core.shell:Skip shell extension 'powershell' for command environment: Not usable outside of PowerShell
[0.871s] DEBUG:colcon.colcon_core.shell:Skip shell extension 'dsv' for command environment
[0.875s] INFO:colcon.colcon_ros.task.ament_python.build:Building ROS package in '/home/thxssio/robotics_framework/src/vision_receiver_package' with build type 'ament_python'
[0.875s] Level 1:colcon.colcon_core.shell:create_environment_hook('vision_receiver_package', 'ament_prefix_path')
[0.876s] INFO:colcon.colcon_core.shell:Creating environment hook '/home/thxssio/robotics_framework/install/vision_receiver_package/share/vision_receiver_package/hook/ament_prefix_path.ps1'
[0.877s] INFO:colcon.colcon_core.shell:Creating environment descriptor '/home/thxssio/robotics_framework/install/vision_receiver_package/share/vision_receiver_package/hook/ament_prefix_path.dsv'
[0.877s] INFO:colcon.colcon_core.shell:Creating environment hook '/home/thxssio/robotics_framework/install/vision_receiver_package/share/vision_receiver_package/hook/ament_prefix_path.sh'
[0.878s] INFO:colcon.colcon_core.shell:Skip shell extension 'powershell' for command environment: Not usable outside of PowerShell
[0.878s] DEBUG:colcon.colcon_core.shell:Skip shell extension 'dsv' for command environment
[0.884s] DEBUG:colcon.colcon_core.event_handler.log_command:Invoking command in '/home/thxssio/robotics_framework/build/navigation_package': CMAKE_PREFIX_PATH=/home/thxssio/robotics_framework/install/interface_package:/home/thxssio/robotics_framework/install/robot_communication_package:/home/thxssio/robotics_framework/install/navigation_package:/home/thxssio/robotics_framework/install/vision_receiver_package:/home/thxssio/robotics_framework/install/gui_package:/home/thxssio/robotics_framework/install/behavior_package:/opt/ros/humble LD_LIBRARY_PATH=/home/thxssio/robotics_framework/install/interface_package/lib:/home/thxssio/robotics_framework/install/navigation_package/lib:/opt/ros/humble/opt/rviz_ogre_vendor/lib:/opt/ros/humble/lib/x86_64-linux-gnu:/opt/ros/humble/lib /usr/bin/cmake --build /home/thxssio/robotics_framework/build/navigation_package -- -j16 -l16
[0.888s] DEBUG:colcon.colcon_core.event_handler.log_command:Invoking command in '/home/thxssio/robotics_framework/build/robot_communication_package': CMAKE_PREFIX_PATH=/home/thxssio/robotics_framework/install/interface_package:/home/thxssio/robotics_framework/install/robot_communication_package:/home/thxssio/robotics_framework/install/navigation_package:/home/thxssio/robotics_framework/install/vision_receiver_package:/home/thxssio/robotics_framework/install/gui_package:/home/thxssio/robotics_framework/install/behavior_package:/opt/ros/humble LD_LIBRARY_PATH=/home/thxssio/robotics_framework/install/interface_package/lib:/home/thxssio/robotics_framework/install/navigation_package/lib:/opt/ros/humble/opt/rviz_ogre_vendor/lib:/opt/ros/humble/lib/x86_64-linux-gnu:/opt/ros/humble/lib /usr/bin/cmake --build /home/thxssio/robotics_framework/build/robot_communication_package -- -j16 -l16
[1.158s] INFO:colcon.colcon_core.task.python.build:Building Python package in '/home/thxssio/robotics_framework/src/vision_receiver_package'
[1.158s] INFO:colcon.colcon_core.shell:Skip shell extension 'powershell' for command environment: Not usable outside of PowerShell
[1.158s] DEBUG:colcon.colcon_core.shell:Skip shell extension 'dsv' for command environment
[1.165s] DEBUG:colcon.colcon_core.event_handler.log_command:Invoking command in '/home/thxssio/robotics_framework/src/behavior_package': PYTHONPATH=/home/thxssio/robotics_framework/build/behavior_package/prefix_override:/usr/lib/python3/dist-packages/colcon_core/task/python/colcon_distutils_commands:/home/thxssio/robotics_framework/install/behavior_package/lib/python3.10/site-packages:${PYTHONPATH} /usr/bin/python3 -W ignore:setup.py install is deprecated -W ignore:easy_install command is deprecated setup.py egg_info --egg-base ../../build/behavior_package build --build-base /home/thxssio/robotics_framework/build/behavior_package/build install --record /home/thxssio/robotics_framework/build/behavior_package/install.log --single-version-externally-managed install_data
[1.167s] DEBUG:colcon.colcon_core.event_handler.log_command:Invoked command in '/home/thxssio/robotics_framework/build/navigation_package' returned '0': CMAKE_PREFIX_PATH=/home/thxssio/robotics_framework/install/interface_package:/home/thxssio/robotics_framework/install/robot_communication_package:/home/thxssio/robotics_framework/install/navigation_package:/home/thxssio/robotics_framework/install/vision_receiver_package:/home/thxssio/robotics_framework/install/gui_package:/home/thxssio/robotics_framework/install/behavior_package:/opt/ros/humble LD_LIBRARY_PATH=/home/thxssio/robotics_framework/install/interface_package/lib:/home/thxssio/robotics_framework/install/navigation_package/lib:/opt/ros/humble/opt/rviz_ogre_vendor/lib:/opt/ros/humble/lib/x86_64-linux-gnu:/opt/ros/humble/lib /usr/bin/cmake --build /home/thxssio/robotics_framework/build/navigation_package -- -j16 -l16
[1.168s] DEBUG:colcon.colcon_core.event_handler.log_command:Invoking command in '/home/thxssio/robotics_framework/build/navigation_package': CMAKE_PREFIX_PATH=/home/thxssio/robotics_framework/install/interface_package:/home/thxssio/robotics_framework/install/robot_communication_package:/home/thxssio/robotics_framework/install/navigation_package:/home/thxssio/robotics_framework/install/vision_receiver_package:/home/thxssio/robotics_framework/install/gui_package:/home/thxssio/robotics_framework/install/behavior_package:/opt/ros/humble LD_LIBRARY_PATH=/home/thxssio/robotics_framework/install/interface_package/lib:/home/thxssio/robotics_framework/install/navigation_package/lib:/opt/ros/humble/opt/rviz_ogre_vendor/lib:/opt/ros/humble/lib/x86_64-linux-gnu:/opt/ros/humble/lib /usr/bin/cmake --install /home/thxssio/robotics_framework/build/navigation_package
[1.181s] Level 1:colcon.colcon_core.environment:create_environment_scripts_only(navigation_package)
[1.182s] Level 1:colcon.colcon_core.environment:checking '/home/thxssio/robotics_framework/install/navigation_package' for CMake module files
[1.182s] DEBUG:colcon.colcon_core.event_handler.log_command:Invoked command in '/home/thxssio/robotics_framework/build/navigation_package' returned '0': CMAKE_PREFIX_PATH=/home/thxssio/robotics_framework/install/interface_package:/home/thxssio/robotics_framework/install/robot_communication_package:/home/thxssio/robotics_framework/install/navigation_package:/home/thxssio/robotics_framework/install/vision_receiver_package:/home/thxssio/robotics_framework/install/gui_package:/home/thxssio/robotics_framework/install/behavior_package:/opt/ros/humble LD_LIBRARY_PATH=/home/thxssio/robotics_framework/install/interface_package/lib:/home/thxssio/robotics_framework/install/navigation_package/lib:/opt/ros/humble/opt/rviz_ogre_vendor/lib:/opt/ros/humble/lib/x86_64-linux-gnu:/opt/ros/humble/lib /usr/bin/cmake --install /home/thxssio/robotics_framework/build/navigation_package
[1.183s] Level 1:colcon.colcon_core.environment:checking '/home/thxssio/robotics_framework/install/navigation_package' for CMake config files
[1.183s] Level 1:colcon.colcon_core.shell:create_environment_hook('navigation_package', 'cmake_prefix_path')
[1.184s] INFO:colcon.colcon_core.shell:Creating environment hook '/home/thxssio/robotics_framework/install/navigation_package/share/navigation_package/hook/cmake_prefix_path.ps1'
[1.184s] INFO:colcon.colcon_core.shell:Creating environment descriptor '/home/thxssio/robotics_framework/install/navigation_package/share/navigation_package/hook/cmake_prefix_path.dsv'
[1.185s] INFO:colcon.colcon_core.shell:Creating environment hook '/home/thxssio/robotics_framework/install/navigation_package/share/navigation_package/hook/cmake_prefix_path.sh'
[1.185s] Level 1:colcon.colcon_core.environment:checking '/home/thxssio/robotics_framework/install/navigation_package/lib'
[1.185s] Level 1:colcon.colcon_core.environment:checking '/home/thxssio/robotics_framework/install/navigation_package/bin'
[1.185s] Level 1:colcon.colcon_core.environment:checking '/home/thxssio/robotics_framework/install/navigation_package/lib/pkgconfig/navigation_package.pc'
[1.185s] Level 1:colcon.colcon_core.environment:checking '/home/thxssio/robotics_framework/install/navigation_package/lib/python3.10/site-packages'
[1.186s] Level 1:colcon.colcon_core.environment:checking '/home/thxssio/robotics_framework/install/navigation_package/bin'
[1.186s] INFO:colcon.colcon_core.shell:Creating package script '/home/thxssio/robotics_framework/install/navigation_package/share/navigation_package/package.ps1'
[1.186s] INFO:colcon.colcon_core.shell:Creating package descriptor '/home/thxssio/robotics_framework/install/navigation_package/share/navigation_package/package.dsv'
[1.187s] INFO:colcon.colcon_core.shell:Creating package script '/home/thxssio/robotics_framework/install/navigation_package/share/navigation_package/package.sh'
[1.187s] INFO:colcon.colcon_core.shell:Creating package script '/home/thxssio/robotics_framework/install/navigation_package/share/navigation_package/package.bash'
[1.187s] INFO:colcon.colcon_core.shell:Creating package script '/home/thxssio/robotics_framework/install/navigation_package/share/navigation_package/package.zsh'
[1.188s] Level 1:colcon.colcon_core.environment:create_file_with_runtime_dependencies(/home/thxssio/robotics_framework/install/navigation_package/share/colcon-core/packages/navigation_package)
[1.188s] Level 1:colcon.colcon_core.environment:create_environment_scripts_only(navigation_package)
[1.188s] Level 1:colcon.colcon_core.environment:checking '/home/thxssio/robotics_framework/install/navigation_package' for CMake module files
[1.189s] Level 1:colcon.colcon_core.environment:checking '/home/thxssio/robotics_framework/install/navigation_package' for CMake config files
[1.189s] Level 1:colcon.colcon_core.shell:create_environment_hook('navigation_package', 'cmake_prefix_path')
[1.189s] INFO:colcon.colcon_core.shell:Creating environment hook '/home/thxssio/robotics_framework/install/navigation_package/share/navigation_package/hook/cmake_prefix_path.ps1'
[1.189s] INFO:colcon.colcon_core.shell:Creating environment descriptor '/home/thxssio/robotics_framework/install/navigation_package/share/navigation_package/hook/cmake_prefix_path.dsv'
[1.189s] INFO:colcon.colcon_core.shell:Creating environment hook '/home/thxssio/robotics_framework/install/navigation_package/share/navigation_package/hook/cmake_prefix_path.sh'
[1.190s] Level 1:colcon.colcon_core.environment:checking '/home/thxssio/robotics_framework/install/navigation_package/lib'
[1.190s] Level 1:colcon.colcon_core.environment:checking '/home/thxssio/robotics_framework/install/navigation_package/bin'
[1.190s] Level 1:colcon.colcon_core.environment:checking '/home/thxssio/robotics_framework/install/navigation_package/lib/pkgconfig/navigation_package.pc'
[1.190s] Level 1:colcon.colcon_core.environment:checking '/home/thxssio/robotics_framework/install/navigation_package/lib/python3.10/site-packages'
[1.190s] Level 1:colcon.colcon_core.environment:checking '/home/thxssio/robotics_framework/install/navigation_package/bin'
[1.191s] INFO:colcon.colcon_core.shell:Creating package script '/home/thxssio/robotics_framework/install/navigation_package/share/navigation_package/package.ps1'
[1.191s] INFO:colcon.colcon_core.shell:Creating package descriptor '/home/thxssio/robotics_framework/install/navigation_package/share/navigation_package/package.dsv'
[1.191s] INFO:colcon.colcon_core.shell:Creating package script '/home/thxssio/robotics_framework/install/navigation_package/share/navigation_package/package.sh'
[1.191s] INFO:colcon.colcon_core.shell:Creating package script '/home/thxssio/robotics_framework/install/navigation_package/share/navigation_package/package.bash'
[1.192s] INFO:colcon.colcon_core.shell:Creating package script '/home/thxssio/robotics_framework/install/navigation_package/share/navigation_package/package.zsh'
[1.192s] Level 1:colcon.colcon_core.environment:create_file_with_runtime_dependencies(/home/thxssio/robotics_framework/install/navigation_package/share/colcon-core/packages/navigation_package)
[1.269s] DEBUG:colcon.colcon_core.event_handler.log_command:Invoked command in '/home/thxssio/robotics_framework/build/robot_communication_package' returned '0': CMAKE_PREFIX_PATH=/home/thxssio/robotics_framework/install/interface_package:/home/thxssio/robotics_framework/install/robot_communication_package:/home/thxssio/robotics_framework/install/navigation_package:/home/thxssio/robotics_framework/install/vision_receiver_package:/home/thxssio/robotics_framework/install/gui_package:/home/thxssio/robotics_framework/install/behavior_package:/opt/ros/humble LD_LIBRARY_PATH=/home/thxssio/robotics_framework/install/interface_package/lib:/home/thxssio/robotics_framework/install/navigation_package/lib:/opt/ros/humble/opt/rviz_ogre_vendor/lib:/opt/ros/humble/lib/x86_64-linux-gnu:/opt/ros/humble/lib /usr/bin/cmake --build /home/thxssio/robotics_framework/build/robot_communication_package -- -j16 -l16
[1.271s] DEBUG:colcon.colcon_core.event_handler.log_command:Invoking command in '/home/thxssio/robotics_framework/build/robot_communication_package': CMAKE_PREFIX_PATH=/home/thxssio/robotics_framework/install/interface_package:/home/thxssio/robotics_framework/install/robot_communication_package:/home/thxssio/robotics_framework/install/navigation_package:/home/thxssio/robotics_framework/install/vision_receiver_package:/home/thxssio/robotics_framework/install/gui_package:/home/thxssio/robotics_framework/install/behavior_package:/opt/ros/humble LD_LIBRARY_PATH=/home/thxssio/robotics_framework/install/interface_package/lib:/home/thxssio/robotics_framework/install/navigation_package/lib:/opt/ros/humble/opt/rviz_ogre_vendor/lib:/opt/ros/humble/lib/x86_64-linux-gnu:/opt/ros/humble/lib /usr/bin/cmake --install /home/thxssio/robotics_framework/build/robot_communication_package
[1.319s] Level 1:colcon.colcon_core.environment:create_environment_scripts_only(robot_communication_package)
[1.320s] Level 1:colcon.colcon_core.environment:checking '/home/thxssio/robotics_framework/install/robot_communication_package' for CMake module files
[1.320s] DEBUG:colcon.colcon_core.event_handler.log_command:Invoked command in '/home/thxssio/robotics_framework/build/robot_communication_package' returned '0': CMAKE_PREFIX_PATH=/home/thxssio/robotics_framework/install/interface_package:/home/thxssio/robotics_framework/install/robot_communication_package:/home/thxssio/robotics_framework/install/navigation_package:/home/thxssio/robotics_framework/install/vision_receiver_package:/home/thxssio/robotics_framework/install/gui_package:/home/thxssio/robotics_framework/install/behavior_package:/opt/ros/humble LD_LIBRARY_PATH=/home/thxssio/robotics_framework/install/interface_package/lib:/home/thxssio/robotics_framework/install/navigation_package/lib:/opt/ros/humble/opt/rviz_ogre_vendor/lib:/opt/ros/humble/lib/x86_64-linux-gnu:/opt/ros/humble/lib /usr/bin/cmake --install /home/thxssio/robotics_framework/build/robot_communication_package
[1.321s] Level 1:colcon.colcon_core.environment:checking '/home/thxssio/robotics_framework/install/robot_communication_package' for CMake config files
[1.321s] Level 1:colcon.colcon_core.shell:create_environment_hook('robot_communication_package', 'cmake_prefix_path')
[1.322s] INFO:colcon.colcon_core.shell:Creating environment hook '/home/thxssio/robotics_framework/install/robot_communication_package/share/robot_communication_package/hook/cmake_prefix_path.ps1'
[1.322s] INFO:colcon.colcon_core.shell:Creating environment descriptor '/home/thxssio/robotics_framework/install/robot_communication_package/share/robot_communication_package/hook/cmake_prefix_path.dsv'
[1.323s] INFO:colcon.colcon_core.shell:Creating environment hook '/home/thxssio/robotics_framework/install/robot_communication_package/share/robot_communication_package/hook/cmake_prefix_path.sh'
[1.323s] Level 1:colcon.colcon_core.environment:checking '/home/thxssio/robotics_framework/install/robot_communication_package/lib'
[1.323s] Level 1:colcon.colcon_core.environment:checking '/home/thxssio/robotics_framework/install/robot_communication_package/bin'
[1.324s] Level 1:colcon.colcon_core.environment:checking '/home/thxssio/robotics_framework/install/robot_communication_package/lib/pkgconfig/robot_communication_package.pc'
[1.324s] Level 1:colcon.colcon_core.environment:checking '/home/thxssio/robotics_framework/install/robot_communication_package/lib/python3.10/site-packages'
[1.324s] Level 1:colcon.colcon_core.environment:checking '/home/thxssio/robotics_framework/install/robot_communication_package/bin'
[1.325s] INFO:colcon.colcon_core.shell:Creating package script '/home/thxssio/robotics_framework/install/robot_communication_package/share/robot_communication_package/package.ps1'
[1.325s] INFO:colcon.colcon_core.shell:Creating package descriptor '/home/thxssio/robotics_framework/install/robot_communication_package/share/robot_communication_package/package.dsv'
[1.326s] INFO:colcon.colcon_core.shell:Creating package script '/home/thxssio/robotics_framework/install/robot_communication_package/share/robot_communication_package/package.sh'
[1.327s] INFO:colcon.colcon_core.shell:Creating package script '/home/thxssio/robotics_framework/install/robot_communication_package/share/robot_communication_package/package.bash'
[1.327s] INFO:colcon.colcon_core.shell:Creating package script '/home/thxssio/robotics_framework/install/robot_communication_package/share/robot_communication_package/package.zsh'
[1.328s] Level 1:colcon.colcon_core.environment:create_file_with_runtime_dependencies(/home/thxssio/robotics_framework/install/robot_communication_package/share/colcon-core/packages/robot_communication_package)
[1.328s] Level 1:colcon.colcon_core.environment:create_environment_scripts_only(robot_communication_package)
[1.329s] Level 1:colcon.colcon_core.environment:checking '/home/thxssio/robotics_framework/install/robot_communication_package' for CMake module files
[1.329s] Level 1:colcon.colcon_core.environment:checking '/home/thxssio/robotics_framework/install/robot_communication_package' for CMake config files
[1.330s] Level 1:colcon.colcon_core.shell:create_environment_hook('robot_communication_package', 'cmake_prefix_path')
[1.330s] INFO:colcon.colcon_core.shell:Creating environment hook '/home/thxssio/robotics_framework/install/robot_communication_package/share/robot_communication_package/hook/cmake_prefix_path.ps1'
[1.330s] INFO:colcon.colcon_core.shell:Creating environment descriptor '/home/thxssio/robotics_framework/install/robot_communication_package/share/robot_communication_package/hook/cmake_prefix_path.dsv'
[1.331s] INFO:colcon.colcon_core.shell:Creating environment hook '/home/thxssio/robotics_framework/install/robot_communication_package/share/robot_communication_package/hook/cmake_prefix_path.sh'
[1.332s] Level 1:colcon.colcon_core.environment:checking '/home/thxssio/robotics_framework/install/robot_communication_package/lib'
[1.332s] Level 1:colcon.colcon_core.environment:checking '/home/thxssio/robotics_framework/install/robot_communication_package/bin'
[1.332s] Level 1:colcon.colcon_core.environment:checking '/home/thxssio/robotics_framework/install/robot_communication_package/lib/pkgconfig/robot_communication_package.pc'
[1.332s] Level 1:colcon.colcon_core.environment:checking '/home/thxssio/robotics_framework/install/robot_communication_package/lib/python3.10/site-packages'
[1.333s] Level 1:colcon.colcon_core.environment:checking '/home/thxssio/robotics_framework/install/robot_communication_package/bin'
[1.333s] INFO:colcon.colcon_core.shell:Creating package script '/home/thxssio/robotics_framework/install/robot_communication_package/share/robot_communication_package/package.ps1'
[1.334s] INFO:colcon.colcon_core.shell:Creating package descriptor '/home/thxssio/robotics_framework/install/robot_communication_package/share/robot_communication_package/package.dsv'
[1.335s] INFO:colcon.colcon_core.shell:Creating package script '/home/thxssio/robotics_framework/install/robot_communication_package/share/robot_communication_package/package.sh'
[1.335s] INFO:colcon.colcon_core.shell:Creating package script '/home/thxssio/robotics_framework/install/robot_communication_package/share/robot_communication_package/package.bash'
[1.335s] INFO:colcon.colcon_core.shell:Creating package script '/home/thxssio/robotics_framework/install/robot_communication_package/share/robot_communication_package/package.zsh'
[1.336s] Level 1:colcon.colcon_core.environment:create_file_with_runtime_dependencies(/home/thxssio/robotics_framework/install/robot_communication_package/share/colcon-core/packages/robot_communication_package)
[1.473s] Level 1:colcon.colcon_core.environment:checking '/home/thxssio/robotics_framework/install/behavior_package' for CMake module files
[1.473s] DEBUG:colcon.colcon_core.event_handler.log_command:Invoked command in '/home/thxssio/robotics_framework/src/behavior_package' returned '0': PYTHONPATH=/home/thxssio/robotics_framework/build/behavior_package/prefix_override:/usr/lib/python3/dist-packages/colcon_core/task/python/colcon_distutils_commands:/home/thxssio/robotics_framework/install/behavior_package/lib/python3.10/site-packages:${PYTHONPATH} /usr/bin/python3 -W ignore:setup.py install is deprecated -W ignore:easy_install command is deprecated setup.py egg_info --egg-base ../../build/behavior_package build --build-base /home/thxssio/robotics_framework/build/behavior_package/build install --record /home/thxssio/robotics_framework/build/behavior_package/install.log --single-version-externally-managed install_data
[1.474s] Level 1:colcon.colcon_core.environment:checking '/home/thxssio/robotics_framework/install/behavior_package' for CMake config files
[1.474s] Level 1:colcon.colcon_core.environment:checking '/home/thxssio/robotics_framework/install/behavior_package/lib'
[1.474s] Level 1:colcon.colcon_core.environment:checking '/home/thxssio/robotics_framework/install/behavior_package/bin'
[1.474s] Level 1:colcon.colcon_core.environment:checking '/home/thxssio/robotics_framework/install/behavior_package/lib/pkgconfig/behavior_package.pc'
[1.474s] Level 1:colcon.colcon_core.environment:checking '/home/thxssio/robotics_framework/install/behavior_package/lib/python3.10/site-packages'
[1.474s] Level 1:colcon.colcon_core.shell:create_environment_hook('behavior_package', 'pythonpath')
[1.475s] INFO:colcon.colcon_core.shell:Creating environment hook '/home/thxssio/robotics_framework/install/behavior_package/share/behavior_package/hook/pythonpath.ps1'
[1.475s] INFO:colcon.colcon_core.shell:Creating environment descriptor '/home/thxssio/robotics_framework/install/behavior_package/share/behavior_package/hook/pythonpath.dsv'
[1.475s] INFO:colcon.colcon_core.shell:Creating environment hook '/home/thxssio/robotics_framework/install/behavior_package/share/behavior_package/hook/pythonpath.sh'
[1.476s] Level 1:colcon.colcon_core.environment:checking '/home/thxssio/robotics_framework/install/behavior_package/bin'
[1.476s] Level 1:colcon.colcon_core.environment:create_environment_scripts_only(behavior_package)
[1.476s] INFO:colcon.colcon_core.shell:Creating package script '/home/thxssio/robotics_framework/install/behavior_package/share/behavior_package/package.ps1'
[1.476s] INFO:colcon.colcon_core.shell:Creating package descriptor '/home/thxssio/robotics_framework/install/behavior_package/share/behavior_package/package.dsv'
[1.477s] INFO:colcon.colcon_core.shell:Creating package script '/home/thxssio/robotics_framework/install/behavior_package/share/behavior_package/package.sh'
[1.477s] INFO:colcon.colcon_core.shell:Creating package script '/home/thxssio/robotics_framework/install/behavior_package/share/behavior_package/package.bash'
[1.477s] INFO:colcon.colcon_core.shell:Creating package script '/home/thxssio/robotics_framework/install/behavior_package/share/behavior_package/package.zsh'
[1.477s] Level 1:colcon.colcon_core.environment:create_file_with_runtime_dependencies(/home/thxssio/robotics_framework/install/behavior_package/share/colcon-core/packages/behavior_package)
[1.478s] INFO:colcon.colcon_ros.task.ament_python.build:Building ROS package in '/home/thxssio/robotics_framework/src/gui_package' with build type 'ament_python'
[1.478s] Level 1:colcon.colcon_core.shell:create_environment_hook('gui_package', 'ament_prefix_path')
[1.478s] INFO:colcon.colcon_core.shell:Creating environment hook '/home/thxssio/robotics_framework/install/gui_package/share/gui_package/hook/ament_prefix_path.ps1'
[1.478s] INFO:colcon.colcon_core.shell:Creating environment descriptor '/home/thxssio/robotics_framework/install/gui_package/share/gui_package/hook/ament_prefix_path.dsv'
[1.479s] INFO:colcon.colcon_core.shell:Creating environment hook '/home/thxssio/robotics_framework/install/gui_package/share/gui_package/hook/ament_prefix_path.sh'
[1.480s] INFO:colcon.colcon_core.shell:Skip shell extension 'powershell' for command environment: Not usable outside of PowerShell
[1.480s] DEBUG:colcon.colcon_core.shell:Skip shell extension 'dsv' for command environment
[1.813s] INFO:colcon.colcon_core.task.python.build:Building Python package in '/home/thxssio/robotics_framework/src/gui_package'
[1.813s] INFO:colcon.colcon_core.shell:Skip shell extension 'powershell' for command environment: Not usable outside of PowerShell
[1.813s] DEBUG:colcon.colcon_core.shell:Skip shell extension 'dsv' for command environment
[1.819s] DEBUG:colcon.colcon_core.event_handler.log_command:Invoking command in '/home/thxssio/robotics_framework/src/vision_receiver_package': CMAKE_PREFIX_PATH=/home/thxssio/robotics_framework/install/interface_package:/home/thxssio/robotics_framework/install/robot_communication_package:/home/thxssio/robotics_framework/install/navigation_package LD_LIBRARY_PATH=/home/thxssio/robotics_framework/install/interface_package/lib:/home/thxssio/robotics_framework/install/navigation_package/lib:/opt/ros/humble/opt/rviz_ogre_vendor/lib:/opt/ros/humble/lib/x86_64-linux-gnu:/opt/ros/humble/lib PYTHONPATH=/home/thxssio/robotics_framework/build/vision_receiver_package/prefix_override:/usr/lib/python3/dist-packages/colcon_core/task/python/colcon_distutils_commands:/home/thxssio/robotics_framework/install/vision_receiver_package/lib/python3.10/site-packages:${PYTHONPATH} /usr/bin/python3 -W ignore:setup.py install is deprecated -W ignore:easy_install command is deprecated setup.py egg_info --egg-base ../../build/vision_receiver_package build --build-base /home/thxssio/robotics_framework/build/vision_receiver_package/build install --record /home/thxssio/robotics_framework/build/vision_receiver_package/install.log --single-version-externally-managed install_data
[2.169s] Level 1:colcon.colcon_core.environment:checking '/home/thxssio/robotics_framework/install/vision_receiver_package' for CMake module files
[2.170s] DEBUG:colcon.colcon_core.event_handler.log_command:Invoked command in '/home/thxssio/robotics_framework/src/vision_receiver_package' returned '0': CMAKE_PREFIX_PATH=/home/thxssio/robotics_framework/install/interface_package:/home/thxssio/robotics_framework/install/robot_communication_package:/home/thxssio/robotics_framework/install/navigation_package LD_LIBRARY_PATH=/home/thxssio/robotics_framework/install/interface_package/lib:/home/thxssio/robotics_framework/install/navigation_package/lib:/opt/ros/humble/opt/rviz_ogre_vendor/lib:/opt/ros/humble/lib/x86_64-linux-gnu:/opt/ros/humble/lib PYTHONPATH=/home/thxssio/robotics_framework/build/vision_receiver_package/prefix_override:/usr/lib/python3/dist-packages/colcon_core/task/python/colcon_distutils_commands:/home/thxssio/robotics_framework/install/vision_receiver_package/lib/python3.10/site-packages:${PYTHONPATH} /usr/bin/python3 -W ignore:setup.py install is deprecated -W ignore:easy_install command is deprecated setup.py egg_info --egg-base ../../build/vision_receiver_package build --build-base /home/thxssio/robotics_framework/build/vision_receiver_package/build install --record /home/thxssio/robotics_framework/build/vision_receiver_package/install.log --single-version-externally-managed install_data
[2.171s] Level 1:colcon.colcon_core.environment:checking '/home/thxssio/robotics_framework/install/vision_receiver_package' for CMake config files
[2.172s] Level 1:colcon.colcon_core.environment:checking '/home/thxssio/robotics_framework/install/vision_receiver_package/lib'
[2.172s] Level 1:colcon.colcon_core.environment:checking '/home/thxssio/robotics_framework/install/vision_receiver_package/bin'
[2.172s] Level 1:colcon.colcon_core.environment:checking '/home/thxssio/robotics_framework/install/vision_receiver_package/lib/pkgconfig/vision_receiver_package.pc'
[2.172s] Level 1:colcon.colcon_core.environment:checking '/home/thxssio/robotics_framework/install/vision_receiver_package/lib/python3.10/site-packages'
[2.172s] Level 1:colcon.colcon_core.shell:create_environment_hook('vision_receiver_package', 'pythonpath')
[2.173s] INFO:colcon.colcon_core.shell:Creating environment hook '/home/thxssio/robotics_framework/install/vision_receiver_package/share/vision_receiver_package/hook/pythonpath.ps1'
[2.173s] INFO:colcon.colcon_core.shell:Creating environment descriptor '/home/thxssio/robotics_framework/install/vision_receiver_package/share/vision_receiver_package/hook/pythonpath.dsv'
[2.174s] INFO:colcon.colcon_core.shell:Creating environment hook '/home/thxssio/robotics_framework/install/vision_receiver_package/share/vision_receiver_package/hook/pythonpath.sh'
[2.175s] Level 1:colcon.colcon_core.environment:checking '/home/thxssio/robotics_framework/install/vision_receiver_package/bin'
[2.175s] Level 1:colcon.colcon_core.environment:create_environment_scripts_only(vision_receiver_package)
[2.176s] INFO:colcon.colcon_core.shell:Creating package script '/home/thxssio/robotics_framework/install/vision_receiver_package/share/vision_receiver_package/package.ps1'
[2.176s] INFO:colcon.colcon_core.shell:Creating package descriptor '/home/thxssio/robotics_framework/install/vision_receiver_package/share/vision_receiver_package/package.dsv'
[2.177s] INFO:colcon.colcon_core.shell:Creating package script '/home/thxssio/robotics_framework/install/vision_receiver_package/share/vision_receiver_package/package.sh'
[2.177s] INFO:colcon.colcon_core.shell:Creating package script '/home/thxssio/robotics_framework/install/vision_receiver_package/share/vision_receiver_package/package.bash'
[2.178s] INFO:colcon.colcon_core.shell:Creating package script '/home/thxssio/robotics_framework/install/vision_receiver_package/share/vision_receiver_package/package.zsh'
[2.178s] Level 1:colcon.colcon_core.environment:create_file_with_runtime_dependencies(/home/thxssio/robotics_framework/install/vision_receiver_package/share/colcon-core/packages/vision_receiver_package)
[2.262s] DEBUG:colcon.colcon_core.event_handler.log_command:Invoking command in '/home/thxssio/robotics_framework/src/gui_package': AMENT_PREFIX_PATH=/home/thxssio/robotics_framework/install/behavior_package:/home/thxssio/robotics_framework/install/vision_receiver_package:/home/thxssio/robotics_framework/install/robot_communication_package:/home/thxssio/robotics_framework/install/navigation_package:/home/thxssio/robotics_framework/install/gui_package:/home/thxssio/robotics_framework/install/interface_package:/opt/ros/humble CMAKE_PREFIX_PATH=/home/thxssio/robotics_framework/install/interface_package:/home/thxssio/robotics_framework/install/robot_communication_package:/home/thxssio/robotics_framework/install/navigation_package LD_LIBRARY_PATH=/home/thxssio/robotics_framework/install/interface_package/lib:/home/thxssio/robotics_framework/install/navigation_package/lib:/opt/ros/humble/opt/rviz_ogre_vendor/lib:/opt/ros/humble/lib/x86_64-linux-gnu:/opt/ros/humble/lib PYTHONPATH=/home/thxssio/robotics_framework/build/gui_package/prefix_override:/usr/lib/python3/dist-packages/colcon_core/task/python/colcon_distutils_commands:/home/thxssio/robotics_framework/install/gui_package/lib/python3.10/site-packages:/home/thxssio/robotics_framework/install/behavior_package/lib/python3.10/site-packages:/home/thxssio/robotics_framework/install/vision_receiver_package/lib/python3.10/site-packages:/home/thxssio/robotics_framework/install/robot_communication_package/local/lib/python3.10/dist-packages:/home/thxssio/robotics_framework/install/gui_package/lib/python3.10/site-packages:/home/thxssio/robotics_framework/install/interface_package/local/lib/python3.10/dist-packages:/opt/ros/humble/lib/python3.10/site-packages:/opt/ros/humble/local/lib/python3.10/dist-packages /usr/bin/python3 -W ignore:setup.py install is deprecated -W ignore:easy_install command is deprecated setup.py egg_info --egg-base ../../build/gui_package build --build-base /home/thxssio/robotics_framework/build/gui_package/build install --record /home/thxssio/robotics_framework/build/gui_package/install.log --single-version-externally-managed install_data
[2.572s] Level 1:colcon.colcon_core.environment:checking '/home/thxssio/robotics_framework/install/gui_package' for CMake module files
[2.573s] DEBUG:colcon.colcon_core.event_handler.log_command:Invoked command in '/home/thxssio/robotics_framework/src/gui_package' returned '0': AMENT_PREFIX_PATH=/home/thxssio/robotics_framework/install/behavior_package:/home/thxssio/robotics_framework/install/vision_receiver_package:/home/thxssio/robotics_framework/install/robot_communication_package:/home/thxssio/robotics_framework/install/navigation_package:/home/thxssio/robotics_framework/install/gui_package:/home/thxssio/robotics_framework/install/interface_package:/opt/ros/humble CMAKE_PREFIX_PATH=/home/thxssio/robotics_framework/install/interface_package:/home/thxssio/robotics_framework/install/robot_communication_package:/home/thxssio/robotics_framework/install/navigation_package LD_LIBRARY_PATH=/home/thxssio/robotics_framework/install/interface_package/lib:/home/thxssio/robotics_framework/install/navigation_package/lib:/opt/ros/humble/opt/rviz_ogre_vendor/lib:/opt/ros/humble/lib/x86_64-linux-gnu:/opt/ros/humble/lib PYTHONPATH=/home/thxssio/robotics_framework/build/gui_package/prefix_override:/usr/lib/python3/dist-packages/colcon_core/task/python/colcon_distutils_commands:/home/thxssio/robotics_framework/install/gui_package/lib/python3.10/site-packages:/home/thxssio/robotics_framework/install/behavior_package/lib/python3.10/site-packages:/home/thxssio/robotics_framework/install/vision_receiver_package/lib/python3.10/site-packages:/home/thxssio/robotics_framework/install/robot_communication_package/local/lib/python3.10/dist-packages:/home/thxssio/robotics_framework/install/gui_package/lib/python3.10/site-packages:/home/thxssio/robotics_framework/install/interface_package/local/lib/python3.10/dist-packages:/opt/ros/humble/lib/python3.10/site-packages:/opt/ros/humble/local/lib/python3.10/dist-packages /usr/bin/python3 -W ignore:setup.py install is deprecated -W ignore:easy_install command is deprecated setup.py egg_info --egg-base ../../build/gui_package build --build-base /home/thxssio/robotics_framework/build/gui_package/build install --record /home/thxssio/robotics_framework/build/gui_package/install.log --single-version-externally-managed install_data
[2.573s] Level 1:colcon.colcon_core.environment:checking '/home/thxssio/robotics_framework/install/gui_package' for CMake config files
[2.574s] Level 1:colcon.colcon_core.environment:checking '/home/thxssio/robotics_framework/install/gui_package/lib'
[2.574s] Level 1:colcon.colcon_core.environment:checking '/home/thxssio/robotics_framework/install/gui_package/bin'
[2.574s] Level 1:colcon.colcon_core.environment:checking '/home/thxssio/robotics_framework/install/gui_package/lib/pkgconfig/gui_package.pc'
[2.575s] Level 1:colcon.colcon_core.environment:checking '/home/thxssio/robotics_framework/install/gui_package/lib/python3.10/site-packages'
[2.575s] Level 1:colcon.colcon_core.shell:create_environment_hook('gui_package', 'pythonpath')
[2.575s] INFO:colcon.colcon_core.shell:Creating environment hook '/home/thxssio/robotics_framework/install/gui_package/share/gui_package/hook/pythonpath.ps1'
[2.576s] INFO:colcon.colcon_core.shell:Creating environment descriptor '/home/thxssio/robotics_framework/install/gui_package/share/gui_package/hook/pythonpath.dsv'
[2.576s] INFO:colcon.colcon_core.shell:Creating environment hook '/home/thxssio/robotics_framework/install/gui_package/share/gui_package/hook/pythonpath.sh'
[2.577s] Level 1:colcon.colcon_core.environment:checking '/home/thxssio/robotics_framework/install/gui_package/bin'
[2.577s] Level 1:colcon.colcon_core.environment:create_environment_scripts_only(gui_package)
[2.577s] INFO:colcon.colcon_core.shell:Creating package script '/home/thxssio/robotics_framework/install/gui_package/share/gui_package/package.ps1'
[2.578s] INFO:colcon.colcon_core.shell:Creating package descriptor '/home/thxssio/robotics_framework/install/gui_package/share/gui_package/package.dsv'
[2.579s] INFO:colcon.colcon_core.shell:Creating package script '/home/thxssio/robotics_framework/install/gui_package/share/gui_package/package.sh'
[2.579s] INFO:colcon.colcon_core.shell:Creating package script '/home/thxssio/robotics_framework/install/gui_package/share/gui_package/package.bash'
[2.579s] INFO:colcon.colcon_core.shell:Creating package script '/home/thxssio/robotics_framework/install/gui_package/share/gui_package/package.zsh'
[2.579s] Level 1:colcon.colcon_core.environment:create_file_with_runtime_dependencies(/home/thxssio/robotics_framework/install/gui_package/share/colcon-core/packages/gui_package)
[2.579s] DEBUG:colcon.colcon_parallel_executor.executor.parallel:closing loop
[2.580s] DEBUG:colcon.colcon_parallel_executor.executor.parallel:loop closed
[2.580s] DEBUG:colcon.colcon_parallel_executor.executor.parallel:run_until_complete finished with '0'
[2.580s] DEBUG:colcon.colcon_core.event_reactor:joining thread
[2.584s] INFO:colcon.colcon_core.plugin_system:Skipping extension 'colcon_notification.desktop_notification.terminal_notifier': Not used on non-Darwin systems
[2.584s] INFO:colcon.colcon_core.plugin_system:Skipping extension 'colcon_notification.desktop_notification.win32': Not used on non-Windows systems
[2.584s] INFO:colcon.colcon_notification.desktop_notification:Sending desktop notification using 'notify2'
[2.593s] DEBUG:colcon.colcon_core.event_reactor:joined thread
[2.593s] INFO:colcon.colcon_core.shell:Creating prefix script '/home/thxssio/robotics_framework/install/local_setup.ps1'
[2.594s] INFO:colcon.colcon_core.shell:Creating prefix util module '/home/thxssio/robotics_framework/install/_local_setup_util_ps1.py'
[2.595s] INFO:colcon.colcon_core.shell:Creating prefix chain script '/home/thxssio/robotics_framework/install/setup.ps1'
[2.595s] INFO:colcon.colcon_core.shell:Creating prefix script '/home/thxssio/robotics_framework/install/local_setup.sh'
[2.596s] INFO:colcon.colcon_core.shell:Creating prefix util module '/home/thxssio/robotics_framework/install/_local_setup_util_sh.py'
[2.596s] INFO:colcon.colcon_core.shell:Creating prefix chain script '/home/thxssio/robotics_framework/install/setup.sh'
[2.597s] INFO:colcon.colcon_core.shell:Creating prefix script '/home/thxssio/robotics_framework/install/local_setup.bash'
[2.597s] INFO:colcon.colcon_core.shell:Creating prefix chain script '/home/thxssio/robotics_framework/install/setup.bash'
[2.598s] INFO:colcon.colcon_core.shell:Creating prefix script '/home/thxssio/robotics_framework/install/local_setup.zsh'
[2.598s] INFO:colcon.colcon_core.shell:Creating prefix chain script '/home/thxssio/robotics_framework/install/setup.zsh'
