-- Found ament_cmake: 1.3.12 (/opt/ros/humble/share/ament_cmake/cmake)
-- Found interface_package: 0.0.0 (/home/thxssio/robotics_framework/install/interface_package/share/interface_package/cmake)
-- Found rosidl_generator_c: 3.1.7 (/opt/ros/humble/share/rosidl_generator_c/cmake)
-- Found rosidl_adapter: 3.1.7 (/opt/ros/humble/share/rosidl_adapter/cmake)
-- Found rosidl_generator_cpp: 3.1.7 (/opt/ros/humble/share/rosidl_generator_cpp/cmake)
-- Using all available rosidl_typesupport_c: rosidl_typesupport_fastrtps_c;rosidl_typesupport_introspection_c
-- Using all available rosidl_typesupport_cpp: rosidl_typesupport_fastrtps_cpp;rosidl_typesupport_introspection_cpp
-- Found rclcpp: 16.0.16 (/opt/ros/humble/share/rclcpp/cmake)
-- Found rmw_implementation_cmake: 6.1.2 (/opt/ros/humble/share/rmw_implementation_cmake/cmake)
-- Found rmw_fastrtps_cpp: 6.2.9 (/opt/ros/humble/share/rmw_fastrtps_cpp/cmake)
-- Using RMW implementation 'rmw_fastrtps_cpp' as default
-- Configuring done
-- Generating done
-- Build files have been written to: /home/thxssio/robotics_framework/build/navigation_package
Consolidate compiler generated dependencies of target navigation_module
Consolidate compiler generated dependencies of target navigation_manager_node
[ 12%] Building CXX object CMakeFiles/navigation_module.dir/src/trajectory_optimizer.cpp.o
[ 25%] Building CXX object CMakeFiles/navigation_module.dir/src/path_planner.cpp.o
[ 37%] Building CXX object CMakeFiles/navigation_module.dir/src/navigation_module.cpp.o
[ 50%] Building CXX object CMakeFiles/navigation_manager_node.dir/src/navigation_manager_node.cpp.o
[ 62%] Linking CXX static library libnavigation_module.a
[ 62%] Built target navigation_module
[ 75%] Building CXX object CMakeFiles/navigation_node.dir/src/navigation_node.cpp.o
[ 87%] Linking CXX executable navigation_manager_node
[ 87%] Built target navigation_manager_node
