[0.692s] Invoking command in '/home/thxssio/robotics_framework/src/behavior_package': PYTHONPATH=/home/thxssio/robotics_framework/build/behavior_package/prefix_override:/usr/lib/python3/dist-packages/colcon_core/task/python/colcon_distutils_commands:/home/thxssio/robotics_framework/install/behavior_package/lib/python3.10/site-packages:${PYTHONPATH} /usr/bin/python3 -W ignore:setup.py install is deprecated -W ignore:easy_install command is deprecated setup.py egg_info --egg-base ../../build/behavior_package build --build-base /home/thxssio/robotics_framework/build/behavior_package/build install --record /home/thxssio/robotics_framework/build/behavior_package/install.log --single-version-externally-managed install_data
[0.903s] running egg_info
[0.904s] writing ../../build/behavior_package/behavior_package.egg-info/PKG-INFO
[0.904s] writing dependency_links to ../../build/behavior_package/behavior_package.egg-info/dependency_links.txt
[0.904s] writing entry points to ../../build/behavior_package/behavior_package.egg-info/entry_points.txt
[0.904s] writing requirements to ../../build/behavior_package/behavior_package.egg-info/requires.txt
[0.904s] writing top-level names to ../../build/behavior_package/behavior_package.egg-info/top_level.txt
[0.906s] reading manifest file '../../build/behavior_package/behavior_package.egg-info/SOURCES.txt'
[0.907s] writing manifest file '../../build/behavior_package/behavior_package.egg-info/SOURCES.txt'
[0.907s] running build
[0.907s] running build_py
[0.907s] running install
[0.907s] running install_lib
[0.908s] running install_data
[0.908s] running install_egg_info
[0.910s] removing '/home/thxssio/robotics_framework/install/behavior_package/lib/python3.10/site-packages/behavior_package-0.0.0-py3.10.egg-info' (and everything under it)
[0.910s] Copying ../../build/behavior_package/behavior_package.egg-info to /home/thxssio/robotics_framework/install/behavior_package/lib/python3.10/site-packages/behavior_package-0.0.0-py3.10.egg-info
[0.910s] running install_scripts
[0.926s] writing list of installed files to '/home/thxssio/robotics_framework/build/behavior_package/install.log'
[0.943s] Invoked command in '/home/thxssio/robotics_framework/src/behavior_package' returned '0': PYTHONPATH=/home/thxssio/robotics_framework/build/behavior_package/prefix_override:/usr/lib/python3/dist-packages/colcon_core/task/python/colcon_distutils_commands:/home/thxssio/robotics_framework/install/behavior_package/lib/python3.10/site-packages:${PYTHONPATH} /usr/bin/python3 -W ignore:setup.py install is deprecated -W ignore:easy_install command is deprecated setup.py egg_info --egg-base ../../build/behavior_package build --build-base /home/thxssio/robotics_framework/build/behavior_package/build install --record /home/thxssio/robotics_framework/build/behavior_package/install.log --single-version-externally-managed install_data
