running egg_info
writing ../../build/vision_receiver_package/vision_receiver_package.egg-info/PKG-INFO
writing dependency_links to ../../build/vision_receiver_package/vision_receiver_package.egg-info/dependency_links.txt
writing entry points to ../../build/vision_receiver_package/vision_receiver_package.egg-info/entry_points.txt
writing requirements to ../../build/vision_receiver_package/vision_receiver_package.egg-info/requires.txt
writing top-level names to ../../build/vision_receiver_package/vision_receiver_package.egg-info/top_level.txt
reading manifest file '../../build/vision_receiver_package/vision_receiver_package.egg-info/SOURCES.txt'
writing manifest file '../../build/vision_receiver_package/vision_receiver_package.egg-info/SOURCES.txt'
running build
running build_py
copying vision_receiver_package/vision_node.py -> /home/thxssio/robotics_framework/build/vision_receiver_package/build/lib/vision_receiver_package
running install
running install_lib
copying /home/thxssio/robotics_framework/build/vision_receiver_package/build/lib/vision_receiver_package/vision_node.py -> /home/thxssio/robotics_framework/install/vision_receiver_package/lib/python3.10/site-packages/vision_receiver_package
byte-compiling /home/thxssio/robotics_framework/install/vision_receiver_package/lib/python3.10/site-packages/vision_receiver_package/vision_node.py to vision_node.cpython-310.pyc
running install_data
running install_egg_info
removing '/home/thxssio/robotics_framework/install/vision_receiver_package/lib/python3.10/site-packages/vision_receiver_package-0.0.0-py3.10.egg-info' (and everything under it)
Copying ../../build/vision_receiver_package/vision_receiver_package.egg-info to /home/thxssio/robotics_framework/install/vision_receiver_package/lib/python3.10/site-packages/vision_receiver_package-0.0.0-py3.10.egg-info
running install_scripts
Installing vision_receiver script to /home/thxssio/robotics_framework/install/vision_receiver_package/lib/vision_receiver_package
writing list of installed files to '/home/thxssio/robotics_framework/build/vision_receiver_package/install.log'
