[0.012s] Invoking command in '/home/thxssio/robotics_framework/build/robot_communication_package': CMAKE_PREFIX_PATH=/home/thxssio/robotics_framework/install/interface_package:/home/thxssio/robotics_framework/install/robot_communication_package:/home/thxssio/robotics_framework/install/navigation_package:/home/thxssio/robotics_framework/install/vision_receiver_package:/home/thxssio/robotics_framework/install/gui_package:/home/thxssio/robotics_framework/install/behavior_package:/opt/ros/humble LD_LIBRARY_PATH=/home/thxssio/robotics_framework/install/interface_package/lib:/home/thxssio/robotics_framework/install/navigation_package/lib:/opt/ros/humble/opt/rviz_ogre_vendor/lib:/opt/ros/humble/lib/x86_64-linux-gnu:/opt/ros/humble/lib /usr/bin/cmake --build /home/thxssio/robotics_framework/build/robot_communication_package -- -j16 -l16
[0.067s] Built target ament_cmake_python_copy_robot_communication_package_setup
[0.069s] Built target ament_cmake_python_copy_robot_communication_package
[0.279s] running egg_info
[0.280s] writing robot_communication_package.egg-info/PKG-INFO
[0.280s] writing dependency_links to robot_communication_package.egg-info/dependency_links.txt
[0.280s] writing top-level names to robot_communication_package.egg-info/top_level.txt
[0.284s] reading manifest file 'robot_communication_package.egg-info/SOURCES.txt'
[0.284s] writing manifest file 'robot_communication_package.egg-info/SOURCES.txt'
[0.305s] Built target ament_cmake_python_build_robot_communication_package_egg
[0.317s] Invoked command in '/home/thxssio/robotics_framework/build/robot_communication_package' returned '0': CMAKE_PREFIX_PATH=/home/thxssio/robotics_framework/install/interface_package:/home/thxssio/robotics_framework/install/robot_communication_package:/home/thxssio/robotics_framework/install/navigation_package:/home/thxssio/robotics_framework/install/vision_receiver_package:/home/thxssio/robotics_framework/install/gui_package:/home/thxssio/robotics_framework/install/behavior_package:/opt/ros/humble LD_LIBRARY_PATH=/home/thxssio/robotics_framework/install/interface_package/lib:/home/thxssio/robotics_framework/install/navigation_package/lib:/opt/ros/humble/opt/rviz_ogre_vendor/lib:/opt/ros/humble/lib/x86_64-linux-gnu:/opt/ros/humble/lib /usr/bin/cmake --build /home/thxssio/robotics_framework/build/robot_communication_package -- -j16 -l16
[0.319s] Invoking command in '/home/thxssio/robotics_framework/build/robot_communication_package': CMAKE_PREFIX_PATH=/home/thxssio/robotics_framework/install/interface_package:/home/thxssio/robotics_framework/install/robot_communication_package:/home/thxssio/robotics_framework/install/navigation_package:/home/thxssio/robotics_framework/install/vision_receiver_package:/home/thxssio/robotics_framework/install/gui_package:/home/thxssio/robotics_framework/install/behavior_package:/opt/ros/humble LD_LIBRARY_PATH=/home/thxssio/robotics_framework/install/interface_package/lib:/home/thxssio/robotics_framework/install/navigation_package/lib:/opt/ros/humble/opt/rviz_ogre_vendor/lib:/opt/ros/humble/lib/x86_64-linux-gnu:/opt/ros/humble/lib /usr/bin/cmake --install /home/thxssio/robotics_framework/build/robot_communication_package
[0.324s] -- Install configuration: ""
[0.324s] -- Up-to-date: /home/thxssio/robotics_framework/install/robot_communication_package/share/robot_communication_package/environment/pythonpath.sh
[0.324s] -- Up-to-date: /home/thxssio/robotics_framework/install/robot_communication_package/share/robot_communication_package/environment/pythonpath.dsv
[0.324s] -- Up-to-date: /home/thxssio/robotics_framework/install/robot_communication_package/local/lib/python3.10/dist-packages/robot_communication_package-0.0.0-py3.10.egg-info
[0.324s] -- Installing: /home/thxssio/robotics_framework/install/robot_communication_package/local/lib/python3.10/dist-packages/robot_communication_package-0.0.0-py3.10.egg-info/dependency_links.txt
[0.324s] -- Installing: /home/thxssio/robotics_framework/install/robot_communication_package/local/lib/python3.10/dist-packages/robot_communication_package-0.0.0-py3.10.egg-info/PKG-INFO
[0.324s] -- Installing: /home/thxssio/robotics_framework/install/robot_communication_package/local/lib/python3.10/dist-packages/robot_communication_package-0.0.0-py3.10.egg-info/top_level.txt
[0.324s] -- Installing: /home/thxssio/robotics_framework/install/robot_communication_package/local/lib/python3.10/dist-packages/robot_communication_package-0.0.0-py3.10.egg-info/SOURCES.txt
[0.324s] -- Up-to-date: /home/thxssio/robotics_framework/install/robot_communication_package/local/lib/python3.10/dist-packages/robot_communication_package
[0.324s] -- Up-to-date: /home/thxssio/robotics_framework/install/robot_communication_package/local/lib/python3.10/dist-packages/robot_communication_package/control_client.py
[0.325s] -- Up-to-date: /home/thxssio/robotics_framework/install/robot_communication_package/local/lib/python3.10/dist-packages/robot_communication_package/__init__.py
[0.325s] -- Up-to-date: /home/thxssio/robotics_framework/install/robot_communication_package/local/lib/python3.10/dist-packages/robot_communication_package/robot_commander_node.py
[0.351s] Listing '/home/thxssio/robotics_framework/install/robot_communication_package/local/lib/python3.10/dist-packages/robot_communication_package'...
[0.354s] -- Up-to-date: /home/thxssio/robotics_framework/install/robot_communication_package/lib/robot_communication_package/robot_commander_node.py
[0.354s] -- Up-to-date: /home/thxssio/robotics_framework/install/robot_communication_package/lib/robot_communication_package/robot_commander
[0.354s] -- Up-to-date: /home/thxssio/robotics_framework/install/robot_communication_package/share/ament_index/resource_index/package_run_dependencies/robot_communication_package
[0.354s] -- Up-to-date: /home/thxssio/robotics_framework/install/robot_communication_package/share/ament_index/resource_index/parent_prefix_path/robot_communication_package
[0.354s] -- Up-to-date: /home/thxssio/robotics_framework/install/robot_communication_package/share/robot_communication_package/environment/ament_prefix_path.sh
[0.355s] -- Up-to-date: /home/thxssio/robotics_framework/install/robot_communication_package/share/robot_communication_package/environment/ament_prefix_path.dsv
[0.355s] -- Up-to-date: /home/thxssio/robotics_framework/install/robot_communication_package/share/robot_communication_package/environment/path.sh
[0.355s] -- Up-to-date: /home/thxssio/robotics_framework/install/robot_communication_package/share/robot_communication_package/environment/path.dsv
[0.355s] -- Up-to-date: /home/thxssio/robotics_framework/install/robot_communication_package/share/robot_communication_package/local_setup.bash
[0.355s] -- Up-to-date: /home/thxssio/robotics_framework/install/robot_communication_package/share/robot_communication_package/local_setup.sh
[0.355s] -- Up-to-date: /home/thxssio/robotics_framework/install/robot_communication_package/share/robot_communication_package/local_setup.zsh
[0.355s] -- Up-to-date: /home/thxssio/robotics_framework/install/robot_communication_package/share/robot_communication_package/local_setup.dsv
[0.355s] -- Installing: /home/thxssio/robotics_framework/install/robot_communication_package/share/robot_communication_package/package.dsv
[0.355s] -- Up-to-date: /home/thxssio/robotics_framework/install/robot_communication_package/share/ament_index/resource_index/packages/robot_communication_package
[0.355s] -- Up-to-date: /home/thxssio/robotics_framework/install/robot_communication_package/share/robot_communication_package/cmake/ament_cmake_export_dependencies-extras.cmake
[0.355s] -- Up-to-date: /home/thxssio/robotics_framework/install/robot_communication_package/share/robot_communication_package/cmake/robot_communication_packageConfig.cmake
[0.356s] -- Up-to-date: /home/thxssio/robotics_framework/install/robot_communication_package/share/robot_communication_package/cmake/robot_communication_packageConfig-version.cmake
[0.356s] -- Up-to-date: /home/thxssio/robotics_framework/install/robot_communication_package/share/robot_communication_package/package.xml
[0.357s] Invoked command in '/home/thxssio/robotics_framework/build/robot_communication_package' returned '0': CMAKE_PREFIX_PATH=/home/thxssio/robotics_framework/install/interface_package:/home/thxssio/robotics_framework/install/robot_communication_package:/home/thxssio/robotics_framework/install/navigation_package:/home/thxssio/robotics_framework/install/vision_receiver_package:/home/thxssio/robotics_framework/install/gui_package:/home/thxssio/robotics_framework/install/behavior_package:/opt/ros/humble LD_LIBRARY_PATH=/home/thxssio/robotics_framework/install/interface_package/lib:/home/thxssio/robotics_framework/install/navigation_package/lib:/opt/ros/humble/opt/rviz_ogre_vendor/lib:/opt/ros/humble/lib/x86_64-linux-gnu:/opt/ros/humble/lib /usr/bin/cmake --install /home/thxssio/robotics_framework/build/robot_communication_package
