[0.018s] Invoking command in '/home/thxssio/robotics_framework/build/navigation_package': AMENT_PREFIX_PATH=/home/thxssio/robotics_framework/install/interface_package:${AMENT_PREFIX_PATH} CMAKE_PREFIX_PATH=/home/thxssio/robotics_framework/install/interface_package:/opt/ros/humble LD_LIBRARY_PATH=/home/thxssio/robotics_framework/install/interface_package/lib:${LD_LIBRARY_PATH} PYTHONPATH=/home/thxssio/robotics_framework/install/interface_package/local/lib/python3.10/dist-packages:${PYTHONPATH} /usr/bin/cmake --build /home/thxssio/robotics_framework/build/navigation_package -- -j16 -l16
[0.095s] [ 50%] Built target navigation_module
[0.099s] [ 75%] Built target navigation_manager_node
[0.131s] [ 87%] Building CXX object CMakeFiles/navigation_node.dir/src/navigation_node.cpp.o
[14.691s] [100%] Linking CXX executable navigation_node
[15.625s] [100%] Built target navigation_node
[15.637s] Invoked command in '/home/thxssio/robotics_framework/build/navigation_package' returned '0': AMENT_PREFIX_PATH=/home/thxssio/robotics_framework/install/interface_package:${AMENT_PREFIX_PATH} CMAKE_PREFIX_PATH=/home/thxssio/robotics_framework/install/interface_package:/opt/ros/humble LD_LIBRARY_PATH=/home/thxssio/robotics_framework/install/interface_package/lib:${LD_LIBRARY_PATH} PYTHONPATH=/home/thxssio/robotics_framework/install/interface_package/local/lib/python3.10/dist-packages:${PYTHONPATH} /usr/bin/cmake --build /home/thxssio/robotics_framework/build/navigation_package -- -j16 -l16
[15.650s] Invoking command in '/home/thxssio/robotics_framework/build/navigation_package': AMENT_PREFIX_PATH=/home/thxssio/robotics_framework/install/interface_package:${AMENT_PREFIX_PATH} CMAKE_PREFIX_PATH=/home/thxssio/robotics_framework/install/interface_package:/opt/ros/humble LD_LIBRARY_PATH=/home/thxssio/robotics_framework/install/interface_package/lib:${LD_LIBRARY_PATH} PYTHONPATH=/home/thxssio/robotics_framework/install/interface_package/local/lib/python3.10/dist-packages:${PYTHONPATH} /usr/bin/cmake --install /home/thxssio/robotics_framework/build/navigation_package
[15.659s] -- Install configuration: ""
[15.659s] -- Up-to-date: /home/thxssio/robotics_framework/install/navigation_package/lib/libnavigation_module.a
[15.659s] -- Up-to-date: /home/thxssio/robotics_framework/install/navigation_package/include
[15.659s] -- Up-to-date: /home/thxssio/robotics_framework/install/navigation_package/include/grsim
[15.659s] -- Up-to-date: /home/thxssio/robotics_framework/install/navigation_package/include/grsim/framework
[15.659s] -- Up-to-date: /home/thxssio/robotics_framework/install/navigation_package/include/grsim/framework/navigation
[15.659s] -- Up-to-date: /home/thxssio/robotics_framework/install/navigation_package/include/grsim/framework/navigation/navigation_module.h
[15.659s] -- Up-to-date: /home/thxssio/robotics_framework/install/navigation_package/include/grsim/framework/planning
[15.659s] -- Up-to-date: /home/thxssio/robotics_framework/install/navigation_package/include/grsim/framework/planning/path_planner.h
[15.659s] -- Up-to-date: /home/thxssio/robotics_framework/install/navigation_package/include/grsim/framework/planning/trajectory_optimizer.h
[15.659s] -- Up-to-date: /home/thxssio/robotics_framework/install/navigation_package/lib/navigation_package/navigation_manager_node
[15.659s] -- Installing: /home/thxssio/robotics_framework/install/navigation_package/lib/navigation_package/navigation_node
[15.664s] -- Set runtime path of "/home/thxssio/robotics_framework/install/navigation_package/lib/navigation_package/navigation_node" to ""
[15.664s] -- Up-to-date: /home/thxssio/robotics_framework/install/navigation_package/share/navigation_package/environment/library_path.sh
[15.664s] -- Up-to-date: /home/thxssio/robotics_framework/install/navigation_package/share/navigation_package/environment/library_path.dsv
[15.664s] -- Up-to-date: /home/thxssio/robotics_framework/install/navigation_package/share/ament_index/resource_index/package_run_dependencies/navigation_package
[15.664s] -- Up-to-date: /home/thxssio/robotics_framework/install/navigation_package/share/ament_index/resource_index/parent_prefix_path/navigation_package
[15.664s] -- Up-to-date: /home/thxssio/robotics_framework/install/navigation_package/share/navigation_package/environment/ament_prefix_path.sh
[15.664s] -- Up-to-date: /home/thxssio/robotics_framework/install/navigation_package/share/navigation_package/environment/ament_prefix_path.dsv
[15.664s] -- Up-to-date: /home/thxssio/robotics_framework/install/navigation_package/share/navigation_package/environment/path.sh
[15.664s] -- Up-to-date: /home/thxssio/robotics_framework/install/navigation_package/share/navigation_package/environment/path.dsv
[15.664s] -- Up-to-date: /home/thxssio/robotics_framework/install/navigation_package/share/navigation_package/local_setup.bash
[15.664s] -- Up-to-date: /home/thxssio/robotics_framework/install/navigation_package/share/navigation_package/local_setup.sh
[15.664s] -- Up-to-date: /home/thxssio/robotics_framework/install/navigation_package/share/navigation_package/local_setup.zsh
[15.664s] -- Up-to-date: /home/thxssio/robotics_framework/install/navigation_package/share/navigation_package/local_setup.dsv
[15.664s] -- Installing: /home/thxssio/robotics_framework/install/navigation_package/share/navigation_package/package.dsv
[15.665s] -- Up-to-date: /home/thxssio/robotics_framework/install/navigation_package/share/ament_index/resource_index/packages/navigation_package
[15.665s] -- Up-to-date: /home/thxssio/robotics_framework/install/navigation_package/share/navigation_package/cmake/export_navigation_moduleExport.cmake
[15.665s] -- Up-to-date: /home/thxssio/robotics_framework/install/navigation_package/share/navigation_package/cmake/export_navigation_moduleExport-noconfig.cmake
[15.665s] -- Up-to-date: /home/thxssio/robotics_framework/install/navigation_package/share/navigation_package/cmake/ament_cmake_export_include_directories-extras.cmake
[15.665s] -- Up-to-date: /home/thxssio/robotics_framework/install/navigation_package/share/navigation_package/cmake/ament_cmake_export_targets-extras.cmake
[15.665s] -- Up-to-date: /home/thxssio/robotics_framework/install/navigation_package/share/navigation_package/cmake/ament_cmake_export_dependencies-extras.cmake
[15.665s] -- Up-to-date: /home/thxssio/robotics_framework/install/navigation_package/share/navigation_package/cmake/navigation_packageConfig.cmake
[15.665s] -- Up-to-date: /home/thxssio/robotics_framework/install/navigation_package/share/navigation_package/cmake/navigation_packageConfig-version.cmake
[15.665s] -- Up-to-date: /home/thxssio/robotics_framework/install/navigation_package/share/navigation_package/package.xml
[15.667s] Invoked command in '/home/thxssio/robotics_framework/build/navigation_package' returned '0': AMENT_PREFIX_PATH=/home/thxssio/robotics_framework/install/interface_package:${AMENT_PREFIX_PATH} CMAKE_PREFIX_PATH=/home/thxssio/robotics_framework/install/interface_package:/opt/ros/humble LD_LIBRARY_PATH=/home/thxssio/robotics_framework/install/interface_package/lib:${LD_LIBRARY_PATH} PYTHONPATH=/home/thxssio/robotics_framework/install/interface_package/local/lib/python3.10/dist-packages:${PYTHONPATH} /usr/bin/cmake --install /home/thxssio/robotics_framework/build/navigation_package
