[0.560s] Invoking command in '/home/thxssio/robotics_framework/src/gui_package': AMENT_PREFIX_PATH=/home/thxssio/robotics_framework/install/interface_package:/home/thxssio/robotics_framework/install/behavior_package:${AMENT_PREFIX_PATH} CMAKE_PREFIX_PATH=/home/thxssio/robotics_framework/install/interface_package LD_LIBRARY_PATH=/home/thxssio/robotics_framework/install/interface_package/lib:${LD_LIBRARY_PATH} PYTHONPATH=/home/thxssio/robotics_framework/build/gui_package/prefix_override:/usr/lib/python3/dist-packages/colcon_core/task/python/colcon_distutils_commands:/home/thxssio/robotics_framework/install/gui_package/lib/python3.10/site-packages:/home/thxssio/robotics_framework/install/interface_package/local/lib/python3.10/dist-packages:/home/thxssio/robotics_framework/install/behavior_package/lib/python3.10/site-packages:${PYTHONPATH} /usr/bin/python3 -W ignore:setup.py install is deprecated -W ignore:easy_install command is deprecated setup.py egg_info --egg-base ../../build/gui_package build --build-base /home/thxssio/robotics_framework/build/gui_package/build install --record /home/thxssio/robotics_framework/build/gui_package/install.log --single-version-externally-managed install_data
[0.785s] running egg_info
[0.786s] writing ../../build/gui_package/gui_package.egg-info/PKG-INFO
[0.786s] writing dependency_links to ../../build/gui_package/gui_package.egg-info/dependency_links.txt
[0.786s] writing entry points to ../../build/gui_package/gui_package.egg-info/entry_points.txt
[0.786s] writing requirements to ../../build/gui_package/gui_package.egg-info/requires.txt
[0.787s] writing top-level names to ../../build/gui_package/gui_package.egg-info/top_level.txt
[0.789s] reading manifest file '../../build/gui_package/gui_package.egg-info/SOURCES.txt'
[0.790s] writing manifest file '../../build/gui_package/gui_package.egg-info/SOURCES.txt'
[0.790s] running build
[0.790s] running build_py
[0.790s] copying gui_package/gui_interface.py -> /home/thxssio/robotics_framework/build/gui_package/build/lib/gui_package
[0.791s] running install
[0.791s] running install_lib
[0.792s] copying /home/thxssio/robotics_framework/build/gui_package/build/lib/gui_package/gui_interface.py -> /home/thxssio/robotics_framework/install/gui_package/lib/python3.10/site-packages/gui_package
[0.793s] byte-compiling /home/thxssio/robotics_framework/install/gui_package/lib/python3.10/site-packages/gui_package/gui_interface.py to gui_interface.cpython-310.pyc
[0.805s] running install_data
[0.805s] running install_egg_info
[0.807s] removing '/home/thxssio/robotics_framework/install/gui_package/lib/python3.10/site-packages/gui_package-0.0.0-py3.10.egg-info' (and everything under it)
[0.807s] Copying ../../build/gui_package/gui_package.egg-info to /home/thxssio/robotics_framework/install/gui_package/lib/python3.10/site-packages/gui_package-0.0.0-py3.10.egg-info
[0.807s] running install_scripts
[0.824s] Installing framework script to /home/thxssio/robotics_framework/install/gui_package/lib/gui_package
[0.824s] Installing world_tf_broadcaster script to /home/thxssio/robotics_framework/install/gui_package/lib/gui_package
[0.824s] writing list of installed files to '/home/thxssio/robotics_framework/build/gui_package/install.log'
[0.857s] Invoked command in '/home/thxssio/robotics_framework/src/gui_package' returned '0': AMENT_PREFIX_PATH=/home/thxssio/robotics_framework/install/interface_package:/home/thxssio/robotics_framework/install/behavior_package:${AMENT_PREFIX_PATH} CMAKE_PREFIX_PATH=/home/thxssio/robotics_framework/install/interface_package LD_LIBRARY_PATH=/home/thxssio/robotics_framework/install/interface_package/lib:${LD_LIBRARY_PATH} PYTHONPATH=/home/thxssio/robotics_framework/build/gui_package/prefix_override:/usr/lib/python3/dist-packages/colcon_core/task/python/colcon_distutils_commands:/home/thxssio/robotics_framework/install/gui_package/lib/python3.10/site-packages:/home/thxssio/robotics_framework/install/interface_package/local/lib/python3.10/dist-packages:/home/thxssio/robotics_framework/install/behavior_package/lib/python3.10/site-packages:${PYTHONPATH} /usr/bin/python3 -W ignore:setup.py install is deprecated -W ignore:easy_install command is deprecated setup.py egg_info --egg-base ../../build/gui_package build --build-base /home/thxssio/robotics_framework/build/gui_package/build install --record /home/thxssio/robotics_framework/build/gui_package/install.log --single-version-externally-managed install_data
